{
    "repository": "alexcheng1982/happyride",
    "stars": 104,
    "language": "java",
    "size": 3404,
    "clone_url": "https://github.com/alexcheng1982/happyride.git",
    "timestamp": "2023-06-29T14:29:54.374780Z",
    "clone_success": true,
    "number_of_actions": 1,
    "number_of_test_actions": 1,
    "actions_successful": false,
    "actions_build_tools": [
        "maven"
    ],
    "actions_test_build_tools": [
        "maven"
    ],
    "actions_run": {
        "failed": true,
        "tests": [],
        "stdout": "[2e1bf7e7-ca44-47da-9c1d-cc11d7728757/build] \ud83d\ude80  Start image=crawlergpt:latest\n[2e1bf7e7-ca44-47da-9c1d-cc11d7728757/build]   \ud83d\udc33  docker pull image=crawlergpt:latest platform= username= forcePull=false\n[2e1bf7e7-ca44-47da-9c1d-cc11d7728757/build]   \ud83d\udc33  docker create image=crawlergpt:latest platform= entrypoint=[\"tail\" \"-f\" \"/dev/null\"] cmd=[]\n[2e1bf7e7-ca44-47da-9c1d-cc11d7728757/build]   \ud83d\udc33  docker run image=crawlergpt:latest platform= entrypoint=[\"tail\" \"-f\" \"/dev/null\"] cmd=[]\n[2e1bf7e7-ca44-47da-9c1d-cc11d7728757/build]   \ud83d\udc33  docker exec cmd=[chown -R 1012:1013 /tmp/3d783ea4-1661-11ee-8a50-bb14de238602/alexcheng1982-happyride] user=0 workdir=\n[2e1bf7e7-ca44-47da-9c1d-cc11d7728757/build]   \u2601  git clone 'https://github.com/actions/setup-java' # ref=v1\n[2e1bf7e7-ca44-47da-9c1d-cc11d7728757/build]   \u2601  git clone 'https://github.com/actions/cache' # ref=v2\n[2e1bf7e7-ca44-47da-9c1d-cc11d7728757/build] \u2b50 Run Main actions/checkout@v2\n[2e1bf7e7-ca44-47da-9c1d-cc11d7728757/build]   \u2705  Success - Main actions/checkout@v2\n[2e1bf7e7-ca44-47da-9c1d-cc11d7728757/build] \u2b50 Run Main Set up JDK 17\n[2e1bf7e7-ca44-47da-9c1d-cc11d7728757/build]   \ud83d\udc33  docker cp src=/tmp/act-cache/3e7d80a5-3b0b-45b2-8082-addeff32ef14/act/actions-setup-java@v1/ dst=/var/run/act/actions/actions-setup-java@v1/\n[2e1bf7e7-ca44-47da-9c1d-cc11d7728757/build]   \ud83d\udc33  docker exec cmd=[chown -R 1012:1013 /var/run/act/actions/actions-setup-java@v1/] user=0 workdir=\n[2e1bf7e7-ca44-47da-9c1d-cc11d7728757/build]   \ud83d\udc33  docker exec cmd=[node /var/run/act/actions/actions-setup-java@v1/dist/setup/index.js] user= workdir=\n[2e1bf7e7-ca44-47da-9c1d-cc11d7728757/build]   \ud83d\udcac  ::debug::isExplicit: \n[2e1bf7e7-ca44-47da-9c1d-cc11d7728757/build]   \ud83d\udcac  ::debug::explicit? false\n[2e1bf7e7-ca44-47da-9c1d-cc11d7728757/build]   \ud83d\udcac  ::debug::evaluating 0 versions\n[2e1bf7e7-ca44-47da-9c1d-cc11d7728757/build]   \ud83d\udcac  ::debug::match not found\n[2e1bf7e7-ca44-47da-9c1d-cc11d7728757/build]   \ud83d\udcac  ::debug::Downloading JDK from Azul\n[2e1bf7e7-ca44-47da-9c1d-cc11d7728757/build]   \ud83d\udcac  ::debug::Searching for files with extension: -linux_x64.tar.gz\n[2e1bf7e7-ca44-47da-9c1d-cc11d7728757/build]   \ud83d\udcac  ::debug::Downloading https://static.azul.com/zulu/bin/zulu17.42.21-ca-crac-jdk17.0.7-linux_x64.tar.gz\n[2e1bf7e7-ca44-47da-9c1d-cc11d7728757/build]   \ud83d\udcac  ::debug::Downloading /tmp/00a95a52-2cca-4455-86e8-c5f1b856b561\n[2e1bf7e7-ca44-47da-9c1d-cc11d7728757/build]   \ud83d\udcac  ::debug::download complete\n[2e1bf7e7-ca44-47da-9c1d-cc11d7728757/build]   | [command]/usr/bin/tar --version\n[2e1bf7e7-ca44-47da-9c1d-cc11d7728757/build]   | tar (GNU tar) 1.30\n[2e1bf7e7-ca44-47da-9c1d-cc11d7728757/build]   | Copyright (C) 2017 Free Software Foundation, Inc.\n[2e1bf7e7-ca44-47da-9c1d-cc11d7728757/build]   | License GPLv3+: GNU GPL version 3 or later <https://gnu.org/licenses/gpl.html>.\n[2e1bf7e7-ca44-47da-9c1d-cc11d7728757/build]   | This is free software: you are free to change and redistribute it.\n[2e1bf7e7-ca44-47da-9c1d-cc11d7728757/build]   | There is NO WARRANTY, to the extent permitted by law.\n[2e1bf7e7-ca44-47da-9c1d-cc11d7728757/build]   | \n[2e1bf7e7-ca44-47da-9c1d-cc11d7728757/build]   | Written by John Gilmore and Jay Fenlason.\n[2e1bf7e7-ca44-47da-9c1d-cc11d7728757/build]   | [command]/usr/bin/tar xz --warning=no-unknown-keyword -C /tmp/temp_1285564261 -f /tmp/00a95a52-2cca-4455-86e8-c5f1b856b561\n[2e1bf7e7-ca44-47da-9c1d-cc11d7728757/build]   \ud83d\udcac  ::debug::jdk extracted to /tmp/temp_1285564261/zulu17.42.21-ca-crac-jdk17.0.7-linux_x64\n[2e1bf7e7-ca44-47da-9c1d-cc11d7728757/build]   \ud83d\udcac  ::debug::Caching tool jdk 17.0.7 x64\n[2e1bf7e7-ca44-47da-9c1d-cc11d7728757/build]   \ud83d\udcac  ::debug::source dir: /tmp/temp_1285564261/zulu17.42.21-ca-crac-jdk17.0.7-linux_x64\n[2e1bf7e7-ca44-47da-9c1d-cc11d7728757/build]   \ud83d\udcac  ::debug::destination /opt/hostedtoolcache/jdk/17.0.7/x64\n[2e1bf7e7-ca44-47da-9c1d-cc11d7728757/build]   \ud83d\udcac  ::debug::finished caching tool\n[2e1bf7e7-ca44-47da-9c1d-cc11d7728757/build]   \u2753 add-matcher /run/act/actions/actions-setup-java@v1/.github/java.json\n[2e1bf7e7-ca44-47da-9c1d-cc11d7728757/build]   | creating settings.xml with server-id: github; environment variables: username=$GITHUB_ACTOR, password=$GITHUB_TOKEN, and gpg-passphrase=null\n[2e1bf7e7-ca44-47da-9c1d-cc11d7728757/build]   \ud83d\udcac  ::debug::created directory /home/runneradmin/.m2\n[2e1bf7e7-ca44-47da-9c1d-cc11d7728757/build]   | writing /home/runneradmin/.m2/settings.xml\n[2e1bf7e7-ca44-47da-9c1d-cc11d7728757/build]   \u2705  Success - Main Set up JDK 17\n[2e1bf7e7-ca44-47da-9c1d-cc11d7728757/build]   \u2699  ::set-env:: JAVA_HOME_17_0_7_X64=/opt/hostedtoolcache/jdk/17.0.7/x64\n[2e1bf7e7-ca44-47da-9c1d-cc11d7728757/build]   \u2699  ::set-env:: JAVA_HOME_17.0.7_x64=/opt/hostedtoolcache/jdk/17.0.7/x64\n[2e1bf7e7-ca44-47da-9c1d-cc11d7728757/build]   \u2699  ::set-env:: JAVA_HOME=/opt/hostedtoolcache/jdk/17.0.7/x64\n[2e1bf7e7-ca44-47da-9c1d-cc11d7728757/build]   \u2699  ::set-output:: path=/opt/hostedtoolcache/jdk/17.0.7/x64\n[2e1bf7e7-ca44-47da-9c1d-cc11d7728757/build]   \u2699  ::set-output:: version=17.0.7\n[2e1bf7e7-ca44-47da-9c1d-cc11d7728757/build]   \u2699  ::add-path:: /opt/hostedtoolcache/jdk/17.0.7/x64/bin\n[2e1bf7e7-ca44-47da-9c1d-cc11d7728757/build] \u2b50 Run Main Cache Maven packages\n[2e1bf7e7-ca44-47da-9c1d-cc11d7728757/build]   \ud83d\udc33  docker cp src=/tmp/act-cache/3e7d80a5-3b0b-45b2-8082-addeff32ef14/act/actions-cache@v2/ dst=/var/run/act/actions/actions-cache@v2/\n[2e1bf7e7-ca44-47da-9c1d-cc11d7728757/build]   \ud83d\udc33  docker exec cmd=[chown -R 1012:1013 /var/run/act/actions/actions-cache@v2/] user=0 workdir=\n[2e1bf7e7-ca44-47da-9c1d-cc11d7728757/build]   \ud83d\udc33  docker exec cmd=[node /var/run/act/actions/actions-cache@v2/dist/restore/index.js] user= workdir=\n[2e1bf7e7-ca44-47da-9c1d-cc11d7728757/build]   \ud83d\udcac  ::debug::Resolved Keys:\n[2e1bf7e7-ca44-47da-9c1d-cc11d7728757/build]   \ud83d\udcac  ::debug::[\"Linux-m2-ce7a844a019421d5922f56de3c78af6b9fe5a5ced8dd0cd7e28959512031fb2d\",\"Linux-m2\"]\n[2e1bf7e7-ca44-47da-9c1d-cc11d7728757/build]   \ud83d\udcac  ::debug::Checking zstd --version\n[2e1bf7e7-ca44-47da-9c1d-cc11d7728757/build]   \ud83d\udcac  ::debug::*** zstd command line interface 64-bits v1.5.0, by Yann Collet ***\n[2e1bf7e7-ca44-47da-9c1d-cc11d7728757/build]   \ud83d\udcac  ::debug::Resource Url: http://130.242.72.40:43639/_apis/artifactcache/cache?keys=Linux-m2-ce7a844a019421d5922f56de3c78af6b9fe5a5ced8dd0cd7e28959512031fb2d%252CLinux-m2&version=4f59475c51662af5cd30dccddada859cccd8e10ba3342088afde3904ccecc012\n[2e1bf7e7-ca44-47da-9c1d-cc11d7728757/build]   | Cache not found for input keys: Linux-m2-ce7a844a019421d5922f56de3c78af6b9fe5a5ced8dd0cd7e28959512031fb2d, Linux-m2\n[2e1bf7e7-ca44-47da-9c1d-cc11d7728757/build]   \u2705  Success - Main Cache Maven packages\n[2e1bf7e7-ca44-47da-9c1d-cc11d7728757/build] \u2b50 Run Main Build with Maven\n[2e1bf7e7-ca44-47da-9c1d-cc11d7728757/build]   \ud83d\udc33  docker exec cmd=[bash --noprofile --norc -e -o pipefail /var/run/act/workflow/3] user= workdir=happyride\n[2e1bf7e7-ca44-47da-9c1d-cc11d7728757/build]   | [INFO] Scanning for projects...\n[2e1bf7e7-ca44-47da-9c1d-cc11d7728757/build]   | [INFO] ------------------------------------------------------------------------\n[2e1bf7e7-ca44-47da-9c1d-cc11d7728757/build]   | [INFO] Detecting the operating system and CPU architecture\n[2e1bf7e7-ca44-47da-9c1d-cc11d7728757/build]   | [INFO] ------------------------------------------------------------------------\n[2e1bf7e7-ca44-47da-9c1d-cc11d7728757/build]   | [INFO] os.detected.name: linux\n[2e1bf7e7-ca44-47da-9c1d-cc11d7728757/build]   | [INFO] os.detected.arch: x86_64\n[2e1bf7e7-ca44-47da-9c1d-cc11d7728757/build]   | [INFO] os.detected.version: 5.4\n[2e1bf7e7-ca44-47da-9c1d-cc11d7728757/build]   | [INFO] os.detected.version.major: 5\n[2e1bf7e7-ca44-47da-9c1d-cc11d7728757/build]   | [INFO] os.detected.version.minor: 4\n[2e1bf7e7-ca44-47da-9c1d-cc11d7728757/build]   | [INFO] os.detected.release: ubuntu\n[2e1bf7e7-ca44-47da-9c1d-cc11d7728757/build]   | [INFO] os.detected.release.version: 20.04\n[2e1bf7e7-ca44-47da-9c1d-cc11d7728757/build]   | [INFO] os.detected.release.like.ubuntu: true\n[2e1bf7e7-ca44-47da-9c1d-cc11d7728757/build]   | [INFO] os.detected.release.like.debian: true\n[2e1bf7e7-ca44-47da-9c1d-cc11d7728757/build]   | [INFO] os.detected.classifier: linux-x86_64\n[2e1bf7e7-ca44-47da-9c1d-cc11d7728757/build]   | [INFO] ------------------------------------------------------------------------\n[2e1bf7e7-ca44-47da-9c1d-cc11d7728757/build]   | [INFO] Reactor Build Order:\n[2e1bf7e7-ca44-47da-9c1d-cc11d7728757/build]   | [INFO] \n[2e1bf7e7-ca44-47da-9c1d-cc11d7728757/build]   | [INFO] HappyRide Parent                                                   [pom]\n[2e1bf7e7-ca44-47da-9c1d-cc11d7728757/build]   | [INFO] Lib :: Common                                                      [jar]\n[2e1bf7e7-ca44-47da-9c1d-cc11d7728757/build]   | [INFO] Lib :: Postgres Common                                             [jar]\n[2e1bf7e7-ca44-47da-9c1d-cc11d7728757/build]   | [INFO] API :: Trip Service                                                [jar]\n[2e1bf7e7-ca44-47da-9c1d-cc11d7728757/build]   | [INFO] API :: Passenger Service                                           [jar]\n[2e1bf7e7-ca44-47da-9c1d-cc11d7728757/build]   | [INFO] API :: Driver Service                                              [jar]\n[2e1bf7e7-ca44-47da-9c1d-cc11d7728757/build]   | [INFO] API :: Dispatch Service                                            [jar]\n[2e1bf7e7-ca44-47da-9c1d-cc11d7728757/build]   | [INFO] API :: Payment Service                                             [jar]\n[2e1bf7e7-ca44-47da-9c1d-cc11d7728757/build]   | [INFO] API :: Address Service                                             [jar]\n[2e1bf7e7-ca44-47da-9c1d-cc11d7728757/build]   | [INFO] API :: Passenger Web                                               [jar]\n[2e1bf7e7-ca44-47da-9c1d-cc11d7728757/build]   | [INFO] API :: Trip Validation Service                                     [jar]\n[2e1bf7e7-ca44-47da-9c1d-cc11d7728757/build]   | [INFO] API Client :: Parent                                               [pom]\n[2e1bf7e7-ca44-47da-9c1d-cc11d7728757/build]   | [INFO] API Client :: Address Service                                      [jar]\n[2e1bf7e7-ca44-47da-9c1d-cc11d7728757/build]   | [INFO] API Client :: Passenger Service                                    [jar]\n[2e1bf7e7-ca44-47da-9c1d-cc11d7728757/build]   | [INFO] API Client :: Trip Service                                         [jar]\n[2e1bf7e7-ca44-47da-9c1d-cc11d7728757/build]   | [INFO] Service :: Parent                                                  [pom]\n[2e1bf7e7-ca44-47da-9c1d-cc11d7728757/build]   | [INFO] Service :: Address                                                 [jar]\n[2e1bf7e7-ca44-47da-9c1d-cc11d7728757/build]   | [INFO] Service :: Dispatch                                                [jar]\n[2e1bf7e7-ca44-47da-9c1d-cc11d7728757/build]   | [INFO] Service :: Driver                                                  [jar]\n[2e1bf7e7-ca44-47da-9c1d-cc11d7728757/build]   | [INFO] Service :: Passenger                                               [jar]\n[2e1bf7e7-ca44-47da-9c1d-cc11d7728757/build]   | [INFO] Service :: Payment                                                 [jar]\n[2e1bf7e7-ca44-47da-9c1d-cc11d7728757/build]   | [INFO] Service :: Trip History                                            [jar]\n[2e1bf7e7-ca44-47da-9c1d-cc11d7728757/build]   | [INFO] Service :: Trip                                                    [jar]\n[2e1bf7e7-ca44-47da-9c1d-cc11d7728757/build]   | [INFO] Service :: Trip Validation                                         [jar]\n[2e1bf7e7-ca44-47da-9c1d-cc11d7728757/build]   | [INFO] Tools :: Driver Simulator :: UI                                    [jar]\n[2e1bf7e7-ca44-47da-9c1d-cc11d7728757/build]   | [INFO] Tools :: Driver Simulator                                          [jar]\n[2e1bf7e7-ca44-47da-9c1d-cc11d7728757/build]   | [INFO] \n[2e1bf7e7-ca44-47da-9c1d-cc11d7728757/build]   | [INFO] ------------------< io.vividcode.happyride:happyride >------------------\n[2e1bf7e7-ca44-47da-9c1d-cc11d7728757/build]   | [INFO] Building HappyRide Parent 3.0.0-SNAPSHOT                          [1/26]\n[2e1bf7e7-ca44-47da-9c1d-cc11d7728757/build]   | [INFO] --------------------------------[ pom ]---------------------------------\n[2e1bf7e7-ca44-47da-9c1d-cc11d7728757/build]   | [INFO] \n[2e1bf7e7-ca44-47da-9c1d-cc11d7728757/build]   | [INFO] -------------------< io.vividcode.happyride:common >--------------------\n[2e1bf7e7-ca44-47da-9c1d-cc11d7728757/build]   | [INFO] Building Lib :: Common 3.0.0-SNAPSHOT                             [2/26]\n[2e1bf7e7-ca44-47da-9c1d-cc11d7728757/build]   | [INFO] --------------------------------[ jar ]---------------------------------\n[2e1bf7e7-ca44-47da-9c1d-cc11d7728757/build]   | [INFO] \n[2e1bf7e7-ca44-47da-9c1d-cc11d7728757/build]   | [INFO] --- maven-resources-plugin:3.3.0:resources (default-resources) @ common ---\n[2e1bf7e7-ca44-47da-9c1d-cc11d7728757/build]   | [INFO] skip non existing resourceDirectory /tmp/3d783ea4-1661-11ee-8a50-bb14de238602/alexcheng1982-happyride/happyride/lib/common/src/main/resources\n[2e1bf7e7-ca44-47da-9c1d-cc11d7728757/build]   | [INFO] skip non existing resourceDirectory /tmp/3d783ea4-1661-11ee-8a50-bb14de238602/alexcheng1982-happyride/happyride/lib/common/src/main/resources\n[2e1bf7e7-ca44-47da-9c1d-cc11d7728757/build]   | [INFO] \n[2e1bf7e7-ca44-47da-9c1d-cc11d7728757/build]   | [INFO] --- maven-compiler-plugin:3.10.1:compile (default-compile) @ common ---\n[2e1bf7e7-ca44-47da-9c1d-cc11d7728757/build]   | [INFO] Changes detected - recompiling the module!\n[2e1bf7e7-ca44-47da-9c1d-cc11d7728757/build]   | [INFO] Compiling 8 source files to /tmp/3d783ea4-1661-11ee-8a50-bb14de238602/alexcheng1982-happyride/happyride/lib/common/target/classes\n[2e1bf7e7-ca44-47da-9c1d-cc11d7728757/build]   | [INFO] \n[2e1bf7e7-ca44-47da-9c1d-cc11d7728757/build]   | [INFO] --- maven-resources-plugin:3.3.0:testResources (default-testResources) @ common ---\n[2e1bf7e7-ca44-47da-9c1d-cc11d7728757/build]   | [INFO] skip non existing resourceDirectory /tmp/3d783ea4-1661-11ee-8a50-bb14de238602/alexcheng1982-happyride/happyride/lib/common/src/test/resources\n[2e1bf7e7-ca44-47da-9c1d-cc11d7728757/build]   | [INFO] \n[2e1bf7e7-ca44-47da-9c1d-cc11d7728757/build]   | [INFO] --- maven-compiler-plugin:3.10.1:testCompile (default-testCompile) @ common ---\n[2e1bf7e7-ca44-47da-9c1d-cc11d7728757/build]   | [INFO] No sources to compile\n[2e1bf7e7-ca44-47da-9c1d-cc11d7728757/build]   | [INFO] \n[2e1bf7e7-ca44-47da-9c1d-cc11d7728757/build]   | [INFO] --- maven-surefire-plugin:2.22.2:test (default-test) @ common ---\n[2e1bf7e7-ca44-47da-9c1d-cc11d7728757/build]   | [INFO] No tests to run.\n[2e1bf7e7-ca44-47da-9c1d-cc11d7728757/build]   | [INFO] \n[2e1bf7e7-ca44-47da-9c1d-cc11d7728757/build]   | [INFO] --- maven-jar-plugin:3.3.0:jar (default-jar) @ common ---\n[2e1bf7e7-ca44-47da-9c1d-cc11d7728757/build]   | [INFO] Building jar: /tmp/3d783ea4-1661-11ee-8a50-bb14de238602/alexcheng1982-happyride/happyride/lib/common/target/common-3.0.0-SNAPSHOT.jar\n[2e1bf7e7-ca44-47da-9c1d-cc11d7728757/build]   | [INFO] \n[2e1bf7e7-ca44-47da-9c1d-cc11d7728757/build]   | [INFO] ---------------< io.vividcode.happyride:postgres-common >---------------\n[2e1bf7e7-ca44-47da-9c1d-cc11d7728757/build]   | [INFO] Building Lib :: Postgres Common 3.0.0-SNAPSHOT                    [3/26]\n[2e1bf7e7-ca44-47da-9c1d-cc11d7728757/build]   | [INFO] --------------------------------[ jar ]---------------------------------\n[2e1bf7e7-ca44-47da-9c1d-cc11d7728757/build]   | [INFO] \n[2e1bf7e7-ca44-47da-9c1d-cc11d7728757/build]   | [INFO] --- maven-resources-plugin:3.3.0:resources (default-resources) @ postgres-common ---\n[2e1bf7e7-ca44-47da-9c1d-cc11d7728757/build]   | [INFO] skip non existing resourceDirectory /tmp/3d783ea4-1661-11ee-8a50-bb14de238602/alexcheng1982-happyride/happyride/lib/postgres-common/src/main/resources\n[2e1bf7e7-ca44-47da-9c1d-cc11d7728757/build]   | [INFO] skip non existing resourceDirectory /tmp/3d783ea4-1661-11ee-8a50-bb14de238602/alexcheng1982-happyride/happyride/lib/postgres-common/src/main/resources\n[2e1bf7e7-ca44-47da-9c1d-cc11d7728757/build]   | [INFO] \n[2e1bf7e7-ca44-47da-9c1d-cc11d7728757/build]   | [INFO] --- maven-compiler-plugin:3.10.1:compile (default-compile) @ postgres-common ---\n[2e1bf7e7-ca44-47da-9c1d-cc11d7728757/build]   | [INFO] No sources to compile\n[2e1bf7e7-ca44-47da-9c1d-cc11d7728757/build]   | [INFO] \n[2e1bf7e7-ca44-47da-9c1d-cc11d7728757/build]   | [INFO] --- maven-resources-plugin:3.3.0:testResources (default-testResources) @ postgres-common ---\n[2e1bf7e7-ca44-47da-9c1d-cc11d7728757/build]   | [INFO] skip non existing resourceDirectory /tmp/3d783ea4-1661-11ee-8a50-bb14de238602/alexcheng1982-happyride/happyride/lib/postgres-common/src/test/resources\n[2e1bf7e7-ca44-47da-9c1d-cc11d7728757/build]   | [INFO] \n[2e1bf7e7-ca44-47da-9c1d-cc11d7728757/build]   | [INFO] --- maven-compiler-plugin:3.10.1:testCompile (default-testCompile) @ postgres-common ---\n[2e1bf7e7-ca44-47da-9c1d-cc11d7728757/build]   | [INFO] Changes detected - recompiling the module!\n[2e1bf7e7-ca44-47da-9c1d-cc11d7728757/build]   | [INFO] Compiling 1 source file to /tmp/3d783ea4-1661-11ee-8a50-bb14de238602/alexcheng1982-happyride/happyride/lib/postgres-common/target/test-classes\n[2e1bf7e7-ca44-47da-9c1d-cc11d7728757/build]   | [INFO] \n[2e1bf7e7-ca44-47da-9c1d-cc11d7728757/build]   | [INFO] --- maven-surefire-plugin:2.22.2:test (default-test) @ postgres-common ---\n[2e1bf7e7-ca44-47da-9c1d-cc11d7728757/build]   | [INFO] \n[2e1bf7e7-ca44-47da-9c1d-cc11d7728757/build]   | [INFO] --- maven-jar-plugin:3.3.0:jar (default-jar) @ postgres-common ---\n[2e1bf7e7-ca44-47da-9c1d-cc11d7728757/build]   | [WARNING] JAR will be empty - no content was marked for inclusion!\n[2e1bf7e7-ca44-47da-9c1d-cc11d7728757/build]   | [INFO] Building jar: /tmp/3d783ea4-1661-11ee-8a50-bb14de238602/alexcheng1982-happyride/happyride/lib/postgres-common/target/postgres-common-3.0.0-SNAPSHOT.jar\n[2e1bf7e7-ca44-47da-9c1d-cc11d7728757/build]   | [INFO] \n[2e1bf7e7-ca44-47da-9c1d-cc11d7728757/build]   | [INFO] --- maven-jar-plugin:3.3.0:test-jar (default) @ postgres-common ---\n[2e1bf7e7-ca44-47da-9c1d-cc11d7728757/build]   | [INFO] Building jar: /tmp/3d783ea4-1661-11ee-8a50-bb14de238602/alexcheng1982-happyride/happyride/lib/postgres-common/target/postgres-common-3.0.0-SNAPSHOT-tests.jar\n[2e1bf7e7-ca44-47da-9c1d-cc11d7728757/build]   | [INFO] \n[2e1bf7e7-ca44-47da-9c1d-cc11d7728757/build]   | [INFO] --------------< io.vividcode.happyride:trip-service-api >---------------\n[2e1bf7e7-ca44-47da-9c1d-cc11d7728757/build]   | [INFO] Building API :: Trip Service 3.0.0-SNAPSHOT                       [4/26]\n[2e1bf7e7-ca44-47da-9c1d-cc11d7728757/build]   | [INFO] --------------------------------[ jar ]---------------------------------\n[2e1bf7e7-ca44-47da-9c1d-cc11d7728757/build]   | [INFO] \n[2e1bf7e7-ca44-47da-9c1d-cc11d7728757/build]   | [INFO] --- maven-resources-plugin:3.3.0:resources (default-resources) @ trip-service-api ---\n[2e1bf7e7-ca44-47da-9c1d-cc11d7728757/build]   | [INFO] skip non existing resourceDirectory /tmp/3d783ea4-1661-11ee-8a50-bb14de238602/alexcheng1982-happyride/happyride/api/trip-service-api/src/main/resources\n[2e1bf7e7-ca44-47da-9c1d-cc11d7728757/build]   | [INFO] skip non existing resourceDirectory /tmp/3d783ea4-1661-11ee-8a50-bb14de238602/alexcheng1982-happyride/happyride/api/trip-service-api/src/main/resources\n[2e1bf7e7-ca44-47da-9c1d-cc11d7728757/build]   | [INFO] \n[2e1bf7e7-ca44-47da-9c1d-cc11d7728757/build]   | [INFO] --- maven-compiler-plugin:3.10.1:compile (default-compile) @ trip-service-api ---\n[2e1bf7e7-ca44-47da-9c1d-cc11d7728757/build]   | [INFO] Changes detected - recompiling the module!\n[2e1bf7e7-ca44-47da-9c1d-cc11d7728757/build]   | [INFO] Compiling 18 source files to /tmp/3d783ea4-1661-11ee-8a50-bb14de238602/alexcheng1982-happyride/happyride/api/trip-service-api/target/classes\n[2e1bf7e7-ca44-47da-9c1d-cc11d7728757/build]   | [INFO] \n[2e1bf7e7-ca44-47da-9c1d-cc11d7728757/build]   | [INFO] --- maven-resources-plugin:3.3.0:testResources (default-testResources) @ trip-service-api ---\n[2e1bf7e7-ca44-47da-9c1d-cc11d7728757/build]   | [INFO] skip non existing resourceDirectory /tmp/3d783ea4-1661-11ee-8a50-bb14de238602/alexcheng1982-happyride/happyride/api/trip-service-api/src/test/resources\n[2e1bf7e7-ca44-47da-9c1d-cc11d7728757/build]   | [INFO] \n[2e1bf7e7-ca44-47da-9c1d-cc11d7728757/build]   | [INFO] --- maven-compiler-plugin:3.10.1:testCompile (default-testCompile) @ trip-service-api ---\n[2e1bf7e7-ca44-47da-9c1d-cc11d7728757/build]   | [INFO] No sources to compile\n[2e1bf7e7-ca44-47da-9c1d-cc11d7728757/build]   | [INFO] \n[2e1bf7e7-ca44-47da-9c1d-cc11d7728757/build]   | [INFO] --- maven-surefire-plugin:2.22.2:test (default-test) @ trip-service-api ---\n[2e1bf7e7-ca44-47da-9c1d-cc11d7728757/build]   | [INFO] No tests to run.\n[2e1bf7e7-ca44-47da-9c1d-cc11d7728757/build]   | [INFO] \n[2e1bf7e7-ca44-47da-9c1d-cc11d7728757/build]   | [INFO] --- maven-jar-plugin:3.3.0:jar (default-jar) @ trip-service-api ---\n[2e1bf7e7-ca44-47da-9c1d-cc11d7728757/build]   | [INFO] Building jar: /tmp/3d783ea4-1661-11ee-8a50-bb14de238602/alexcheng1982-happyride/happyride/api/trip-service-api/target/trip-service-api-3.0.0-SNAPSHOT.jar\n[2e1bf7e7-ca44-47da-9c1d-cc11d7728757/build]   | [INFO] \n[2e1bf7e7-ca44-47da-9c1d-cc11d7728757/build]   | [INFO] ------------< io.vividcode.happyride:passenger-service-api >------------\n[2e1bf7e7-ca44-47da-9c1d-cc11d7728757/build]   | [INFO] Building API :: Passenger Service 3.0.0-SNAPSHOT                  [5/26]\n[2e1bf7e7-ca44-47da-9c1d-cc11d7728757/build]   | [INFO] --------------------------------[ jar ]---------------------------------\n[2e1bf7e7-ca44-47da-9c1d-cc11d7728757/build]   | [INFO] \n[2e1bf7e7-ca44-47da-9c1d-cc11d7728757/build]   | [INFO] --- maven-resources-plugin:3.3.0:resources (default-resources) @ passenger-service-api ---\n[2e1bf7e7-ca44-47da-9c1d-cc11d7728757/build]   | [INFO] skip non existing resourceDirectory /tmp/3d783ea4-1661-11ee-8a50-bb14de238602/alexcheng1982-happyride/happyride/api/passenger-service-api/src/main/resources\n[2e1bf7e7-ca44-47da-9c1d-cc11d7728757/build]   | [INFO] skip non existing resourceDirectory /tmp/3d783ea4-1661-11ee-8a50-bb14de238602/alexcheng1982-happyride/happyride/api/passenger-service-api/src/main/resources\n[2e1bf7e7-ca44-47da-9c1d-cc11d7728757/build]   | [INFO] \n[2e1bf7e7-ca44-47da-9c1d-cc11d7728757/build]   | [INFO] --- maven-compiler-plugin:3.10.1:compile (default-compile) @ passenger-service-api ---\n[2e1bf7e7-ca44-47da-9c1d-cc11d7728757/build]   | [INFO] Changes detected - recompiling the module!\n[2e1bf7e7-ca44-47da-9c1d-cc11d7728757/build]   | [INFO] Compiling 6 source files to /tmp/3d783ea4-1661-11ee-8a50-bb14de238602/alexcheng1982-happyride/happyride/api/passenger-service-api/target/classes\n[2e1bf7e7-ca44-47da-9c1d-cc11d7728757/build]   | [INFO] \n[2e1bf7e7-ca44-47da-9c1d-cc11d7728757/build]   | [INFO] --- maven-resources-plugin:3.3.0:testResources (default-testResources) @ passenger-service-api ---\n[2e1bf7e7-ca44-47da-9c1d-cc11d7728757/build]   | [INFO] skip non existing resourceDirectory /tmp/3d783ea4-1661-11ee-8a50-bb14de238602/alexcheng1982-happyride/happyride/api/passenger-service-api/src/test/resources\n[2e1bf7e7-ca44-47da-9c1d-cc11d7728757/build]   | [INFO] \n[2e1bf7e7-ca44-47da-9c1d-cc11d7728757/build]   | [INFO] --- maven-compiler-plugin:3.10.1:testCompile (default-testCompile) @ passenger-service-api ---\n[2e1bf7e7-ca44-47da-9c1d-cc11d7728757/build]   | [INFO] No sources to compile\n[2e1bf7e7-ca44-47da-9c1d-cc11d7728757/build]   | [INFO] \n[2e1bf7e7-ca44-47da-9c1d-cc11d7728757/build]   | [INFO] --- maven-surefire-plugin:2.22.2:test (default-test) @ passenger-service-api ---\n[2e1bf7e7-ca44-47da-9c1d-cc11d7728757/build]   | [INFO] No tests to run.\n[2e1bf7e7-ca44-47da-9c1d-cc11d7728757/build]   | [INFO] \n[2e1bf7e7-ca44-47da-9c1d-cc11d7728757/build]   | [INFO] --- maven-jar-plugin:3.3.0:jar (default-jar) @ passenger-service-api ---\n[2e1bf7e7-ca44-47da-9c1d-cc11d7728757/build]   | [INFO] Building jar: /tmp/3d783ea4-1661-11ee-8a50-bb14de238602/alexcheng1982-happyride/happyride/api/passenger-service-api/target/passenger-service-api-3.0.0-SNAPSHOT.jar\n[2e1bf7e7-ca44-47da-9c1d-cc11d7728757/build]   | [INFO] \n[2e1bf7e7-ca44-47da-9c1d-cc11d7728757/build]   | [INFO] -------------< io.vividcode.happyride:driver-service-api >--------------\n[2e1bf7e7-ca44-47da-9c1d-cc11d7728757/build]   | [INFO] Building API :: Driver Service 3.0.0-SNAPSHOT                     [6/26]\n[2e1bf7e7-ca44-47da-9c1d-cc11d7728757/build]   | [INFO] --------------------------------[ jar ]---------------------------------\n[2e1bf7e7-ca44-47da-9c1d-cc11d7728757/build]   | [INFO] \n[2e1bf7e7-ca44-47da-9c1d-cc11d7728757/build]   | [INFO] --- maven-resources-plugin:3.3.0:resources (default-resources) @ driver-service-api ---\n[2e1bf7e7-ca44-47da-9c1d-cc11d7728757/build]   | [INFO] skip non existing resourceDirectory /tmp/3d783ea4-1661-11ee-8a50-bb14de238602/alexcheng1982-happyride/happyride/api/driver-service-api/src/main/resources\n[2e1bf7e7-ca44-47da-9c1d-cc11d7728757/build]   | [INFO] skip non existing resourceDirectory /tmp/3d783ea4-1661-11ee-8a50-bb14de238602/alexcheng1982-happyride/happyride/api/driver-service-api/src/main/resources\n[2e1bf7e7-ca44-47da-9c1d-cc11d7728757/build]   | [INFO] \n[2e1bf7e7-ca44-47da-9c1d-cc11d7728757/build]   | [INFO] --- maven-compiler-plugin:3.10.1:compile (default-compile) @ driver-service-api ---\n[2e1bf7e7-ca44-47da-9c1d-cc11d7728757/build]   | [INFO] Changes detected - recompiling the module!\n[2e1bf7e7-ca44-47da-9c1d-cc11d7728757/build]   | [INFO] Compiling 4 source files to /tmp/3d783ea4-1661-11ee-8a50-bb14de238602/alexcheng1982-happyride/happyride/api/driver-service-api/target/classes\n[2e1bf7e7-ca44-47da-9c1d-cc11d7728757/build]   | [INFO] \n[2e1bf7e7-ca44-47da-9c1d-cc11d7728757/build]   | [INFO] --- maven-resources-plugin:3.3.0:testResources (default-testResources) @ driver-service-api ---\n[2e1bf7e7-ca44-47da-9c1d-cc11d7728757/build]   | [INFO] skip non existing resourceDirectory /tmp/3d783ea4-1661-11ee-8a50-bb14de238602/alexcheng1982-happyride/happyride/api/driver-service-api/src/test/resources\n[2e1bf7e7-ca44-47da-9c1d-cc11d7728757/build]   | [INFO] \n[2e1bf7e7-ca44-47da-9c1d-cc11d7728757/build]   | [INFO] --- maven-compiler-plugin:3.10.1:testCompile (default-testCompile) @ driver-service-api ---\n[2e1bf7e7-ca44-47da-9c1d-cc11d7728757/build]   | [INFO] No sources to compile\n[2e1bf7e7-ca44-47da-9c1d-cc11d7728757/build]   | [INFO] \n[2e1bf7e7-ca44-47da-9c1d-cc11d7728757/build]   | [INFO] --- maven-surefire-plugin:2.22.2:test (default-test) @ driver-service-api ---\n[2e1bf7e7-ca44-47da-9c1d-cc11d7728757/build]   | [INFO] No tests to run.\n[2e1bf7e7-ca44-47da-9c1d-cc11d7728757/build]   | [INFO] \n[2e1bf7e7-ca44-47da-9c1d-cc11d7728757/build]   | [INFO] --- maven-jar-plugin:3.3.0:jar (default-jar) @ driver-service-api ---\n[2e1bf7e7-ca44-47da-9c1d-cc11d7728757/build]   | [INFO] Building jar: /tmp/3d783ea4-1661-11ee-8a50-bb14de238602/alexcheng1982-happyride/happyride/api/driver-service-api/target/driver-service-api-3.0.0-SNAPSHOT.jar\n[2e1bf7e7-ca44-47da-9c1d-cc11d7728757/build]   | [INFO] \n[2e1bf7e7-ca44-47da-9c1d-cc11d7728757/build]   | [INFO] ------------< io.vividcode.happyride:dispatch-service-api >-------------\n[2e1bf7e7-ca44-47da-9c1d-cc11d7728757/build]   | [INFO] Building API :: Dispatch Service 3.0.0-SNAPSHOT                   [7/26]\n[2e1bf7e7-ca44-47da-9c1d-cc11d7728757/build]   | [INFO] --------------------------------[ jar ]---------------------------------\n[2e1bf7e7-ca44-47da-9c1d-cc11d7728757/build]   | [INFO] \n[2e1bf7e7-ca44-47da-9c1d-cc11d7728757/build]   | [INFO] --- maven-resources-plugin:3.3.0:resources (default-resources) @ dispatch-service-api ---\n[2e1bf7e7-ca44-47da-9c1d-cc11d7728757/build]   | [INFO] skip non existing resourceDirectory /tmp/3d783ea4-1661-11ee-8a50-bb14de238602/alexcheng1982-happyride/happyride/api/dispatch-service-api/src/main/resources\n[2e1bf7e7-ca44-47da-9c1d-cc11d7728757/build]   | [INFO] skip non existing resourceDirectory /tmp/3d783ea4-1661-11ee-8a50-bb14de238602/alexcheng1982-happyride/happyride/api/dispatch-service-api/src/main/resources\n[2e1bf7e7-ca44-47da-9c1d-cc11d7728757/build]   | [INFO] \n[2e1bf7e7-ca44-47da-9c1d-cc11d7728757/build]   | [INFO] --- maven-compiler-plugin:3.10.1:compile (default-compile) @ dispatch-service-api ---\n[2e1bf7e7-ca44-47da-9c1d-cc11d7728757/build]   | [INFO] Changes detected - recompiling the module!\n[2e1bf7e7-ca44-47da-9c1d-cc11d7728757/build]   | [INFO] Compiling 12 source files to /tmp/3d783ea4-1661-11ee-8a50-bb14de238602/alexcheng1982-happyride/happyride/api/dispatch-service-api/target/classes\n[2e1bf7e7-ca44-47da-9c1d-cc11d7728757/build]   | [INFO] \n[2e1bf7e7-ca44-47da-9c1d-cc11d7728757/build]   | [INFO] --- maven-resources-plugin:3.3.0:testResources (default-testResources) @ dispatch-service-api ---\n[2e1bf7e7-ca44-47da-9c1d-cc11d7728757/build]   | [INFO] skip non existing resourceDirectory /tmp/3d783ea4-1661-11ee-8a50-bb14de238602/alexcheng1982-happyride/happyride/api/dispatch-service-api/src/test/resources\n[2e1bf7e7-ca44-47da-9c1d-cc11d7728757/build]   | [INFO] \n[2e1bf7e7-ca44-47da-9c1d-cc11d7728757/build]   | [INFO] --- maven-compiler-plugin:3.10.1:testCompile (default-testCompile) @ dispatch-service-api ---\n[2e1bf7e7-ca44-47da-9c1d-cc11d7728757/build]   | [INFO] No sources to compile\n[2e1bf7e7-ca44-47da-9c1d-cc11d7728757/build]   | [INFO] \n[2e1bf7e7-ca44-47da-9c1d-cc11d7728757/build]   | [INFO] --- maven-surefire-plugin:2.22.2:test (default-test) @ dispatch-service-api ---\n[2e1bf7e7-ca44-47da-9c1d-cc11d7728757/build]   | [INFO] No tests to run.\n[2e1bf7e7-ca44-47da-9c1d-cc11d7728757/build]   | [INFO] \n[2e1bf7e7-ca44-47da-9c1d-cc11d7728757/build]   | [INFO] --- maven-jar-plugin:3.3.0:jar (default-jar) @ dispatch-service-api ---\n[2e1bf7e7-ca44-47da-9c1d-cc11d7728757/build]   | [INFO] Building jar: /tmp/3d783ea4-1661-11ee-8a50-bb14de238602/alexcheng1982-happyride/happyride/api/dispatch-service-api/target/dispatch-service-api-3.0.0-SNAPSHOT.jar\n[2e1bf7e7-ca44-47da-9c1d-cc11d7728757/build]   | [INFO] \n[2e1bf7e7-ca44-47da-9c1d-cc11d7728757/build]   | [INFO] -------------< io.vividcode.happyride:payment-service-api >-------------\n[2e1bf7e7-ca44-47da-9c1d-cc11d7728757/build]   | [INFO] Building API :: Payment Service 3.0.0-SNAPSHOT                    [8/26]\n[2e1bf7e7-ca44-47da-9c1d-cc11d7728757/build]   | [INFO] --------------------------------[ jar ]---------------------------------\n[2e1bf7e7-ca44-47da-9c1d-cc11d7728757/build]   | [INFO] \n[2e1bf7e7-ca44-47da-9c1d-cc11d7728757/build]   | [INFO] --- maven-resources-plugin:3.3.0:resources (default-resources) @ payment-service-api ---\n[2e1bf7e7-ca44-47da-9c1d-cc11d7728757/build]   | [INFO] skip non existing resourceDirectory /tmp/3d783ea4-1661-11ee-8a50-bb14de238602/alexcheng1982-happyride/happyride/api/payment-service-api/src/main/resources\n[2e1bf7e7-ca44-47da-9c1d-cc11d7728757/build]   | [INFO] skip non existing resourceDirectory /tmp/3d783ea4-1661-11ee-8a50-bb14de238602/alexcheng1982-happyride/happyride/api/payment-service-api/src/main/resources\n[2e1bf7e7-ca44-47da-9c1d-cc11d7728757/build]   | [INFO] \n[2e1bf7e7-ca44-47da-9c1d-cc11d7728757/build]   | [INFO] --- maven-compiler-plugin:3.10.1:compile (default-compile) @ payment-service-api ---\n[2e1bf7e7-ca44-47da-9c1d-cc11d7728757/build]   | [INFO] Changes detected - recompiling the module!\n[2e1bf7e7-ca44-47da-9c1d-cc11d7728757/build]   | [INFO] Compiling 5 source files to /tmp/3d783ea4-1661-11ee-8a50-bb14de238602/alexcheng1982-happyride/happyride/api/payment-service-api/target/classes\n[2e1bf7e7-ca44-47da-9c1d-cc11d7728757/build]   | [INFO] \n[2e1bf7e7-ca44-47da-9c1d-cc11d7728757/build]   | [INFO] --- maven-resources-plugin:3.3.0:testResources (default-testResources) @ payment-service-api ---\n[2e1bf7e7-ca44-47da-9c1d-cc11d7728757/build]   | [INFO] skip non existing resourceDirectory /tmp/3d783ea4-1661-11ee-8a50-bb14de238602/alexcheng1982-happyride/happyride/api/payment-service-api/src/test/resources\n[2e1bf7e7-ca44-47da-9c1d-cc11d7728757/build]   | [INFO] \n[2e1bf7e7-ca44-47da-9c1d-cc11d7728757/build]   | [INFO] --- maven-compiler-plugin:3.10.1:testCompile (default-testCompile) @ payment-service-api ---\n[2e1bf7e7-ca44-47da-9c1d-cc11d7728757/build]   | [INFO] No sources to compile\n[2e1bf7e7-ca44-47da-9c1d-cc11d7728757/build]   | [INFO] \n[2e1bf7e7-ca44-47da-9c1d-cc11d7728757/build]   | [INFO] --- maven-surefire-plugin:2.22.2:test (default-test) @ payment-service-api ---\n[2e1bf7e7-ca44-47da-9c1d-cc11d7728757/build]   | [INFO] No tests to run.\n[2e1bf7e7-ca44-47da-9c1d-cc11d7728757/build]   | [INFO] \n[2e1bf7e7-ca44-47da-9c1d-cc11d7728757/build]   | [INFO] --- maven-jar-plugin:3.3.0:jar (default-jar) @ payment-service-api ---\n[2e1bf7e7-ca44-47da-9c1d-cc11d7728757/build]   | [INFO] Building jar: /tmp/3d783ea4-1661-11ee-8a50-bb14de238602/alexcheng1982-happyride/happyride/api/payment-service-api/target/payment-service-api-3.0.0-SNAPSHOT.jar\n[2e1bf7e7-ca44-47da-9c1d-cc11d7728757/build]   | [INFO] \n[2e1bf7e7-ca44-47da-9c1d-cc11d7728757/build]   | [INFO] -------------< io.vividcode.happyride:address-service-api >-------------\n[2e1bf7e7-ca44-47da-9c1d-cc11d7728757/build]   | [INFO] Building API :: Address Service 3.0.0-SNAPSHOT                    [9/26]\n[2e1bf7e7-ca44-47da-9c1d-cc11d7728757/build]   | [INFO] --------------------------------[ jar ]---------------------------------\n[2e1bf7e7-ca44-47da-9c1d-cc11d7728757/build]   | [INFO] \n[2e1bf7e7-ca44-47da-9c1d-cc11d7728757/build]   | [INFO] --- protobuf-maven-plugin:0.6.1:compile (default) @ address-service-api ---\n[2e1bf7e7-ca44-47da-9c1d-cc11d7728757/build]   | [INFO] Compiling 1 proto file(s) to /tmp/3d783ea4-1661-11ee-8a50-bb14de238602/alexcheng1982-happyride/happyride/api/address-service-api/target/generated-sources/protobuf/java\n[2e1bf7e7-ca44-47da-9c1d-cc11d7728757/build]   | [INFO] \n[2e1bf7e7-ca44-47da-9c1d-cc11d7728757/build]   | [INFO] --- protobuf-maven-plugin:0.6.1:compile-custom (default) @ address-service-api ---\n[2e1bf7e7-ca44-47da-9c1d-cc11d7728757/build]   | [INFO] Compiling 1 proto file(s) to /tmp/3d783ea4-1661-11ee-8a50-bb14de238602/alexcheng1982-happyride/happyride/api/address-service-api/target/generated-sources/protobuf/grpc-java\n[2e1bf7e7-ca44-47da-9c1d-cc11d7728757/build]   | [INFO] \n[2e1bf7e7-ca44-47da-9c1d-cc11d7728757/build]   | [INFO] --- maven-resources-plugin:3.3.0:resources (default-resources) @ address-service-api ---\n[2e1bf7e7-ca44-47da-9c1d-cc11d7728757/build]   | [INFO] skip non existing resourceDirectory /tmp/3d783ea4-1661-11ee-8a50-bb14de238602/alexcheng1982-happyride/happyride/api/address-service-api/src/main/resources\n[2e1bf7e7-ca44-47da-9c1d-cc11d7728757/build]   | [INFO] skip non existing resourceDirectory /tmp/3d783ea4-1661-11ee-8a50-bb14de238602/alexcheng1982-happyride/happyride/api/address-service-api/src/main/resources\n[2e1bf7e7-ca44-47da-9c1d-cc11d7728757/build]   | [INFO] Copying 1 resource\n[2e1bf7e7-ca44-47da-9c1d-cc11d7728757/build]   | [INFO] Copying 1 resource\n[2e1bf7e7-ca44-47da-9c1d-cc11d7728757/build]   | [INFO] \n[2e1bf7e7-ca44-47da-9c1d-cc11d7728757/build]   | [INFO] --- maven-compiler-plugin:3.10.1:compile (default-compile) @ address-service-api ---\n[2e1bf7e7-ca44-47da-9c1d-cc11d7728757/build]   | [INFO] Changes detected - recompiling the module!\n[2e1bf7e7-ca44-47da-9c1d-cc11d7728757/build]   | [INFO] Compiling 19 source files to /tmp/3d783ea4-1661-11ee-8a50-bb14de238602/alexcheng1982-happyride/happyride/api/address-service-api/target/classes\n[2e1bf7e7-ca44-47da-9c1d-cc11d7728757/build]   | [INFO] \n[2e1bf7e7-ca44-47da-9c1d-cc11d7728757/build]   | [INFO] --- maven-resources-plugin:3.3.0:testResources (default-testResources) @ address-service-api ---\n[2e1bf7e7-ca44-47da-9c1d-cc11d7728757/build]   | [INFO] skip non existing resourceDirectory /tmp/3d783ea4-1661-11ee-8a50-bb14de238602/alexcheng1982-happyride/happyride/api/address-service-api/src/test/resources\n[2e1bf7e7-ca44-47da-9c1d-cc11d7728757/build]   | [INFO] \n[2e1bf7e7-ca44-47da-9c1d-cc11d7728757/build]   | [INFO] --- maven-compiler-plugin:3.10.1:testCompile (default-testCompile) @ address-service-api ---\n[2e1bf7e7-ca44-47da-9c1d-cc11d7728757/build]   | [INFO] No sources to compile\n[2e1bf7e7-ca44-47da-9c1d-cc11d7728757/build]   | [INFO] \n[2e1bf7e7-ca44-47da-9c1d-cc11d7728757/build]   | [INFO] --- maven-surefire-plugin:2.22.2:test (default-test) @ address-service-api ---\n[2e1bf7e7-ca44-47da-9c1d-cc11d7728757/build]   | [INFO] No tests to run.\n[2e1bf7e7-ca44-47da-9c1d-cc11d7728757/build]   | [INFO] \n[2e1bf7e7-ca44-47da-9c1d-cc11d7728757/build]   | [INFO] --- maven-jar-plugin:3.3.0:jar (default-jar) @ address-service-api ---\n[2e1bf7e7-ca44-47da-9c1d-cc11d7728757/build]   | [INFO] Building jar: /tmp/3d783ea4-1661-11ee-8a50-bb14de238602/alexcheng1982-happyride/happyride/api/address-service-api/target/address-service-api-3.0.0-SNAPSHOT.jar\n[2e1bf7e7-ca44-47da-9c1d-cc11d7728757/build]   | [INFO] \n[2e1bf7e7-ca44-47da-9c1d-cc11d7728757/build]   | [INFO] --------------< io.vividcode.happyride:passenger-web-api >--------------\n[2e1bf7e7-ca44-47da-9c1d-cc11d7728757/build]   | [INFO] Building API :: Passenger Web 3.0.0-SNAPSHOT                     [10/26]\n[2e1bf7e7-ca44-47da-9c1d-cc11d7728757/build]   | [INFO] --------------------------------[ jar ]---------------------------------\n[2e1bf7e7-ca44-47da-9c1d-cc11d7728757/build]   | [INFO] \n[2e1bf7e7-ca44-47da-9c1d-cc11d7728757/build]   | [INFO] --- maven-resources-plugin:3.3.0:resources (default-resources) @ passenger-web-api ---\n[2e1bf7e7-ca44-47da-9c1d-cc11d7728757/build]   | [INFO] Copying 1 resource\n[2e1bf7e7-ca44-47da-9c1d-cc11d7728757/build]   | [INFO] Copying 1 resource\n[2e1bf7e7-ca44-47da-9c1d-cc11d7728757/build]   | [INFO] \n[2e1bf7e7-ca44-47da-9c1d-cc11d7728757/build]   | [INFO] --- maven-compiler-plugin:3.10.1:compile (default-compile) @ passenger-web-api ---\n[2e1bf7e7-ca44-47da-9c1d-cc11d7728757/build]   | [INFO] Changes detected - recompiling the module!\n[2e1bf7e7-ca44-47da-9c1d-cc11d7728757/build]   | [INFO] Compiling 9 source files to /tmp/3d783ea4-1661-11ee-8a50-bb14de238602/alexcheng1982-happyride/happyride/api/passenger-web-api/target/classes\n[2e1bf7e7-ca44-47da-9c1d-cc11d7728757/build]   | [INFO] \n[2e1bf7e7-ca44-47da-9c1d-cc11d7728757/build]   | [INFO] --- maven-resources-plugin:3.3.0:testResources (default-testResources) @ passenger-web-api ---\n[2e1bf7e7-ca44-47da-9c1d-cc11d7728757/build]   | [INFO] skip non existing resourceDirectory /tmp/3d783ea4-1661-11ee-8a50-bb14de238602/alexcheng1982-happyride/happyride/api/passenger-web-api/src/test/resources\n[2e1bf7e7-ca44-47da-9c1d-cc11d7728757/build]   | [INFO] \n[2e1bf7e7-ca44-47da-9c1d-cc11d7728757/build]   | [INFO] --- maven-compiler-plugin:3.10.1:testCompile (default-testCompile) @ passenger-web-api ---\n[2e1bf7e7-ca44-47da-9c1d-cc11d7728757/build]   | [INFO] No sources to compile\n[2e1bf7e7-ca44-47da-9c1d-cc11d7728757/build]   | [INFO] \n[2e1bf7e7-ca44-47da-9c1d-cc11d7728757/build]   | [INFO] --- maven-surefire-plugin:2.22.2:test (default-test) @ passenger-web-api ---\n[2e1bf7e7-ca44-47da-9c1d-cc11d7728757/build]   | [INFO] No tests to run.\n[2e1bf7e7-ca44-47da-9c1d-cc11d7728757/build]   | [INFO] \n[2e1bf7e7-ca44-47da-9c1d-cc11d7728757/build]   | [INFO] --- maven-jar-plugin:3.3.0:jar (default-jar) @ passenger-web-api ---\n[2e1bf7e7-ca44-47da-9c1d-cc11d7728757/build]   | [INFO] Building jar: /tmp/3d783ea4-1661-11ee-8a50-bb14de238602/alexcheng1982-happyride/happyride/api/passenger-web-api/target/passenger-web-api-3.0.0-SNAPSHOT.jar\n[2e1bf7e7-ca44-47da-9c1d-cc11d7728757/build]   | [INFO] \n[2e1bf7e7-ca44-47da-9c1d-cc11d7728757/build]   | [INFO] ---------< io.vividcode.happyride:trip-validation-service-api >---------\n[2e1bf7e7-ca44-47da-9c1d-cc11d7728757/build]   | [INFO] Building API :: Trip Validation Service 3.0.0-SNAPSHOT           [11/26]\n[2e1bf7e7-ca44-47da-9c1d-cc11d7728757/build]   | [INFO] --------------------------------[ jar ]---------------------------------\n[2e1bf7e7-ca44-47da-9c1d-cc11d7728757/build]   | [INFO] \n[2e1bf7e7-ca44-47da-9c1d-cc11d7728757/build]   | [INFO] --- maven-resources-plugin:3.3.0:resources (default-resources) @ trip-validation-service-api ---\n[2e1bf7e7-ca44-47da-9c1d-cc11d7728757/build]   | [INFO] skip non existing resourceDirectory /tmp/3d783ea4-1661-11ee-8a50-bb14de238602/alexcheng1982-happyride/happyride/api/trip-validation-service-api/src/main/resources\n[2e1bf7e7-ca44-47da-9c1d-cc11d7728757/build]   | [INFO] skip non existing resourceDirectory /tmp/3d783ea4-1661-11ee-8a50-bb14de238602/alexcheng1982-happyride/happyride/api/trip-validation-service-api/src/main/resources\n[2e1bf7e7-ca44-47da-9c1d-cc11d7728757/build]   | [INFO] \n[2e1bf7e7-ca44-47da-9c1d-cc11d7728757/build]   | [INFO] --- maven-compiler-plugin:3.10.1:compile (default-compile) @ trip-validation-service-api ---\n[2e1bf7e7-ca44-47da-9c1d-cc11d7728757/build]   | [INFO] Changes detected - recompiling the module!\n[2e1bf7e7-ca44-47da-9c1d-cc11d7728757/build]   | [INFO] Compiling 3 source files to /tmp/3d783ea4-1661-11ee-8a50-bb14de238602/alexcheng1982-happyride/happyride/api/trip-validation-service-api/target/classes\n[2e1bf7e7-ca44-47da-9c1d-cc11d7728757/build]   | [INFO] \n[2e1bf7e7-ca44-47da-9c1d-cc11d7728757/build]   | [INFO] --- maven-resources-plugin:3.3.0:testResources (default-testResources) @ trip-validation-service-api ---\n[2e1bf7e7-ca44-47da-9c1d-cc11d7728757/build]   | [INFO] skip non existing resourceDirectory /tmp/3d783ea4-1661-11ee-8a50-bb14de238602/alexcheng1982-happyride/happyride/api/trip-validation-service-api/src/test/resources\n[2e1bf7e7-ca44-47da-9c1d-cc11d7728757/build]   | [INFO] \n[2e1bf7e7-ca44-47da-9c1d-cc11d7728757/build]   | [INFO] --- maven-compiler-plugin:3.10.1:testCompile (default-testCompile) @ trip-validation-service-api ---\n[2e1bf7e7-ca44-47da-9c1d-cc11d7728757/build]   | [INFO] No sources to compile\n[2e1bf7e7-ca44-47da-9c1d-cc11d7728757/build]   | [INFO] \n[2e1bf7e7-ca44-47da-9c1d-cc11d7728757/build]   | [INFO] --- maven-surefire-plugin:2.22.2:test (default-test) @ trip-validation-service-api ---\n[2e1bf7e7-ca44-47da-9c1d-cc11d7728757/build]   | [INFO] No tests to run.\n[2e1bf7e7-ca44-47da-9c1d-cc11d7728757/build]   | [INFO] \n[2e1bf7e7-ca44-47da-9c1d-cc11d7728757/build]   | [INFO] --- maven-jar-plugin:3.3.0:jar (default-jar) @ trip-validation-service-api ---\n[2e1bf7e7-ca44-47da-9c1d-cc11d7728757/build]   | [INFO] Building jar: /tmp/3d783ea4-1661-11ee-8a50-bb14de238602/alexcheng1982-happyride/happyride/api/trip-validation-service-api/target/trip-validation-service-api-3.0.0-SNAPSHOT.jar\n[2e1bf7e7-ca44-47da-9c1d-cc11d7728757/build]   | [INFO] \n[2e1bf7e7-ca44-47da-9c1d-cc11d7728757/build]   | [INFO] --------------< io.vividcode.happyride:api-client-parent >--------------\n[2e1bf7e7-ca44-47da-9c1d-cc11d7728757/build]   | [INFO] Building API Client :: Parent 3.0.0-SNAPSHOT                     [12/26]\n[2e1bf7e7-ca44-47da-9c1d-cc11d7728757/build]   | [INFO] --------------------------------[ pom ]---------------------------------\n[2e1bf7e7-ca44-47da-9c1d-cc11d7728757/build]   | [INFO] \n[2e1bf7e7-ca44-47da-9c1d-cc11d7728757/build]   | [INFO] -----------< io.vividcode.happyride:address-service-client >------------\n[2e1bf7e7-ca44-47da-9c1d-cc11d7728757/build]   | [INFO] Building API Client :: Address Service 3.0.0-SNAPSHOT            [13/26]\n[2e1bf7e7-ca44-47da-9c1d-cc11d7728757/build]   | [INFO] --------------------------------[ jar ]---------------------------------\n[2e1bf7e7-ca44-47da-9c1d-cc11d7728757/build]   | [INFO] \n[2e1bf7e7-ca44-47da-9c1d-cc11d7728757/build]   | [INFO] --- openapi-generator-maven-plugin:4.3.1:generate (default) @ address-service-client ---\n[2e1bf7e7-ca44-47da-9c1d-cc11d7728757/build]   | [WARNING] Output directory does not exist, or is inaccessible. No file (.openapi-generator-ignore) will be evaluated.\n[2e1bf7e7-ca44-47da-9c1d-cc11d7728757/build]   | [INFO] OpenAPI Generator: java (client)\n[2e1bf7e7-ca44-47da-9c1d-cc11d7728757/build]   | [INFO] Generator 'java' is considered stable.\n[2e1bf7e7-ca44-47da-9c1d-cc11d7728757/build]   | [INFO] Environment variable JAVA_POST_PROCESS_FILE not defined so the Java code may not be properly formatted. To define it, try 'export JAVA_POST_PROCESS_FILE=\"/usr/local/bin/clang-format -i\"' (Linux/Mac)\n[2e1bf7e7-ca44-47da-9c1d-cc11d7728757/build]   | [INFO] NOTE: To enable file post-processing, 'enablePostProcessFile' must be set to `true` (--enable-post-process-file for CLI).\n[2e1bf7e7-ca44-47da-9c1d-cc11d7728757/build]   | [INFO] Invoker Package Name, originally not set, is now derived from api package name: io.vividcode.happyride.addressservice.client\n[2e1bf7e7-ca44-47da-9c1d-cc11d7728757/build]   | [INFO] Processing operation searchAddress\n[2e1bf7e7-ca44-47da-9c1d-cc11d7728757/build]   | [INFO] Processing operation getAddress\n[2e1bf7e7-ca44-47da-9c1d-cc11d7728757/build]   | [INFO] Processing operation getAddresses\n[2e1bf7e7-ca44-47da-9c1d-cc11d7728757/build]   | [INFO] Processing operation getArea\n[2e1bf7e7-ca44-47da-9c1d-cc11d7728757/build]   | [INFO] Skipping generation of models.\n[2e1bf7e7-ca44-47da-9c1d-cc11d7728757/build]   | [INFO] Schema unaliasing of Address omitted because aliased class is to be mapped to io.vividcode.happyride.addressservice.api.AddressVO\n[2e1bf7e7-ca44-47da-9c1d-cc11d7728757/build]   | [INFO] Schema unaliasing of Address omitted because aliased class is to be mapped to io.vividcode.happyride.addressservice.api.AddressVO\n[2e1bf7e7-ca44-47da-9c1d-cc11d7728757/build]   | [INFO] Schema unaliasing of Address omitted because aliased class is to be mapped to io.vividcode.happyride.addressservice.api.AddressVO\n[2e1bf7e7-ca44-47da-9c1d-cc11d7728757/build]   | [INFO] Schema unaliasing of Address omitted because aliased class is to be mapped to io.vividcode.happyride.addressservice.api.AddressVO\n[2e1bf7e7-ca44-47da-9c1d-cc11d7728757/build]   | [INFO] Schema unaliasing of Address omitted because aliased class is to be mapped to io.vividcode.happyride.addressservice.api.AddressVO\n[2e1bf7e7-ca44-47da-9c1d-cc11d7728757/build]   | [INFO] Schema unaliasing of Address omitted because aliased class is to be mapped to io.vividcode.happyride.addressservice.api.AddressVO\n[2e1bf7e7-ca44-47da-9c1d-cc11d7728757/build]   | [INFO] Schema unaliasing of Address omitted because aliased class is to be mapped to io.vividcode.happyride.addressservice.api.AddressVO\n[2e1bf7e7-ca44-47da-9c1d-cc11d7728757/build]   | [INFO] Schema unaliasing of Address omitted because aliased class is to be mapped to io.vividcode.happyride.addressservice.api.AddressVO\n[2e1bf7e7-ca44-47da-9c1d-cc11d7728757/build]   | [INFO] Schema unaliasing of Address omitted because aliased class is to be mapped to io.vividcode.happyride.addressservice.api.AddressVO\n[2e1bf7e7-ca44-47da-9c1d-cc11d7728757/build]   | [INFO] Schema unaliasing of Address omitted because aliased class is to be mapped to io.vividcode.happyride.addressservice.api.AddressVO\n[2e1bf7e7-ca44-47da-9c1d-cc11d7728757/build]   | [INFO] Schema unaliasing of Address omitted because aliased class is to be mapped to io.vividcode.happyride.addressservice.api.AddressVO\n[2e1bf7e7-ca44-47da-9c1d-cc11d7728757/build]   | [INFO] Schema unaliasing of Address omitted because aliased class is to be mapped to io.vividcode.happyride.addressservice.api.AddressVO\n[2e1bf7e7-ca44-47da-9c1d-cc11d7728757/build]   | [INFO] Schema unaliasing of Address omitted because aliased class is to be mapped to io.vividcode.happyride.addressservice.api.AddressVO\n[2e1bf7e7-ca44-47da-9c1d-cc11d7728757/build]   | [INFO] Schema unaliasing of Address omitted because aliased class is to be mapped to io.vividcode.happyride.addressservice.api.AddressVO\n[2e1bf7e7-ca44-47da-9c1d-cc11d7728757/build]   | [INFO] Schema unaliasing of Address omitted because aliased class is to be mapped to io.vividcode.happyride.addressservice.api.AddressVO\n[2e1bf7e7-ca44-47da-9c1d-cc11d7728757/build]   | [INFO] Schema unaliasing of Address omitted because aliased class is to be mapped to io.vividcode.happyride.addressservice.api.AddressVO\n[2e1bf7e7-ca44-47da-9c1d-cc11d7728757/build]   | [INFO] Schema unaliasing of Address omitted because aliased class is to be mapped to io.vividcode.happyride.addressservice.api.AddressVO\n[2e1bf7e7-ca44-47da-9c1d-cc11d7728757/build]   | [INFO] Schema unaliasing of Address omitted because aliased class is to be mapped to io.vividcode.happyride.addressservice.api.AddressVO\n[2e1bf7e7-ca44-47da-9c1d-cc11d7728757/build]   | [INFO] Schema unaliasing of Address omitted because aliased class is to be mapped to io.vividcode.happyride.addressservice.api.AddressVO\n[2e1bf7e7-ca44-47da-9c1d-cc11d7728757/build]   | [INFO] Schema unaliasing of Address omitted because aliased class is to be mapped to io.vividcode.happyride.addressservice.api.AddressVO\n[2e1bf7e7-ca44-47da-9c1d-cc11d7728757/build]   | [INFO] Schema unaliasing of Address omitted because aliased class is to be mapped to io.vividcode.happyride.addressservice.api.AddressVO\n[2e1bf7e7-ca44-47da-9c1d-cc11d7728757/build]   | [INFO] Schema unaliasing of Address omitted because aliased class is to be mapped to io.vividcode.happyride.addressservice.api.AddressVO\n[2e1bf7e7-ca44-47da-9c1d-cc11d7728757/build]   | [INFO] Schema unaliasing of Address omitted because aliased class is to be mapped to io.vividcode.happyride.addressservice.api.AddressVO\n[2e1bf7e7-ca44-47da-9c1d-cc11d7728757/build]   | [INFO] Schema unaliasing of Address omitted because aliased class is to be mapped to io.vividcode.happyride.addressservice.api.AddressVO\n[2e1bf7e7-ca44-47da-9c1d-cc11d7728757/build]   | [INFO] Schema unaliasing of Address omitted because aliased class is to be mapped to io.vividcode.happyride.addressservice.api.AddressVO\n[2e1bf7e7-ca44-47da-9c1d-cc11d7728757/build]   | [INFO] Schema unaliasing of Address omitted because aliased class is to be mapped to io.vividcode.happyride.addressservice.api.AddressVO\n[2e1bf7e7-ca44-47da-9c1d-cc11d7728757/build]   | [INFO] Schema unaliasing of Address omitted because aliased class is to be mapped to io.vividcode.happyride.addressservice.api.AddressVO\n[2e1bf7e7-ca44-47da-9c1d-cc11d7728757/build]   | [INFO] Schema unaliasing of Address omitted because aliased class is to be mapped to io.vividcode.happyride.addressservice.api.AddressVO\n[2e1bf7e7-ca44-47da-9c1d-cc11d7728757/build]   | [INFO] Schema unaliasing of Address omitted because aliased class is to be mapped to io.vividcode.happyride.addressservice.api.AddressVO\n[2e1bf7e7-ca44-47da-9c1d-cc11d7728757/build]   | [INFO] Schema unaliasing of Address omitted because aliased class is to be mapped to io.vividcode.happyride.addressservice.api.AddressVO\n[2e1bf7e7-ca44-47da-9c1d-cc11d7728757/build]   | [INFO] Schema unaliasing of Address omitted because aliased class is to be mapped to io.vividcode.happyride.addressservice.api.AddressVO\n[2e1bf7e7-ca44-47da-9c1d-cc11d7728757/build]   | [INFO] Schema unaliasing of Address omitted because aliased class is to be mapped to io.vividcode.happyride.addressservice.api.AddressVO\n[2e1bf7e7-ca44-47da-9c1d-cc11d7728757/build]   | [INFO] Schema unaliasing of Address omitted because aliased class is to be mapped to io.vividcode.happyride.addressservice.api.AddressVO\n[2e1bf7e7-ca44-47da-9c1d-cc11d7728757/build]   | [INFO] Schema unaliasing of Address omitted because aliased class is to be mapped to io.vividcode.happyride.addressservice.api.AddressVO\n[2e1bf7e7-ca44-47da-9c1d-cc11d7728757/build]   | [INFO] Schema unaliasing of Address omitted because aliased class is to be mapped to io.vividcode.happyride.addressservice.api.AddressVO\n[2e1bf7e7-ca44-47da-9c1d-cc11d7728757/build]   | [INFO] Schema unaliasing of Address omitted because aliased class is to be mapped to io.vividcode.happyride.addressservice.api.AddressVO\n[2e1bf7e7-ca44-47da-9c1d-cc11d7728757/build]   | [INFO] Schema unaliasing of Address omitted because aliased class is to be mapped to io.vividcode.happyride.addressservice.api.AddressVO\n[2e1bf7e7-ca44-47da-9c1d-cc11d7728757/build]   | [INFO] Schema unaliasing of Address omitted because aliased class is to be mapped to io.vividcode.happyride.addressservice.api.AddressVO\n[2e1bf7e7-ca44-47da-9c1d-cc11d7728757/build]   | [INFO] Schema unaliasing of Address omitted because aliased class is to be mapped to io.vividcode.happyride.addressservice.api.AddressVO\n[2e1bf7e7-ca44-47da-9c1d-cc11d7728757/build]   | [INFO] Schema unaliasing of Address omitted because aliased class is to be mapped to io.vividcode.happyride.addressservice.api.AddressVO\n[2e1bf7e7-ca44-47da-9c1d-cc11d7728757/build]   | [INFO] Schema unaliasing of Address omitted because aliased class is to be mapped to io.vividcode.happyride.addressservice.api.AddressVO\n[2e1bf7e7-ca44-47da-9c1d-cc11d7728757/build]   | [INFO] Schema unaliasing of Address omitted because aliased class is to be mapped to io.vividcode.happyride.addressservice.api.AddressVO\n[2e1bf7e7-ca44-47da-9c1d-cc11d7728757/build]   | [INFO] Schema unaliasing of Address omitted because aliased class is to be mapped to io.vividcode.happyride.addressservice.api.AddressVO\n[2e1bf7e7-ca44-47da-9c1d-cc11d7728757/build]   | [INFO] Schema unaliasing of Address omitted because aliased class is to be mapped to io.vividcode.happyride.addressservice.api.AddressVO\n[2e1bf7e7-ca44-47da-9c1d-cc11d7728757/build]   | [INFO] Schema unaliasing of Address omitted because aliased class is to be mapped to io.vividcode.happyride.addressservice.api.AddressVO\n[2e1bf7e7-ca44-47da-9c1d-cc11d7728757/build]   | [INFO] Schema unaliasing of Address omitted because aliased class is to be mapped to io.vividcode.happyride.addressservice.api.AddressVO\n[2e1bf7e7-ca44-47da-9c1d-cc11d7728757/build]   | [INFO] Schema unaliasing of Address omitted because aliased class is to be mapped to io.vividcode.happyride.addressservice.api.AddressVO\n[2e1bf7e7-ca44-47da-9c1d-cc11d7728757/build]   | [INFO] Schema unaliasing of Address omitted because aliased class is to be mapped to io.vividcode.happyride.addressservice.api.AddressVO\n[2e1bf7e7-ca44-47da-9c1d-cc11d7728757/build]   | [INFO] Schema unaliasing of Address omitted because aliased class is to be mapped to io.vividcode.happyride.addressservice.api.AddressVO\n[2e1bf7e7-ca44-47da-9c1d-cc11d7728757/build]   | [INFO] Schema unaliasing of Address omitted because aliased class is to be mapped to io.vividcode.happyride.addressservice.api.AddressVO\n[2e1bf7e7-ca44-47da-9c1d-cc11d7728757/build]   | [INFO] Schema unaliasing of Address omitted because aliased class is to be mapped to io.vividcode.happyride.addressservice.api.AddressVO\n[2e1bf7e7-ca44-47da-9c1d-cc11d7728757/build]   | [INFO] Schema unaliasing of Address omitted because aliased class is to be mapped to io.vividcode.happyride.addressservice.api.AddressVO\n[2e1bf7e7-ca44-47da-9c1d-cc11d7728757/build]   | [INFO] Schema unaliasing of Address omitted because aliased class is to be mapped to io.vividcode.happyride.addressservice.api.AddressVO\n[2e1bf7e7-ca44-47da-9c1d-cc11d7728757/build]   | [INFO] Schema unaliasing of Address omitted because aliased class is to be mapped to io.vividcode.happyride.addressservice.api.AddressVO\n[2e1bf7e7-ca44-47da-9c1d-cc11d7728757/build]   | [INFO] Schema unaliasing of Address omitted because aliased class is to be mapped to io.vividcode.happyride.addressservice.api.AddressVO\n[2e1bf7e7-ca44-47da-9c1d-cc11d7728757/build]   | [INFO] Schema unaliasing of Address omitted because aliased class is to be mapped to io.vividcode.happyride.addressservice.api.AddressVO\n[2e1bf7e7-ca44-47da-9c1d-cc11d7728757/build]   | [INFO] Schema unaliasing of Address omitted because aliased class is to be mapped to io.vividcode.happyride.addressservice.api.AddressVO\n[2e1bf7e7-ca44-47da-9c1d-cc11d7728757/build]   | [INFO] Schema unaliasing of Address omitted because aliased class is to be mapped to io.vividcode.happyride.addressservice.api.AddressVO\n[2e1bf7e7-ca44-47da-9c1d-cc11d7728757/build]   | [INFO] Schema unaliasing of Address omitted because aliased class is to be mapped to io.vividcode.happyride.addressservice.api.AddressVO\n[2e1bf7e7-ca44-47da-9c1d-cc11d7728757/build]   | [INFO] Schema unaliasing of Address omitted because aliased class is to be mapped to io.vividcode.happyride.addressservice.api.AddressVO\n[2e1bf7e7-ca44-47da-9c1d-cc11d7728757/build]   | [INFO] Schema unaliasing of Address omitted because aliased class is to be mapped to io.vividcode.happyride.addressservice.api.AddressVO\n[2e1bf7e7-ca44-47da-9c1d-cc11d7728757/build]   | [INFO] Schema unaliasing of Address omitted because aliased class is to be mapped to io.vividcode.happyride.addressservice.api.AddressVO\n[2e1bf7e7-ca44-47da-9c1d-cc11d7728757/build]   | [INFO] Schema unaliasing of Address omitted because aliased class is to be mapped to io.vividcode.happyride.addressservice.api.AddressVO\n[2e1bf7e7-ca44-47da-9c1d-cc11d7728757/build]   | [INFO] Schema unaliasing of Address omitted because aliased class is to be mapped to io.vividcode.happyride.addressservice.api.AddressVO\n[2e1bf7e7-ca44-47da-9c1d-cc11d7728757/build]   | [INFO] Schema unaliasing of Address omitted because aliased class is to be mapped to io.vividcode.happyride.addressservice.api.AddressVO\n[2e1bf7e7-ca44-47da-9c1d-cc11d7728757/build]   | [INFO] Schema unaliasing of Address omitted because aliased class is to be mapped to io.vividcode.happyride.addressservice.api.AddressVO\n[2e1bf7e7-ca44-47da-9c1d-cc11d7728757/build]   | [INFO] Schema unaliasing of Address omitted because aliased class is to be mapped to io.vividcode.happyride.addressservice.api.AddressVO\n[2e1bf7e7-ca44-47da-9c1d-cc11d7728757/build]   | [INFO] Schema unaliasing of Address omitted because aliased class is to be mapped to io.vividcode.happyride.addressservice.api.AddressVO\n[2e1bf7e7-ca44-47da-9c1d-cc11d7728757/build]   | [INFO] Schema unaliasing of Address omitted because aliased class is to be mapped to io.vividcode.happyride.addressservice.api.AddressVO\n[2e1bf7e7-ca44-47da-9c1d-cc11d7728757/build]   | [INFO] Schema unaliasing of Address omitted because aliased class is to be mapped to io.vividcode.happyride.addressservice.api.AddressVO\n[2e1bf7e7-ca44-47da-9c1d-cc11d7728757/build]   | [INFO] Schema unaliasing of Area omitted because aliased class is to be mapped to io.vividcode.happyride.addressservice.api.AreaVO\n[2e1bf7e7-ca44-47da-9c1d-cc11d7728757/build]   | [INFO] Schema unaliasing of Area omitted because aliased class is to be mapped to io.vividcode.happyride.addressservice.api.AreaVO\n[2e1bf7e7-ca44-47da-9c1d-cc11d7728757/build]   | [INFO] Schema unaliasing of Area omitted because aliased class is to be mapped to io.vividcode.happyride.addressservice.api.AreaVO\n[2e1bf7e7-ca44-47da-9c1d-cc11d7728757/build]   | [INFO] Schema unaliasing of Area omitted because aliased class is to be mapped to io.vividcode.happyride.addressservice.api.AreaVO\n[2e1bf7e7-ca44-47da-9c1d-cc11d7728757/build]   | [INFO] Schema unaliasing of Area omitted because aliased class is to be mapped to io.vividcode.happyride.addressservice.api.AreaVO\n[2e1bf7e7-ca44-47da-9c1d-cc11d7728757/build]   | [INFO] Schema unaliasing of Area omitted because aliased class is to be mapped to io.vividcode.happyride.addressservice.api.AreaVO\n[2e1bf7e7-ca44-47da-9c1d-cc11d7728757/build]   | [INFO] Schema unaliasing of Area omitted because aliased class is to be mapped to io.vividcode.happyride.addressservice.api.AreaVO\n[2e1bf7e7-ca44-47da-9c1d-cc11d7728757/build]   | [INFO] Schema unaliasing of Area omitted because aliased class is to be mapped to io.vividcode.happyride.addressservice.api.AreaVO\n[2e1bf7e7-ca44-47da-9c1d-cc11d7728757/build]   | [INFO] Schema unaliasing of Area omitted because aliased class is to be mapped to io.vividcode.happyride.addressservice.api.AreaVO\n[2e1bf7e7-ca44-47da-9c1d-cc11d7728757/build]   | [INFO] Schema unaliasing of Area omitted because aliased class is to be mapped to io.vividcode.happyride.addressservice.api.AreaVO\n[2e1bf7e7-ca44-47da-9c1d-cc11d7728757/build]   | [INFO] Schema unaliasing of Area omitted because aliased class is to be mapped to io.vividcode.happyride.addressservice.api.AreaVO\n[2e1bf7e7-ca44-47da-9c1d-cc11d7728757/build]   | [INFO] Schema unaliasing of Area omitted because aliased class is to be mapped to io.vividcode.happyride.addressservice.api.AreaVO\n[2e1bf7e7-ca44-47da-9c1d-cc11d7728757/build]   | [INFO] writing file /tmp/3d783ea4-1661-11ee-8a50-bb14de238602/alexcheng1982-happyride/happyride/api-client/address-service-client/target/generated-sources/openapi/src/main/java/io/vividcode/happyride/addressservice/client/api/AddressApi.java\n[2e1bf7e7-ca44-47da-9c1d-cc11d7728757/build]   | [INFO] writing file /tmp/3d783ea4-1661-11ee-8a50-bb14de238602/alexcheng1982-happyride/happyride/api-client/address-service-client/target/generated-sources/openapi/pom.xml\n[2e1bf7e7-ca44-47da-9c1d-cc11d7728757/build]   | [INFO] writing file /tmp/3d783ea4-1661-11ee-8a50-bb14de238602/alexcheng1982-happyride/happyride/api-client/address-service-client/target/generated-sources/openapi/README.md\n[2e1bf7e7-ca44-47da-9c1d-cc11d7728757/build]   | [INFO] writing file /tmp/3d783ea4-1661-11ee-8a50-bb14de238602/alexcheng1982-happyride/happyride/api-client/address-service-client/target/generated-sources/openapi/build.gradle\n[2e1bf7e7-ca44-47da-9c1d-cc11d7728757/build]   | [INFO] writing file /tmp/3d783ea4-1661-11ee-8a50-bb14de238602/alexcheng1982-happyride/happyride/api-client/address-service-client/target/generated-sources/openapi/build.sbt\n[2e1bf7e7-ca44-47da-9c1d-cc11d7728757/build]   | [INFO] writing file /tmp/3d783ea4-1661-11ee-8a50-bb14de238602/alexcheng1982-happyride/happyride/api-client/address-service-client/target/generated-sources/openapi/settings.gradle\n[2e1bf7e7-ca44-47da-9c1d-cc11d7728757/build]   | [INFO] writing file /tmp/3d783ea4-1661-11ee-8a50-bb14de238602/alexcheng1982-happyride/happyride/api-client/address-service-client/target/generated-sources/openapi/gradle.properties\n[2e1bf7e7-ca44-47da-9c1d-cc11d7728757/build]   | [INFO] writing file /tmp/3d783ea4-1661-11ee-8a50-bb14de238602/alexcheng1982-happyride/happyride/api-client/address-service-client/target/generated-sources/openapi/src/main/AndroidManifest.xml\n[2e1bf7e7-ca44-47da-9c1d-cc11d7728757/build]   | [INFO] writing file /tmp/3d783ea4-1661-11ee-8a50-bb14de238602/alexcheng1982-happyride/happyride/api-client/address-service-client/target/generated-sources/openapi/.travis.yml\n[2e1bf7e7-ca44-47da-9c1d-cc11d7728757/build]   | [INFO] writing file /tmp/3d783ea4-1661-11ee-8a50-bb14de238602/alexcheng1982-happyride/happyride/api-client/address-service-client/target/generated-sources/openapi/src/main/java/io/vividcode/happyride/addressservice/client/ApiClient.java\n[2e1bf7e7-ca44-47da-9c1d-cc11d7728757/build]   | [INFO] writing file /tmp/3d783ea4-1661-11ee-8a50-bb14de238602/alexcheng1982-happyride/happyride/api-client/address-service-client/target/generated-sources/openapi/src/main/java/io/vividcode/happyride/addressservice/client/ServerConfiguration.java\n[2e1bf7e7-ca44-47da-9c1d-cc11d7728757/build]   | [INFO] writing file /tmp/3d783ea4-1661-11ee-8a50-bb14de238602/alexcheng1982-happyride/happyride/api-client/address-service-client/target/generated-sources/openapi/src/main/java/io/vividcode/happyride/addressservice/client/ServerVariable.java\n[2e1bf7e7-ca44-47da-9c1d-cc11d7728757/build]   | [INFO] writing file /tmp/3d783ea4-1661-11ee-8a50-bb14de238602/alexcheng1982-happyride/happyride/api-client/address-service-client/target/generated-sources/openapi/api/openapi.yaml\n[2e1bf7e7-ca44-47da-9c1d-cc11d7728757/build]   | [INFO] writing file /tmp/3d783ea4-1661-11ee-8a50-bb14de238602/alexcheng1982-happyride/happyride/api-client/address-service-client/target/generated-sources/openapi/src/main/java/io/vividcode/happyride/addressservice/client/StringUtil.java\n[2e1bf7e7-ca44-47da-9c1d-cc11d7728757/build]   | [INFO] writing file /tmp/3d783ea4-1661-11ee-8a50-bb14de238602/alexcheng1982-happyride/happyride/api-client/address-service-client/target/generated-sources/openapi/src/main/java/io/vividcode/happyride/addressservice/client/auth/HttpBasicAuth.java\n[2e1bf7e7-ca44-47da-9c1d-cc11d7728757/build]   | [INFO] writing file /tmp/3d783ea4-1661-11ee-8a50-bb14de238602/alexcheng1982-happyride/happyride/api-client/address-service-client/target/generated-sources/openapi/src/main/java/io/vividcode/happyride/addressservice/client/auth/HttpBearerAuth.java\n[2e1bf7e7-ca44-47da-9c1d-cc11d7728757/build]   | [INFO] writing file /tmp/3d783ea4-1661-11ee-8a50-bb14de238602/alexcheng1982-happyride/happyride/api-client/address-service-client/target/generated-sources/openapi/src/main/java/io/vividcode/happyride/addressservice/client/auth/ApiKeyAuth.java\n[2e1bf7e7-ca44-47da-9c1d-cc11d7728757/build]   | [INFO] writing file /tmp/3d783ea4-1661-11ee-8a50-bb14de238602/alexcheng1982-happyride/happyride/api-client/address-service-client/target/generated-sources/openapi/gradlew\n[2e1bf7e7-ca44-47da-9c1d-cc11d7728757/build]   | [INFO] writing file /tmp/3d783ea4-1661-11ee-8a50-bb14de238602/alexcheng1982-happyride/happyride/api-client/address-service-client/target/generated-sources/openapi/gradlew.bat\n[2e1bf7e7-ca44-47da-9c1d-cc11d7728757/build]   | [INFO] writing file /tmp/3d783ea4-1661-11ee-8a50-bb14de238602/alexcheng1982-happyride/happyride/api-client/address-service-client/target/generated-sources/openapi/gradle/wrapper/gradle-wrapper.properties\n[2e1bf7e7-ca44-47da-9c1d-cc11d7728757/build]   | [INFO] writing file /tmp/3d783ea4-1661-11ee-8a50-bb14de238602/alexcheng1982-happyride/happyride/api-client/address-service-client/target/generated-sources/openapi/gradle/wrapper/gradle-wrapper.jar\n[2e1bf7e7-ca44-47da-9c1d-cc11d7728757/build]   | [INFO] writing file /tmp/3d783ea4-1661-11ee-8a50-bb14de238602/alexcheng1982-happyride/happyride/api-client/address-service-client/target/generated-sources/openapi/git_push.sh\n[2e1bf7e7-ca44-47da-9c1d-cc11d7728757/build]   | [INFO] writing file /tmp/3d783ea4-1661-11ee-8a50-bb14de238602/alexcheng1982-happyride/happyride/api-client/address-service-client/target/generated-sources/openapi/.gitignore\n[2e1bf7e7-ca44-47da-9c1d-cc11d7728757/build]   | [INFO] writing file /tmp/3d783ea4-1661-11ee-8a50-bb14de238602/alexcheng1982-happyride/happyride/api-client/address-service-client/target/generated-sources/openapi/src/main/java/io/vividcode/happyride/addressservice/client/ApiException.java\n[2e1bf7e7-ca44-47da-9c1d-cc11d7728757/build]   | [INFO] writing file /tmp/3d783ea4-1661-11ee-8a50-bb14de238602/alexcheng1982-happyride/happyride/api-client/address-service-client/target/generated-sources/openapi/src/main/java/io/vividcode/happyride/addressservice/client/Configuration.java\n[2e1bf7e7-ca44-47da-9c1d-cc11d7728757/build]   | [INFO] writing file /tmp/3d783ea4-1661-11ee-8a50-bb14de238602/alexcheng1982-happyride/happyride/api-client/address-service-client/target/generated-sources/openapi/src/main/java/io/vividcode/happyride/addressservice/client/Pair.java\n[2e1bf7e7-ca44-47da-9c1d-cc11d7728757/build]   | [INFO] writing file /tmp/3d783ea4-1661-11ee-8a50-bb14de238602/alexcheng1982-happyride/happyride/api-client/address-service-client/target/generated-sources/openapi/src/main/java/io/vividcode/happyride/addressservice/client/auth/Authentication.java\n[2e1bf7e7-ca44-47da-9c1d-cc11d7728757/build]   | [INFO] writing file /tmp/3d783ea4-1661-11ee-8a50-bb14de238602/alexcheng1982-happyride/happyride/api-client/address-service-client/target/generated-sources/openapi/src/main/java/io/vividcode/happyride/addressservice/client/ApiCallback.java\n[2e1bf7e7-ca44-47da-9c1d-cc11d7728757/build]   | [INFO] writing file /tmp/3d783ea4-1661-11ee-8a50-bb14de238602/alexcheng1982-happyride/happyride/api-client/address-service-client/target/generated-sources/openapi/src/main/java/io/vividcode/happyride/addressservice/client/ApiResponse.java\n[2e1bf7e7-ca44-47da-9c1d-cc11d7728757/build]   | [INFO] writing file /tmp/3d783ea4-1661-11ee-8a50-bb14de238602/alexcheng1982-happyride/happyride/api-client/address-service-client/target/generated-sources/openapi/src/main/java/io/vividcode/happyride/addressservice/client/JSON.java\n[2e1bf7e7-ca44-47da-9c1d-cc11d7728757/build]   | [INFO] writing file /tmp/3d783ea4-1661-11ee-8a50-bb14de238602/alexcheng1982-happyride/happyride/api-client/address-service-client/target/generated-sources/openapi/src/main/java/io/vividcode/happyride/addressservice/client/ProgressRequestBody.java\n[2e1bf7e7-ca44-47da-9c1d-cc11d7728757/build]   | [INFO] writing file /tmp/3d783ea4-1661-11ee-8a50-bb14de238602/alexcheng1982-happyride/happyride/api-client/address-service-client/target/generated-sources/openapi/src/main/java/io/vividcode/happyride/addressservice/client/ProgressResponseBody.java\n[2e1bf7e7-ca44-47da-9c1d-cc11d7728757/build]   | [INFO] writing file /tmp/3d783ea4-1661-11ee-8a50-bb14de238602/alexcheng1982-happyride/happyride/api-client/address-service-client/target/generated-sources/openapi/src/main/java/io/vividcode/happyride/addressservice/client/GzipRequestInterceptor.java\n[2e1bf7e7-ca44-47da-9c1d-cc11d7728757/build]   | [INFO] writing file /tmp/3d783ea4-1661-11ee-8a50-bb14de238602/alexcheng1982-happyride/happyride/api-client/address-service-client/target/generated-sources/openapi/.openapi-generator-ignore\n[2e1bf7e7-ca44-47da-9c1d-cc11d7728757/build]   | [INFO] writing file /tmp/3d783ea4-1661-11ee-8a50-bb14de238602/alexcheng1982-happyride/happyride/api-client/address-service-client/target/generated-sources/openapi/.openapi-generator/VERSION\n[2e1bf7e7-ca44-47da-9c1d-cc11d7728757/build]   | [INFO] \n[2e1bf7e7-ca44-47da-9c1d-cc11d7728757/build]   | [INFO] --- maven-resources-plugin:3.3.0:resources (default-resources) @ address-service-client ---\n[2e1bf7e7-ca44-47da-9c1d-cc11d7728757/build]   | [INFO] Copying 0 resource\n[2e1bf7e7-ca44-47da-9c1d-cc11d7728757/build]   | [INFO] Copying 1 resource\n[2e1bf7e7-ca44-47da-9c1d-cc11d7728757/build]   | [INFO] \n[2e1bf7e7-ca44-47da-9c1d-cc11d7728757/build]   | [INFO] --- maven-compiler-plugin:3.10.1:compile (default-compile) @ address-service-client ---\n[2e1bf7e7-ca44-47da-9c1d-cc11d7728757/build]   | [INFO] Changes detected - recompiling the module!\n[2e1bf7e7-ca44-47da-9c1d-cc11d7728757/build]   | [INFO] Compiling 18 source files to /tmp/3d783ea4-1661-11ee-8a50-bb14de238602/alexcheng1982-happyride/happyride/api-client/address-service-client/target/classes\n[2e1bf7e7-ca44-47da-9c1d-cc11d7728757/build]   | [INFO] /tmp/3d783ea4-1661-11ee-8a50-bb14de238602/alexcheng1982-happyride/happyride/api-client/address-service-client/target/generated-sources/openapi/src/main/java/io/vividcode/happyride/addressservice/client/ApiClient.java: /tmp/3d783ea4-1661-11ee-8a50-bb14de238602/alexcheng1982-happyride/happyride/api-client/address-service-client/target/generated-sources/openapi/src/main/java/io/vividcode/happyride/addressservice/client/ApiClient.java uses or overrides a deprecated API.\n[2e1bf7e7-ca44-47da-9c1d-cc11d7728757/build]   | [INFO] /tmp/3d783ea4-1661-11ee-8a50-bb14de238602/alexcheng1982-happyride/happyride/api-client/address-service-client/target/generated-sources/openapi/src/main/java/io/vividcode/happyride/addressservice/client/ApiClient.java: Recompile with -Xlint:deprecation for details.\n[2e1bf7e7-ca44-47da-9c1d-cc11d7728757/build]   | [INFO] \n[2e1bf7e7-ca44-47da-9c1d-cc11d7728757/build]   | [INFO] --- maven-resources-plugin:3.3.0:testResources (default-testResources) @ address-service-client ---\n[2e1bf7e7-ca44-47da-9c1d-cc11d7728757/build]   | [INFO] skip non existing resourceDirectory /tmp/3d783ea4-1661-11ee-8a50-bb14de238602/alexcheng1982-happyride/happyride/api-client/address-service-client/src/test/resources\n[2e1bf7e7-ca44-47da-9c1d-cc11d7728757/build]   | [INFO] \n[2e1bf7e7-ca44-47da-9c1d-cc11d7728757/build]   | [INFO] --- maven-compiler-plugin:3.10.1:testCompile (default-testCompile) @ address-service-client ---\n[2e1bf7e7-ca44-47da-9c1d-cc11d7728757/build]   | [INFO] No sources to compile\n[2e1bf7e7-ca44-47da-9c1d-cc11d7728757/build]   | [INFO] \n[2e1bf7e7-ca44-47da-9c1d-cc11d7728757/build]   | [INFO] --- maven-surefire-plugin:2.22.2:test (default-test) @ address-service-client ---\n[2e1bf7e7-ca44-47da-9c1d-cc11d7728757/build]   | [INFO] No tests to run.\n[2e1bf7e7-ca44-47da-9c1d-cc11d7728757/build]   | [INFO] \n[2e1bf7e7-ca44-47da-9c1d-cc11d7728757/build]   | [INFO] --- maven-jar-plugin:3.3.0:jar (default-jar) @ address-service-client ---\n[2e1bf7e7-ca44-47da-9c1d-cc11d7728757/build]   | [INFO] Building jar: /tmp/3d783ea4-1661-11ee-8a50-bb14de238602/alexcheng1982-happyride/happyride/api-client/address-service-client/target/address-service-client-3.0.0-SNAPSHOT.jar\n[2e1bf7e7-ca44-47da-9c1d-cc11d7728757/build]   | [INFO] \n[2e1bf7e7-ca44-47da-9c1d-cc11d7728757/build]   | [INFO] ----------< io.vividcode.happyride:passenger-service-client >-----------\n[2e1bf7e7-ca44-47da-9c1d-cc11d7728757/build]   | [INFO] Building API Client :: Passenger Service 3.0.0-SNAPSHOT          [14/26]\n[2e1bf7e7-ca44-47da-9c1d-cc11d7728757/build]   | [INFO] --------------------------------[ jar ]---------------------------------\n[2e1bf7e7-ca44-47da-9c1d-cc11d7728757/build]   | [INFO] \n[2e1bf7e7-ca44-47da-9c1d-cc11d7728757/build]   | [INFO] --- openapi-generator-maven-plugin:4.3.1:generate (default) @ passenger-service-client ---\n[2e1bf7e7-ca44-47da-9c1d-cc11d7728757/build]   | [WARNING] Output directory does not exist, or is inaccessible. No file (.openapi-generator-ignore) will be evaluated.\n[2e1bf7e7-ca44-47da-9c1d-cc11d7728757/build]   | [INFO] OpenAPI Generator: java (client)\n[2e1bf7e7-ca44-47da-9c1d-cc11d7728757/build]   | [INFO] Generator 'java' is considered stable.\n[2e1bf7e7-ca44-47da-9c1d-cc11d7728757/build]   | [INFO] Environment variable JAVA_POST_PROCESS_FILE not defined so the Java code may not be properly formatted. To define it, try 'export JAVA_POST_PROCESS_FILE=\"/usr/local/bin/clang-format -i\"' (Linux/Mac)\n[2e1bf7e7-ca44-47da-9c1d-cc11d7728757/build]   | [INFO] NOTE: To enable file post-processing, 'enablePostProcessFile' must be set to `true` (--enable-post-process-file for CLI).\n[2e1bf7e7-ca44-47da-9c1d-cc11d7728757/build]   | [INFO] Invoker Package Name, originally not set, is now derived from api package name: io.vividcode.happyride.passengerservice.client\n[2e1bf7e7-ca44-47da-9c1d-cc11d7728757/build]   | [INFO] Processing operation listPassengers\n[2e1bf7e7-ca44-47da-9c1d-cc11d7728757/build]   | [INFO] Processing operation createPassenger\n[2e1bf7e7-ca44-47da-9c1d-cc11d7728757/build]   | [INFO] Processing operation getPassenger\n[2e1bf7e7-ca44-47da-9c1d-cc11d7728757/build]   | [INFO] Processing operation createAddress\n[2e1bf7e7-ca44-47da-9c1d-cc11d7728757/build]   | [INFO] Processing operation deleteAddress\n[2e1bf7e7-ca44-47da-9c1d-cc11d7728757/build]   | [INFO] Skipping generation of models.\n[2e1bf7e7-ca44-47da-9c1d-cc11d7728757/build]   | [INFO] Schema unaliasing of PassengerVO omitted because aliased class is to be mapped to io.vividcode.happyride.passengerservice.api.web.PassengerVO\n[2e1bf7e7-ca44-47da-9c1d-cc11d7728757/build]   | [INFO] Schema unaliasing of PassengerVO omitted because aliased class is to be mapped to io.vividcode.happyride.passengerservice.api.web.PassengerVO\n[2e1bf7e7-ca44-47da-9c1d-cc11d7728757/build]   | [INFO] Schema unaliasing of PassengerVO omitted because aliased class is to be mapped to io.vividcode.happyride.passengerservice.api.web.PassengerVO\n[2e1bf7e7-ca44-47da-9c1d-cc11d7728757/build]   | [INFO] Schema unaliasing of PassengerVO omitted because aliased class is to be mapped to io.vividcode.happyride.passengerservice.api.web.PassengerVO\n[2e1bf7e7-ca44-47da-9c1d-cc11d7728757/build]   | [INFO] Schema unaliasing of PassengerVO omitted because aliased class is to be mapped to io.vividcode.happyride.passengerservice.api.web.PassengerVO\n[2e1bf7e7-ca44-47da-9c1d-cc11d7728757/build]   | [INFO] Schema unaliasing of PassengerVO omitted because aliased class is to be mapped to io.vividcode.happyride.passengerservice.api.web.PassengerVO\n[2e1bf7e7-ca44-47da-9c1d-cc11d7728757/build]   | [INFO] Schema unaliasing of PassengerVO omitted because aliased class is to be mapped to io.vividcode.happyride.passengerservice.api.web.PassengerVO\n[2e1bf7e7-ca44-47da-9c1d-cc11d7728757/build]   | [INFO] Schema unaliasing of PassengerVO omitted because aliased class is to be mapped to io.vividcode.happyride.passengerservice.api.web.PassengerVO\n[2e1bf7e7-ca44-47da-9c1d-cc11d7728757/build]   | [INFO] Schema unaliasing of PassengerVO omitted because aliased class is to be mapped to io.vividcode.happyride.passengerservice.api.web.PassengerVO\n[2e1bf7e7-ca44-47da-9c1d-cc11d7728757/build]   | [INFO] Schema unaliasing of PassengerVO omitted because aliased class is to be mapped to io.vividcode.happyride.passengerservice.api.web.PassengerVO\n[2e1bf7e7-ca44-47da-9c1d-cc11d7728757/build]   | [INFO] Schema unaliasing of PassengerVO omitted because aliased class is to be mapped to io.vividcode.happyride.passengerservice.api.web.PassengerVO\n[2e1bf7e7-ca44-47da-9c1d-cc11d7728757/build]   | [INFO] Schema unaliasing of PassengerVO omitted because aliased class is to be mapped to io.vividcode.happyride.passengerservice.api.web.PassengerVO\n[2e1bf7e7-ca44-47da-9c1d-cc11d7728757/build]   | [INFO] Schema unaliasing of PassengerVO omitted because aliased class is to be mapped to io.vividcode.happyride.passengerservice.api.web.PassengerVO\n[2e1bf7e7-ca44-47da-9c1d-cc11d7728757/build]   | [INFO] Schema unaliasing of PassengerVO omitted because aliased class is to be mapped to io.vividcode.happyride.passengerservice.api.web.PassengerVO\n[2e1bf7e7-ca44-47da-9c1d-cc11d7728757/build]   | [INFO] Schema unaliasing of PassengerVO omitted because aliased class is to be mapped to io.vividcode.happyride.passengerservice.api.web.PassengerVO\n[2e1bf7e7-ca44-47da-9c1d-cc11d7728757/build]   | [INFO] Schema unaliasing of PassengerVO omitted because aliased class is to be mapped to io.vividcode.happyride.passengerservice.api.web.PassengerVO\n[2e1bf7e7-ca44-47da-9c1d-cc11d7728757/build]   | [INFO] Schema unaliasing of PassengerVO omitted because aliased class is to be mapped to io.vividcode.happyride.passengerservice.api.web.PassengerVO\n[2e1bf7e7-ca44-47da-9c1d-cc11d7728757/build]   | [INFO] Schema unaliasing of PassengerVO omitted because aliased class is to be mapped to io.vividcode.happyride.passengerservice.api.web.PassengerVO\n[2e1bf7e7-ca44-47da-9c1d-cc11d7728757/build]   | [INFO] Schema unaliasing of PassengerVO omitted because aliased class is to be mapped to io.vividcode.happyride.passengerservice.api.web.PassengerVO\n[2e1bf7e7-ca44-47da-9c1d-cc11d7728757/build]   | [INFO] Schema unaliasing of PassengerVO omitted because aliased class is to be mapped to io.vividcode.happyride.passengerservice.api.web.PassengerVO\n[2e1bf7e7-ca44-47da-9c1d-cc11d7728757/build]   | [INFO] Schema unaliasing of PassengerVO omitted because aliased class is to be mapped to io.vividcode.happyride.passengerservice.api.web.PassengerVO\n[2e1bf7e7-ca44-47da-9c1d-cc11d7728757/build]   | [INFO] Schema unaliasing of PassengerVO omitted because aliased class is to be mapped to io.vividcode.happyride.passengerservice.api.web.PassengerVO\n[2e1bf7e7-ca44-47da-9c1d-cc11d7728757/build]   | [INFO] Schema unaliasing of PassengerVO omitted because aliased class is to be mapped to io.vividcode.happyride.passengerservice.api.web.PassengerVO\n[2e1bf7e7-ca44-47da-9c1d-cc11d7728757/build]   | [INFO] Schema unaliasing of PassengerVO omitted because aliased class is to be mapped to io.vividcode.happyride.passengerservice.api.web.PassengerVO\n[2e1bf7e7-ca44-47da-9c1d-cc11d7728757/build]   | [INFO] Schema unaliasing of PassengerVO omitted because aliased class is to be mapped to io.vividcode.happyride.passengerservice.api.web.PassengerVO\n[2e1bf7e7-ca44-47da-9c1d-cc11d7728757/build]   | [INFO] Schema unaliasing of PassengerVO omitted because aliased class is to be mapped to io.vividcode.happyride.passengerservice.api.web.PassengerVO\n[2e1bf7e7-ca44-47da-9c1d-cc11d7728757/build]   | [INFO] Schema unaliasing of PassengerVO omitted because aliased class is to be mapped to io.vividcode.happyride.passengerservice.api.web.PassengerVO\n[2e1bf7e7-ca44-47da-9c1d-cc11d7728757/build]   | [INFO] Schema unaliasing of PassengerVO omitted because aliased class is to be mapped to io.vividcode.happyride.passengerservice.api.web.PassengerVO\n[2e1bf7e7-ca44-47da-9c1d-cc11d7728757/build]   | [INFO] Schema unaliasing of PassengerVO omitted because aliased class is to be mapped to io.vividcode.happyride.passengerservice.api.web.PassengerVO\n[2e1bf7e7-ca44-47da-9c1d-cc11d7728757/build]   | [INFO] Schema unaliasing of CreateUserAddressRequest omitted because aliased class is to be mapped to io.vividcode.happyride.passengerservice.api.web.CreateUserAddressRequest\n[2e1bf7e7-ca44-47da-9c1d-cc11d7728757/build]   | [INFO] Schema unaliasing of CreateUserAddressRequest omitted because aliased class is to be mapped to io.vividcode.happyride.passengerservice.api.web.CreateUserAddressRequest\n[2e1bf7e7-ca44-47da-9c1d-cc11d7728757/build]   | [INFO] Schema unaliasing of CreateUserAddressRequest omitted because aliased class is to be mapped to io.vividcode.happyride.passengerservice.api.web.CreateUserAddressRequest\n[2e1bf7e7-ca44-47da-9c1d-cc11d7728757/build]   | [INFO] Schema unaliasing of CreateUserAddressRequest omitted because aliased class is to be mapped to io.vividcode.happyride.passengerservice.api.web.CreateUserAddressRequest\n[2e1bf7e7-ca44-47da-9c1d-cc11d7728757/build]   | [INFO] Schema unaliasing of CreateUserAddressRequest omitted because aliased class is to be mapped to io.vividcode.happyride.passengerservice.api.web.CreateUserAddressRequest\n[2e1bf7e7-ca44-47da-9c1d-cc11d7728757/build]   | [INFO] Schema unaliasing of CreateUserAddressRequest omitted because aliased class is to be mapped to io.vividcode.happyride.passengerservice.api.web.CreateUserAddressRequest\n[2e1bf7e7-ca44-47da-9c1d-cc11d7728757/build]   | [INFO] Schema unaliasing of CreateUserAddressRequest omitted because aliased class is to be mapped to io.vividcode.happyride.passengerservice.api.web.CreateUserAddressRequest\n[2e1bf7e7-ca44-47da-9c1d-cc11d7728757/build]   | [INFO] Schema unaliasing of CreateUserAddressRequest omitted because aliased class is to be mapped to io.vividcode.happyride.passengerservice.api.web.CreateUserAddressRequest\n[2e1bf7e7-ca44-47da-9c1d-cc11d7728757/build]   | [INFO] Schema unaliasing of CreateUserAddressRequest omitted because aliased class is to be mapped to io.vividcode.happyride.passengerservice.api.web.CreateUserAddressRequest\n[2e1bf7e7-ca44-47da-9c1d-cc11d7728757/build]   | [INFO] Schema unaliasing of PassengerVO omitted because aliased class is to be mapped to io.vividcode.happyride.passengerservice.api.web.PassengerVO\n[2e1bf7e7-ca44-47da-9c1d-cc11d7728757/build]   | [INFO] Schema unaliasing of PassengerVO omitted because aliased class is to be mapped to io.vividcode.happyride.passengerservice.api.web.PassengerVO\n[2e1bf7e7-ca44-47da-9c1d-cc11d7728757/build]   | [INFO] Schema unaliasing of PassengerVO omitted because aliased class is to be mapped to io.vividcode.happyride.passengerservice.api.web.PassengerVO\n[2e1bf7e7-ca44-47da-9c1d-cc11d7728757/build]   | [INFO] Schema unaliasing of PassengerVO omitted because aliased class is to be mapped to io.vividcode.happyride.passengerservice.api.web.PassengerVO\n[2e1bf7e7-ca44-47da-9c1d-cc11d7728757/build]   | [INFO] Schema unaliasing of PassengerVO omitted because aliased class is to be mapped to io.vividcode.happyride.passengerservice.api.web.PassengerVO\n[2e1bf7e7-ca44-47da-9c1d-cc11d7728757/build]   | [INFO] Schema unaliasing of PassengerVO omitted because aliased class is to be mapped to io.vividcode.happyride.passengerservice.api.web.PassengerVO\n[2e1bf7e7-ca44-47da-9c1d-cc11d7728757/build]   | [INFO] Schema unaliasing of PassengerVO omitted because aliased class is to be mapped to io.vividcode.happyride.passengerservice.api.web.PassengerVO\n[2e1bf7e7-ca44-47da-9c1d-cc11d7728757/build]   | [INFO] Schema unaliasing of PassengerVO omitted because aliased class is to be mapped to io.vividcode.happyride.passengerservice.api.web.PassengerVO\n[2e1bf7e7-ca44-47da-9c1d-cc11d7728757/build]   | [INFO] Schema unaliasing of PassengerVO omitted because aliased class is to be mapped to io.vividcode.happyride.passengerservice.api.web.PassengerVO\n[2e1bf7e7-ca44-47da-9c1d-cc11d7728757/build]   | [INFO] Schema unaliasing of PassengerVO omitted because aliased class is to be mapped to io.vividcode.happyride.passengerservice.api.web.PassengerVO\n[2e1bf7e7-ca44-47da-9c1d-cc11d7728757/build]   | [INFO] Schema unaliasing of PassengerVO omitted because aliased class is to be mapped to io.vividcode.happyride.passengerservice.api.web.PassengerVO\n[2e1bf7e7-ca44-47da-9c1d-cc11d7728757/build]   | [INFO] Schema unaliasing of PassengerVO omitted because aliased class is to be mapped to io.vividcode.happyride.passengerservice.api.web.PassengerVO\n[2e1bf7e7-ca44-47da-9c1d-cc11d7728757/build]   | [INFO] Schema unaliasing of PassengerVO omitted because aliased class is to be mapped to io.vividcode.happyride.passengerservice.api.web.PassengerVO\n[2e1bf7e7-ca44-47da-9c1d-cc11d7728757/build]   | [INFO] Schema unaliasing of PassengerVO omitted because aliased class is to be mapped to io.vividcode.happyride.passengerservice.api.web.PassengerVO\n[2e1bf7e7-ca44-47da-9c1d-cc11d7728757/build]   | [INFO] Schema unaliasing of PassengerVO omitted because aliased class is to be mapped to io.vividcode.happyride.passengerservice.api.web.PassengerVO\n[2e1bf7e7-ca44-47da-9c1d-cc11d7728757/build]   | [INFO] Schema unaliasing of PassengerVO omitted because aliased class is to be mapped to io.vividcode.happyride.passengerservice.api.web.PassengerVO\n[2e1bf7e7-ca44-47da-9c1d-cc11d7728757/build]   | [INFO] Schema unaliasing of PassengerVO omitted because aliased class is to be mapped to io.vividcode.happyride.passengerservice.api.web.PassengerVO\n[2e1bf7e7-ca44-47da-9c1d-cc11d7728757/build]   | [INFO] Schema unaliasing of PassengerVO omitted because aliased class is to be mapped to io.vividcode.happyride.passengerservice.api.web.PassengerVO\n[2e1bf7e7-ca44-47da-9c1d-cc11d7728757/build]   | [INFO] Schema unaliasing of PassengerVO omitted because aliased class is to be mapped to io.vividcode.happyride.passengerservice.api.web.PassengerVO\n[2e1bf7e7-ca44-47da-9c1d-cc11d7728757/build]   | [INFO] Schema unaliasing of PassengerVO omitted because aliased class is to be mapped to io.vividcode.happyride.passengerservice.api.web.PassengerVO\n[2e1bf7e7-ca44-47da-9c1d-cc11d7728757/build]   | [INFO] Schema unaliasing of PassengerVO omitted because aliased class is to be mapped to io.vividcode.happyride.passengerservice.api.web.PassengerVO\n[2e1bf7e7-ca44-47da-9c1d-cc11d7728757/build]   | [INFO] Schema unaliasing of PassengerVO omitted because aliased class is to be mapped to io.vividcode.happyride.passengerservice.api.web.PassengerVO\n[2e1bf7e7-ca44-47da-9c1d-cc11d7728757/build]   | [INFO] Schema unaliasing of PassengerVO omitted because aliased class is to be mapped to io.vividcode.happyride.passengerservice.api.web.PassengerVO\n[2e1bf7e7-ca44-47da-9c1d-cc11d7728757/build]   | [INFO] Schema unaliasing of PassengerVO omitted because aliased class is to be mapped to io.vividcode.happyride.passengerservice.api.web.PassengerVO\n[2e1bf7e7-ca44-47da-9c1d-cc11d7728757/build]   | [INFO] writing file /tmp/3d783ea4-1661-11ee-8a50-bb14de238602/alexcheng1982-happyride/happyride/api-client/passenger-service-client/target/generated-sources/openapi/src/main/java/io/vividcode/happyride/passengerservice/client/api/PassengerApi.java\n[2e1bf7e7-ca44-47da-9c1d-cc11d7728757/build]   | [INFO] writing file /tmp/3d783ea4-1661-11ee-8a50-bb14de238602/alexcheng1982-happyride/happyride/api-client/passenger-service-client/target/generated-sources/openapi/pom.xml\n[2e1bf7e7-ca44-47da-9c1d-cc11d7728757/build]   | [INFO] writing file /tmp/3d783ea4-1661-11ee-8a50-bb14de238602/alexcheng1982-happyride/happyride/api-client/passenger-service-client/target/generated-sources/openapi/README.md\n[2e1bf7e7-ca44-47da-9c1d-cc11d7728757/build]   | [INFO] writing file /tmp/3d783ea4-1661-11ee-8a50-bb14de238602/alexcheng1982-happyride/happyride/api-client/passenger-service-client/target/generated-sources/openapi/build.gradle\n[2e1bf7e7-ca44-47da-9c1d-cc11d7728757/build]   | [INFO] writing file /tmp/3d783ea4-1661-11ee-8a50-bb14de238602/alexcheng1982-happyride/happyride/api-client/passenger-service-client/target/generated-sources/openapi/build.sbt\n[2e1bf7e7-ca44-47da-9c1d-cc11d7728757/build]   | [INFO] writing file /tmp/3d783ea4-1661-11ee-8a50-bb14de238602/alexcheng1982-happyride/happyride/api-client/passenger-service-client/target/generated-sources/openapi/settings.gradle\n[2e1bf7e7-ca44-47da-9c1d-cc11d7728757/build]   | [INFO] writing file /tmp/3d783ea4-1661-11ee-8a50-bb14de238602/alexcheng1982-happyride/happyride/api-client/passenger-service-client/target/generated-sources/openapi/gradle.properties\n[2e1bf7e7-ca44-47da-9c1d-cc11d7728757/build]   | [INFO] writing file /tmp/3d783ea4-1661-11ee-8a50-bb14de238602/alexcheng1982-happyride/happyride/api-client/passenger-service-client/target/generated-sources/openapi/src/main/AndroidManifest.xml\n[2e1bf7e7-ca44-47da-9c1d-cc11d7728757/build]   | [INFO] writing file /tmp/3d783ea4-1661-11ee-8a50-bb14de238602/alexcheng1982-happyride/happyride/api-client/passenger-service-client/target/generated-sources/openapi/.travis.yml\n[2e1bf7e7-ca44-47da-9c1d-cc11d7728757/build]   | [INFO] writing file /tmp/3d783ea4-1661-11ee-8a50-bb14de238602/alexcheng1982-happyride/happyride/api-client/passenger-service-client/target/generated-sources/openapi/src/main/java/io/vividcode/happyride/passengerservice/client/ApiClient.java\n[2e1bf7e7-ca44-47da-9c1d-cc11d7728757/build]   | [INFO] writing file /tmp/3d783ea4-1661-11ee-8a50-bb14de238602/alexcheng1982-happyride/happyride/api-client/passenger-service-client/target/generated-sources/openapi/src/main/java/io/vividcode/happyride/passengerservice/client/ServerConfiguration.java\n[2e1bf7e7-ca44-47da-9c1d-cc11d7728757/build]   | [INFO] writing file /tmp/3d783ea4-1661-11ee-8a50-bb14de238602/alexcheng1982-happyride/happyride/api-client/passenger-service-client/target/generated-sources/openapi/src/main/java/io/vividcode/happyride/passengerservice/client/ServerVariable.java\n[2e1bf7e7-ca44-47da-9c1d-cc11d7728757/build]   | [INFO] writing file /tmp/3d783ea4-1661-11ee-8a50-bb14de238602/alexcheng1982-happyride/happyride/api-client/passenger-service-client/target/generated-sources/openapi/api/openapi.yaml\n[2e1bf7e7-ca44-47da-9c1d-cc11d7728757/build]   | [INFO] writing file /tmp/3d783ea4-1661-11ee-8a50-bb14de238602/alexcheng1982-happyride/happyride/api-client/passenger-service-client/target/generated-sources/openapi/src/main/java/io/vividcode/happyride/passengerservice/client/StringUtil.java\n[2e1bf7e7-ca44-47da-9c1d-cc11d7728757/build]   | [INFO] writing file /tmp/3d783ea4-1661-11ee-8a50-bb14de238602/alexcheng1982-happyride/happyride/api-client/passenger-service-client/target/generated-sources/openapi/src/main/java/io/vividcode/happyride/passengerservice/client/auth/HttpBasicAuth.java\n[2e1bf7e7-ca44-47da-9c1d-cc11d7728757/build]   | [INFO] writing file /tmp/3d783ea4-1661-11ee-8a50-bb14de238602/alexcheng1982-happyride/happyride/api-client/passenger-service-client/target/generated-sources/openapi/src/main/java/io/vividcode/happyride/passengerservice/client/auth/HttpBearerAuth.java\n[2e1bf7e7-ca44-47da-9c1d-cc11d7728757/build]   | [INFO] writing file /tmp/3d783ea4-1661-11ee-8a50-bb14de238602/alexcheng1982-happyride/happyride/api-client/passenger-service-client/target/generated-sources/openapi/src/main/java/io/vividcode/happyride/passengerservice/client/auth/ApiKeyAuth.java\n[2e1bf7e7-ca44-47da-9c1d-cc11d7728757/build]   | [INFO] writing file /tmp/3d783ea4-1661-11ee-8a50-bb14de238602/alexcheng1982-happyride/happyride/api-client/passenger-service-client/target/generated-sources/openapi/gradlew\n[2e1bf7e7-ca44-47da-9c1d-cc11d7728757/build]   | [INFO] writing file /tmp/3d783ea4-1661-11ee-8a50-bb14de238602/alexcheng1982-happyride/happyride/api-client/passenger-service-client/target/generated-sources/openapi/gradlew.bat\n[2e1bf7e7-ca44-47da-9c1d-cc11d7728757/build]   | [INFO] writing file /tmp/3d783ea4-1661-11ee-8a50-bb14de238602/alexcheng1982-happyride/happyride/api-client/passenger-service-client/target/generated-sources/openapi/gradle/wrapper/gradle-wrapper.properties\n[2e1bf7e7-ca44-47da-9c1d-cc11d7728757/build]   | [INFO] writing file /tmp/3d783ea4-1661-11ee-8a50-bb14de238602/alexcheng1982-happyride/happyride/api-client/passenger-service-client/target/generated-sources/openapi/gradle/wrapper/gradle-wrapper.jar\n[2e1bf7e7-ca44-47da-9c1d-cc11d7728757/build]   | [INFO] writing file /tmp/3d783ea4-1661-11ee-8a50-bb14de238602/alexcheng1982-happyride/happyride/api-client/passenger-service-client/target/generated-sources/openapi/git_push.sh\n[2e1bf7e7-ca44-47da-9c1d-cc11d7728757/build]   | [INFO] writing file /tmp/3d783ea4-1661-11ee-8a50-bb14de238602/alexcheng1982-happyride/happyride/api-client/passenger-service-client/target/generated-sources/openapi/.gitignore\n[2e1bf7e7-ca44-47da-9c1d-cc11d7728757/build]   | [INFO] writing file /tmp/3d783ea4-1661-11ee-8a50-bb14de238602/alexcheng1982-happyride/happyride/api-client/passenger-service-client/target/generated-sources/openapi/src/main/java/io/vividcode/happyride/passengerservice/client/ApiException.java\n[2e1bf7e7-ca44-47da-9c1d-cc11d7728757/build]   | [INFO] writing file /tmp/3d783ea4-1661-11ee-8a50-bb14de238602/alexcheng1982-happyride/happyride/api-client/passenger-service-client/target/generated-sources/openapi/src/main/java/io/vividcode/happyride/passengerservice/client/Configuration.java\n[2e1bf7e7-ca44-47da-9c1d-cc11d7728757/build]   | [INFO] writing file /tmp/3d783ea4-1661-11ee-8a50-bb14de238602/alexcheng1982-happyride/happyride/api-client/passenger-service-client/target/generated-sources/openapi/src/main/java/io/vividcode/happyride/passengerservice/client/Pair.java\n[2e1bf7e7-ca44-47da-9c1d-cc11d7728757/build]   | [INFO] writing file /tmp/3d783ea4-1661-11ee-8a50-bb14de238602/alexcheng1982-happyride/happyride/api-client/passenger-service-client/target/generated-sources/openapi/src/main/java/io/vividcode/happyride/passengerservice/client/auth/Authentication.java\n[2e1bf7e7-ca44-47da-9c1d-cc11d7728757/build]   | [INFO] writing file /tmp/3d783ea4-1661-11ee-8a50-bb14de238602/alexcheng1982-happyride/happyride/api-client/passenger-service-client/target/generated-sources/openapi/src/main/java/io/vividcode/happyride/passengerservice/client/ApiCallback.java\n[2e1bf7e7-ca44-47da-9c1d-cc11d7728757/build]   | [INFO] writing file /tmp/3d783ea4-1661-11ee-8a50-bb14de238602/alexcheng1982-happyride/happyride/api-client/passenger-service-client/target/generated-sources/openapi/src/main/java/io/vividcode/happyride/passengerservice/client/ApiResponse.java\n[2e1bf7e7-ca44-47da-9c1d-cc11d7728757/build]   | [INFO] writing file /tmp/3d783ea4-1661-11ee-8a50-bb14de238602/alexcheng1982-happyride/happyride/api-client/passenger-service-client/target/generated-sources/openapi/src/main/java/io/vividcode/happyride/passengerservice/client/JSON.java\n[2e1bf7e7-ca44-47da-9c1d-cc11d7728757/build]   | [INFO] writing file /tmp/3d783ea4-1661-11ee-8a50-bb14de238602/alexcheng1982-happyride/happyride/api-client/passenger-service-client/target/generated-sources/openapi/src/main/java/io/vividcode/happyride/passengerservice/client/ProgressRequestBody.java\n[2e1bf7e7-ca44-47da-9c1d-cc11d7728757/build]   | [INFO] writing file /tmp/3d783ea4-1661-11ee-8a50-bb14de238602/alexcheng1982-happyride/happyride/api-client/passenger-service-client/target/generated-sources/openapi/src/main/java/io/vividcode/happyride/passengerservice/client/ProgressResponseBody.java\n[2e1bf7e7-ca44-47da-9c1d-cc11d7728757/build]   | [INFO] writing file /tmp/3d783ea4-1661-11ee-8a50-bb14de238602/alexcheng1982-happyride/happyride/api-client/passenger-service-client/target/generated-sources/openapi/src/main/java/io/vividcode/happyride/passengerservice/client/GzipRequestInterceptor.java\n[2e1bf7e7-ca44-47da-9c1d-cc11d7728757/build]   | [INFO] writing file /tmp/3d783ea4-1661-11ee-8a50-bb14de238602/alexcheng1982-happyride/happyride/api-client/passenger-service-client/target/generated-sources/openapi/.openapi-generator-ignore\n[2e1bf7e7-ca44-47da-9c1d-cc11d7728757/build]   | [INFO] writing file /tmp/3d783ea4-1661-11ee-8a50-bb14de238602/alexcheng1982-happyride/happyride/api-client/passenger-service-client/target/generated-sources/openapi/.openapi-generator/VERSION\n[2e1bf7e7-ca44-47da-9c1d-cc11d7728757/build]   | [INFO] \n[2e1bf7e7-ca44-47da-9c1d-cc11d7728757/build]   | [INFO] --- maven-resources-plugin:3.3.0:resources (default-resources) @ passenger-service-client ---\n[2e1bf7e7-ca44-47da-9c1d-cc11d7728757/build]   | [INFO] Copying 0 resource\n[2e1bf7e7-ca44-47da-9c1d-cc11d7728757/build]   | [INFO] Copying 1 resource\n[2e1bf7e7-ca44-47da-9c1d-cc11d7728757/build]   | [INFO] \n[2e1bf7e7-ca44-47da-9c1d-cc11d7728757/build]   | [INFO] --- maven-compiler-plugin:3.10.1:compile (default-compile) @ passenger-service-client ---\n[2e1bf7e7-ca44-47da-9c1d-cc11d7728757/build]   | [INFO] Changes detected - recompiling the module!\n[2e1bf7e7-ca44-47da-9c1d-cc11d7728757/build]   | [INFO] Compiling 18 source files to /tmp/3d783ea4-1661-11ee-8a50-bb14de238602/alexcheng1982-happyride/happyride/api-client/passenger-service-client/target/classes\n[2e1bf7e7-ca44-47da-9c1d-cc11d7728757/build]   | [INFO] /tmp/3d783ea4-1661-11ee-8a50-bb14de238602/alexcheng1982-happyride/happyride/api-client/passenger-service-client/target/generated-sources/openapi/src/main/java/io/vividcode/happyride/passengerservice/client/ApiClient.java: /tmp/3d783ea4-1661-11ee-8a50-bb14de238602/alexcheng1982-happyride/happyride/api-client/passenger-service-client/target/generated-sources/openapi/src/main/java/io/vividcode/happyride/passengerservice/client/ApiClient.java uses or overrides a deprecated API.\n[2e1bf7e7-ca44-47da-9c1d-cc11d7728757/build]   | [INFO] /tmp/3d783ea4-1661-11ee-8a50-bb14de238602/alexcheng1982-happyride/happyride/api-client/passenger-service-client/target/generated-sources/openapi/src/main/java/io/vividcode/happyride/passengerservice/client/ApiClient.java: Recompile with -Xlint:deprecation for details.\n[2e1bf7e7-ca44-47da-9c1d-cc11d7728757/build]   | [INFO] \n[2e1bf7e7-ca44-47da-9c1d-cc11d7728757/build]   | [INFO] --- maven-resources-plugin:3.3.0:testResources (default-testResources) @ passenger-service-client ---\n[2e1bf7e7-ca44-47da-9c1d-cc11d7728757/build]   | [INFO] skip non existing resourceDirectory /tmp/3d783ea4-1661-11ee-8a50-bb14de238602/alexcheng1982-happyride/happyride/api-client/passenger-service-client/src/test/resources\n[2e1bf7e7-ca44-47da-9c1d-cc11d7728757/build]   | [INFO] \n[2e1bf7e7-ca44-47da-9c1d-cc11d7728757/build]   | [INFO] --- maven-compiler-plugin:3.10.1:testCompile (default-testCompile) @ passenger-service-client ---\n[2e1bf7e7-ca44-47da-9c1d-cc11d7728757/build]   | [INFO] No sources to compile\n[2e1bf7e7-ca44-47da-9c1d-cc11d7728757/build]   | [INFO] \n[2e1bf7e7-ca44-47da-9c1d-cc11d7728757/build]   | [INFO] --- maven-surefire-plugin:2.22.2:test (default-test) @ passenger-service-client ---\n[2e1bf7e7-ca44-47da-9c1d-cc11d7728757/build]   | [INFO] No tests to run.\n[2e1bf7e7-ca44-47da-9c1d-cc11d7728757/build]   | [INFO] \n[2e1bf7e7-ca44-47da-9c1d-cc11d7728757/build]   | [INFO] --- maven-jar-plugin:3.3.0:jar (default-jar) @ passenger-service-client ---\n[2e1bf7e7-ca44-47da-9c1d-cc11d7728757/build]   | [INFO] Building jar: /tmp/3d783ea4-1661-11ee-8a50-bb14de238602/alexcheng1982-happyride/happyride/api-client/passenger-service-client/target/passenger-service-client-3.0.0-SNAPSHOT.jar\n[2e1bf7e7-ca44-47da-9c1d-cc11d7728757/build]   | [INFO] \n[2e1bf7e7-ca44-47da-9c1d-cc11d7728757/build]   | [INFO] -------------< io.vividcode.happyride:trip-service-client >-------------\n[2e1bf7e7-ca44-47da-9c1d-cc11d7728757/build]   | [INFO] Building API Client :: Trip Service 3.0.0-SNAPSHOT               [15/26]\n[2e1bf7e7-ca44-47da-9c1d-cc11d7728757/build]   | [INFO] --------------------------------[ jar ]---------------------------------\n[2e1bf7e7-ca44-47da-9c1d-cc11d7728757/build]   | [INFO] \n[2e1bf7e7-ca44-47da-9c1d-cc11d7728757/build]   | [INFO] --- openapi-generator-maven-plugin:4.3.1:generate (default) @ trip-service-client ---\n[2e1bf7e7-ca44-47da-9c1d-cc11d7728757/build]   | [WARNING] Output directory does not exist, or is inaccessible. No file (.openapi-generator-ignore) will be evaluated.\n[2e1bf7e7-ca44-47da-9c1d-cc11d7728757/build]   | [INFO] OpenAPI Generator: java (client)\n[2e1bf7e7-ca44-47da-9c1d-cc11d7728757/build]   | [INFO] Generator 'java' is considered stable.\n[2e1bf7e7-ca44-47da-9c1d-cc11d7728757/build]   | [INFO] Environment variable JAVA_POST_PROCESS_FILE not defined so the Java code may not be properly formatted. To define it, try 'export JAVA_POST_PROCESS_FILE=\"/usr/local/bin/clang-format -i\"' (Linux/Mac)\n[2e1bf7e7-ca44-47da-9c1d-cc11d7728757/build]   | [INFO] NOTE: To enable file post-processing, 'enablePostProcessFile' must be set to `true` (--enable-post-process-file for CLI).\n[2e1bf7e7-ca44-47da-9c1d-cc11d7728757/build]   | [INFO] Invoker Package Name, originally not set, is now derived from api package name: io.vividcode.happyride.tripservice.client\n[2e1bf7e7-ca44-47da-9c1d-cc11d7728757/build]   | [INFO] Processing operation createTrip\n[2e1bf7e7-ca44-47da-9c1d-cc11d7728757/build]   | [INFO] Processing operation getTrip\n[2e1bf7e7-ca44-47da-9c1d-cc11d7728757/build]   | [INFO] Processing operation acceptTrip\n[2e1bf7e7-ca44-47da-9c1d-cc11d7728757/build]   | [INFO] Skipping generation of models.\n[2e1bf7e7-ca44-47da-9c1d-cc11d7728757/build]   | [INFO] Schema unaliasing of PositionVO omitted because aliased class is to be mapped to io.vividcode.happyride.common.PositionVO\n[2e1bf7e7-ca44-47da-9c1d-cc11d7728757/build]   | [INFO] Schema unaliasing of PositionVO omitted because aliased class is to be mapped to io.vividcode.happyride.common.PositionVO\n[2e1bf7e7-ca44-47da-9c1d-cc11d7728757/build]   | [INFO] Schema unaliasing of PositionVO omitted because aliased class is to be mapped to io.vividcode.happyride.common.PositionVO\n[2e1bf7e7-ca44-47da-9c1d-cc11d7728757/build]   | [INFO] Schema unaliasing of PositionVO omitted because aliased class is to be mapped to io.vividcode.happyride.common.PositionVO\n[2e1bf7e7-ca44-47da-9c1d-cc11d7728757/build]   | [INFO] Schema unaliasing of PositionVO omitted because aliased class is to be mapped to io.vividcode.happyride.common.PositionVO\n[2e1bf7e7-ca44-47da-9c1d-cc11d7728757/build]   | [INFO] Schema unaliasing of PositionVO omitted because aliased class is to be mapped to io.vividcode.happyride.common.PositionVO\n[2e1bf7e7-ca44-47da-9c1d-cc11d7728757/build]   | [INFO] Schema unaliasing of PositionVO omitted because aliased class is to be mapped to io.vividcode.happyride.common.PositionVO\n[2e1bf7e7-ca44-47da-9c1d-cc11d7728757/build]   | [INFO] Schema unaliasing of PositionVO omitted because aliased class is to be mapped to io.vividcode.happyride.common.PositionVO\n[2e1bf7e7-ca44-47da-9c1d-cc11d7728757/build]   | [INFO] Schema unaliasing of PositionVO omitted because aliased class is to be mapped to io.vividcode.happyride.common.PositionVO\n[2e1bf7e7-ca44-47da-9c1d-cc11d7728757/build]   | [INFO] Schema unaliasing of PositionVO omitted because aliased class is to be mapped to io.vividcode.happyride.common.PositionVO\n[2e1bf7e7-ca44-47da-9c1d-cc11d7728757/build]   | [INFO] Schema unaliasing of PositionVO omitted because aliased class is to be mapped to io.vividcode.happyride.common.PositionVO\n[2e1bf7e7-ca44-47da-9c1d-cc11d7728757/build]   | [INFO] Schema unaliasing of PositionVO omitted because aliased class is to be mapped to io.vividcode.happyride.common.PositionVO\n[2e1bf7e7-ca44-47da-9c1d-cc11d7728757/build]   | [INFO] Schema unaliasing of TripVO omitted because aliased class is to be mapped to io.vividcode.happyride.tripservice.api.web.TripVO\n[2e1bf7e7-ca44-47da-9c1d-cc11d7728757/build]   | [INFO] Schema unaliasing of TripVO omitted because aliased class is to be mapped to io.vividcode.happyride.tripservice.api.web.TripVO\n[2e1bf7e7-ca44-47da-9c1d-cc11d7728757/build]   | [INFO] Schema unaliasing of TripVO omitted because aliased class is to be mapped to io.vividcode.happyride.tripservice.api.web.TripVO\n[2e1bf7e7-ca44-47da-9c1d-cc11d7728757/build]   | [INFO] Schema unaliasing of TripVO omitted because aliased class is to be mapped to io.vividcode.happyride.tripservice.api.web.TripVO\n[2e1bf7e7-ca44-47da-9c1d-cc11d7728757/build]   | [INFO] Schema unaliasing of TripVO omitted because aliased class is to be mapped to io.vividcode.happyride.tripservice.api.web.TripVO\n[2e1bf7e7-ca44-47da-9c1d-cc11d7728757/build]   | [INFO] Schema unaliasing of TripVO omitted because aliased class is to be mapped to io.vividcode.happyride.tripservice.api.web.TripVO\n[2e1bf7e7-ca44-47da-9c1d-cc11d7728757/build]   | [INFO] Schema unaliasing of TripVO omitted because aliased class is to be mapped to io.vividcode.happyride.tripservice.api.web.TripVO\n[2e1bf7e7-ca44-47da-9c1d-cc11d7728757/build]   | [INFO] Schema unaliasing of TripVO omitted because aliased class is to be mapped to io.vividcode.happyride.tripservice.api.web.TripVO\n[2e1bf7e7-ca44-47da-9c1d-cc11d7728757/build]   | [INFO] Schema unaliasing of TripVO omitted because aliased class is to be mapped to io.vividcode.happyride.tripservice.api.web.TripVO\n[2e1bf7e7-ca44-47da-9c1d-cc11d7728757/build]   | [INFO] Schema unaliasing of TripVO omitted because aliased class is to be mapped to io.vividcode.happyride.tripservice.api.web.TripVO\n[2e1bf7e7-ca44-47da-9c1d-cc11d7728757/build]   | [INFO] Schema unaliasing of TripVO omitted because aliased class is to be mapped to io.vividcode.happyride.tripservice.api.web.TripVO\n[2e1bf7e7-ca44-47da-9c1d-cc11d7728757/build]   | [INFO] Schema unaliasing of TripVO omitted because aliased class is to be mapped to io.vividcode.happyride.tripservice.api.web.TripVO\n[2e1bf7e7-ca44-47da-9c1d-cc11d7728757/build]   | [INFO] writing file /tmp/3d783ea4-1661-11ee-8a50-bb14de238602/alexcheng1982-happyride/happyride/api-client/trip-service-client/target/generated-sources/openapi/src/main/java/io/vividcode/happyride/tripservice/client/api/TripApi.java\n[2e1bf7e7-ca44-47da-9c1d-cc11d7728757/build]   | [INFO] writing file /tmp/3d783ea4-1661-11ee-8a50-bb14de238602/alexcheng1982-happyride/happyride/api-client/trip-service-client/target/generated-sources/openapi/pom.xml\n[2e1bf7e7-ca44-47da-9c1d-cc11d7728757/build]   | [INFO] writing file /tmp/3d783ea4-1661-11ee-8a50-bb14de238602/alexcheng1982-happyride/happyride/api-client/trip-service-client/target/generated-sources/openapi/README.md\n[2e1bf7e7-ca44-47da-9c1d-cc11d7728757/build]   | [INFO] writing file /tmp/3d783ea4-1661-11ee-8a50-bb14de238602/alexcheng1982-happyride/happyride/api-client/trip-service-client/target/generated-sources/openapi/build.gradle\n[2e1bf7e7-ca44-47da-9c1d-cc11d7728757/build]   | [INFO] writing file /tmp/3d783ea4-1661-11ee-8a50-bb14de238602/alexcheng1982-happyride/happyride/api-client/trip-service-client/target/generated-sources/openapi/build.sbt\n[2e1bf7e7-ca44-47da-9c1d-cc11d7728757/build]   | [INFO] writing file /tmp/3d783ea4-1661-11ee-8a50-bb14de238602/alexcheng1982-happyride/happyride/api-client/trip-service-client/target/generated-sources/openapi/settings.gradle\n[2e1bf7e7-ca44-47da-9c1d-cc11d7728757/build]   | [INFO] writing file /tmp/3d783ea4-1661-11ee-8a50-bb14de238602/alexcheng1982-happyride/happyride/api-client/trip-service-client/target/generated-sources/openapi/gradle.properties\n[2e1bf7e7-ca44-47da-9c1d-cc11d7728757/build]   | [INFO] writing file /tmp/3d783ea4-1661-11ee-8a50-bb14de238602/alexcheng1982-happyride/happyride/api-client/trip-service-client/target/generated-sources/openapi/src/main/AndroidManifest.xml\n[2e1bf7e7-ca44-47da-9c1d-cc11d7728757/build]   | [INFO] writing file /tmp/3d783ea4-1661-11ee-8a50-bb14de238602/alexcheng1982-happyride/happyride/api-client/trip-service-client/target/generated-sources/openapi/.travis.yml\n[2e1bf7e7-ca44-47da-9c1d-cc11d7728757/build]   | [INFO] writing file /tmp/3d783ea4-1661-11ee-8a50-bb14de238602/alexcheng1982-happyride/happyride/api-client/trip-service-client/target/generated-sources/openapi/src/main/java/io/vividcode/happyride/tripservice/client/ApiClient.java\n[2e1bf7e7-ca44-47da-9c1d-cc11d7728757/build]   | [INFO] writing file /tmp/3d783ea4-1661-11ee-8a50-bb14de238602/alexcheng1982-happyride/happyride/api-client/trip-service-client/target/generated-sources/openapi/src/main/java/io/vividcode/happyride/tripservice/client/ServerConfiguration.java\n[2e1bf7e7-ca44-47da-9c1d-cc11d7728757/build]   | [INFO] writing file /tmp/3d783ea4-1661-11ee-8a50-bb14de238602/alexcheng1982-happyride/happyride/api-client/trip-service-client/target/generated-sources/openapi/src/main/java/io/vividcode/happyride/tripservice/client/ServerVariable.java\n[2e1bf7e7-ca44-47da-9c1d-cc11d7728757/build]   | [INFO] writing file /tmp/3d783ea4-1661-11ee-8a50-bb14de238602/alexcheng1982-happyride/happyride/api-client/trip-service-client/target/generated-sources/openapi/api/openapi.yaml\n[2e1bf7e7-ca44-47da-9c1d-cc11d7728757/build]   | [INFO] writing file /tmp/3d783ea4-1661-11ee-8a50-bb14de238602/alexcheng1982-happyride/happyride/api-client/trip-service-client/target/generated-sources/openapi/src/main/java/io/vividcode/happyride/tripservice/client/StringUtil.java\n[2e1bf7e7-ca44-47da-9c1d-cc11d7728757/build]   | [INFO] writing file /tmp/3d783ea4-1661-11ee-8a50-bb14de238602/alexcheng1982-happyride/happyride/api-client/trip-service-client/target/generated-sources/openapi/src/main/java/io/vividcode/happyride/tripservice/client/auth/HttpBasicAuth.java\n[2e1bf7e7-ca44-47da-9c1d-cc11d7728757/build]   | [INFO] writing file /tmp/3d783ea4-1661-11ee-8a50-bb14de238602/alexcheng1982-happyride/happyride/api-client/trip-service-client/target/generated-sources/openapi/src/main/java/io/vividcode/happyride/tripservice/client/auth/HttpBearerAuth.java\n[2e1bf7e7-ca44-47da-9c1d-cc11d7728757/build]   | [INFO] writing file /tmp/3d783ea4-1661-11ee-8a50-bb14de238602/alexcheng1982-happyride/happyride/api-client/trip-service-client/target/generated-sources/openapi/src/main/java/io/vividcode/happyride/tripservice/client/auth/ApiKeyAuth.java\n[2e1bf7e7-ca44-47da-9c1d-cc11d7728757/build]   | [INFO] writing file /tmp/3d783ea4-1661-11ee-8a50-bb14de238602/alexcheng1982-happyride/happyride/api-client/trip-service-client/target/generated-sources/openapi/gradlew\n[2e1bf7e7-ca44-47da-9c1d-cc11d7728757/build]   | [INFO] writing file /tmp/3d783ea4-1661-11ee-8a50-bb14de238602/alexcheng1982-happyride/happyride/api-client/trip-service-client/target/generated-sources/openapi/gradlew.bat\n[2e1bf7e7-ca44-47da-9c1d-cc11d7728757/build]   | [INFO] writing file /tmp/3d783ea4-1661-11ee-8a50-bb14de238602/alexcheng1982-happyride/happyride/api-client/trip-service-client/target/generated-sources/openapi/gradle/wrapper/gradle-wrapper.properties\n[2e1bf7e7-ca44-47da-9c1d-cc11d7728757/build]   | [INFO] writing file /tmp/3d783ea4-1661-11ee-8a50-bb14de238602/alexcheng1982-happyride/happyride/api-client/trip-service-client/target/generated-sources/openapi/gradle/wrapper/gradle-wrapper.jar\n[2e1bf7e7-ca44-47da-9c1d-cc11d7728757/build]   | [INFO] writing file /tmp/3d783ea4-1661-11ee-8a50-bb14de238602/alexcheng1982-happyride/happyride/api-client/trip-service-client/target/generated-sources/openapi/git_push.sh\n[2e1bf7e7-ca44-47da-9c1d-cc11d7728757/build]   | [INFO] writing file /tmp/3d783ea4-1661-11ee-8a50-bb14de238602/alexcheng1982-happyride/happyride/api-client/trip-service-client/target/generated-sources/openapi/.gitignore\n[2e1bf7e7-ca44-47da-9c1d-cc11d7728757/build]   | [INFO] writing file /tmp/3d783ea4-1661-11ee-8a50-bb14de238602/alexcheng1982-happyride/happyride/api-client/trip-service-client/target/generated-sources/openapi/src/main/java/io/vividcode/happyride/tripservice/client/ApiException.java\n[2e1bf7e7-ca44-47da-9c1d-cc11d7728757/build]   | [INFO] writing file /tmp/3d783ea4-1661-11ee-8a50-bb14de238602/alexcheng1982-happyride/happyride/api-client/trip-service-client/target/generated-sources/openapi/src/main/java/io/vividcode/happyride/tripservice/client/Configuration.java\n[2e1bf7e7-ca44-47da-9c1d-cc11d7728757/build]   | [INFO] writing file /tmp/3d783ea4-1661-11ee-8a50-bb14de238602/alexcheng1982-happyride/happyride/api-client/trip-service-client/target/generated-sources/openapi/src/main/java/io/vividcode/happyride/tripservice/client/Pair.java\n[2e1bf7e7-ca44-47da-9c1d-cc11d7728757/build]   | [INFO] writing file /tmp/3d783ea4-1661-11ee-8a50-bb14de238602/alexcheng1982-happyride/happyride/api-client/trip-service-client/target/generated-sources/openapi/src/main/java/io/vividcode/happyride/tripservice/client/auth/Authentication.java\n[2e1bf7e7-ca44-47da-9c1d-cc11d7728757/build]   | [INFO] writing file /tmp/3d783ea4-1661-11ee-8a50-bb14de238602/alexcheng1982-happyride/happyride/api-client/trip-service-client/target/generated-sources/openapi/src/main/java/io/vividcode/happyride/tripservice/client/ApiCallback.java\n[2e1bf7e7-ca44-47da-9c1d-cc11d7728757/build]   | [INFO] writing file /tmp/3d783ea4-1661-11ee-8a50-bb14de238602/alexcheng1982-happyride/happyride/api-client/trip-service-client/target/generated-sources/openapi/src/main/java/io/vividcode/happyride/tripservice/client/ApiResponse.java\n[2e1bf7e7-ca44-47da-9c1d-cc11d7728757/build]   | [INFO] writing file /tmp/3d783ea4-1661-11ee-8a50-bb14de238602/alexcheng1982-happyride/happyride/api-client/trip-service-client/target/generated-sources/openapi/src/main/java/io/vividcode/happyride/tripservice/client/JSON.java\n[2e1bf7e7-ca44-47da-9c1d-cc11d7728757/build]   | [INFO] writing file /tmp/3d783ea4-1661-11ee-8a50-bb14de238602/alexcheng1982-happyride/happyride/api-client/trip-service-client/target/generated-sources/openapi/src/main/java/io/vividcode/happyride/tripservice/client/ProgressRequestBody.java\n[2e1bf7e7-ca44-47da-9c1d-cc11d7728757/build]   | [INFO] writing file /tmp/3d783ea4-1661-11ee-8a50-bb14de238602/alexcheng1982-happyride/happyride/api-client/trip-service-client/target/generated-sources/openapi/src/main/java/io/vividcode/happyride/tripservice/client/ProgressResponseBody.java\n[2e1bf7e7-ca44-47da-9c1d-cc11d7728757/build]   | [INFO] writing file /tmp/3d783ea4-1661-11ee-8a50-bb14de238602/alexcheng1982-happyride/happyride/api-client/trip-service-client/target/generated-sources/openapi/src/main/java/io/vividcode/happyride/tripservice/client/GzipRequestInterceptor.java\n[2e1bf7e7-ca44-47da-9c1d-cc11d7728757/build]   | [INFO] writing file /tmp/3d783ea4-1661-11ee-8a50-bb14de238602/alexcheng1982-happyride/happyride/api-client/trip-service-client/target/generated-sources/openapi/.openapi-generator-ignore\n[2e1bf7e7-ca44-47da-9c1d-cc11d7728757/build]   | [INFO] writing file /tmp/3d783ea4-1661-11ee-8a50-bb14de238602/alexcheng1982-happyride/happyride/api-client/trip-service-client/target/generated-sources/openapi/.openapi-generator/VERSION\n[2e1bf7e7-ca44-47da-9c1d-cc11d7728757/build]   | [INFO] \n[2e1bf7e7-ca44-47da-9c1d-cc11d7728757/build]   | [INFO] --- maven-resources-plugin:3.3.0:resources (default-resources) @ trip-service-client ---\n[2e1bf7e7-ca44-47da-9c1d-cc11d7728757/build]   | [INFO] Copying 0 resource\n[2e1bf7e7-ca44-47da-9c1d-cc11d7728757/build]   | [INFO] Copying 1 resource\n[2e1bf7e7-ca44-47da-9c1d-cc11d7728757/build]   | [INFO] \n[2e1bf7e7-ca44-47da-9c1d-cc11d7728757/build]   | [INFO] --- maven-compiler-plugin:3.10.1:compile (default-compile) @ trip-service-client ---\n[2e1bf7e7-ca44-47da-9c1d-cc11d7728757/build]   | [INFO] Changes detected - recompiling the module!\n[2e1bf7e7-ca44-47da-9c1d-cc11d7728757/build]   | [INFO] Compiling 18 source files to /tmp/3d783ea4-1661-11ee-8a50-bb14de238602/alexcheng1982-happyride/happyride/api-client/trip-service-client/target/classes\n[2e1bf7e7-ca44-47da-9c1d-cc11d7728757/build]   | [INFO] /tmp/3d783ea4-1661-11ee-8a50-bb14de238602/alexcheng1982-happyride/happyride/api-client/trip-service-client/target/generated-sources/openapi/src/main/java/io/vividcode/happyride/tripservice/client/ApiClient.java: /tmp/3d783ea4-1661-11ee-8a50-bb14de238602/alexcheng1982-happyride/happyride/api-client/trip-service-client/target/generated-sources/openapi/src/main/java/io/vividcode/happyride/tripservice/client/ApiClient.java uses or overrides a deprecated API.\n[2e1bf7e7-ca44-47da-9c1d-cc11d7728757/build]   | [INFO] /tmp/3d783ea4-1661-11ee-8a50-bb14de238602/alexcheng1982-happyride/happyride/api-client/trip-service-client/target/generated-sources/openapi/src/main/java/io/vividcode/happyride/tripservice/client/ApiClient.java: Recompile with -Xlint:deprecation for details.\n[2e1bf7e7-ca44-47da-9c1d-cc11d7728757/build]   | [INFO] \n[2e1bf7e7-ca44-47da-9c1d-cc11d7728757/build]   | [INFO] --- maven-resources-plugin:3.3.0:testResources (default-testResources) @ trip-service-client ---\n[2e1bf7e7-ca44-47da-9c1d-cc11d7728757/build]   | [INFO] skip non existing resourceDirectory /tmp/3d783ea4-1661-11ee-8a50-bb14de238602/alexcheng1982-happyride/happyride/api-client/trip-service-client/src/test/resources\n[2e1bf7e7-ca44-47da-9c1d-cc11d7728757/build]   | [INFO] \n[2e1bf7e7-ca44-47da-9c1d-cc11d7728757/build]   | [INFO] --- maven-compiler-plugin:3.10.1:testCompile (default-testCompile) @ trip-service-client ---\n[2e1bf7e7-ca44-47da-9c1d-cc11d7728757/build]   | [INFO] No sources to compile\n[2e1bf7e7-ca44-47da-9c1d-cc11d7728757/build]   | [INFO] \n[2e1bf7e7-ca44-47da-9c1d-cc11d7728757/build]   | [INFO] --- maven-surefire-plugin:2.22.2:test (default-test) @ trip-service-client ---\n[2e1bf7e7-ca44-47da-9c1d-cc11d7728757/build]   | [INFO] No tests to run.\n[2e1bf7e7-ca44-47da-9c1d-cc11d7728757/build]   | [INFO] \n[2e1bf7e7-ca44-47da-9c1d-cc11d7728757/build]   | [INFO] --- maven-jar-plugin:3.3.0:jar (default-jar) @ trip-service-client ---\n[2e1bf7e7-ca44-47da-9c1d-cc11d7728757/build]   | [INFO] Building jar: /tmp/3d783ea4-1661-11ee-8a50-bb14de238602/alexcheng1982-happyride/happyride/api-client/trip-service-client/target/trip-service-client-3.0.0-SNAPSHOT.jar\n[2e1bf7e7-ca44-47da-9c1d-cc11d7728757/build]   | [INFO] \n[2e1bf7e7-ca44-47da-9c1d-cc11d7728757/build]   | [INFO] ---------------< io.vividcode.happyride:service-parent >----------------\n[2e1bf7e7-ca44-47da-9c1d-cc11d7728757/build]   | [INFO] Building Service :: Parent 3.0.0-SNAPSHOT                        [16/26]\n[2e1bf7e7-ca44-47da-9c1d-cc11d7728757/build]   | [INFO] --------------------------------[ pom ]---------------------------------\n[2e1bf7e7-ca44-47da-9c1d-cc11d7728757/build]   | [INFO] \n[2e1bf7e7-ca44-47da-9c1d-cc11d7728757/build]   | [INFO] ---------------< io.vividcode.happyride:address-service >---------------\n[2e1bf7e7-ca44-47da-9c1d-cc11d7728757/build]   | [INFO] Building Service :: Address 3.0.0-SNAPSHOT                       [17/26]\n[2e1bf7e7-ca44-47da-9c1d-cc11d7728757/build]   | [INFO] --------------------------------[ jar ]---------------------------------\n[2e1bf7e7-ca44-47da-9c1d-cc11d7728757/build]   | [WARNING] Could not transfer metadata com.google.cloud.tools:jib-maven-plugin/maven-metadata.xml from/to spring-releases (https://repo.spring.io/release): authentication failed for https://repo.spring.io/release/com/google/cloud/tools/jib-maven-plugin/maven-metadata.xml, status: 401 Unauthorized\n[2e1bf7e7-ca44-47da-9c1d-cc11d7728757/build]   | [WARNING] Could not transfer metadata com.google.cloud.tools:jib-maven-plugin/maven-metadata.xml from/to bintray-eventuateio-oss-eventuate-maven-release (https://dl.bintray.com/eventuateio-oss/eventuate-maven-release): transfer failed for https://dl.bintray.com/eventuateio-oss/eventuate-maven-release/com/google/cloud/tools/jib-maven-plugin/maven-metadata.xml\n[2e1bf7e7-ca44-47da-9c1d-cc11d7728757/build]   | [WARNING] Could not transfer metadata com.google.cloud.tools:jib-maven-plugin/maven-metadata.xml from/to bintray-eventuateio-oss-eventuate-maven-rc (https://dl.bintray.com/eventuateio-oss/eventuate-maven-rc): transfer failed for https://dl.bintray.com/eventuateio-oss/eventuate-maven-rc/com/google/cloud/tools/jib-maven-plugin/maven-metadata.xml\n[2e1bf7e7-ca44-47da-9c1d-cc11d7728757/build]   | [INFO] \n[2e1bf7e7-ca44-47da-9c1d-cc11d7728757/build]   | [INFO] --- maven-resources-plugin:3.3.0:resources (default-resources) @ address-service ---\n[2e1bf7e7-ca44-47da-9c1d-cc11d7728757/build]   | [INFO] Copying 2 resources\n[2e1bf7e7-ca44-47da-9c1d-cc11d7728757/build]   | [INFO] Copying 2 resources\n[2e1bf7e7-ca44-47da-9c1d-cc11d7728757/build]   | [INFO] \n[2e1bf7e7-ca44-47da-9c1d-cc11d7728757/build]   | [INFO] --- maven-compiler-plugin:3.10.1:compile (default-compile) @ address-service ---\n[2e1bf7e7-ca44-47da-9c1d-cc11d7728757/build]   | [INFO] Changes detected - recompiling the module!\n[2e1bf7e7-ca44-47da-9c1d-cc11d7728757/build]   | [INFO] Compiling 12 source files to /tmp/3d783ea4-1661-11ee-8a50-bb14de238602/alexcheng1982-happyride/happyride/service/address-service/target/classes\n[2e1bf7e7-ca44-47da-9c1d-cc11d7728757/build]   | [INFO] \n[2e1bf7e7-ca44-47da-9c1d-cc11d7728757/build]   | [INFO] --- maven-resources-plugin:3.3.0:testResources (default-testResources) @ address-service ---\n[2e1bf7e7-ca44-47da-9c1d-cc11d7728757/build]   | [INFO] Copying 1 resource\n[2e1bf7e7-ca44-47da-9c1d-cc11d7728757/build]   | [INFO] \n[2e1bf7e7-ca44-47da-9c1d-cc11d7728757/build]   | [INFO] --- maven-compiler-plugin:3.10.1:testCompile (default-testCompile) @ address-service ---\n[2e1bf7e7-ca44-47da-9c1d-cc11d7728757/build]   | [INFO] Changes detected - recompiling the module!\n[2e1bf7e7-ca44-47da-9c1d-cc11d7728757/build]   | [INFO] Compiling 2 source files to /tmp/3d783ea4-1661-11ee-8a50-bb14de238602/alexcheng1982-happyride/happyride/service/address-service/target/test-classes\n[2e1bf7e7-ca44-47da-9c1d-cc11d7728757/build]   | [INFO] \n[2e1bf7e7-ca44-47da-9c1d-cc11d7728757/build]   | [INFO] --- maven-surefire-plugin:2.22.2:test (default-test) @ address-service ---\n[2e1bf7e7-ca44-47da-9c1d-cc11d7728757/build]   | [INFO] \n[2e1bf7e7-ca44-47da-9c1d-cc11d7728757/build]   | [INFO] -------------------------------------------------------\n[2e1bf7e7-ca44-47da-9c1d-cc11d7728757/build]   | [INFO]  T E S T S\n[2e1bf7e7-ca44-47da-9c1d-cc11d7728757/build]   | [INFO] -------------------------------------------------------\n[2e1bf7e7-ca44-47da-9c1d-cc11d7728757/build]   | [INFO] Running io.vividcode.happyride.addressservice.AddressGrpcServiceTest\n[2e1bf7e7-ca44-47da-9c1d-cc11d7728757/build]   | 14:37:12.606 [main] DEBUG org.springframework.test.context.support.AbstractContextLoader - Could not detect default resource locations for test class [io.vividcode.happyride.addressservice.AddressGrpcServiceTest]: no resource found for suffixes {-context.xml, Context.groovy}.\n[2e1bf7e7-ca44-47da-9c1d-cc11d7728757/build]   | 14:37:12.684 [main] DEBUG org.springframework.boot.test.autoconfigure.orm.jpa.DataJpaTestContextBootstrapper - Using ContextCustomizers for test class [AddressGrpcServiceTest]: [ImportsContextCustomizer, ExcludeFilterContextCustomizer, DuplicateJsonObjectContextCustomizer, MockitoContextCustomizer, DisableAutoConfigurationContextCustomizer, DisableObservabilityContextCustomizer, TypeExcludeFiltersContextCustomizer, PropertyMappingContextCustomizer, Customizer]\n[2e1bf7e7-ca44-47da-9c1d-cc11d7728757/build]   | 14:37:12.735 [main] DEBUG org.springframework.boot.test.autoconfigure.orm.jpa.DataJpaTestContextBootstrapper - Using TestExecutionListeners for test class [AddressGrpcServiceTest]: [ServletTestExecutionListener, DirtiesContextBeforeModesTestExecutionListener, ApplicationEventsTestExecutionListener, MockitoTestExecutionListener, DependencyInjectionTestExecutionListener, DirtiesContextTestExecutionListener, TransactionalTestExecutionListener, SqlScriptsTestExecutionListener, EventPublishingTestExecutionListener, ResetMocksTestExecutionListener, RestDocsTestExecutionListener, MockRestServiceServerResetTestExecutionListener, MockMvcPrintOnlyOnFailureTestExecutionListener, WebDriverTestExecutionListener, MockWebServiceServerTestExecutionListener]\n[2e1bf7e7-ca44-47da-9c1d-cc11d7728757/build]   | 14:37:12.737 [main] DEBUG org.springframework.test.context.support.AbstractDirtiesContextTestExecutionListener - Before test class: class [AddressGrpcServiceTest], class annotated with @DirtiesContext [true] with mode [AFTER_CLASS]\n[2e1bf7e7-ca44-47da-9c1d-cc11d7728757/build]   | 14:37:12.755 [main] DEBUG org.springframework.test.context.support.DependencyInjectionTestExecutionListener - Performing dependency injection for test class io.vividcode.happyride.addressservice.AddressGrpcServiceTest\n[2e1bf7e7-ca44-47da-9c1d-cc11d7728757/build]   | 2023-06-29T14:37:14.125Z  WARN 726 --- [           main] o.t.utility.TestcontainersConfiguration  : Attempted to read Testcontainers configuration file at file:/home/runneradmin/.testcontainers.properties but the file was not found. Exception message: FileNotFoundException: /home/runneradmin/.testcontainers.properties (No such file or directory)\n[2e1bf7e7-ca44-47da-9c1d-cc11d7728757/build]   | 2023-06-29T14:37:14.244Z  WARN 726 --- [           main] o.t.d.DockerClientProviderStrategy       : DOCKER_HOST unix:///var/run/docker.sock is not listening\n[2e1bf7e7-ca44-47da-9c1d-cc11d7728757/build]   | 2023-06-29T14:37:14.247Z  INFO 726 --- [           main] .t.d.DockerMachineClientProviderStrategy : docker-machine executable was not found on PATH ([/opt/hostedtoolcache/jdk/17.0.7/x64/bin, /usr/local/sbin, /usr/local/bin, /usr/sbin, /usr/bin, /sbin, /bin])\n[2e1bf7e7-ca44-47da-9c1d-cc11d7728757/build]   | 2023-06-29T14:37:14.248Z ERROR 726 --- [           main] o.t.d.DockerClientProviderStrategy       : Could not find a valid Docker environment. Please check configuration. Attempted configurations were:\n[2e1bf7e7-ca44-47da-9c1d-cc11d7728757/build]   | As no valid configuration was found, execution cannot continue.\n[2e1bf7e7-ca44-47da-9c1d-cc11d7728757/build]   | See https://www.testcontainers.org/on_failure.html for more details.\n[2e1bf7e7-ca44-47da-9c1d-cc11d7728757/build]   | 2023-06-29T14:37:14.253Z  WARN 726 --- [           main] s.c.a.AnnotationConfigApplicationContext : Exception encountered during context initialization - cancelling refresh attempt: org.springframework.beans.factory.BeanCreationException: Error creating bean with name 'dockerPresenceMarker' defined in class path resource [com/playtika/test/common/spring/DockerPresenceBootstrapConfiguration.class]: Failed to instantiate [com.playtika.test.common.spring.DockerPresenceMarker]: Factory method 'dockerPresenceMarker' threw exception with message: Docker must be present in order for testcontainers to work properly!\n[2e1bf7e7-ca44-47da-9c1d-cc11d7728757/build]   | 2023-06-29T14:37:14.260Z  INFO 726 --- [           main] .s.b.a.l.ConditionEvaluationReportLogger : \n[2e1bf7e7-ca44-47da-9c1d-cc11d7728757/build]   | \n[2e1bf7e7-ca44-47da-9c1d-cc11d7728757/build]   | Error starting ApplicationContext. To display the condition evaluation report re-run your application with 'debug' enabled.\n[2e1bf7e7-ca44-47da-9c1d-cc11d7728757/build]   | 2023-06-29T14:37:14.294Z ERROR 726 --- [           main] o.s.b.d.LoggingFailureAnalysisReporter   : \n[2e1bf7e7-ca44-47da-9c1d-cc11d7728757/build]   | \n[2e1bf7e7-ca44-47da-9c1d-cc11d7728757/build]   | ***************************\n[2e1bf7e7-ca44-47da-9c1d-cc11d7728757/build]   | APPLICATION FAILED TO START\n[2e1bf7e7-ca44-47da-9c1d-cc11d7728757/build]   | ***************************\n[2e1bf7e7-ca44-47da-9c1d-cc11d7728757/build]   | \n[2e1bf7e7-ca44-47da-9c1d-cc11d7728757/build]   | Description:\n[2e1bf7e7-ca44-47da-9c1d-cc11d7728757/build]   | \n[2e1bf7e7-ca44-47da-9c1d-cc11d7728757/build]   | No docker daemon available. Forgot to install/start docker?\n[2e1bf7e7-ca44-47da-9c1d-cc11d7728757/build]   | \n[2e1bf7e7-ca44-47da-9c1d-cc11d7728757/build]   | Action:\n[2e1bf7e7-ca44-47da-9c1d-cc11d7728757/build]   | \n[2e1bf7e7-ca44-47da-9c1d-cc11d7728757/build]   | Follow the guide: https://docs.docker.com/get-docker/\n[2e1bf7e7-ca44-47da-9c1d-cc11d7728757/build]   | \n[2e1bf7e7-ca44-47da-9c1d-cc11d7728757/build]   | 2023-06-29T14:37:14.298Z ERROR 726 --- [           main] o.s.b.d.LoggingFailureAnalysisReporter   : \n[2e1bf7e7-ca44-47da-9c1d-cc11d7728757/build]   | \n[2e1bf7e7-ca44-47da-9c1d-cc11d7728757/build]   | ***************************\n[2e1bf7e7-ca44-47da-9c1d-cc11d7728757/build]   | APPLICATION FAILED TO START\n[2e1bf7e7-ca44-47da-9c1d-cc11d7728757/build]   | ***************************\n[2e1bf7e7-ca44-47da-9c1d-cc11d7728757/build]   | \n[2e1bf7e7-ca44-47da-9c1d-cc11d7728757/build]   | Description:\n[2e1bf7e7-ca44-47da-9c1d-cc11d7728757/build]   | \n[2e1bf7e7-ca44-47da-9c1d-cc11d7728757/build]   | No docker daemon available. Forgot to install/start docker?\n[2e1bf7e7-ca44-47da-9c1d-cc11d7728757/build]   | \n[2e1bf7e7-ca44-47da-9c1d-cc11d7728757/build]   | Action:\n[2e1bf7e7-ca44-47da-9c1d-cc11d7728757/build]   | \n[2e1bf7e7-ca44-47da-9c1d-cc11d7728757/build]   | Follow the guide: https://docs.docker.com/get-docker/\n[2e1bf7e7-ca44-47da-9c1d-cc11d7728757/build]   | \n[2e1bf7e7-ca44-47da-9c1d-cc11d7728757/build]   | 2023-06-29T14:37:14.305Z ERROR 726 --- [           main] o.s.test.context.TestContextManager      : Caught exception while allowing TestExecutionListener [org.springframework.test.context.support.DependencyInjectionTestExecutionListener] to prepare test instance [io.vividcode.happyride.addressservice.AddressGrpcServiceTest@7ed9499e]\n[2e1bf7e7-ca44-47da-9c1d-cc11d7728757/build]   | \n[2e1bf7e7-ca44-47da-9c1d-cc11d7728757/build]   | java.lang.IllegalStateException: Failed to load ApplicationContext for [MergedContextConfiguration@1f44ddab testClass = io.vividcode.happyride.addressservice.AddressGrpcServiceTest, locations = [], classes = [io.vividcode.happyride.postgres.common.EmbeddedPostgresConfiguration], contextInitializerClasses = [], activeProfiles = [], propertySourceLocations = [], propertySourceProperties = [\"embedded.postgresql.docker-image=postgres:12-alpine\", \"grpc.server.port=8888\", \"grpc.client.addressService.address=localhost:8888\", \"grpc.client.addressService.negotiationType=PLAINTEXT\", \"org.springframework.boot.test.autoconfigure.orm.jpa.DataJpaTestContextBootstrapper=true\"], contextCustomizers = [[ImportsContextCustomizer@5017e1 key = [@org.springframework.boot.test.autoconfigure.orm.jpa.AutoConfigureDataJpa(), @org.springframework.boot.test.autoconfigure.orm.jpa.AutoConfigureTestEntityManager(), @org.springframework.test.context.ContextConfiguration(inheritInitializers=true, loader=org.springframework.test.context.ContextLoader.class, initializers={}, classes={io.vividcode.happyride.postgres.common.EmbeddedPostgresConfiguration.class}, name=\"\", locations={}, value={}, inheritLocations=true), @org.springframework.context.annotation.Import({org.springframework.boot.autoconfigure.ImportAutoConfigurationImportSelector.class}), @org.springframework.boot.autoconfigure.EnableAutoConfiguration(exclude={}, excludeName={}), @org.springframework.boot.autoconfigure.ImportAutoConfiguration(value={}, exclude={}, classes={com.playtika.test.postgresql.EmbeddedPostgreSQLDependenciesAutoConfiguration.class, com.playtika.test.postgresql.EmbeddedPostgreSQLBootstrapConfiguration.class, com.playtika.test.common.spring.EmbeddedContainersShutdownAutoConfiguration.class, net.devh.boot.grpc.server.autoconfigure.GrpcServerAutoConfiguration.class, net.devh.boot.grpc.server.autoconfigure.GrpcServerFactoryAutoConfiguration.class, net.devh.boot.grpc.client.autoconfigure.GrpcClientAutoConfiguration.class}), @org.springframework.aot.hint.annotation.Reflective(value={org.springframework.aot.hint.annotation.SimpleReflectiveProcessor.class}, processors={org.springframework.aot.hint.annotation.SimpleReflectiveProcessor.class}), @org.springframework.boot.test.autoconfigure.jdbc.AutoConfigureTestDatabase(replace=NONE, connection=NONE), @org.springframework.test.annotation.DirtiesContext(methodMode=AFTER_METHOD, hierarchyMode=EXHAUSTIVE, classMode=AFTER_CLASS), @org.springframework.test.context.BootstrapWith(org.springframework.boot.test.autoconfigure.orm.jpa.DataJpaTestContextBootstrapper.class), @org.springframework.context.annotation.Import({org.springframework.boot.autoconfigure.AutoConfigurationImportSelector.class}), @org.springframework.boot.test.autoconfigure.core.AutoConfigureCache(cacheProvider=NONE), @org.springframework.boot.test.autoconfigure.orm.jpa.DataJpaTest(bootstrapMode=DEFAULT, useDefaultFilters=true, excludeFilters={}, showSql=true, excludeAutoConfiguration={}, includeFilters={}, properties={}), @org.springframework.boot.test.autoconfigure.properties.PropertyMapping(value=\"spring.test.database\", skip=NO), @org.springframework.context.annotation.ComponentScan(scopeResolver=org.springframework.context.annotation.AnnotationScopeMetadataResolver.class, lazyInit=false, resourcePattern=\"**/*.class\", useDefaultFilters=true, excludeFilters={}, scopedProxy=DEFAULT, basePackageClasses={io.vividcode.happyride.addressservice.dataaccess.AddressRepository.class, io.vividcode.happyride.addressservice.service.AddressService.class, io.vividcode.happyride.addressservice.grpc.AddressGrpcService.class}, nameGenerator=org.springframework.beans.factory.support.BeanNameGenerator.class, basePackages={}, value={}, includeFilters={}), @org.springframework.test.context.TestPropertySource(locations={}, value={}, inheritProperties=true, properties={\"embedded.postgresql.docker-image=postgres:12-alpine\", \"grpc.server.port=8888\", \"grpc.client.addressService.address=localhost:8888\", \"grpc.client.addressService.negotiationType=PLAINTEXT\"}, inheritLocations=true), @org.springframework.boot.autoconfigure.ImportAutoConfiguration(value={}, exclude={}, classes={}), @org.springframework.boot.test.autoconfigure.jdbc.AutoConfigureTestDatabase(replace=ANY, connection=NONE), @org.springframework.boot.test.autoconfigure.OverrideAutoConfiguration(enabled=false), @org.springframework.boot.autoconfigure.AutoConfigurationPackage(basePackages={}, basePackageClasses={}), @org.springframework.context.annotation.Import({org.springframework.boot.autoconfigure.AutoConfigurationPackages$Registrar.class}), @org.springframework.transaction.annotation.Transactional(propagation=REQUIRED, rollbackForClassName={}, readOnly=false, transactionManager=\"\", isolation=DEFAULT, timeoutString=\"\", label={}, noRollbackFor={}, noRollbackForClassName={}, value=\"\", timeout=-1, rollbackFor={}), @org.springframework.boot.test.autoconfigure.filter.TypeExcludeFilters({org.springframework.boot.test.autoconfigure.orm.jpa.DataJpaTypeExcludeFilter.class})]], org.springframework.boot.test.context.filter.ExcludeFilterContextCustomizer@57a3e26a, org.springframework.boot.test.json.DuplicateJsonObjectContextCustomizerFactory$DuplicateJsonObjectContextCustomizer@2dc9b0f5, org.springframework.boot.test.mock.mockito.MockitoContextCustomizer@0, org.springframework.boot.test.autoconfigure.OverrideAutoConfigurationContextCustomizerFactory$DisableAutoConfigurationContextCustomizer@7c3fdb62, org.springframework.boot.test.autoconfigure.actuate.observability.ObservabilityContextCustomizerFactory$DisableObservabilityContextCustomizer@9da1, org.springframework.boot.test.autoconfigure.filter.TypeExcludeFiltersContextCustomizer@351584c0, org.springframework.boot.test.autoconfigure.properties.PropertyMappingContextCustomizer@4f83aff7, org.springframework.boot.test.autoconfigure.web.servlet.WebDriverContextCustomizerFactory$Customizer@4bd31064, org.springframework.boot.test.context.SpringBootTestAnnotation@50d560e6], contextLoader = org.springframework.boot.test.context.SpringBootContextLoader, parent = null]\n[2e1bf7e7-ca44-47da-9c1d-cc11d7728757/build]   | \tat org.springframework.test.context.cache.DefaultCacheAwareContextLoaderDelegate.loadContext(DefaultCacheAwareContextLoaderDelegate.java:142) ~[spring-test-6.0.3.jar:6.0.3]\n[2e1bf7e7-ca44-47da-9c1d-cc11d7728757/build]   | \tat org.springframework.test.context.support.DefaultTestContext.getApplicationContext(DefaultTestContext.java:127) ~[spring-test-6.0.3.jar:6.0.3]\n[2e1bf7e7-ca44-47da-9c1d-cc11d7728757/build]   | \tat org.springframework.test.context.support.DependencyInjectionTestExecutionListener.injectDependencies(DependencyInjectionTestExecutionListener.java:141) ~[spring-test-6.0.3.jar:6.0.3]\n[2e1bf7e7-ca44-47da-9c1d-cc11d7728757/build]   | \tat org.springframework.test.context.support.DependencyInjectionTestExecutionListener.prepareTestInstance(DependencyInjectionTestExecutionListener.java:97) ~[spring-test-6.0.3.jar:6.0.3]\n[2e1bf7e7-ca44-47da-9c1d-cc11d7728757/build]   | \tat org.springframework.test.context.TestContextManager.prepareTestInstance(TestContextManager.java:241) ~[spring-test-6.0.3.jar:6.0.3]\n[2e1bf7e7-ca44-47da-9c1d-cc11d7728757/build]   | \tat org.springframework.test.context.junit.jupiter.SpringExtension.postProcessTestInstance(SpringExtension.java:138) ~[spring-test-6.0.3.jar:6.0.3]\n[2e1bf7e7-ca44-47da-9c1d-cc11d7728757/build]   | \tat org.junit.jupiter.engine.descriptor.ClassBasedTestDescriptor.lambda$invokeTestInstancePostProcessors$10(ClassBasedTestDescriptor.java:377) ~[junit-jupiter-engine-5.9.1.jar:5.9.1]\n[2e1bf7e7-ca44-47da-9c1d-cc11d7728757/build]   | \tat org.junit.jupiter.engine.descriptor.ClassBasedTestDescriptor.executeAndMaskThrowable(ClassBasedTestDescriptor.java:382) ~[junit-jupiter-engine-5.9.1.jar:5.9.1]\n[2e1bf7e7-ca44-47da-9c1d-cc11d7728757/build]   | \tat org.junit.jupiter.engine.descriptor.ClassBasedTestDescriptor.lambda$invokeTestInstancePostProcessors$11(ClassBasedTestDescriptor.java:377) ~[junit-jupiter-engine-5.9.1.jar:5.9.1]\n[2e1bf7e7-ca44-47da-9c1d-cc11d7728757/build]   | \tat java.base/java.util.stream.ReferencePipeline$3$1.accept(ReferencePipeline.java:197) ~[na:na]\n[2e1bf7e7-ca44-47da-9c1d-cc11d7728757/build]   | \tat java.base/java.util.stream.ReferencePipeline$2$1.accept(ReferencePipeline.java:179) ~[na:na]\n[2e1bf7e7-ca44-47da-9c1d-cc11d7728757/build]   | \tat java.base/java.util.ArrayList$ArrayListSpliterator.forEachRemaining(ArrayList.java:1625) ~[na:na]\n[2e1bf7e7-ca44-47da-9c1d-cc11d7728757/build]   | \tat java.base/java.util.stream.AbstractPipeline.copyInto(AbstractPipeline.java:509) ~[na:na]\n[2e1bf7e7-ca44-47da-9c1d-cc11d7728757/build]   | \tat java.base/java.util.stream.AbstractPipeline.wrapAndCopyInto(AbstractPipeline.java:499) ~[na:na]\n[2e1bf7e7-ca44-47da-9c1d-cc11d7728757/build]   | \tat java.base/java.util.stream.StreamSpliterators$WrappingSpliterator.forEachRemaining(StreamSpliterators.java:310) ~[na:na]\n[2e1bf7e7-ca44-47da-9c1d-cc11d7728757/build]   | \tat java.base/java.util.stream.Streams$ConcatSpliterator.forEachRemaining(Streams.java:735) ~[na:na]\n[2e1bf7e7-ca44-47da-9c1d-cc11d7728757/build]   | \tat java.base/java.util.stream.Streams$ConcatSpliterator.forEachRemaining(Streams.java:734) ~[na:na]\n[2e1bf7e7-ca44-47da-9c1d-cc11d7728757/build]   | \tat java.base/java.util.stream.ReferencePipeline$Head.forEach(ReferencePipeline.java:762) ~[na:na]\n[2e1bf7e7-ca44-47da-9c1d-cc11d7728757/build]   | \tat org.junit.jupiter.engine.descriptor.ClassBasedTestDescriptor.invokeTestInstancePostProcessors(ClassBasedTestDescriptor.java:376) ~[junit-jupiter-engine-5.9.1.jar:5.9.1]\n[2e1bf7e7-ca44-47da-9c1d-cc11d7728757/build]   | \tat org.junit.jupiter.engine.descriptor.ClassBasedTestDescriptor.lambda$instantiateAndPostProcessTestInstance$6(ClassBasedTestDescriptor.java:289) ~[junit-jupiter-engine-5.9.1.jar:5.9.1]\n[2e1bf7e7-ca44-47da-9c1d-cc11d7728757/build]   | \tat org.junit.platform.engine.support.hierarchical.ThrowableCollector.execute(ThrowableCollector.java:73) ~[junit-platform-engine-1.9.1.jar:1.9.1]\n[2e1bf7e7-ca44-47da-9c1d-cc11d7728757/build]   | \tat org.junit.jupiter.engine.descriptor.ClassBasedTestDescriptor.instantiateAndPostProcessTestInstance(ClassBasedTestDescriptor.java:288) ~[junit-jupiter-engine-5.9.1.jar:5.9.1]\n[2e1bf7e7-ca44-47da-9c1d-cc11d7728757/build]   | \tat org.junit.jupiter.engine.descriptor.ClassBasedTestDescriptor.lambda$testInstancesProvider$4(ClassBasedTestDescriptor.java:278) ~[junit-jupiter-engine-5.9.1.jar:5.9.1]\n[2e1bf7e7-ca44-47da-9c1d-cc11d7728757/build]   | \tat java.base/java.util.Optional.orElseGet(Optional.java:364) ~[na:na]\n[2e1bf7e7-ca44-47da-9c1d-cc11d7728757/build]   | \tat org.junit.jupiter.engine.descriptor.ClassBasedTestDescriptor.lambda$testInstancesProvider$5(ClassBasedTestDescriptor.java:277) ~[junit-jupiter-engine-5.9.1.jar:5.9.1]\n[2e1bf7e7-ca44-47da-9c1d-cc11d7728757/build]   | \tat org.junit.jupiter.engine.execution.TestInstancesProvider.getTestInstances(TestInstancesProvider.java:31) ~[junit-jupiter-engine-5.9.1.jar:5.9.1]\n[2e1bf7e7-ca44-47da-9c1d-cc11d7728757/build]   | \tat org.junit.jupiter.engine.descriptor.TestMethodTestDescriptor.lambda$prepare$0(TestMethodTestDescriptor.java:105) ~[junit-jupiter-engine-5.9.1.jar:5.9.1]\n[2e1bf7e7-ca44-47da-9c1d-cc11d7728757/build]   | \tat org.junit.platform.engine.support.hierarchical.ThrowableCollector.execute(ThrowableCollector.java:73) ~[junit-platform-engine-1.9.1.jar:1.9.1]\n[2e1bf7e7-ca44-47da-9c1d-cc11d7728757/build]   | \tat org.junit.jupiter.engine.descriptor.TestMethodTestDescriptor.prepare(TestMethodTestDescriptor.java:104) ~[junit-jupiter-engine-5.9.1.jar:5.9.1]\n[2e1bf7e7-ca44-47da-9c1d-cc11d7728757/build]   | \tat org.junit.jupiter.engine.descriptor.TestMethodTestDescriptor.prepare(TestMethodTestDescriptor.java:68) ~[junit-jupiter-engine-5.9.1.jar:5.9.1]\n[2e1bf7e7-ca44-47da-9c1d-cc11d7728757/build]   | \tat org.junit.platform.engine.support.hierarchical.NodeTestTask.lambda$prepare$2(NodeTestTask.java:123) ~[junit-platform-engine-1.9.1.jar:1.9.1]\n[2e1bf7e7-ca44-47da-9c1d-cc11d7728757/build]   | \tat org.junit.platform.engine.support.hierarchical.ThrowableCollector.execute(ThrowableCollector.java:73) ~[junit-platform-engine-1.9.1.jar:1.9.1]\n[2e1bf7e7-ca44-47da-9c1d-cc11d7728757/build]   | \tat org.junit.platform.engine.support.hierarchical.NodeTestTask.prepare(NodeTestTask.java:123) ~[junit-platform-engine-1.9.1.jar:1.9.1]\n[2e1bf7e7-ca44-47da-9c1d-cc11d7728757/build]   | \tat org.junit.platform.engine.support.hierarchical.NodeTestTask.execute(NodeTestTask.java:90) ~[junit-platform-engine-1.9.1.jar:1.9.1]\n[2e1bf7e7-ca44-47da-9c1d-cc11d7728757/build]   | \tat java.base/java.util.ArrayList.forEach(ArrayList.java:1511) ~[na:na]\n[2e1bf7e7-ca44-47da-9c1d-cc11d7728757/build]   | \tat org.junit.platform.engine.support.hierarchical.SameThreadHierarchicalTestExecutorService.invokeAll(SameThreadHierarchicalTestExecutorService.java:41) ~[junit-platform-engine-1.9.1.jar:1.9.1]\n[2e1bf7e7-ca44-47da-9c1d-cc11d7728757/build]   | \tat org.junit.platform.engine.support.hierarchical.NodeTestTask.lambda$executeRecursively$6(NodeTestTask.java:155) ~[junit-platform-engine-1.9.1.jar:1.9.1]\n[2e1bf7e7-ca44-47da-9c1d-cc11d7728757/build]   | \tat org.junit.platform.engine.support.hierarchical.ThrowableCollector.execute(ThrowableCollector.java:73) ~[junit-platform-engine-1.9.1.jar:1.9.1]\n[2e1bf7e7-ca44-47da-9c1d-cc11d7728757/build]   | \tat org.junit.platform.engine.support.hierarchical.NodeTestTask.lambda$executeRecursively$8(NodeTestTask.java:141) ~[junit-platform-engine-1.9.1.jar:1.9.1]\n[2e1bf7e7-ca44-47da-9c1d-cc11d7728757/build]   | \tat org.junit.platform.engine.support.hierarchical.Node.around(Node.java:137) ~[junit-platform-engine-1.9.1.jar:1.9.1]\n[2e1bf7e7-ca44-47da-9c1d-cc11d7728757/build]   | \tat org.junit.platform.engine.support.hierarchical.NodeTestTask.lambda$executeRecursively$9(NodeTestTask.java:139) ~[junit-platform-engine-1.9.1.jar:1.9.1]\n[2e1bf7e7-ca44-47da-9c1d-cc11d7728757/build]   | \tat org.junit.platform.engine.support.hierarchical.ThrowableCollector.execute(ThrowableCollector.java:73) ~[junit-platform-engine-1.9.1.jar:1.9.1]\n[2e1bf7e7-ca44-47da-9c1d-cc11d7728757/build]   | \tat org.junit.platform.engine.support.hierarchical.NodeTestTask.executeRecursively(NodeTestTask.java:138) ~[junit-platform-engine-1.9.1.jar:1.9.1]\n[2e1bf7e7-ca44-47da-9c1d-cc11d7728757/build]   | \tat org.junit.platform.engine.support.hierarchical.NodeTestTask.execute(NodeTestTask.java:95) ~[junit-platform-engine-1.9.1.jar:1.9.1]\n[2e1bf7e7-ca44-47da-9c1d-cc11d7728757/build]   | \tat java.base/java.util.ArrayList.forEach(ArrayList.java:1511) ~[na:na]\n[2e1bf7e7-ca44-47da-9c1d-cc11d7728757/build]   | \tat org.junit.platform.engine.support.hierarchical.SameThreadHierarchicalTestExecutorService.invokeAll(SameThreadHierarchicalTestExecutorService.java:41) ~[junit-platform-engine-1.9.1.jar:1.9.1]\n[2e1bf7e7-ca44-47da-9c1d-cc11d7728757/build]   | \tat org.junit.platform.engine.support.hierarchical.NodeTestTask.lambda$executeRecursively$6(NodeTestTask.java:155) ~[junit-platform-engine-1.9.1.jar:1.9.1]\n[2e1bf7e7-ca44-47da-9c1d-cc11d7728757/build]   | \tat org.junit.platform.engine.support.hierarchical.ThrowableCollector.execute(ThrowableCollector.java:73) ~[junit-platform-engine-1.9.1.jar:1.9.1]\n[2e1bf7e7-ca44-47da-9c1d-cc11d7728757/build]   | \tat org.junit.platform.engine.support.hierarchical.NodeTestTask.lambda$executeRecursively$8(NodeTestTask.java:141) ~[junit-platform-engine-1.9.1.jar:1.9.1]\n[2e1bf7e7-ca44-47da-9c1d-cc11d7728757/build]   | \tat org.junit.platform.engine.support.hierarchical.Node.around(Node.java:137) ~[junit-platform-engine-1.9.1.jar:1.9.1]\n[2e1bf7e7-ca44-47da-9c1d-cc11d7728757/build]   | \tat org.junit.platform.engine.support.hierarchical.NodeTestTask.lambda$executeRecursively$9(NodeTestTask.java:139) ~[junit-platform-engine-1.9.1.jar:1.9.1]\n[2e1bf7e7-ca44-47da-9c1d-cc11d7728757/build]   | \tat org.junit.platform.engine.support.hierarchical.ThrowableCollector.execute(ThrowableCollector.java:73) ~[junit-platform-engine-1.9.1.jar:1.9.1]\n[2e1bf7e7-ca44-47da-9c1d-cc11d7728757/build]   | \tat org.junit.platform.engine.support.hierarchical.NodeTestTask.executeRecursively(NodeTestTask.java:138) ~[junit-platform-engine-1.9.1.jar:1.9.1]\n[2e1bf7e7-ca44-47da-9c1d-cc11d7728757/build]   | \tat org.junit.platform.engine.support.hierarchical.NodeTestTask.execute(NodeTestTask.java:95) ~[junit-platform-engine-1.9.1.jar:1.9.1]\n[2e1bf7e7-ca44-47da-9c1d-cc11d7728757/build]   | \tat org.junit.platform.engine.support.hierarchical.SameThreadHierarchicalTestExecutorService.submit(SameThreadHierarchicalTestExecutorService.java:35) ~[junit-platform-engine-1.9.1.jar:1.9.1]\n[2e1bf7e7-ca44-47da-9c1d-cc11d7728757/build]   | \tat org.junit.platform.engine.support.hierarchical.HierarchicalTestExecutor.execute(HierarchicalTestExecutor.java:57) ~[junit-platform-engine-1.9.1.jar:1.9.1]\n[2e1bf7e7-ca44-47da-9c1d-cc11d7728757/build]   | \tat org.junit.platform.engine.support.hierarchical.HierarchicalTestEngine.execute(HierarchicalTestEngine.java:54) ~[junit-platform-engine-1.9.1.jar:1.9.1]\n[2e1bf7e7-ca44-47da-9c1d-cc11d7728757/build]   | \tat org.junit.platform.launcher.core.DefaultLauncher.execute(DefaultLauncher.java:220) ~[junit-platform-launcher-1.3.1.jar:1.3.1]\n[2e1bf7e7-ca44-47da-9c1d-cc11d7728757/build]   | \tat org.junit.platform.launcher.core.DefaultLauncher.lambda$execute$6(DefaultLauncher.java:188) ~[junit-platform-launcher-1.3.1.jar:1.3.1]\n[2e1bf7e7-ca44-47da-9c1d-cc11d7728757/build]   | \tat org.junit.platform.launcher.core.DefaultLauncher.withInterceptedStreams(DefaultLauncher.java:202) ~[junit-platform-launcher-1.3.1.jar:1.3.1]\n[2e1bf7e7-ca44-47da-9c1d-cc11d7728757/build]   | \tat org.junit.platform.launcher.core.DefaultLauncher.execute(DefaultLauncher.java:181) ~[junit-platform-launcher-1.3.1.jar:1.3.1]\n[2e1bf7e7-ca44-47da-9c1d-cc11d7728757/build]   | \tat org.junit.platform.launcher.core.DefaultLauncher.execute(DefaultLauncher.java:128) ~[junit-platform-launcher-1.3.1.jar:1.3.1]\n[2e1bf7e7-ca44-47da-9c1d-cc11d7728757/build]   | \tat org.apache.maven.surefire.junitplatform.JUnitPlatformProvider.invokeAllTests(JUnitPlatformProvider.java:150) ~[surefire-junit-platform-2.22.2.jar:2.22.2]\n[2e1bf7e7-ca44-47da-9c1d-cc11d7728757/build]   | \tat org.apache.maven.surefire.junitplatform.JUnitPlatformProvider.invoke(JUnitPlatformProvider.java:124) ~[surefire-junit-platform-2.22.2.jar:2.22.2]\n[2e1bf7e7-ca44-47da-9c1d-cc11d7728757/build]   | \tat org.apache.maven.surefire.booter.ForkedBooter.invokeProviderInSameClassLoader(ForkedBooter.java:384) ~[surefire-booter-2.22.2.jar:2.22.2]\n[2e1bf7e7-ca44-47da-9c1d-cc11d7728757/build]   | \tat org.apache.maven.surefire.booter.ForkedBooter.runSuitesInProcess(ForkedBooter.java:345) ~[surefire-booter-2.22.2.jar:2.22.2]\n[2e1bf7e7-ca44-47da-9c1d-cc11d7728757/build]   | \tat org.apache.maven.surefire.booter.ForkedBooter.execute(ForkedBooter.java:126) ~[surefire-booter-2.22.2.jar:2.22.2]\n[2e1bf7e7-ca44-47da-9c1d-cc11d7728757/build]   | \tat org.apache.maven.surefire.booter.ForkedBooter.main(ForkedBooter.java:418) ~[surefire-booter-2.22.2.jar:2.22.2]\n[2e1bf7e7-ca44-47da-9c1d-cc11d7728757/build]   | Caused by: org.springframework.beans.factory.BeanCreationException: Error creating bean with name 'dockerPresenceMarker' defined in class path resource [com/playtika/test/common/spring/DockerPresenceBootstrapConfiguration.class]: Failed to instantiate [com.playtika.test.common.spring.DockerPresenceMarker]: Factory method 'dockerPresenceMarker' threw exception with message: Docker must be present in order for testcontainers to work properly!\n[2e1bf7e7-ca44-47da-9c1d-cc11d7728757/build]   | \tat org.springframework.beans.factory.support.ConstructorResolver.instantiate(ConstructorResolver.java:657) ~[spring-beans-6.0.3.jar:6.0.3]\n[2e1bf7e7-ca44-47da-9c1d-cc11d7728757/build]   | \tat org.springframework.beans.factory.support.ConstructorResolver.instantiateUsingFactoryMethod(ConstructorResolver.java:491) ~[spring-beans-6.0.3.jar:6.0.3]\n[2e1bf7e7-ca44-47da-9c1d-cc11d7728757/build]   | \tat org.springframework.beans.factory.support.AbstractAutowireCapableBeanFactory.instantiateUsingFactoryMethod(AbstractAutowireCapableBeanFactory.java:1324) ~[spring-beans-6.0.3.jar:6.0.3]\n[2e1bf7e7-ca44-47da-9c1d-cc11d7728757/build]   | \tat org.springframework.beans.factory.support.AbstractAutowireCapableBeanFactory.createBeanInstance(AbstractAutowireCapableBeanFactory.java:1161) ~[spring-beans-6.0.3.jar:6.0.3]\n[2e1bf7e7-ca44-47da-9c1d-cc11d7728757/build]   | \tat org.springframework.beans.factory.support.AbstractAutowireCapableBeanFactory.doCreateBean(AbstractAutowireCapableBeanFactory.java:561) ~[spring-beans-6.0.3.jar:6.0.3]\n[2e1bf7e7-ca44-47da-9c1d-cc11d7728757/build]   | \tat org.springframework.beans.factory.support.AbstractAutowireCapableBeanFactory.createBean(AbstractAutowireCapableBeanFactory.java:521) ~[spring-beans-6.0.3.jar:6.0.3]\n[2e1bf7e7-ca44-47da-9c1d-cc11d7728757/build]   | \tat org.springframework.beans.factory.support.AbstractBeanFactory.lambda$doGetBean$0(AbstractBeanFactory.java:326) ~[spring-beans-6.0.3.jar:6.0.3]\n[2e1bf7e7-ca44-47da-9c1d-cc11d7728757/build]   | \tat org.springframework.beans.factory.support.DefaultSingletonBeanRegistry.getSingleton(DefaultSingletonBeanRegistry.java:234) ~[spring-beans-6.0.3.jar:6.0.3]\n[2e1bf7e7-ca44-47da-9c1d-cc11d7728757/build]   | \tat org.springframework.beans.factory.support.AbstractBeanFactory.doGetBean(AbstractBeanFactory.java:324) ~[spring-beans-6.0.3.jar:6.0.3]\n[2e1bf7e7-ca44-47da-9c1d-cc11d7728757/build]   | \tat org.springframework.beans.factory.support.AbstractBeanFactory.getBean(AbstractBeanFactory.java:200) ~[spring-beans-6.0.3.jar:6.0.3]\n[2e1bf7e7-ca44-47da-9c1d-cc11d7728757/build]   | \tat org.springframework.beans.factory.support.AbstractBeanFactory.doGetBean(AbstractBeanFactory.java:313) ~[spring-beans-6.0.3.jar:6.0.3]\n[2e1bf7e7-ca44-47da-9c1d-cc11d7728757/build]   | \tat org.springframework.beans.factory.support.AbstractBeanFactory.getBean(AbstractBeanFactory.java:200) ~[spring-beans-6.0.3.jar:6.0.3]\n[2e1bf7e7-ca44-47da-9c1d-cc11d7728757/build]   | \tat org.springframework.beans.factory.support.DefaultListableBeanFactory.preInstantiateSingletons(DefaultListableBeanFactory.java:961) ~[spring-beans-6.0.3.jar:6.0.3]\n[2e1bf7e7-ca44-47da-9c1d-cc11d7728757/build]   | \tat org.springframework.context.support.AbstractApplicationContext.finishBeanFactoryInitialization(AbstractApplicationContext.java:915) ~[spring-context-6.0.3.jar:6.0.3]\n[2e1bf7e7-ca44-47da-9c1d-cc11d7728757/build]   | \tat org.springframework.context.support.AbstractApplicationContext.refresh(AbstractApplicationContext.java:584) ~[spring-context-6.0.3.jar:6.0.3]\n[2e1bf7e7-ca44-47da-9c1d-cc11d7728757/build]   | \tat org.springframework.boot.SpringApplication.refresh(SpringApplication.java:730) ~[spring-boot-3.0.1.jar:3.0.1]\n[2e1bf7e7-ca44-47da-9c1d-cc11d7728757/build]   | \tat org.springframework.boot.SpringApplication.refreshContext(SpringApplication.java:432) ~[spring-boot-3.0.1.jar:3.0.1]\n[2e1bf7e7-ca44-47da-9c1d-cc11d7728757/build]   | \tat org.springframework.boot.SpringApplication.run(SpringApplication.java:308) ~[spring-boot-3.0.1.jar:3.0.1]\n[2e1bf7e7-ca44-47da-9c1d-cc11d7728757/build]   | \tat org.springframework.boot.builder.SpringApplicationBuilder.run(SpringApplicationBuilder.java:150) ~[spring-boot-3.0.1.jar:3.0.1]\n[2e1bf7e7-ca44-47da-9c1d-cc11d7728757/build]   | \tat org.springframework.cloud.bootstrap.BootstrapApplicationListener.bootstrapServiceContext(BootstrapApplicationListener.java:195) ~[spring-cloud-context-3.1.5.jar:3.1.5]\n[2e1bf7e7-ca44-47da-9c1d-cc11d7728757/build]   | \tat org.springframework.cloud.bootstrap.BootstrapApplicationListener.onApplicationEvent(BootstrapApplicationListener.java:114) ~[spring-cloud-context-3.1.5.jar:3.1.5]\n[2e1bf7e7-ca44-47da-9c1d-cc11d7728757/build]   | \tat org.springframework.cloud.bootstrap.BootstrapApplicationListener.onApplicationEvent(BootstrapApplicationListener.java:77) ~[spring-cloud-context-3.1.5.jar:3.1.5]\n[2e1bf7e7-ca44-47da-9c1d-cc11d7728757/build]   | \tat org.springframework.context.event.SimpleApplicationEventMulticaster.doInvokeListener(SimpleApplicationEventMulticaster.java:176) ~[spring-context-6.0.3.jar:6.0.3]\n[2e1bf7e7-ca44-47da-9c1d-cc11d7728757/build]   | \tat org.springframework.context.event.SimpleApplicationEventMulticaster.invokeListener(SimpleApplicationEventMulticaster.java:169) ~[spring-context-6.0.3.jar:6.0.3]\n[2e1bf7e7-ca44-47da-9c1d-cc11d7728757/build]   | \tat org.springframework.context.event.SimpleApplicationEventMulticaster.multicastEvent(SimpleApplicationEventMulticaster.java:143) ~[spring-context-6.0.3.jar:6.0.3]\n[2e1bf7e7-ca44-47da-9c1d-cc11d7728757/build]   | \tat org.springframework.context.event.SimpleApplicationEventMulticaster.multicastEvent(SimpleApplicationEventMulticaster.java:131) ~[spring-context-6.0.3.jar:6.0.3]\n[2e1bf7e7-ca44-47da-9c1d-cc11d7728757/build]   | \tat org.springframework.boot.context.event.EventPublishingRunListener.multicastInitialEvent(EventPublishingRunListener.java:136) ~[spring-boot-3.0.1.jar:3.0.1]\n[2e1bf7e7-ca44-47da-9c1d-cc11d7728757/build]   | \tat org.springframework.boot.context.event.EventPublishingRunListener.environmentPrepared(EventPublishingRunListener.java:81) ~[spring-boot-3.0.1.jar:3.0.1]\n[2e1bf7e7-ca44-47da-9c1d-cc11d7728757/build]   | \tat org.springframework.boot.SpringApplicationRunListeners.lambda$environmentPrepared$2(SpringApplicationRunListeners.java:64) ~[spring-boot-3.0.1.jar:3.0.1]\n[2e1bf7e7-ca44-47da-9c1d-cc11d7728757/build]   | \tat java.base/java.lang.Iterable.forEach(Iterable.java:75) ~[na:na]\n[2e1bf7e7-ca44-47da-9c1d-cc11d7728757/build]   | \tat org.springframework.boot.SpringApplicationRunListeners.doWithListeners(SpringApplicationRunListeners.java:118) ~[spring-boot-3.0.1.jar:3.0.1]\n[2e1bf7e7-ca44-47da-9c1d-cc11d7728757/build]   | \tat org.springframework.boot.SpringApplicationRunListeners.doWithListeners(SpringApplicationRunListeners.java:112) ~[spring-boot-3.0.1.jar:3.0.1]\n[2e1bf7e7-ca44-47da-9c1d-cc11d7728757/build]   | \tat org.springframework.boot.SpringApplicationRunListeners.environmentPrepared(SpringApplicationRunListeners.java:63) ~[spring-boot-3.0.1.jar:3.0.1]\n[2e1bf7e7-ca44-47da-9c1d-cc11d7728757/build]   | \tat org.springframework.boot.SpringApplication.prepareEnvironment(SpringApplication.java:352) ~[spring-boot-3.0.1.jar:3.0.1]\n[2e1bf7e7-ca44-47da-9c1d-cc11d7728757/build]   | \tat org.springframework.boot.SpringApplication.run(SpringApplication.java:303) ~[spring-boot-3.0.1.jar:3.0.1]\n[2e1bf7e7-ca44-47da-9c1d-cc11d7728757/build]   | \tat org.springframework.boot.test.context.SpringBootContextLoader.lambda$loadContext$3(SpringBootContextLoader.java:137) ~[spring-boot-test-3.0.1.jar:3.0.1]\n[2e1bf7e7-ca44-47da-9c1d-cc11d7728757/build]   | \tat org.springframework.util.function.ThrowingSupplier.get(ThrowingSupplier.java:59) ~[spring-core-6.0.3.jar:6.0.3]\n[2e1bf7e7-ca44-47da-9c1d-cc11d7728757/build]   | \tat org.springframework.util.function.ThrowingSupplier.get(ThrowingSupplier.java:47) ~[spring-core-6.0.3.jar:6.0.3]\n[2e1bf7e7-ca44-47da-9c1d-cc11d7728757/build]   | \tat org.springframework.boot.SpringApplication.withHook(SpringApplication.java:1386) ~[spring-boot-3.0.1.jar:3.0.1]\n[2e1bf7e7-ca44-47da-9c1d-cc11d7728757/build]   | \tat org.springframework.boot.test.context.SpringBootContextLoader$ContextLoaderHook.run(SpringBootContextLoader.java:543) ~[spring-boot-test-3.0.1.jar:3.0.1]\n[2e1bf7e7-ca44-47da-9c1d-cc11d7728757/build]   | \tat org.springframework.boot.test.context.SpringBootContextLoader.loadContext(SpringBootContextLoader.java:137) ~[spring-boot-test-3.0.1.jar:3.0.1]\n[2e1bf7e7-ca44-47da-9c1d-cc11d7728757/build]   | \tat org.springframework.boot.test.context.SpringBootContextLoader.loadContext(SpringBootContextLoader.java:108) ~[spring-boot-test-3.0.1.jar:3.0.1]\n[2e1bf7e7-ca44-47da-9c1d-cc11d7728757/build]   | \tat org.springframework.test.context.cache.DefaultCacheAwareContextLoaderDelegate.loadContextInternal(DefaultCacheAwareContextLoaderDelegate.java:184) ~[spring-test-6.0.3.jar:6.0.3]\n[2e1bf7e7-ca44-47da-9c1d-cc11d7728757/build]   | \tat org.springframework.test.context.cache.DefaultCacheAwareContextLoaderDelegate.loadContext(DefaultCacheAwareContextLoaderDelegate.java:118) ~[spring-test-6.0.3.jar:6.0.3]\n[2e1bf7e7-ca44-47da-9c1d-cc11d7728757/build]   | \t... 67 common frames omitted\n[2e1bf7e7-ca44-47da-9c1d-cc11d7728757/build]   | Caused by: org.springframework.beans.BeanInstantiationException: Failed to instantiate [com.playtika.test.common.spring.DockerPresenceMarker]: Factory method 'dockerPresenceMarker' threw exception with message: Docker must be present in order for testcontainers to work properly!\n[2e1bf7e7-ca44-47da-9c1d-cc11d7728757/build]   | \tat org.springframework.beans.factory.support.SimpleInstantiationStrategy.instantiate(SimpleInstantiationStrategy.java:171) ~[spring-beans-6.0.3.jar:6.0.3]\n[2e1bf7e7-ca44-47da-9c1d-cc11d7728757/build]   | \tat org.springframework.beans.factory.support.ConstructorResolver.instantiate(ConstructorResolver.java:653) ~[spring-beans-6.0.3.jar:6.0.3]\n[2e1bf7e7-ca44-47da-9c1d-cc11d7728757/build]   | \t... 110 common frames omitted\n[2e1bf7e7-ca44-47da-9c1d-cc11d7728757/build]   | Caused by: com.playtika.test.common.spring.DockerNotPresentException: Docker must be present in order for testcontainers to work properly!\n[2e1bf7e7-ca44-47da-9c1d-cc11d7728757/build]   | \tat com.playtika.test.common.spring.DockerPresenceMarker.<init>(DockerPresenceMarker.java:12) ~[testcontainers-common-2.2.14.jar:na]\n[2e1bf7e7-ca44-47da-9c1d-cc11d7728757/build]   | \tat com.playtika.test.common.spring.DockerPresenceBootstrapConfiguration.dockerPresenceMarker(DockerPresenceBootstrapConfiguration.java:21) ~[testcontainers-common-2.2.14.jar:na]\n[2e1bf7e7-ca44-47da-9c1d-cc11d7728757/build]   | \tat com.playtika.test.common.spring.DockerPresenceBootstrapConfiguration$$SpringCGLIB$$0.CGLIB$dockerPresenceMarker$0(<generated>) ~[testcontainers-common-2.2.14.jar:na]\n[2e1bf7e7-ca44-47da-9c1d-cc11d7728757/build]   | \tat com.playtika.test.common.spring.DockerPresenceBootstrapConfiguration$$SpringCGLIB$$2.invoke(<generated>) ~[testcontainers-common-2.2.14.jar:na]\n[2e1bf7e7-ca44-47da-9c1d-cc11d7728757/build]   | \tat org.springframework.cglib.proxy.MethodProxy.invokeSuper(MethodProxy.java:258) ~[spring-core-6.0.3.jar:6.0.3]\n[2e1bf7e7-ca44-47da-9c1d-cc11d7728757/build]   | \tat org.springframework.context.annotation.ConfigurationClassEnhancer$BeanMethodInterceptor.intercept(ConfigurationClassEnhancer.java:331) ~[spring-context-6.0.3.jar:6.0.3]\n[2e1bf7e7-ca44-47da-9c1d-cc11d7728757/build]   | \tat com.playtika.test.common.spring.DockerPresenceBootstrapConfiguration$$SpringCGLIB$$0.dockerPresenceMarker(<generated>) ~[testcontainers-common-2.2.14.jar:na]\n[2e1bf7e7-ca44-47da-9c1d-cc11d7728757/build]   | \tat java.base/jdk.internal.reflect.NativeMethodAccessorImpl.invoke0(Native Method) ~[na:na]\n[2e1bf7e7-ca44-47da-9c1d-cc11d7728757/build]   | \tat java.base/jdk.internal.reflect.NativeMethodAccessorImpl.invoke(NativeMethodAccessorImpl.java:77) ~[na:na]\n[2e1bf7e7-ca44-47da-9c1d-cc11d7728757/build]   | \tat java.base/jdk.internal.reflect.DelegatingMethodAccessorImpl.invoke(DelegatingMethodAccessorImpl.java:43) ~[na:na]\n[2e1bf7e7-ca44-47da-9c1d-cc11d7728757/build]   | \tat java.base/java.lang.reflect.Method.invoke(Method.java:568) ~[na:na]\n[2e1bf7e7-ca44-47da-9c1d-cc11d7728757/build]   | \tat org.springframework.beans.factory.support.SimpleInstantiationStrategy.instantiate(SimpleInstantiationStrategy.java:139) ~[spring-beans-6.0.3.jar:6.0.3]\n[2e1bf7e7-ca44-47da-9c1d-cc11d7728757/build]   | \t... 111 common frames omitted\n[2e1bf7e7-ca44-47da-9c1d-cc11d7728757/build]   | \n[2e1bf7e7-ca44-47da-9c1d-cc11d7728757/build]   | [ERROR] Tests run: 1, Failures: 0, Errors: 1, Skipped: 0, Time elapsed: 2.01 s <<< FAILURE! - in io.vividcode.happyride.addressservice.AddressGrpcServiceTest\n[2e1bf7e7-ca44-47da-9c1d-cc11d7728757/build]   | [ERROR] testSearchAddress  Time elapsed: 0.013 s  <<< ERROR!\n[2e1bf7e7-ca44-47da-9c1d-cc11d7728757/build]   | java.lang.IllegalStateException: Failed to load ApplicationContext for [MergedContextConfiguration@1f44ddab testClass = io.vividcode.happyride.addressservice.AddressGrpcServiceTest, locations = [], classes = [io.vividcode.happyride.postgres.common.EmbeddedPostgresConfiguration], contextInitializerClasses = [], activeProfiles = [], propertySourceLocations = [], propertySourceProperties = [\"embedded.postgresql.docker-image=postgres:12-alpine\", \"grpc.server.port=8888\", \"grpc.client.addressService.address=localhost:8888\", \"grpc.client.addressService.negotiationType=PLAINTEXT\", \"org.springframework.boot.test.autoconfigure.orm.jpa.DataJpaTestContextBootstrapper=true\"], contextCustomizers = [[ImportsContextCustomizer@5017e1 key = [@org.springframework.boot.test.autoconfigure.orm.jpa.AutoConfigureDataJpa(), @org.springframework.boot.test.autoconfigure.orm.jpa.AutoConfigureTestEntityManager(), @org.springframework.test.context.ContextConfiguration(inheritInitializers=true, loader=org.springframework.test.context.ContextLoader.class, initializers={}, classes={io.vividcode.happyride.postgres.common.EmbeddedPostgresConfiguration.class}, name=\"\", locations={}, value={}, inheritLocations=true), @org.springframework.context.annotation.Import({org.springframework.boot.autoconfigure.ImportAutoConfigurationImportSelector.class}), @org.springframework.boot.autoconfigure.EnableAutoConfiguration(exclude={}, excludeName={}), @org.springframework.boot.autoconfigure.ImportAutoConfiguration(value={}, exclude={}, classes={com.playtika.test.postgresql.EmbeddedPostgreSQLDependenciesAutoConfiguration.class, com.playtika.test.postgresql.EmbeddedPostgreSQLBootstrapConfiguration.class, com.playtika.test.common.spring.EmbeddedContainersShutdownAutoConfiguration.class, net.devh.boot.grpc.server.autoconfigure.GrpcServerAutoConfiguration.class, net.devh.boot.grpc.server.autoconfigure.GrpcServerFactoryAutoConfiguration.class, net.devh.boot.grpc.client.autoconfigure.GrpcClientAutoConfiguration.class}), @org.springframework.aot.hint.annotation.Reflective(value={org.springframework.aot.hint.annotation.SimpleReflectiveProcessor.class}, processors={org.springframework.aot.hint.annotation.SimpleReflectiveProcessor.class}), @org.springframework.boot.test.autoconfigure.jdbc.AutoConfigureTestDatabase(replace=NONE, connection=NONE), @org.springframework.test.annotation.DirtiesContext(methodMode=AFTER_METHOD, hierarchyMode=EXHAUSTIVE, classMode=AFTER_CLASS), @org.springframework.test.context.BootstrapWith(org.springframework.boot.test.autoconfigure.orm.jpa.DataJpaTestContextBootstrapper.class), @org.springframework.context.annotation.Import({org.springframework.boot.autoconfigure.AutoConfigurationImportSelector.class}), @org.springframework.boot.test.autoconfigure.core.AutoConfigureCache(cacheProvider=NONE), @org.springframework.boot.test.autoconfigure.orm.jpa.DataJpaTest(bootstrapMode=DEFAULT, useDefaultFilters=true, excludeFilters={}, showSql=true, excludeAutoConfiguration={}, includeFilters={}, properties={}), @org.springframework.boot.test.autoconfigure.properties.PropertyMapping(value=\"spring.test.database\", skip=NO), @org.springframework.context.annotation.ComponentScan(scopeResolver=org.springframework.context.annotation.AnnotationScopeMetadataResolver.class, lazyInit=false, resourcePattern=\"**/*.class\", useDefaultFilters=true, excludeFilters={}, scopedProxy=DEFAULT, basePackageClasses={io.vividcode.happyride.addressservice.dataaccess.AddressRepository.class, io.vividcode.happyride.addressservice.service.AddressService.class, io.vividcode.happyride.addressservice.grpc.AddressGrpcService.class}, nameGenerator=org.springframework.beans.factory.support.BeanNameGenerator.class, basePackages={}, value={}, includeFilters={}), @org.springframework.test.context.TestPropertySource(locations={}, value={}, inheritProperties=true, properties={\"embedded.postgresql.docker-image=postgres:12-alpine\", \"grpc.server.port=8888\", \"grpc.client.addressService.address=localhost:8888\", \"grpc.client.addressService.negotiationType=PLAINTEXT\"}, inheritLocations=true), @org.springframework.boot.autoconfigure.ImportAutoConfiguration(value={}, exclude={}, classes={}), @org.springframework.boot.test.autoconfigure.jdbc.AutoConfigureTestDatabase(replace=ANY, connection=NONE), @org.springframework.boot.test.autoconfigure.OverrideAutoConfiguration(enabled=false), @org.springframework.boot.autoconfigure.AutoConfigurationPackage(basePackages={}, basePackageClasses={}), @org.springframework.context.annotation.Import({org.springframework.boot.autoconfigure.AutoConfigurationPackages$Registrar.class}), @org.springframework.transaction.annotation.Transactional(propagation=REQUIRED, rollbackForClassName={}, readOnly=false, transactionManager=\"\", isolation=DEFAULT, timeoutString=\"\", label={}, noRollbackFor={}, noRollbackForClassName={}, value=\"\", timeout=-1, rollbackFor={}), @org.springframework.boot.test.autoconfigure.filter.TypeExcludeFilters({org.springframework.boot.test.autoconfigure.orm.jpa.DataJpaTypeExcludeFilter.class})]], org.springframework.boot.test.context.filter.ExcludeFilterContextCustomizer@57a3e26a, org.springframework.boot.test.json.DuplicateJsonObjectContextCustomizerFactory$DuplicateJsonObjectContextCustomizer@2dc9b0f5, org.springframework.boot.test.mock.mockito.MockitoContextCustomizer@0, org.springframework.boot.test.autoconfigure.OverrideAutoConfigurationContextCustomizerFactory$DisableAutoConfigurationContextCustomizer@7c3fdb62, org.springframework.boot.test.autoconfigure.actuate.observability.ObservabilityContextCustomizerFactory$DisableObservabilityContextCustomizer@9da1, org.springframework.boot.test.autoconfigure.filter.TypeExcludeFiltersContextCustomizer@351584c0, org.springframework.boot.test.autoconfigure.properties.PropertyMappingContextCustomizer@4f83aff7, org.springframework.boot.test.autoconfigure.web.servlet.WebDriverContextCustomizerFactory$Customizer@4bd31064, org.springframework.boot.test.context.SpringBootTestAnnotation@50d560e6], contextLoader = org.springframework.boot.test.context.SpringBootContextLoader, parent = null]\n[2e1bf7e7-ca44-47da-9c1d-cc11d7728757/build]   | Caused by: org.springframework.beans.factory.BeanCreationException: Error creating bean with name 'dockerPresenceMarker' defined in class path resource [com/playtika/test/common/spring/DockerPresenceBootstrapConfiguration.class]: Failed to instantiate [com.playtika.test.common.spring.DockerPresenceMarker]: Factory method 'dockerPresenceMarker' threw exception with message: Docker must be present in order for testcontainers to work properly!\n[2e1bf7e7-ca44-47da-9c1d-cc11d7728757/build]   | Caused by: org.springframework.beans.BeanInstantiationException: Failed to instantiate [com.playtika.test.common.spring.DockerPresenceMarker]: Factory method 'dockerPresenceMarker' threw exception with message: Docker must be present in order for testcontainers to work properly!\n[2e1bf7e7-ca44-47da-9c1d-cc11d7728757/build]   | Caused by: com.playtika.test.common.spring.DockerNotPresentException: Docker must be present in order for testcontainers to work properly!\n[2e1bf7e7-ca44-47da-9c1d-cc11d7728757/build]   | \n[2e1bf7e7-ca44-47da-9c1d-cc11d7728757/build]   | [INFO] Running io.vividcode.happyride.addressservice.AddressServiceTest\n[2e1bf7e7-ca44-47da-9c1d-cc11d7728757/build]   | 2023-06-29T14:37:14.482Z  WARN 726 --- [           main] s.c.a.AnnotationConfigApplicationContext : Exception encountered during context initialization - cancelling refresh attempt: org.springframework.beans.factory.BeanCreationException: Error creating bean with name 'dockerPresenceMarker' defined in class path resource [com/playtika/test/common/spring/DockerPresenceBootstrapConfiguration.class]: Failed to instantiate [com.playtika.test.common.spring.DockerPresenceMarker]: Factory method 'dockerPresenceMarker' threw exception with message: Docker must be present in order for testcontainers to work properly!\n[2e1bf7e7-ca44-47da-9c1d-cc11d7728757/build]   | 2023-06-29T14:37:14.483Z  INFO 726 --- [           main] .s.b.a.l.ConditionEvaluationReportLogger : \n[2e1bf7e7-ca44-47da-9c1d-cc11d7728757/build]   | \n[2e1bf7e7-ca44-47da-9c1d-cc11d7728757/build]   | Error starting ApplicationContext. To display the condition evaluation report re-run your application with 'debug' enabled.\n[2e1bf7e7-ca44-47da-9c1d-cc11d7728757/build]   | 2023-06-29T14:37:14.485Z ERROR 726 --- [           main] o.s.b.d.LoggingFailureAnalysisReporter   : \n[2e1bf7e7-ca44-47da-9c1d-cc11d7728757/build]   | \n[2e1bf7e7-ca44-47da-9c1d-cc11d7728757/build]   | ***************************\n[2e1bf7e7-ca44-47da-9c1d-cc11d7728757/build]   | APPLICATION FAILED TO START\n[2e1bf7e7-ca44-47da-9c1d-cc11d7728757/build]   | ***************************\n[2e1bf7e7-ca44-47da-9c1d-cc11d7728757/build]   | \n[2e1bf7e7-ca44-47da-9c1d-cc11d7728757/build]   | Description:\n[2e1bf7e7-ca44-47da-9c1d-cc11d7728757/build]   | \n[2e1bf7e7-ca44-47da-9c1d-cc11d7728757/build]   | No docker daemon available. Forgot to install/start docker?\n[2e1bf7e7-ca44-47da-9c1d-cc11d7728757/build]   | \n[2e1bf7e7-ca44-47da-9c1d-cc11d7728757/build]   | Action:\n[2e1bf7e7-ca44-47da-9c1d-cc11d7728757/build]   | \n[2e1bf7e7-ca44-47da-9c1d-cc11d7728757/build]   | Follow the guide: https://docs.docker.com/get-docker/\n[2e1bf7e7-ca44-47da-9c1d-cc11d7728757/build]   | \n[2e1bf7e7-ca44-47da-9c1d-cc11d7728757/build]   | 2023-06-29T14:37:14.487Z ERROR 726 --- [           main] o.s.b.d.LoggingFailureAnalysisReporter   : \n[2e1bf7e7-ca44-47da-9c1d-cc11d7728757/build]   | \n[2e1bf7e7-ca44-47da-9c1d-cc11d7728757/build]   | ***************************\n[2e1bf7e7-ca44-47da-9c1d-cc11d7728757/build]   | APPLICATION FAILED TO START\n[2e1bf7e7-ca44-47da-9c1d-cc11d7728757/build]   | ***************************\n[2e1bf7e7-ca44-47da-9c1d-cc11d7728757/build]   | \n[2e1bf7e7-ca44-47da-9c1d-cc11d7728757/build]   | Description:\n[2e1bf7e7-ca44-47da-9c1d-cc11d7728757/build]   | \n[2e1bf7e7-ca44-47da-9c1d-cc11d7728757/build]   | No docker daemon available. Forgot to install/start docker?\n[2e1bf7e7-ca44-47da-9c1d-cc11d7728757/build]   | \n[2e1bf7e7-ca44-47da-9c1d-cc11d7728757/build]   | Action:\n[2e1bf7e7-ca44-47da-9c1d-cc11d7728757/build]   | \n[2e1bf7e7-ca44-47da-9c1d-cc11d7728757/build]   | Follow the guide: https://docs.docker.com/get-docker/\n[2e1bf7e7-ca44-47da-9c1d-cc11d7728757/build]   | \n[2e1bf7e7-ca44-47da-9c1d-cc11d7728757/build]   | 2023-06-29T14:37:14.488Z ERROR 726 --- [           main] o.s.test.context.TestContextManager      : Caught exception while allowing TestExecutionListener [org.springframework.test.context.support.DependencyInjectionTestExecutionListener] to prepare test instance [io.vividcode.happyride.addressservice.AddressServiceTest@68e7c8c3]\n[2e1bf7e7-ca44-47da-9c1d-cc11d7728757/build]   | \n[2e1bf7e7-ca44-47da-9c1d-cc11d7728757/build]   | java.lang.IllegalStateException: Failed to load ApplicationContext for [MergedContextConfiguration@3724b43e testClass = io.vividcode.happyride.addressservice.AddressServiceTest, locations = [], classes = [io.vividcode.happyride.postgres.common.EmbeddedPostgresConfiguration], contextInitializerClasses = [], activeProfiles = [], propertySourceLocations = [], propertySourceProperties = [\"embedded.postgresql.docker-image=postgres:12-alpine\", \"org.springframework.boot.test.autoconfigure.orm.jpa.DataJpaTestContextBootstrapper=true\"], contextCustomizers = [[ImportsContextCustomizer@77eb5790 key = [@org.springframework.boot.test.autoconfigure.orm.jpa.AutoConfigureDataJpa(), @org.springframework.boot.test.autoconfigure.orm.jpa.AutoConfigureTestEntityManager(), @org.springframework.test.context.ContextConfiguration(inheritInitializers=true, loader=org.springframework.test.context.ContextLoader.class, initializers={}, classes={io.vividcode.happyride.postgres.common.EmbeddedPostgresConfiguration.class}, name=\"\", locations={}, value={}, inheritLocations=true), @org.springframework.context.annotation.Import({org.springframework.boot.autoconfigure.ImportAutoConfigurationImportSelector.class}), @org.springframework.test.context.TestPropertySource(locations={}, value={}, inheritProperties=true, properties={\"embedded.postgresql.docker-image=postgres:12-alpine\"}, inheritLocations=true), @org.springframework.boot.autoconfigure.EnableAutoConfiguration(exclude={}, excludeName={}), @org.springframework.aot.hint.annotation.Reflective(value={org.springframework.aot.hint.annotation.SimpleReflectiveProcessor.class}, processors={org.springframework.aot.hint.annotation.SimpleReflectiveProcessor.class}), @org.springframework.boot.test.autoconfigure.jdbc.AutoConfigureTestDatabase(replace=NONE, connection=NONE), @org.springframework.test.context.BootstrapWith(org.springframework.boot.test.autoconfigure.orm.jpa.DataJpaTestContextBootstrapper.class), @org.springframework.context.annotation.Import({org.springframework.boot.autoconfigure.AutoConfigurationImportSelector.class}), @org.springframework.boot.test.autoconfigure.core.AutoConfigureCache(cacheProvider=NONE), @org.springframework.boot.test.autoconfigure.orm.jpa.DataJpaTest(bootstrapMode=DEFAULT, useDefaultFilters=true, excludeFilters={}, showSql=true, excludeAutoConfiguration={}, includeFilters={}, properties={}), @org.springframework.boot.test.autoconfigure.properties.PropertyMapping(value=\"spring.test.database\", skip=NO), @org.springframework.context.annotation.ComponentScan(scopeResolver=org.springframework.context.annotation.AnnotationScopeMetadataResolver.class, lazyInit=false, resourcePattern=\"**/*.class\", useDefaultFilters=true, excludeFilters={}, scopedProxy=DEFAULT, basePackageClasses={io.vividcode.happyride.addressservice.dataaccess.AddressRepository.class, io.vividcode.happyride.addressservice.service.AddressService.class}, nameGenerator=org.springframework.beans.factory.support.BeanNameGenerator.class, basePackages={}, value={}, includeFilters={}), @org.springframework.boot.autoconfigure.ImportAutoConfiguration(value={}, exclude={}, classes={}), @org.springframework.boot.autoconfigure.ImportAutoConfiguration(value={}, exclude={}, classes={com.playtika.test.postgresql.EmbeddedPostgreSQLDependenciesAutoConfiguration.class, com.playtika.test.postgresql.EmbeddedPostgreSQLBootstrapConfiguration.class, com.playtika.test.common.spring.EmbeddedContainersShutdownAutoConfiguration.class}), @org.springframework.boot.test.autoconfigure.jdbc.AutoConfigureTestDatabase(replace=ANY, connection=NONE), @org.springframework.boot.test.autoconfigure.OverrideAutoConfiguration(enabled=false), @org.springframework.boot.autoconfigure.AutoConfigurationPackage(basePackages={}, basePackageClasses={}), @org.springframework.context.annotation.Import({org.springframework.boot.autoconfigure.AutoConfigurationPackages$Registrar.class}), @org.springframework.transaction.annotation.Transactional(propagation=REQUIRED, rollbackForClassName={}, readOnly=false, transactionManager=\"\", isolation=DEFAULT, timeoutString=\"\", label={}, noRollbackFor={}, noRollbackForClassName={}, value=\"\", timeout=-1, rollbackFor={}), @org.springframework.boot.test.autoconfigure.filter.TypeExcludeFilters({org.springframework.boot.test.autoconfigure.orm.jpa.DataJpaTypeExcludeFilter.class})]], org.springframework.boot.test.context.filter.ExcludeFilterContextCustomizer@57a3e26a, org.springframework.boot.test.json.DuplicateJsonObjectContextCustomizerFactory$DuplicateJsonObjectContextCustomizer@2dc9b0f5, org.springframework.boot.test.mock.mockito.MockitoContextCustomizer@0, org.springframework.boot.test.autoconfigure.OverrideAutoConfigurationContextCustomizerFactory$DisableAutoConfigurationContextCustomizer@7c3fdb62, org.springframework.boot.test.autoconfigure.actuate.observability.ObservabilityContextCustomizerFactory$DisableObservabilityContextCustomizer@9da1, org.springframework.boot.test.autoconfigure.filter.TypeExcludeFiltersContextCustomizer@351584c0, org.springframework.boot.test.autoconfigure.properties.PropertyMappingContextCustomizer@4f83aff7, org.springframework.boot.test.autoconfigure.web.servlet.WebDriverContextCustomizerFactory$Customizer@4bd31064, org.springframework.boot.test.context.SpringBootTestAnnotation@50d560e6], contextLoader = org.springframework.boot.test.context.SpringBootContextLoader, parent = null]\n[2e1bf7e7-ca44-47da-9c1d-cc11d7728757/build]   | \tat org.springframework.test.context.cache.DefaultCacheAwareContextLoaderDelegate.loadContext(DefaultCacheAwareContextLoaderDelegate.java:142) ~[spring-test-6.0.3.jar:6.0.3]\n[2e1bf7e7-ca44-47da-9c1d-cc11d7728757/build]   | \tat org.springframework.test.context.support.DefaultTestContext.getApplicationContext(DefaultTestContext.java:127) ~[spring-test-6.0.3.jar:6.0.3]\n[2e1bf7e7-ca44-47da-9c1d-cc11d7728757/build]   | \tat org.springframework.test.context.support.DependencyInjectionTestExecutionListener.injectDependencies(DependencyInjectionTestExecutionListener.java:141) ~[spring-test-6.0.3.jar:6.0.3]\n[2e1bf7e7-ca44-47da-9c1d-cc11d7728757/build]   | \tat org.springframework.test.context.support.DependencyInjectionTestExecutionListener.prepareTestInstance(DependencyInjectionTestExecutionListener.java:97) ~[spring-test-6.0.3.jar:6.0.3]\n[2e1bf7e7-ca44-47da-9c1d-cc11d7728757/build]   | \tat org.springframework.test.context.TestContextManager.prepareTestInstance(TestContextManager.java:241) ~[spring-test-6.0.3.jar:6.0.3]\n[2e1bf7e7-ca44-47da-9c1d-cc11d7728757/build]   | \tat org.springframework.test.context.junit.jupiter.SpringExtension.postProcessTestInstance(SpringExtension.java:138) ~[spring-test-6.0.3.jar:6.0.3]\n[2e1bf7e7-ca44-47da-9c1d-cc11d7728757/build]   | \tat org.junit.jupiter.engine.descriptor.ClassBasedTestDescriptor.lambda$invokeTestInstancePostProcessors$10(ClassBasedTestDescriptor.java:377) ~[junit-jupiter-engine-5.9.1.jar:5.9.1]\n[2e1bf7e7-ca44-47da-9c1d-cc11d7728757/build]   | \tat org.junit.jupiter.engine.descriptor.ClassBasedTestDescriptor.executeAndMaskThrowable(ClassBasedTestDescriptor.java:382) ~[junit-jupiter-engine-5.9.1.jar:5.9.1]\n[2e1bf7e7-ca44-47da-9c1d-cc11d7728757/build]   | \tat org.junit.jupiter.engine.descriptor.ClassBasedTestDescriptor.lambda$invokeTestInstancePostProcessors$11(ClassBasedTestDescriptor.java:377) ~[junit-jupiter-engine-5.9.1.jar:5.9.1]\n[2e1bf7e7-ca44-47da-9c1d-cc11d7728757/build]   | \tat java.base/java.util.stream.ReferencePipeline$3$1.accept(ReferencePipeline.java:197) ~[na:na]\n[2e1bf7e7-ca44-47da-9c1d-cc11d7728757/build]   | \tat java.base/java.util.stream.ReferencePipeline$2$1.accept(ReferencePipeline.java:179) ~[na:na]\n[2e1bf7e7-ca44-47da-9c1d-cc11d7728757/build]   | \tat java.base/java.util.ArrayList$ArrayListSpliterator.forEachRemaining(ArrayList.java:1625) ~[na:na]\n[2e1bf7e7-ca44-47da-9c1d-cc11d7728757/build]   | \tat java.base/java.util.stream.AbstractPipeline.copyInto(AbstractPipeline.java:509) ~[na:na]\n[2e1bf7e7-ca44-47da-9c1d-cc11d7728757/build]   | \tat java.base/java.util.stream.AbstractPipeline.wrapAndCopyInto(AbstractPipeline.java:499) ~[na:na]\n[2e1bf7e7-ca44-47da-9c1d-cc11d7728757/build]   | \tat java.base/java.util.stream.StreamSpliterators$WrappingSpliterator.forEachRemaining(StreamSpliterators.java:310) ~[na:na]\n[2e1bf7e7-ca44-47da-9c1d-cc11d7728757/build]   | \tat java.base/java.util.stream.Streams$ConcatSpliterator.forEachRemaining(Streams.java:735) ~[na:na]\n[2e1bf7e7-ca44-47da-9c1d-cc11d7728757/build]   | \tat java.base/java.util.stream.Streams$ConcatSpliterator.forEachRemaining(Streams.java:734) ~[na:na]\n[2e1bf7e7-ca44-47da-9c1d-cc11d7728757/build]   | \tat java.base/java.util.stream.ReferencePipeline$Head.forEach(ReferencePipeline.java:762) ~[na:na]\n[2e1bf7e7-ca44-47da-9c1d-cc11d7728757/build]   | \tat org.junit.jupiter.engine.descriptor.ClassBasedTestDescriptor.invokeTestInstancePostProcessors(ClassBasedTestDescriptor.java:376) ~[junit-jupiter-engine-5.9.1.jar:5.9.1]\n[2e1bf7e7-ca44-47da-9c1d-cc11d7728757/build]   | \tat org.junit.jupiter.engine.descriptor.ClassBasedTestDescriptor.lambda$instantiateAndPostProcessTestInstance$6(ClassBasedTestDescriptor.java:289) ~[junit-jupiter-engine-5.9.1.jar:5.9.1]\n[2e1bf7e7-ca44-47da-9c1d-cc11d7728757/build]   | \tat org.junit.platform.engine.support.hierarchical.ThrowableCollector.execute(ThrowableCollector.java:73) ~[junit-platform-engine-1.9.1.jar:1.9.1]\n[2e1bf7e7-ca44-47da-9c1d-cc11d7728757/build]   | \tat org.junit.jupiter.engine.descriptor.ClassBasedTestDescriptor.instantiateAndPostProcessTestInstance(ClassBasedTestDescriptor.java:288) ~[junit-jupiter-engine-5.9.1.jar:5.9.1]\n[2e1bf7e7-ca44-47da-9c1d-cc11d7728757/build]   | \tat org.junit.jupiter.engine.descriptor.ClassBasedTestDescriptor.lambda$testInstancesProvider$4(ClassBasedTestDescriptor.java:278) ~[junit-jupiter-engine-5.9.1.jar:5.9.1]\n[2e1bf7e7-ca44-47da-9c1d-cc11d7728757/build]   | \tat java.base/java.util.Optional.orElseGet(Optional.java:364) ~[na:na]\n[2e1bf7e7-ca44-47da-9c1d-cc11d7728757/build]   | \tat org.junit.jupiter.engine.descriptor.ClassBasedTestDescriptor.lambda$testInstancesProvider$5(ClassBasedTestDescriptor.java:277) ~[junit-jupiter-engine-5.9.1.jar:5.9.1]\n[2e1bf7e7-ca44-47da-9c1d-cc11d7728757/build]   | \tat org.junit.jupiter.engine.execution.TestInstancesProvider.getTestInstances(TestInstancesProvider.java:31) ~[junit-jupiter-engine-5.9.1.jar:5.9.1]\n[2e1bf7e7-ca44-47da-9c1d-cc11d7728757/build]   | \tat org.junit.jupiter.engine.descriptor.TestMethodTestDescriptor.lambda$prepare$0(TestMethodTestDescriptor.java:105) ~[junit-jupiter-engine-5.9.1.jar:5.9.1]\n[2e1bf7e7-ca44-47da-9c1d-cc11d7728757/build]   | \tat org.junit.platform.engine.support.hierarchical.ThrowableCollector.execute(ThrowableCollector.java:73) ~[junit-platform-engine-1.9.1.jar:1.9.1]\n[2e1bf7e7-ca44-47da-9c1d-cc11d7728757/build]   | \tat org.junit.jupiter.engine.descriptor.TestMethodTestDescriptor.prepare(TestMethodTestDescriptor.java:104) ~[junit-jupiter-engine-5.9.1.jar:5.9.1]\n[2e1bf7e7-ca44-47da-9c1d-cc11d7728757/build]   | \tat org.junit.jupiter.engine.descriptor.TestMethodTestDescriptor.prepare(TestMethodTestDescriptor.java:68) ~[junit-jupiter-engine-5.9.1.jar:5.9.1]\n[2e1bf7e7-ca44-47da-9c1d-cc11d7728757/build]   | \tat org.junit.platform.engine.support.hierarchical.NodeTestTask.lambda$prepare$2(NodeTestTask.java:123) ~[junit-platform-engine-1.9.1.jar:1.9.1]\n[2e1bf7e7-ca44-47da-9c1d-cc11d7728757/build]   | \tat org.junit.platform.engine.support.hierarchical.ThrowableCollector.execute(ThrowableCollector.java:73) ~[junit-platform-engine-1.9.1.jar:1.9.1]\n[2e1bf7e7-ca44-47da-9c1d-cc11d7728757/build]   | \tat org.junit.platform.engine.support.hierarchical.NodeTestTask.prepare(NodeTestTask.java:123) ~[junit-platform-engine-1.9.1.jar:1.9.1]\n[2e1bf7e7-ca44-47da-9c1d-cc11d7728757/build]   | \tat org.junit.platform.engine.support.hierarchical.NodeTestTask.execute(NodeTestTask.java:90) ~[junit-platform-engine-1.9.1.jar:1.9.1]\n[2e1bf7e7-ca44-47da-9c1d-cc11d7728757/build]   | \tat java.base/java.util.ArrayList.forEach(ArrayList.java:1511) ~[na:na]\n[2e1bf7e7-ca44-47da-9c1d-cc11d7728757/build]   | \tat org.junit.platform.engine.support.hierarchical.SameThreadHierarchicalTestExecutorService.invokeAll(SameThreadHierarchicalTestExecutorService.java:41) ~[junit-platform-engine-1.9.1.jar:1.9.1]\n[2e1bf7e7-ca44-47da-9c1d-cc11d7728757/build]   | \tat org.junit.platform.engine.support.hierarchical.NodeTestTask.lambda$executeRecursively$6(NodeTestTask.java:155) ~[junit-platform-engine-1.9.1.jar:1.9.1]\n[2e1bf7e7-ca44-47da-9c1d-cc11d7728757/build]   | \tat org.junit.platform.engine.support.hierarchical.ThrowableCollector.execute(ThrowableCollector.java:73) ~[junit-platform-engine-1.9.1.jar:1.9.1]\n[2e1bf7e7-ca44-47da-9c1d-cc11d7728757/build]   | \tat org.junit.platform.engine.support.hierarchical.NodeTestTask.lambda$executeRecursively$8(NodeTestTask.java:141) ~[junit-platform-engine-1.9.1.jar:1.9.1]\n[2e1bf7e7-ca44-47da-9c1d-cc11d7728757/build]   | \tat org.junit.platform.engine.support.hierarchical.Node.around(Node.java:137) ~[junit-platform-engine-1.9.1.jar:1.9.1]\n[2e1bf7e7-ca44-47da-9c1d-cc11d7728757/build]   | \tat org.junit.platform.engine.support.hierarchical.NodeTestTask.lambda$executeRecursively$9(NodeTestTask.java:139) ~[junit-platform-engine-1.9.1.jar:1.9.1]\n[2e1bf7e7-ca44-47da-9c1d-cc11d7728757/build]   | \tat org.junit.platform.engine.support.hierarchical.ThrowableCollector.execute(ThrowableCollector.java:73) ~[junit-platform-engine-1.9.1.jar:1.9.1]\n[2e1bf7e7-ca44-47da-9c1d-cc11d7728757/build]   | \tat org.junit.platform.engine.support.hierarchical.NodeTestTask.executeRecursively(NodeTestTask.java:138) ~[junit-platform-engine-1.9.1.jar:1.9.1]\n[2e1bf7e7-ca44-47da-9c1d-cc11d7728757/build]   | \tat org.junit.platform.engine.support.hierarchical.NodeTestTask.execute(NodeTestTask.java:95) ~[junit-platform-engine-1.9.1.jar:1.9.1]\n[2e1bf7e7-ca44-47da-9c1d-cc11d7728757/build]   | \tat java.base/java.util.ArrayList.forEach(ArrayList.java:1511) ~[na:na]\n[2e1bf7e7-ca44-47da-9c1d-cc11d7728757/build]   | \tat org.junit.platform.engine.support.hierarchical.SameThreadHierarchicalTestExecutorService.invokeAll(SameThreadHierarchicalTestExecutorService.java:41) ~[junit-platform-engine-1.9.1.jar:1.9.1]\n[2e1bf7e7-ca44-47da-9c1d-cc11d7728757/build]   | \tat org.junit.platform.engine.support.hierarchical.NodeTestTask.lambda$executeRecursively$6(NodeTestTask.java:155) ~[junit-platform-engine-1.9.1.jar:1.9.1]\n[2e1bf7e7-ca44-47da-9c1d-cc11d7728757/build]   | \tat org.junit.platform.engine.support.hierarchical.ThrowableCollector.execute(ThrowableCollector.java:73) ~[junit-platform-engine-1.9.1.jar:1.9.1]\n[2e1bf7e7-ca44-47da-9c1d-cc11d7728757/build]   | \tat org.junit.platform.engine.support.hierarchical.NodeTestTask.lambda$executeRecursively$8(NodeTestTask.java:141) ~[junit-platform-engine-1.9.1.jar:1.9.1]\n[2e1bf7e7-ca44-47da-9c1d-cc11d7728757/build]   | \tat org.junit.platform.engine.support.hierarchical.Node.around(Node.java:137) ~[junit-platform-engine-1.9.1.jar:1.9.1]\n[2e1bf7e7-ca44-47da-9c1d-cc11d7728757/build]   | \tat org.junit.platform.engine.support.hierarchical.NodeTestTask.lambda$executeRecursively$9(NodeTestTask.java:139) ~[junit-platform-engine-1.9.1.jar:1.9.1]\n[2e1bf7e7-ca44-47da-9c1d-cc11d7728757/build]   | \tat org.junit.platform.engine.support.hierarchical.ThrowableCollector.execute(ThrowableCollector.java:73) ~[junit-platform-engine-1.9.1.jar:1.9.1]\n[2e1bf7e7-ca44-47da-9c1d-cc11d7728757/build]   | \tat org.junit.platform.engine.support.hierarchical.NodeTestTask.executeRecursively(NodeTestTask.java:138) ~[junit-platform-engine-1.9.1.jar:1.9.1]\n[2e1bf7e7-ca44-47da-9c1d-cc11d7728757/build]   | \tat org.junit.platform.engine.support.hierarchical.NodeTestTask.execute(NodeTestTask.java:95) ~[junit-platform-engine-1.9.1.jar:1.9.1]\n[2e1bf7e7-ca44-47da-9c1d-cc11d7728757/build]   | \tat org.junit.platform.engine.support.hierarchical.SameThreadHierarchicalTestExecutorService.submit(SameThreadHierarchicalTestExecutorService.java:35) ~[junit-platform-engine-1.9.1.jar:1.9.1]\n[2e1bf7e7-ca44-47da-9c1d-cc11d7728757/build]   | \tat org.junit.platform.engine.support.hierarchical.HierarchicalTestExecutor.execute(HierarchicalTestExecutor.java:57) ~[junit-platform-engine-1.9.1.jar:1.9.1]\n[2e1bf7e7-ca44-47da-9c1d-cc11d7728757/build]   | \tat org.junit.platform.engine.support.hierarchical.HierarchicalTestEngine.execute(HierarchicalTestEngine.java:54) ~[junit-platform-engine-1.9.1.jar:1.9.1]\n[2e1bf7e7-ca44-47da-9c1d-cc11d7728757/build]   | \tat org.junit.platform.launcher.core.DefaultLauncher.execute(DefaultLauncher.java:220) ~[junit-platform-launcher-1.3.1.jar:1.3.1]\n[2e1bf7e7-ca44-47da-9c1d-cc11d7728757/build]   | \tat org.junit.platform.launcher.core.DefaultLauncher.lambda$execute$6(DefaultLauncher.java:188) ~[junit-platform-launcher-1.3.1.jar:1.3.1]\n[2e1bf7e7-ca44-47da-9c1d-cc11d7728757/build]   | \tat org.junit.platform.launcher.core.DefaultLauncher.withInterceptedStreams(DefaultLauncher.java:202) ~[junit-platform-launcher-1.3.1.jar:1.3.1]\n[2e1bf7e7-ca44-47da-9c1d-cc11d7728757/build]   | \tat org.junit.platform.launcher.core.DefaultLauncher.execute(DefaultLauncher.java:181) ~[junit-platform-launcher-1.3.1.jar:1.3.1]\n[2e1bf7e7-ca44-47da-9c1d-cc11d7728757/build]   | \tat org.junit.platform.launcher.core.DefaultLauncher.execute(DefaultLauncher.java:128) ~[junit-platform-launcher-1.3.1.jar:1.3.1]\n[2e1bf7e7-ca44-47da-9c1d-cc11d7728757/build]   | \tat org.apache.maven.surefire.junitplatform.JUnitPlatformProvider.invokeAllTests(JUnitPlatformProvider.java:150) ~[surefire-junit-platform-2.22.2.jar:2.22.2]\n[2e1bf7e7-ca44-47da-9c1d-cc11d7728757/build]   | \tat org.apache.maven.surefire.junitplatform.JUnitPlatformProvider.invoke(JUnitPlatformProvider.java:124) ~[surefire-junit-platform-2.22.2.jar:2.22.2]\n[2e1bf7e7-ca44-47da-9c1d-cc11d7728757/build]   | \tat org.apache.maven.surefire.booter.ForkedBooter.invokeProviderInSameClassLoader(ForkedBooter.java:384) ~[surefire-booter-2.22.2.jar:2.22.2]\n[2e1bf7e7-ca44-47da-9c1d-cc11d7728757/build]   | \tat org.apache.maven.surefire.booter.ForkedBooter.runSuitesInProcess(ForkedBooter.java:345) ~[surefire-booter-2.22.2.jar:2.22.2]\n[2e1bf7e7-ca44-47da-9c1d-cc11d7728757/build]   | \tat org.apache.maven.surefire.booter.ForkedBooter.execute(ForkedBooter.java:126) ~[surefire-booter-2.22.2.jar:2.22.2]\n[2e1bf7e7-ca44-47da-9c1d-cc11d7728757/build]   | \tat org.apache.maven.surefire.booter.ForkedBooter.main(ForkedBooter.java:418) ~[surefire-booter-2.22.2.jar:2.22.2]\n[2e1bf7e7-ca44-47da-9c1d-cc11d7728757/build]   | Caused by: org.springframework.beans.factory.BeanCreationException: Error creating bean with name 'dockerPresenceMarker' defined in class path resource [com/playtika/test/common/spring/DockerPresenceBootstrapConfiguration.class]: Failed to instantiate [com.playtika.test.common.spring.DockerPresenceMarker]: Factory method 'dockerPresenceMarker' threw exception with message: Docker must be present in order for testcontainers to work properly!\n[2e1bf7e7-ca44-47da-9c1d-cc11d7728757/build]   | \tat org.springframework.beans.factory.support.ConstructorResolver.instantiate(ConstructorResolver.java:657) ~[spring-beans-6.0.3.jar:6.0.3]\n[2e1bf7e7-ca44-47da-9c1d-cc11d7728757/build]   | \tat org.springframework.beans.factory.support.ConstructorResolver.instantiateUsingFactoryMethod(ConstructorResolver.java:491) ~[spring-beans-6.0.3.jar:6.0.3]\n[2e1bf7e7-ca44-47da-9c1d-cc11d7728757/build]   | \tat org.springframework.beans.factory.support.AbstractAutowireCapableBeanFactory.instantiateUsingFactoryMethod(AbstractAutowireCapableBeanFactory.java:1324) ~[spring-beans-6.0.3.jar:6.0.3]\n[2e1bf7e7-ca44-47da-9c1d-cc11d7728757/build]   | \tat org.springframework.beans.factory.support.AbstractAutowireCapableBeanFactory.createBeanInstance(AbstractAutowireCapableBeanFactory.java:1161) ~[spring-beans-6.0.3.jar:6.0.3]\n[2e1bf7e7-ca44-47da-9c1d-cc11d7728757/build]   | \tat org.springframework.beans.factory.support.AbstractAutowireCapableBeanFactory.doCreateBean(AbstractAutowireCapableBeanFactory.java:561) ~[spring-beans-6.0.3.jar:6.0.3]\n[2e1bf7e7-ca44-47da-9c1d-cc11d7728757/build]   | \tat org.springframework.beans.factory.support.AbstractAutowireCapableBeanFactory.createBean(AbstractAutowireCapableBeanFactory.java:521) ~[spring-beans-6.0.3.jar:6.0.3]\n[2e1bf7e7-ca44-47da-9c1d-cc11d7728757/build]   | \tat org.springframework.beans.factory.support.AbstractBeanFactory.lambda$doGetBean$0(AbstractBeanFactory.java:326) ~[spring-beans-6.0.3.jar:6.0.3]\n[2e1bf7e7-ca44-47da-9c1d-cc11d7728757/build]   | \tat org.springframework.beans.factory.support.DefaultSingletonBeanRegistry.getSingleton(DefaultSingletonBeanRegistry.java:234) ~[spring-beans-6.0.3.jar:6.0.3]\n[2e1bf7e7-ca44-47da-9c1d-cc11d7728757/build]   | \tat org.springframework.beans.factory.support.AbstractBeanFactory.doGetBean(AbstractBeanFactory.java:324) ~[spring-beans-6.0.3.jar:6.0.3]\n[2e1bf7e7-ca44-47da-9c1d-cc11d7728757/build]   | \tat org.springframework.beans.factory.support.AbstractBeanFactory.getBean(AbstractBeanFactory.java:200) ~[spring-beans-6.0.3.jar:6.0.3]\n[2e1bf7e7-ca44-47da-9c1d-cc11d7728757/build]   | \tat org.springframework.beans.factory.support.AbstractBeanFactory.doGetBean(AbstractBeanFactory.java:313) ~[spring-beans-6.0.3.jar:6.0.3]\n[2e1bf7e7-ca44-47da-9c1d-cc11d7728757/build]   | \tat org.springframework.beans.factory.support.AbstractBeanFactory.getBean(AbstractBeanFactory.java:200) ~[spring-beans-6.0.3.jar:6.0.3]\n[2e1bf7e7-ca44-47da-9c1d-cc11d7728757/build]   | \tat org.springframework.beans.factory.support.DefaultListableBeanFactory.preInstantiateSingletons(DefaultListableBeanFactory.java:961) ~[spring-beans-6.0.3.jar:6.0.3]\n[2e1bf7e7-ca44-47da-9c1d-cc11d7728757/build]   | \tat org.springframework.context.support.AbstractApplicationContext.finishBeanFactoryInitialization(AbstractApplicationContext.java:915) ~[spring-context-6.0.3.jar:6.0.3]\n[2e1bf7e7-ca44-47da-9c1d-cc11d7728757/build]   | \tat org.springframework.context.support.AbstractApplicationContext.refresh(AbstractApplicationContext.java:584) ~[spring-context-6.0.3.jar:6.0.3]\n[2e1bf7e7-ca44-47da-9c1d-cc11d7728757/build]   | \tat org.springframework.boot.SpringApplication.refresh(SpringApplication.java:730) ~[spring-boot-3.0.1.jar:3.0.1]\n[2e1bf7e7-ca44-47da-9c1d-cc11d7728757/build]   | \tat org.springframework.boot.SpringApplication.refreshContext(SpringApplication.java:432) ~[spring-boot-3.0.1.jar:3.0.1]\n[2e1bf7e7-ca44-47da-9c1d-cc11d7728757/build]   | \tat org.springframework.boot.SpringApplication.run(SpringApplication.java:308) ~[spring-boot-3.0.1.jar:3.0.1]\n[2e1bf7e7-ca44-47da-9c1d-cc11d7728757/build]   | \tat org.springframework.boot.builder.SpringApplicationBuilder.run(SpringApplicationBuilder.java:150) ~[spring-boot-3.0.1.jar:3.0.1]\n[2e1bf7e7-ca44-47da-9c1d-cc11d7728757/build]   | \tat org.springframework.cloud.bootstrap.BootstrapApplicationListener.bootstrapServiceContext(BootstrapApplicationListener.java:195) ~[spring-cloud-context-3.1.5.jar:3.1.5]\n[2e1bf7e7-ca44-47da-9c1d-cc11d7728757/build]   | \tat org.springframework.cloud.bootstrap.BootstrapApplicationListener.onApplicationEvent(BootstrapApplicationListener.java:114) ~[spring-cloud-context-3.1.5.jar:3.1.5]\n[2e1bf7e7-ca44-47da-9c1d-cc11d7728757/build]   | \tat org.springframework.cloud.bootstrap.BootstrapApplicationListener.onApplicationEvent(BootstrapApplicationListener.java:77) ~[spring-cloud-context-3.1.5.jar:3.1.5]\n[2e1bf7e7-ca44-47da-9c1d-cc11d7728757/build]   | \tat org.springframework.context.event.SimpleApplicationEventMulticaster.doInvokeListener(SimpleApplicationEventMulticaster.java:176) ~[spring-context-6.0.3.jar:6.0.3]\n[2e1bf7e7-ca44-47da-9c1d-cc11d7728757/build]   | \tat org.springframework.context.event.SimpleApplicationEventMulticaster.invokeListener(SimpleApplicationEventMulticaster.java:169) ~[spring-context-6.0.3.jar:6.0.3]\n[2e1bf7e7-ca44-47da-9c1d-cc11d7728757/build]   | \tat org.springframework.context.event.SimpleApplicationEventMulticaster.multicastEvent(SimpleApplicationEventMulticaster.java:143) ~[spring-context-6.0.3.jar:6.0.3]\n[2e1bf7e7-ca44-47da-9c1d-cc11d7728757/build]   | \tat org.springframework.context.event.SimpleApplicationEventMulticaster.multicastEvent(SimpleApplicationEventMulticaster.java:131) ~[spring-context-6.0.3.jar:6.0.3]\n[2e1bf7e7-ca44-47da-9c1d-cc11d7728757/build]   | \tat org.springframework.boot.context.event.EventPublishingRunListener.multicastInitialEvent(EventPublishingRunListener.java:136) ~[spring-boot-3.0.1.jar:3.0.1]\n[2e1bf7e7-ca44-47da-9c1d-cc11d7728757/build]   | \tat org.springframework.boot.context.event.EventPublishingRunListener.environmentPrepared(EventPublishingRunListener.java:81) ~[spring-boot-3.0.1.jar:3.0.1]\n[2e1bf7e7-ca44-47da-9c1d-cc11d7728757/build]   | \tat org.springframework.boot.SpringApplicationRunListeners.lambda$environmentPrepared$2(SpringApplicationRunListeners.java:64) ~[spring-boot-3.0.1.jar:3.0.1]\n[2e1bf7e7-ca44-47da-9c1d-cc11d7728757/build]   | \tat java.base/java.lang.Iterable.forEach(Iterable.java:75) ~[na:na]\n[2e1bf7e7-ca44-47da-9c1d-cc11d7728757/build]   | \tat org.springframework.boot.SpringApplicationRunListeners.doWithListeners(SpringApplicationRunListeners.java:118) ~[spring-boot-3.0.1.jar:3.0.1]\n[2e1bf7e7-ca44-47da-9c1d-cc11d7728757/build]   | \tat org.springframework.boot.SpringApplicationRunListeners.doWithListeners(SpringApplicationRunListeners.java:112) ~[spring-boot-3.0.1.jar:3.0.1]\n[2e1bf7e7-ca44-47da-9c1d-cc11d7728757/build]   | \tat org.springframework.boot.SpringApplicationRunListeners.environmentPrepared(SpringApplicationRunListeners.java:63) ~[spring-boot-3.0.1.jar:3.0.1]\n[2e1bf7e7-ca44-47da-9c1d-cc11d7728757/build]   | \tat org.springframework.boot.SpringApplication.prepareEnvironment(SpringApplication.java:352) ~[spring-boot-3.0.1.jar:3.0.1]\n[2e1bf7e7-ca44-47da-9c1d-cc11d7728757/build]   | \tat org.springframework.boot.SpringApplication.run(SpringApplication.java:303) ~[spring-boot-3.0.1.jar:3.0.1]\n[2e1bf7e7-ca44-47da-9c1d-cc11d7728757/build]   | \tat org.springframework.boot.test.context.SpringBootContextLoader.lambda$loadContext$3(SpringBootContextLoader.java:137) ~[spring-boot-test-3.0.1.jar:3.0.1]\n[2e1bf7e7-ca44-47da-9c1d-cc11d7728757/build]   | \tat org.springframework.util.function.ThrowingSupplier.get(ThrowingSupplier.java:59) ~[spring-core-6.0.3.jar:6.0.3]\n[2e1bf7e7-ca44-47da-9c1d-cc11d7728757/build]   | \tat org.springframework.util.function.ThrowingSupplier.get(ThrowingSupplier.java:47) ~[spring-core-6.0.3.jar:6.0.3]\n[2e1bf7e7-ca44-47da-9c1d-cc11d7728757/build]   | \tat org.springframework.boot.SpringApplication.withHook(SpringApplication.java:1386) ~[spring-boot-3.0.1.jar:3.0.1]\n[2e1bf7e7-ca44-47da-9c1d-cc11d7728757/build]   | \tat org.springframework.boot.test.context.SpringBootContextLoader$ContextLoaderHook.run(SpringBootContextLoader.java:543) ~[spring-boot-test-3.0.1.jar:3.0.1]\n[2e1bf7e7-ca44-47da-9c1d-cc11d7728757/build]   | \tat org.springframework.boot.test.context.SpringBootContextLoader.loadContext(SpringBootContextLoader.java:137) ~[spring-boot-test-3.0.1.jar:3.0.1]\n[2e1bf7e7-ca44-47da-9c1d-cc11d7728757/build]   | \tat org.springframework.boot.test.context.SpringBootContextLoader.loadContext(SpringBootContextLoader.java:108) ~[spring-boot-test-3.0.1.jar:3.0.1]\n[2e1bf7e7-ca44-47da-9c1d-cc11d7728757/build]   | \tat org.springframework.test.context.cache.DefaultCacheAwareContextLoaderDelegate.loadContextInternal(DefaultCacheAwareContextLoaderDelegate.java:184) ~[spring-test-6.0.3.jar:6.0.3]\n[2e1bf7e7-ca44-47da-9c1d-cc11d7728757/build]   | \tat org.springframework.test.context.cache.DefaultCacheAwareContextLoaderDelegate.loadContext(DefaultCacheAwareContextLoaderDelegate.java:118) ~[spring-test-6.0.3.jar:6.0.3]\n[2e1bf7e7-ca44-47da-9c1d-cc11d7728757/build]   | \t... 67 common frames omitted\n[2e1bf7e7-ca44-47da-9c1d-cc11d7728757/build]   | Caused by: org.springframework.beans.BeanInstantiationException: Failed to instantiate [com.playtika.test.common.spring.DockerPresenceMarker]: Factory method 'dockerPresenceMarker' threw exception with message: Docker must be present in order for testcontainers to work properly!\n[2e1bf7e7-ca44-47da-9c1d-cc11d7728757/build]   | \tat org.springframework.beans.factory.support.SimpleInstantiationStrategy.instantiate(SimpleInstantiationStrategy.java:171) ~[spring-beans-6.0.3.jar:6.0.3]\n[2e1bf7e7-ca44-47da-9c1d-cc11d7728757/build]   | \tat org.springframework.beans.factory.support.ConstructorResolver.instantiate(ConstructorResolver.java:653) ~[spring-beans-6.0.3.jar:6.0.3]\n[2e1bf7e7-ca44-47da-9c1d-cc11d7728757/build]   | \t... 110 common frames omitted\n[2e1bf7e7-ca44-47da-9c1d-cc11d7728757/build]   | Caused by: com.playtika.test.common.spring.DockerNotPresentException: Docker must be present in order for testcontainers to work properly!\n[2e1bf7e7-ca44-47da-9c1d-cc11d7728757/build]   | \tat com.playtika.test.common.spring.DockerPresenceMarker.<init>(DockerPresenceMarker.java:12) ~[testcontainers-common-2.2.14.jar:na]\n[2e1bf7e7-ca44-47da-9c1d-cc11d7728757/build]   | \tat com.playtika.test.common.spring.DockerPresenceBootstrapConfiguration.dockerPresenceMarker(DockerPresenceBootstrapConfiguration.java:21) ~[testcontainers-common-2.2.14.jar:na]\n[2e1bf7e7-ca44-47da-9c1d-cc11d7728757/build]   | \tat com.playtika.test.common.spring.DockerPresenceBootstrapConfiguration$$SpringCGLIB$$0.CGLIB$dockerPresenceMarker$0(<generated>) ~[testcontainers-common-2.2.14.jar:na]\n[2e1bf7e7-ca44-47da-9c1d-cc11d7728757/build]   | \tat com.playtika.test.common.spring.DockerPresenceBootstrapConfiguration$$SpringCGLIB$$2.invoke(<generated>) ~[testcontainers-common-2.2.14.jar:na]\n[2e1bf7e7-ca44-47da-9c1d-cc11d7728757/build]   | \tat org.springframework.cglib.proxy.MethodProxy.invokeSuper(MethodProxy.java:258) ~[spring-core-6.0.3.jar:6.0.3]\n[2e1bf7e7-ca44-47da-9c1d-cc11d7728757/build]   | \tat org.springframework.context.annotation.ConfigurationClassEnhancer$BeanMethodInterceptor.intercept(ConfigurationClassEnhancer.java:331) ~[spring-context-6.0.3.jar:6.0.3]\n[2e1bf7e7-ca44-47da-9c1d-cc11d7728757/build]   | \tat com.playtika.test.common.spring.DockerPresenceBootstrapConfiguration$$SpringCGLIB$$0.dockerPresenceMarker(<generated>) ~[testcontainers-common-2.2.14.jar:na]\n[2e1bf7e7-ca44-47da-9c1d-cc11d7728757/build]   | \tat java.base/jdk.internal.reflect.NativeMethodAccessorImpl.invoke0(Native Method) ~[na:na]\n[2e1bf7e7-ca44-47da-9c1d-cc11d7728757/build]   | \tat java.base/jdk.internal.reflect.NativeMethodAccessorImpl.invoke(NativeMethodAccessorImpl.java:77) ~[na:na]\n[2e1bf7e7-ca44-47da-9c1d-cc11d7728757/build]   | \tat java.base/jdk.internal.reflect.DelegatingMethodAccessorImpl.invoke(DelegatingMethodAccessorImpl.java:43) ~[na:na]\n[2e1bf7e7-ca44-47da-9c1d-cc11d7728757/build]   | \tat java.base/java.lang.reflect.Method.invoke(Method.java:568) ~[na:na]\n[2e1bf7e7-ca44-47da-9c1d-cc11d7728757/build]   | \tat org.springframework.beans.factory.support.SimpleInstantiationStrategy.instantiate(SimpleInstantiationStrategy.java:139) ~[spring-beans-6.0.3.jar:6.0.3]\n[2e1bf7e7-ca44-47da-9c1d-cc11d7728757/build]   | \t... 111 common frames omitted\n[2e1bf7e7-ca44-47da-9c1d-cc11d7728757/build]   | \n[2e1bf7e7-ca44-47da-9c1d-cc11d7728757/build]   | [ERROR] Tests run: 1, Failures: 0, Errors: 1, Skipped: 0, Time elapsed: 0.104 s <<< FAILURE! - in io.vividcode.happyride.addressservice.AddressServiceTest\n[2e1bf7e7-ca44-47da-9c1d-cc11d7728757/build]   | [ERROR] testSearchAddress  Time elapsed: 0.002 s  <<< ERROR!\n[2e1bf7e7-ca44-47da-9c1d-cc11d7728757/build]   | java.lang.IllegalStateException: Failed to load ApplicationContext for [MergedContextConfiguration@3724b43e testClass = io.vividcode.happyride.addressservice.AddressServiceTest, locations = [], classes = [io.vividcode.happyride.postgres.common.EmbeddedPostgresConfiguration], contextInitializerClasses = [], activeProfiles = [], propertySourceLocations = [], propertySourceProperties = [\"embedded.postgresql.docker-image=postgres:12-alpine\", \"org.springframework.boot.test.autoconfigure.orm.jpa.DataJpaTestContextBootstrapper=true\"], contextCustomizers = [[ImportsContextCustomizer@77eb5790 key = [@org.springframework.boot.test.autoconfigure.orm.jpa.AutoConfigureDataJpa(), @org.springframework.boot.test.autoconfigure.orm.jpa.AutoConfigureTestEntityManager(), @org.springframework.test.context.ContextConfiguration(inheritInitializers=true, loader=org.springframework.test.context.ContextLoader.class, initializers={}, classes={io.vividcode.happyride.postgres.common.EmbeddedPostgresConfiguration.class}, name=\"\", locations={}, value={}, inheritLocations=true), @org.springframework.context.annotation.Import({org.springframework.boot.autoconfigure.ImportAutoConfigurationImportSelector.class}), @org.springframework.test.context.TestPropertySource(locations={}, value={}, inheritProperties=true, properties={\"embedded.postgresql.docker-image=postgres:12-alpine\"}, inheritLocations=true), @org.springframework.boot.autoconfigure.EnableAutoConfiguration(exclude={}, excludeName={}), @org.springframework.aot.hint.annotation.Reflective(value={org.springframework.aot.hint.annotation.SimpleReflectiveProcessor.class}, processors={org.springframework.aot.hint.annotation.SimpleReflectiveProcessor.class}), @org.springframework.boot.test.autoconfigure.jdbc.AutoConfigureTestDatabase(replace=NONE, connection=NONE), @org.springframework.test.context.BootstrapWith(org.springframework.boot.test.autoconfigure.orm.jpa.DataJpaTestContextBootstrapper.class), @org.springframework.context.annotation.Import({org.springframework.boot.autoconfigure.AutoConfigurationImportSelector.class}), @org.springframework.boot.test.autoconfigure.core.AutoConfigureCache(cacheProvider=NONE), @org.springframework.boot.test.autoconfigure.orm.jpa.DataJpaTest(bootstrapMode=DEFAULT, useDefaultFilters=true, excludeFilters={}, showSql=true, excludeAutoConfiguration={}, includeFilters={}, properties={}), @org.springframework.boot.test.autoconfigure.properties.PropertyMapping(value=\"spring.test.database\", skip=NO), @org.springframework.context.annotation.ComponentScan(scopeResolver=org.springframework.context.annotation.AnnotationScopeMetadataResolver.class, lazyInit=false, resourcePattern=\"**/*.class\", useDefaultFilters=true, excludeFilters={}, scopedProxy=DEFAULT, basePackageClasses={io.vividcode.happyride.addressservice.dataaccess.AddressRepository.class, io.vividcode.happyride.addressservice.service.AddressService.class}, nameGenerator=org.springframework.beans.factory.support.BeanNameGenerator.class, basePackages={}, value={}, includeFilters={}), @org.springframework.boot.autoconfigure.ImportAutoConfiguration(value={}, exclude={}, classes={}), @org.springframework.boot.autoconfigure.ImportAutoConfiguration(value={}, exclude={}, classes={com.playtika.test.postgresql.EmbeddedPostgreSQLDependenciesAutoConfiguration.class, com.playtika.test.postgresql.EmbeddedPostgreSQLBootstrapConfiguration.class, com.playtika.test.common.spring.EmbeddedContainersShutdownAutoConfiguration.class}), @org.springframework.boot.test.autoconfigure.jdbc.AutoConfigureTestDatabase(replace=ANY, connection=NONE), @org.springframework.boot.test.autoconfigure.OverrideAutoConfiguration(enabled=false), @org.springframework.boot.autoconfigure.AutoConfigurationPackage(basePackages={}, basePackageClasses={}), @org.springframework.context.annotation.Import({org.springframework.boot.autoconfigure.AutoConfigurationPackages$Registrar.class}), @org.springframework.transaction.annotation.Transactional(propagation=REQUIRED, rollbackForClassName={}, readOnly=false, transactionManager=\"\", isolation=DEFAULT, timeoutString=\"\", label={}, noRollbackFor={}, noRollbackForClassName={}, value=\"\", timeout=-1, rollbackFor={}), @org.springframework.boot.test.autoconfigure.filter.TypeExcludeFilters({org.springframework.boot.test.autoconfigure.orm.jpa.DataJpaTypeExcludeFilter.class})]], org.springframework.boot.test.context.filter.ExcludeFilterContextCustomizer@57a3e26a, org.springframework.boot.test.json.DuplicateJsonObjectContextCustomizerFactory$DuplicateJsonObjectContextCustomizer@2dc9b0f5, org.springframework.boot.test.mock.mockito.MockitoContextCustomizer@0, org.springframework.boot.test.autoconfigure.OverrideAutoConfigurationContextCustomizerFactory$DisableAutoConfigurationContextCustomizer@7c3fdb62, org.springframework.boot.test.autoconfigure.actuate.observability.ObservabilityContextCustomizerFactory$DisableObservabilityContextCustomizer@9da1, org.springframework.boot.test.autoconfigure.filter.TypeExcludeFiltersContextCustomizer@351584c0, org.springframework.boot.test.autoconfigure.properties.PropertyMappingContextCustomizer@4f83aff7, org.springframework.boot.test.autoconfigure.web.servlet.WebDriverContextCustomizerFactory$Customizer@4bd31064, org.springframework.boot.test.context.SpringBootTestAnnotation@50d560e6], contextLoader = org.springframework.boot.test.context.SpringBootContextLoader, parent = null]\n[2e1bf7e7-ca44-47da-9c1d-cc11d7728757/build]   | Caused by: org.springframework.beans.factory.BeanCreationException: Error creating bean with name 'dockerPresenceMarker' defined in class path resource [com/playtika/test/common/spring/DockerPresenceBootstrapConfiguration.class]: Failed to instantiate [com.playtika.test.common.spring.DockerPresenceMarker]: Factory method 'dockerPresenceMarker' threw exception with message: Docker must be present in order for testcontainers to work properly!\n[2e1bf7e7-ca44-47da-9c1d-cc11d7728757/build]   | Caused by: org.springframework.beans.BeanInstantiationException: Failed to instantiate [com.playtika.test.common.spring.DockerPresenceMarker]: Factory method 'dockerPresenceMarker' threw exception with message: Docker must be present in order for testcontainers to work properly!\n[2e1bf7e7-ca44-47da-9c1d-cc11d7728757/build]   | Caused by: com.playtika.test.common.spring.DockerNotPresentException: Docker must be present in order for testcontainers to work properly!\n[2e1bf7e7-ca44-47da-9c1d-cc11d7728757/build]   | \n[2e1bf7e7-ca44-47da-9c1d-cc11d7728757/build]   | [INFO] \n[2e1bf7e7-ca44-47da-9c1d-cc11d7728757/build]   | [INFO] Results:\n[2e1bf7e7-ca44-47da-9c1d-cc11d7728757/build]   | [INFO] \n[2e1bf7e7-ca44-47da-9c1d-cc11d7728757/build]   | [ERROR] Errors: \n[2e1bf7e7-ca44-47da-9c1d-cc11d7728757/build]   | [ERROR]   AddressGrpcServiceTest.testSearchAddress \u00bb IllegalState Failed to load Applica...\n[2e1bf7e7-ca44-47da-9c1d-cc11d7728757/build]   | [ERROR]   AddressServiceTest.testSearchAddress \u00bb IllegalState Failed to load Application...\n[2e1bf7e7-ca44-47da-9c1d-cc11d7728757/build]   | [INFO] \n[2e1bf7e7-ca44-47da-9c1d-cc11d7728757/build]   | [ERROR] Tests run: 2, Failures: 0, Errors: 2, Skipped: 0\n[2e1bf7e7-ca44-47da-9c1d-cc11d7728757/build]   | [INFO] \n[2e1bf7e7-ca44-47da-9c1d-cc11d7728757/build]   | [INFO] ------------------------------------------------------------------------\n[2e1bf7e7-ca44-47da-9c1d-cc11d7728757/build]   | [INFO] Reactor Summary for HappyRide Parent 3.0.0-SNAPSHOT:\n[2e1bf7e7-ca44-47da-9c1d-cc11d7728757/build]   | [INFO] \n[2e1bf7e7-ca44-47da-9c1d-cc11d7728757/build]   | [INFO] HappyRide Parent ................................... SUCCESS [  0.002 s]\n[2e1bf7e7-ca44-47da-9c1d-cc11d7728757/build]   | [INFO] Lib :: Common ...................................... SUCCESS [ 40.024 s]\n[2e1bf7e7-ca44-47da-9c1d-cc11d7728757/build]   | [INFO] Lib :: Postgres Common ............................. SUCCESS [01:31 min]\n[2e1bf7e7-ca44-47da-9c1d-cc11d7728757/build]   | [INFO] API :: Trip Service ................................ SUCCESS [  6.952 s]\n[2e1bf7e7-ca44-47da-9c1d-cc11d7728757/build]   | [INFO] API :: Passenger Service ........................... SUCCESS [  0.600 s]\n[2e1bf7e7-ca44-47da-9c1d-cc11d7728757/build]   | [INFO] API :: Driver Service .............................. SUCCESS [  0.580 s]\n[2e1bf7e7-ca44-47da-9c1d-cc11d7728757/build]   | [INFO] API :: Dispatch Service ............................ SUCCESS [  2.414 s]\n[2e1bf7e7-ca44-47da-9c1d-cc11d7728757/build]   | [INFO] API :: Payment Service ............................. SUCCESS [  0.531 s]\n[2e1bf7e7-ca44-47da-9c1d-cc11d7728757/build]   | [INFO] API :: Address Service ............................. SUCCESS [ 13.502 s]\n[2e1bf7e7-ca44-47da-9c1d-cc11d7728757/build]   | [INFO] API :: Passenger Web ............................... SUCCESS [ 24.885 s]\n[2e1bf7e7-ca44-47da-9c1d-cc11d7728757/build]   | [INFO] API :: Trip Validation Service ..................... SUCCESS [  0.516 s]\n[2e1bf7e7-ca44-47da-9c1d-cc11d7728757/build]   | [INFO] API Client :: Parent ............................... SUCCESS [  0.000 s]\n[2e1bf7e7-ca44-47da-9c1d-cc11d7728757/build]   | [INFO] API Client :: Address Service ...................... SUCCESS [ 48.968 s]\n[2e1bf7e7-ca44-47da-9c1d-cc11d7728757/build]   | [INFO] API Client :: Passenger Service .................... SUCCESS [  0.463 s]\n[2e1bf7e7-ca44-47da-9c1d-cc11d7728757/build]   | [INFO] API Client :: Trip Service ......................... SUCCESS [  0.418 s]\n[2e1bf7e7-ca44-47da-9c1d-cc11d7728757/build]   | [INFO] Service :: Parent .................................. SUCCESS [  0.001 s]\n[2e1bf7e7-ca44-47da-9c1d-cc11d7728757/build]   | [INFO] Service :: Address ................................. FAILURE [01:02 min]\n[2e1bf7e7-ca44-47da-9c1d-cc11d7728757/build]   | [INFO] Service :: Dispatch ................................ SKIPPED\n[2e1bf7e7-ca44-47da-9c1d-cc11d7728757/build]   | [INFO] Service :: Driver .................................. SKIPPED\n[2e1bf7e7-ca44-47da-9c1d-cc11d7728757/build]   | [INFO] Service :: Passenger ............................... SKIPPED\n[2e1bf7e7-ca44-47da-9c1d-cc11d7728757/build]   | [INFO] Service :: Payment ................................. SKIPPED\n[2e1bf7e7-ca44-47da-9c1d-cc11d7728757/build]   | [INFO] Service :: Trip History ............................ SKIPPED\n[2e1bf7e7-ca44-47da-9c1d-cc11d7728757/build]   | [INFO] Service :: Trip .................................... SKIPPED\n[2e1bf7e7-ca44-47da-9c1d-cc11d7728757/build]   | [INFO] Service :: Trip Validation ......................... SKIPPED\n[2e1bf7e7-ca44-47da-9c1d-cc11d7728757/build]   | [INFO] Tools :: Driver Simulator :: UI .................... SKIPPED\n[2e1bf7e7-ca44-47da-9c1d-cc11d7728757/build]   | [INFO] Tools :: Driver Simulator .......................... SKIPPED\n[2e1bf7e7-ca44-47da-9c1d-cc11d7728757/build]   | [INFO] ------------------------------------------------------------------------\n[2e1bf7e7-ca44-47da-9c1d-cc11d7728757/build]   | [INFO] BUILD FAILURE\n[2e1bf7e7-ca44-47da-9c1d-cc11d7728757/build]   | [INFO] ------------------------------------------------------------------------\n[2e1bf7e7-ca44-47da-9c1d-cc11d7728757/build]   | [INFO] Total time:  05:24 min\n[2e1bf7e7-ca44-47da-9c1d-cc11d7728757/build]   | [INFO] Finished at: 2023-06-29T14:37:14Z\n[2e1bf7e7-ca44-47da-9c1d-cc11d7728757/build]   | [INFO] ------------------------------------------------------------------------\n[2e1bf7e7-ca44-47da-9c1d-cc11d7728757/build]   | [ERROR] Failed to execute goal org.apache.maven.plugins:maven-surefire-plugin:2.22.2:test (default-test) on project address-service: There are test failures.\n[2e1bf7e7-ca44-47da-9c1d-cc11d7728757/build]   | [ERROR] \n[2e1bf7e7-ca44-47da-9c1d-cc11d7728757/build]   | [ERROR] Please refer to /tmp/3d783ea4-1661-11ee-8a50-bb14de238602/alexcheng1982-happyride/happyride/service/address-service/target/surefire-reports for the individual test results.\n[2e1bf7e7-ca44-47da-9c1d-cc11d7728757/build]   | [ERROR] Please refer to dump files (if any exist) [date].dump, [date]-jvmRun[N].dump and [date].dumpstream.\n[2e1bf7e7-ca44-47da-9c1d-cc11d7728757/build]   | [ERROR] -> [Help 1]\n[2e1bf7e7-ca44-47da-9c1d-cc11d7728757/build]   | [ERROR] \n[2e1bf7e7-ca44-47da-9c1d-cc11d7728757/build]   | [ERROR] To see the full stack trace of the errors, re-run Maven with the -e switch.\n[2e1bf7e7-ca44-47da-9c1d-cc11d7728757/build]   | [ERROR] Re-run Maven using the -X switch to enable full debug logging.\n[2e1bf7e7-ca44-47da-9c1d-cc11d7728757/build]   | [ERROR] \n[2e1bf7e7-ca44-47da-9c1d-cc11d7728757/build]   | [ERROR] For more information about the errors and possible solutions, please read the following articles:\n[2e1bf7e7-ca44-47da-9c1d-cc11d7728757/build]   | [ERROR] [Help 1] http://cwiki.apache.org/confluence/display/MAVEN/MojoFailureException\n[2e1bf7e7-ca44-47da-9c1d-cc11d7728757/build]   | [ERROR] \n[2e1bf7e7-ca44-47da-9c1d-cc11d7728757/build]   | [ERROR] After correcting the problems, you can resume the build with the command\n[2e1bf7e7-ca44-47da-9c1d-cc11d7728757/build]   | [ERROR]   mvn <args> -rf :address-service\n[2e1bf7e7-ca44-47da-9c1d-cc11d7728757/build]   \u274c  Failure - Main Build with Maven\n[2e1bf7e7-ca44-47da-9c1d-cc11d7728757/build] exitcode '1': failure\n[2e1bf7e7-ca44-47da-9c1d-cc11d7728757/build] \u2b50 Run Post Set up JDK 17\n[2e1bf7e7-ca44-47da-9c1d-cc11d7728757/build]   \ud83d\udc33  docker exec cmd=[node /var/run/act/actions/actions-setup-java@v1/dist/cleanup/index.js] user= workdir=\n[2e1bf7e7-ca44-47da-9c1d-cc11d7728757/build]   \u2705  Success - Post Set up JDK 17\n[2e1bf7e7-ca44-47da-9c1d-cc11d7728757/build] \ud83c\udfc1  Job failed\n",
        "stderr": "Error: Job 'build' failed\n",
        "workflow": "/tmp/3d783ea4-1661-11ee-8a50-bb14de238602/alexcheng1982-happyride/.github/workflows/maven-crawler.yml",
        "build_tool": "maven",
        "elapsed_time": 468.63988423347473
    }
}