{
    "repository": "mfaisalkhatri/selenium4poc",
    "stars": 130,
    "language": "java",
    "size": 192,
    "clone_url": "https://github.com/mfaisalkhatri/selenium4poc.git",
    "timestamp": "2023-06-29T15:13:16.761664Z",
    "clone_success": true,
    "number_of_actions": 2,
    "number_of_test_actions": 1,
    "actions_successful": false,
    "actions_build_tools": [
        "unknown",
        "maven"
    ],
    "actions_test_build_tools": [
        "maven"
    ],
    "actions_run": {
        "failed": true,
        "tests": [],
        "stdout": "[99efeee8-364f-4042-afd9-97b1aafc184d/Build and Test] \ud83d\ude80  Start image=crawlergpt:latest\n[99efeee8-364f-4042-afd9-97b1aafc184d/Build and Test]   \ud83d\udc33  docker pull image=crawlergpt:latest platform= username= forcePull=false\n[99efeee8-364f-4042-afd9-97b1aafc184d/Build and Test]   \ud83d\udc33  docker create image=crawlergpt:latest platform= entrypoint=[\"tail\" \"-f\" \"/dev/null\"] cmd=[]\n[99efeee8-364f-4042-afd9-97b1aafc184d/Build and Test]   \ud83d\udc33  docker run image=crawlergpt:latest platform= entrypoint=[\"tail\" \"-f\" \"/dev/null\"] cmd=[]\n[99efeee8-364f-4042-afd9-97b1aafc184d/Build and Test]   \ud83d\udc33  docker exec cmd=[chown -R 1012:1013 /tmp/3d783ea4-1661-11ee-8a50-bb14de238602/mfaisalkhatri-selenium4poc] user=0 workdir=\n[99efeee8-364f-4042-afd9-97b1aafc184d/Build and Test]   \u2601  git clone 'https://github.com/actions/setup-java' # ref=v2\n[99efeee8-364f-4042-afd9-97b1aafc184d/Build and Test]   \u2601  git clone 'https://github.com/browser-actions/setup-chrome' # ref=latest\n[99efeee8-364f-4042-afd9-97b1aafc184d/Build and Test]   \u2601  git clone 'https://github.com/browser-actions/setup-firefox' # ref=latest\n[99efeee8-364f-4042-afd9-97b1aafc184d/Build and Test]   \u2601  git clone 'https://github.com/actions/upload-artifact' # ref=v2\n[99efeee8-364f-4042-afd9-97b1aafc184d/Build and Test] \u2b50 Run Main checkout Git repository\n[99efeee8-364f-4042-afd9-97b1aafc184d/Build and Test]   \u2705  Success - Main checkout Git repository\n[99efeee8-364f-4042-afd9-97b1aafc184d/Build and Test] \u2b50 Run Main Install Java and Maven\n[99efeee8-364f-4042-afd9-97b1aafc184d/Build and Test]   \ud83d\udc33  docker cp src=/tmp/act-cache/0188727b-ed72-47e5-bd3d-e81d94a78705/act/actions-setup-java@v2/ dst=/var/run/act/actions/actions-setup-java@v2/\n[99efeee8-364f-4042-afd9-97b1aafc184d/Build and Test]   \ud83d\udc33  docker exec cmd=[chown -R 1012:1013 /var/run/act/actions/actions-setup-java@v2/] user=0 workdir=\n[99efeee8-364f-4042-afd9-97b1aafc184d/Build and Test]   \ud83d\udc33  docker exec cmd=[node /var/run/act/actions/actions-setup-java@v2/dist/setup/index.js] user= workdir=\n[99efeee8-364f-4042-afd9-97b1aafc184d/Build and Test]   \ud83d\udcac  ::debug::isExplicit: 11.0.11-9\n[99efeee8-364f-4042-afd9-97b1aafc184d/Build and Test]   \ud83d\udcac  ::debug::explicit? true\n[99efeee8-364f-4042-afd9-97b1aafc184d/Build and Test]   \ud83d\udcac  ::debug::isExplicit: 8.0.292-1\n[99efeee8-364f-4042-afd9-97b1aafc184d/Build and Test]   \ud83d\udcac  ::debug::explicit? true\n[99efeee8-364f-4042-afd9-97b1aafc184d/Build and Test]   | Trying to resolve the latest version from remote\n[99efeee8-364f-4042-afd9-97b1aafc184d/Build and Test]   | Resolved latest version as 17.0.7+7\n[99efeee8-364f-4042-afd9-97b1aafc184d/Build and Test]   | Trying to download...\n[99efeee8-364f-4042-afd9-97b1aafc184d/Build and Test]   | Downloading Java 17.0.7+7 (Adopt-Hotspot) from https://github.com/adoptium/temurin17-binaries/releases/download/jdk-17.0.7%2B7/OpenJDK17U-jdk_x64_linux_hotspot_17.0.7_7.tar.gz ...\n[99efeee8-364f-4042-afd9-97b1aafc184d/Build and Test]   \ud83d\udcac  ::debug::Downloading https://github.com/adoptium/temurin17-binaries/releases/download/jdk-17.0.7%252B7/OpenJDK17U-jdk_x64_linux_hotspot_17.0.7_7.tar.gz\n[99efeee8-364f-4042-afd9-97b1aafc184d/Build and Test]   \ud83d\udcac  ::debug::Destination /tmp/54f35701-8f52-4c28-9565-38f416976340\n[99efeee8-364f-4042-afd9-97b1aafc184d/Build and Test]   \ud83d\udcac  ::debug::download complete\n[99efeee8-364f-4042-afd9-97b1aafc184d/Build and Test]   | Extracting Java archive...\n[99efeee8-364f-4042-afd9-97b1aafc184d/Build and Test]   \ud83d\udcac  ::debug::Checking tar --version\n[99efeee8-364f-4042-afd9-97b1aafc184d/Build and Test]   \ud83d\udcac  ::debug::tar (GNU tar) 1.30%0ACopyright (C) 2017 Free Software Foundation, Inc.%0ALicense GPLv3+: GNU GPL version 3 or later <https://gnu.org/licenses/gpl.html>.%0AThis is free software: you are free to change and redistribute it.%0AThere is NO WARRANTY, to the extent permitted by law.%0A%0AWritten by John Gilmore and Jay Fenlason.\n[99efeee8-364f-4042-afd9-97b1aafc184d/Build and Test]   | [command]/usr/bin/tar xz --warning=no-unknown-keyword -C /tmp/b0c75e11-c879-4348-a6b8-3d740a567341 -f /tmp/54f35701-8f52-4c28-9565-38f416976340\n[99efeee8-364f-4042-afd9-97b1aafc184d/Build and Test]   \ud83d\udcac  ::debug::Caching tool Java_Adopt_jdk 17.0.7-7 x64\n[99efeee8-364f-4042-afd9-97b1aafc184d/Build and Test]   \ud83d\udcac  ::debug::source dir: /tmp/b0c75e11-c879-4348-a6b8-3d740a567341/jdk-17.0.7+7\n[99efeee8-364f-4042-afd9-97b1aafc184d/Build and Test]   \ud83d\udcac  ::debug::destination /opt/hostedtoolcache/Java_Adopt_jdk/17.0.7-7/x64\n[99efeee8-364f-4042-afd9-97b1aafc184d/Build and Test]   \ud83d\udcac  ::debug::finished caching tool\n[99efeee8-364f-4042-afd9-97b1aafc184d/Build and Test]   | Java 17.0.7+7 was downloaded\n[99efeee8-364f-4042-afd9-97b1aafc184d/Build and Test]   | Setting Java 17.0.7+7 as the default\n[99efeee8-364f-4042-afd9-97b1aafc184d/Build and Test]   | \n[99efeee8-364f-4042-afd9-97b1aafc184d/Build and Test]   | Java configuration:\n[99efeee8-364f-4042-afd9-97b1aafc184d/Build and Test]   |   Distribution: adopt\n[99efeee8-364f-4042-afd9-97b1aafc184d/Build and Test]   |   Version: 17.0.7+7\n[99efeee8-364f-4042-afd9-97b1aafc184d/Build and Test]   |   Path: /opt/hostedtoolcache/Java_Adopt_jdk/17.0.7-7/x64\n[99efeee8-364f-4042-afd9-97b1aafc184d/Build and Test]   | \n[99efeee8-364f-4042-afd9-97b1aafc184d/Build and Test]   \u2753 add-matcher /run/act/actions/actions-setup-java@v2/.github/java.json\n[99efeee8-364f-4042-afd9-97b1aafc184d/Build and Test]   | Creating settings.xml with server-id: github\n[99efeee8-364f-4042-afd9-97b1aafc184d/Build and Test]   | Writing to /home/runneradmin/.m2/settings.xml\n[99efeee8-364f-4042-afd9-97b1aafc184d/Build and Test]   \ud83d\udcac  ::debug::followSymbolicLinks 'true'\n[99efeee8-364f-4042-afd9-97b1aafc184d/Build and Test]   \ud83d\udcac  ::debug::followSymbolicLinks 'true'\n[99efeee8-364f-4042-afd9-97b1aafc184d/Build and Test]   \ud83d\udcac  ::debug::implicitDescendants 'true'\n[99efeee8-364f-4042-afd9-97b1aafc184d/Build and Test]   \ud83d\udcac  ::debug::matchDirectories 'true'\n[99efeee8-364f-4042-afd9-97b1aafc184d/Build and Test]   \ud83d\udcac  ::debug::omitBrokenSymbolicLinks 'true'\n[99efeee8-364f-4042-afd9-97b1aafc184d/Build and Test]   \ud83d\udcac  ::debug::Search path '/tmp/3d783ea4-1661-11ee-8a50-bb14de238602/mfaisalkhatri-selenium4poc'\n[99efeee8-364f-4042-afd9-97b1aafc184d/Build and Test]   \ud83d\udcac  ::debug::/tmp/3d783ea4-1661-11ee-8a50-bb14de238602/mfaisalkhatri-selenium4poc/pom.xml\n[99efeee8-364f-4042-afd9-97b1aafc184d/Build and Test]   \ud83d\udcac  ::debug::Found 1 files to hash.\n[99efeee8-364f-4042-afd9-97b1aafc184d/Build and Test]   \ud83d\udcac  ::debug::primary key is setup-java-Linux-maven-430e497b22ee97e43ef8bbb7cf2618e17e953034064301a19edd15a6be3c7475\n[99efeee8-364f-4042-afd9-97b1aafc184d/Build and Test]   \ud83d\udcac  ::debug::Resolved Keys:\n[99efeee8-364f-4042-afd9-97b1aafc184d/Build and Test]   \ud83d\udcac  ::debug::[\"setup-java-Linux-maven-430e497b22ee97e43ef8bbb7cf2618e17e953034064301a19edd15a6be3c7475\",\"setup-java-Linux-maven\"]\n[99efeee8-364f-4042-afd9-97b1aafc184d/Build and Test]   \ud83d\udcac  ::debug::Checking zstd --version\n[99efeee8-364f-4042-afd9-97b1aafc184d/Build and Test]   \ud83d\udcac  ::debug::*** zstd command line interface 64-bits v1.5.0, by Yann Collet ***\n[99efeee8-364f-4042-afd9-97b1aafc184d/Build and Test]   \ud83d\udcac  ::debug::Resource Url: http://130.242.72.40:37951/_apis/artifactcache/cache?keys=setup-java-Linux-maven-430e497b22ee97e43ef8bbb7cf2618e17e953034064301a19edd15a6be3c7475%252Csetup-java-Linux-maven&version=cf689304ceab961b43dfb969452ae56d000a022b1f5d36fc5110e872a51021d1\n[99efeee8-364f-4042-afd9-97b1aafc184d/Build and Test]   | maven cache is not found\n[99efeee8-364f-4042-afd9-97b1aafc184d/Build and Test]   \u2705  Success - Main Install Java and Maven\n[99efeee8-364f-4042-afd9-97b1aafc184d/Build and Test]   \u2699  ::set-env:: JAVA_HOME=/opt/hostedtoolcache/Java_Adopt_jdk/17.0.7-7/x64\n[99efeee8-364f-4042-afd9-97b1aafc184d/Build and Test]   \u2699  ::set-output:: distribution=Adopt-Hotspot\n[99efeee8-364f-4042-afd9-97b1aafc184d/Build and Test]   \u2699  ::set-output:: path=/opt/hostedtoolcache/Java_Adopt_jdk/17.0.7-7/x64\n[99efeee8-364f-4042-afd9-97b1aafc184d/Build and Test]   \u2699  ::set-output:: version=17.0.7+7\n[99efeee8-364f-4042-afd9-97b1aafc184d/Build and Test]   \u2699  ::add-path:: /opt/hostedtoolcache/Java_Adopt_jdk/17.0.7-7/x64/bin\n[99efeee8-364f-4042-afd9-97b1aafc184d/Build and Test] \u2b50 Run Main Setup Juice Shop using docker compose\n[99efeee8-364f-4042-afd9-97b1aafc184d/Build and Test]   \ud83d\udc33  docker exec cmd=[bash --noprofile --norc -e -o pipefail /var/run/act/workflow/2] user= workdir=\n[99efeee8-364f-4042-afd9-97b1aafc184d/Build and Test]   | [58] Failed to execute script docker-compose\n[99efeee8-364f-4042-afd9-97b1aafc184d/Build and Test]   | Traceback (most recent call last):\n[99efeee8-364f-4042-afd9-97b1aafc184d/Build and Test]   |   File \"urllib3/connectionpool.py\", line 677, in urlopen\n[99efeee8-364f-4042-afd9-97b1aafc184d/Build and Test]   |   File \"urllib3/connectionpool.py\", line 392, in _make_request\n[99efeee8-364f-4042-afd9-97b1aafc184d/Build and Test]   |   File \"http/client.py\", line 1277, in request\n[99efeee8-364f-4042-afd9-97b1aafc184d/Build and Test]   |   File \"http/client.py\", line 1323, in _send_request\n[99efeee8-364f-4042-afd9-97b1aafc184d/Build and Test]   |   File \"http/client.py\", line 1272, in endheaders\n[99efeee8-364f-4042-afd9-97b1aafc184d/Build and Test]   |   File \"http/client.py\", line 1032, in _send_output\n[99efeee8-364f-4042-afd9-97b1aafc184d/Build and Test]   |   File \"http/client.py\", line 972, in send\n[99efeee8-364f-4042-afd9-97b1aafc184d/Build and Test]   |   File \"docker/transport/unixconn.py\", line 43, in connect\n[99efeee8-364f-4042-afd9-97b1aafc184d/Build and Test]   | PermissionError: [Errno 13] Permission denied\n[99efeee8-364f-4042-afd9-97b1aafc184d/Build and Test]   | \n[99efeee8-364f-4042-afd9-97b1aafc184d/Build and Test]   | During handling of the above exception, another exception occurred:\n[99efeee8-364f-4042-afd9-97b1aafc184d/Build and Test]   | \n[99efeee8-364f-4042-afd9-97b1aafc184d/Build and Test]   | Traceback (most recent call last):\n[99efeee8-364f-4042-afd9-97b1aafc184d/Build and Test]   |   File \"requests/adapters.py\", line 449, in send\n[99efeee8-364f-4042-afd9-97b1aafc184d/Build and Test]   |   File \"urllib3/connectionpool.py\", line 727, in urlopen\n[99efeee8-364f-4042-afd9-97b1aafc184d/Build and Test]   |   File \"urllib3/util/retry.py\", line 410, in increment\n[99efeee8-364f-4042-afd9-97b1aafc184d/Build and Test]   |   File \"urllib3/packages/six.py\", line 734, in reraise\n[99efeee8-364f-4042-afd9-97b1aafc184d/Build and Test]   |   File \"urllib3/connectionpool.py\", line 677, in urlopen\n[99efeee8-364f-4042-afd9-97b1aafc184d/Build and Test]   |   File \"urllib3/connectionpool.py\", line 392, in _make_request\n[99efeee8-364f-4042-afd9-97b1aafc184d/Build and Test]   |   File \"http/client.py\", line 1277, in request\n[99efeee8-364f-4042-afd9-97b1aafc184d/Build and Test]   |   File \"http/client.py\", line 1323, in _send_request\n[99efeee8-364f-4042-afd9-97b1aafc184d/Build and Test]   |   File \"http/client.py\", line 1272, in endheaders\n[99efeee8-364f-4042-afd9-97b1aafc184d/Build and Test]   |   File \"http/client.py\", line 1032, in _send_output\n[99efeee8-364f-4042-afd9-97b1aafc184d/Build and Test]   |   File \"http/client.py\", line 972, in send\n[99efeee8-364f-4042-afd9-97b1aafc184d/Build and Test]   |   File \"docker/transport/unixconn.py\", line 43, in connect\n[99efeee8-364f-4042-afd9-97b1aafc184d/Build and Test]   | urllib3.exceptions.ProtocolError: ('Connection aborted.', PermissionError(13, 'Permission denied'))\n[99efeee8-364f-4042-afd9-97b1aafc184d/Build and Test]   | \n[99efeee8-364f-4042-afd9-97b1aafc184d/Build and Test]   | During handling of the above exception, another exception occurred:\n[99efeee8-364f-4042-afd9-97b1aafc184d/Build and Test]   | \n[99efeee8-364f-4042-afd9-97b1aafc184d/Build and Test]   | Traceback (most recent call last):\n[99efeee8-364f-4042-afd9-97b1aafc184d/Build and Test]   |   File \"docker/api/client.py\", line 214, in _retrieve_server_version\n[99efeee8-364f-4042-afd9-97b1aafc184d/Build and Test]   |   File \"docker/api/daemon.py\", line 181, in version\n[99efeee8-364f-4042-afd9-97b1aafc184d/Build and Test]   |   File \"docker/utils/decorators.py\", line 46, in inner\n[99efeee8-364f-4042-afd9-97b1aafc184d/Build and Test]   |   File \"docker/api/client.py\", line 237, in _get\n[99efeee8-364f-4042-afd9-97b1aafc184d/Build and Test]   |   File \"requests/sessions.py\", line 543, in get\n[99efeee8-364f-4042-afd9-97b1aafc184d/Build and Test]   |   File \"requests/sessions.py\", line 530, in request\n[99efeee8-364f-4042-afd9-97b1aafc184d/Build and Test]   |   File \"requests/sessions.py\", line 643, in send\n[99efeee8-364f-4042-afd9-97b1aafc184d/Build and Test]   |   File \"requests/adapters.py\", line 498, in send\n[99efeee8-364f-4042-afd9-97b1aafc184d/Build and Test]   | requests.exceptions.ConnectionError: ('Connection aborted.', PermissionError(13, 'Permission denied'))\n[99efeee8-364f-4042-afd9-97b1aafc184d/Build and Test]   | \n[99efeee8-364f-4042-afd9-97b1aafc184d/Build and Test]   | During handling of the above exception, another exception occurred:\n[99efeee8-364f-4042-afd9-97b1aafc184d/Build and Test]   | \n[99efeee8-364f-4042-afd9-97b1aafc184d/Build and Test]   | Traceback (most recent call last):\n[99efeee8-364f-4042-afd9-97b1aafc184d/Build and Test]   |   File \"docker-compose\", line 3, in <module>\n[99efeee8-364f-4042-afd9-97b1aafc184d/Build and Test]   |   File \"compose/cli/main.py\", line 81, in main\n[99efeee8-364f-4042-afd9-97b1aafc184d/Build and Test]   |   File \"compose/cli/main.py\", line 200, in perform_command\n[99efeee8-364f-4042-afd9-97b1aafc184d/Build and Test]   |   File \"compose/cli/command.py\", line 70, in project_from_options\n[99efeee8-364f-4042-afd9-97b1aafc184d/Build and Test]   |   File \"compose/cli/command.py\", line 153, in get_project\n[99efeee8-364f-4042-afd9-97b1aafc184d/Build and Test]   |   File \"compose/cli/docker_client.py\", line 43, in get_client\n[99efeee8-364f-4042-afd9-97b1aafc184d/Build and Test]   |   File \"compose/cli/docker_client.py\", line 170, in docker_client\n[99efeee8-364f-4042-afd9-97b1aafc184d/Build and Test]   |   File \"docker/api/client.py\", line 197, in __init__\n[99efeee8-364f-4042-afd9-97b1aafc184d/Build and Test]   |   File \"docker/api/client.py\", line 222, in _retrieve_server_version\n[99efeee8-364f-4042-afd9-97b1aafc184d/Build and Test]   | docker.errors.DockerException: Error while fetching server API version: ('Connection aborted.', PermissionError(13, 'Permission denied'))\n[99efeee8-364f-4042-afd9-97b1aafc184d/Build and Test]   \u274c  Failure - Main Setup Juice Shop using docker compose\n[99efeee8-364f-4042-afd9-97b1aafc184d/Build and Test] exitcode '255': failure\n[99efeee8-364f-4042-afd9-97b1aafc184d/Build and Test] \u2b50 Run Post Install Java and Maven\n[99efeee8-364f-4042-afd9-97b1aafc184d/Build and Test]   \ud83d\udc33  docker exec cmd=[node /var/run/act/actions/actions-setup-java@v2/dist/cleanup/index.js] user= workdir=\n[99efeee8-364f-4042-afd9-97b1aafc184d/Build and Test]   \ud83d\udcac  ::debug::Checking zstd --version\n[99efeee8-364f-4042-afd9-97b1aafc184d/Build and Test]   \ud83d\udcac  ::debug::*** zstd command line interface 64-bits v1.5.0, by Yann Collet ***\n[99efeee8-364f-4042-afd9-97b1aafc184d/Build and Test]   \ud83d\udcac  ::debug::Reserving Cache\n[99efeee8-364f-4042-afd9-97b1aafc184d/Build and Test]   \ud83d\udcac  ::debug::Resource Url: http://130.242.72.40:37951/_apis/artifactcache/caches\n[99efeee8-364f-4042-afd9-97b1aafc184d/Build and Test]   \ud83d\udcac  ::debug::Cache ID: 1\n[99efeee8-364f-4042-afd9-97b1aafc184d/Build and Test]   \ud83d\udcac  ::debug::implicitDescendants 'false'\n[99efeee8-364f-4042-afd9-97b1aafc184d/Build and Test]   \ud83d\udcac  ::debug::followSymbolicLinks 'true'\n[99efeee8-364f-4042-afd9-97b1aafc184d/Build and Test]   \ud83d\udcac  ::debug::implicitDescendants 'false'\n[99efeee8-364f-4042-afd9-97b1aafc184d/Build and Test]   \ud83d\udcac  ::debug::omitBrokenSymbolicLinks 'true'\n[99efeee8-364f-4042-afd9-97b1aafc184d/Build and Test]   \ud83d\udcac  ::debug::Search path '/home/runneradmin/.m2/repository'\n[99efeee8-364f-4042-afd9-97b1aafc184d/Build and Test]   \ud83d\udcac  ::debug::Cache Paths:\n[99efeee8-364f-4042-afd9-97b1aafc184d/Build and Test]   \ud83d\udcac  ::debug::[]\n[99efeee8-364f-4042-afd9-97b1aafc184d/Build and Test]   \ud83d\udcac  ::debug::Archive Path: /tmp/ad1883cf-6f8f-4be6-851e-e33bfe51cfb2/cache.tzst\n[99efeee8-364f-4042-afd9-97b1aafc184d/Build and Test]   | [command]/usr/bin/tar --posix --use-compress-program zstd -T0 -cf cache.tzst -P -C /tmp/3d783ea4-1661-11ee-8a50-bb14de238602/mfaisalkhatri-selenium4poc --files-from manifest.txt\n[99efeee8-364f-4042-afd9-97b1aafc184d/Build and Test]   \ud83d\udcac  ::debug::File Size: 22\n[99efeee8-364f-4042-afd9-97b1aafc184d/Build and Test]   \ud83d\udcac  ::debug::Saving Cache (ID: 1)\n[99efeee8-364f-4042-afd9-97b1aafc184d/Build and Test]   \ud83d\udcac  ::debug::Upload cache\n[99efeee8-364f-4042-afd9-97b1aafc184d/Build and Test]   \ud83d\udcac  ::debug::Resource Url: http://130.242.72.40:37951/_apis/artifactcache/caches/1\n[99efeee8-364f-4042-afd9-97b1aafc184d/Build and Test]   \ud83d\udcac  ::debug::Upload concurrency: 4\n[99efeee8-364f-4042-afd9-97b1aafc184d/Build and Test]   \ud83d\udcac  ::debug::Upload chunk size: 33554432\n[99efeee8-364f-4042-afd9-97b1aafc184d/Build and Test]   \ud83d\udcac  ::debug::Awaiting all uploads\n[99efeee8-364f-4042-afd9-97b1aafc184d/Build and Test]   \ud83d\udcac  ::debug::Uploading chunk of size 22 bytes at offset 0 with content range: bytes 0-21/*\n[99efeee8-364f-4042-afd9-97b1aafc184d/Build and Test]   \ud83d\udcac  ::debug::Commiting cache\n[99efeee8-364f-4042-afd9-97b1aafc184d/Build and Test]   | Cache Size: ~0 MB (22 B)\n[99efeee8-364f-4042-afd9-97b1aafc184d/Build and Test]   \ud83d\udcac  ::debug::Resource Url: http://130.242.72.40:37951/_apis/artifactcache/caches/1\n[99efeee8-364f-4042-afd9-97b1aafc184d/Build and Test]   \ud83d\udcac  ::debug::commitCache - Attempt 1 of 2 failed with error: Cache service responded with 500\n[99efeee8-364f-4042-afd9-97b1aafc184d/Build and Test]   \ud83d\udcac  ::debug::commitCache - Error is not retryable\n[99efeee8-364f-4042-afd9-97b1aafc184d/Build and Test]   \ud83d\udea7  ::warning::Error: commitCache failed: Cache service responded with 500\n[99efeee8-364f-4042-afd9-97b1aafc184d/Build and Test]   \u2705  Success - Post Install Java and Maven\n[99efeee8-364f-4042-afd9-97b1aafc184d/Build and Test] \ud83c\udfc1  Job failed\n",
        "stderr": "time=\"2023-06-29T17:16:46+02:00\" level=error msg=\"POST /_apis/artifactcache/caches/1: broken file: 22 != 0\" module=artifactcache\nError: Job 'Build and Test' failed\n",
        "workflow": "/tmp/3d783ea4-1661-11ee-8a50-bb14de238602/mfaisalkhatri-selenium4poc/.github/workflows/maven-crawler.yml",
        "build_tool": "maven",
        "elapsed_time": 208.34222602844238
    }
}