{
    "repository": "TNG/keycloak-mock",
    "stars": 103,
    "language": "java",
    "size": 1993,
    "clone_url": "https://github.com/TNG/keycloak-mock.git",
    "timestamp": "2023-06-29T14:17:05.959492Z",
    "clone_success": true,
    "number_of_actions": 1,
    "number_of_test_actions": 1,
    "actions_successful": false,
    "actions_build_tools": [
        "gradle"
    ],
    "actions_test_build_tools": [
        "gradle"
    ],
    "actions_run": {
        "failed": true,
        "tests": [],
        "stdout": "[39f34dc3-57e2-4545-8741-f5d9744b6ecc/build_java8       ] \ud83d\ude80  Start image=crawlergpt:latest\n[39f34dc3-57e2-4545-8741-f5d9744b6ecc/check_commit_hooks] \ud83d\ude80  Start image=crawlergpt:latest\n[39f34dc3-57e2-4545-8741-f5d9744b6ecc/build_java17      ] \ud83d\ude80  Start image=crawlergpt:latest\n[39f34dc3-57e2-4545-8741-f5d9744b6ecc/build_java17      ]   \ud83d\udc33  docker pull image=crawlergpt:latest platform= username= forcePull=false\n[39f34dc3-57e2-4545-8741-f5d9744b6ecc/build_java8       ]   \ud83d\udc33  docker pull image=crawlergpt:latest platform= username= forcePull=false\n[39f34dc3-57e2-4545-8741-f5d9744b6ecc/check_commit_hooks]   \ud83d\udc33  docker pull image=crawlergpt:latest platform= username= forcePull=false\n[39f34dc3-57e2-4545-8741-f5d9744b6ecc/build_java8       ]   \ud83d\udc33  docker create image=crawlergpt:latest platform= entrypoint=[\"tail\" \"-f\" \"/dev/null\"] cmd=[]\n[39f34dc3-57e2-4545-8741-f5d9744b6ecc/build_java17      ]   \ud83d\udc33  docker create image=crawlergpt:latest platform= entrypoint=[\"tail\" \"-f\" \"/dev/null\"] cmd=[]\n[39f34dc3-57e2-4545-8741-f5d9744b6ecc/check_commit_hooks]   \ud83d\udc33  docker create image=crawlergpt:latest platform= entrypoint=[\"tail\" \"-f\" \"/dev/null\"] cmd=[]\n[39f34dc3-57e2-4545-8741-f5d9744b6ecc/check_commit_hooks]   \ud83d\udc33  docker run image=crawlergpt:latest platform= entrypoint=[\"tail\" \"-f\" \"/dev/null\"] cmd=[]\n[39f34dc3-57e2-4545-8741-f5d9744b6ecc/build_java17      ]   \ud83d\udc33  docker run image=crawlergpt:latest platform= entrypoint=[\"tail\" \"-f\" \"/dev/null\"] cmd=[]\n[39f34dc3-57e2-4545-8741-f5d9744b6ecc/build_java8       ]   \ud83d\udc33  docker run image=crawlergpt:latest platform= entrypoint=[\"tail\" \"-f\" \"/dev/null\"] cmd=[]\n[39f34dc3-57e2-4545-8741-f5d9744b6ecc/build_java8       ]   \ud83d\udc33  docker exec cmd=[chown -R 1012:1013 /tmp/3d783ea4-1661-11ee-8a50-bb14de238602/TNG-keycloak-mock] user=0 workdir=\n[39f34dc3-57e2-4545-8741-f5d9744b6ecc/check_commit_hooks]   \ud83d\udc33  docker exec cmd=[chown -R 1012:1013 /tmp/3d783ea4-1661-11ee-8a50-bb14de238602/TNG-keycloak-mock] user=0 workdir=\n[39f34dc3-57e2-4545-8741-f5d9744b6ecc/build_java17      ]   \ud83d\udc33  docker exec cmd=[chown -R 1012:1013 /tmp/3d783ea4-1661-11ee-8a50-bb14de238602/TNG-keycloak-mock] user=0 workdir=\n[39f34dc3-57e2-4545-8741-f5d9744b6ecc/check_commit_hooks]   \u2601  git clone 'https://github.com/actions/setup-python' # ref=v4\n[39f34dc3-57e2-4545-8741-f5d9744b6ecc/build_java17      ]   \u2601  git clone 'https://github.com/actions/setup-java' # ref=v3\n[39f34dc3-57e2-4545-8741-f5d9744b6ecc/build_java8       ]   \u2601  git clone 'https://github.com/actions/setup-java' # ref=v3\n[39f34dc3-57e2-4545-8741-f5d9744b6ecc/check_commit_hooks]   \u2601  git clone 'https://github.com/actions/setup-java' # ref=v3\n[39f34dc3-57e2-4545-8741-f5d9744b6ecc/check_commit_hooks]   \u2601  git clone 'https://github.com/pre-commit/action' # ref=v3.0.0\n[39f34dc3-57e2-4545-8741-f5d9744b6ecc/build_java17      ]   \u2601  git clone 'https://github.com/mikepenz/action-junit-report' # ref=v3\n[39f34dc3-57e2-4545-8741-f5d9744b6ecc/build_java8       ]   \u2601  git clone 'https://github.com/mikepenz/action-junit-report' # ref=v3\n[39f34dc3-57e2-4545-8741-f5d9744b6ecc/check_commit_hooks] \u2b50 Run Pre Run pre-commit check\n[39f34dc3-57e2-4545-8741-f5d9744b6ecc/check_commit_hooks]   \u2601  git clone 'https://github.com/actions/cache' # ref=v3\n[39f34dc3-57e2-4545-8741-f5d9744b6ecc/build_java17      ]   \u2601  git clone 'https://github.com/actions/upload-artifact' # ref=v3\n[39f34dc3-57e2-4545-8741-f5d9744b6ecc/build_java8       ] \u2b50 Run Main Check out\n[39f34dc3-57e2-4545-8741-f5d9744b6ecc/build_java8       ]   \u2705  Success - Main Check out\n[39f34dc3-57e2-4545-8741-f5d9744b6ecc/build_java8       ] \u2b50 Run Main Set up JDK 8\n[39f34dc3-57e2-4545-8741-f5d9744b6ecc/build_java8       ]   \ud83d\udc33  docker cp src=/tmp/act-cache/94c3354c-cc78-4dc2-bd89-1d8b66cdcc96/act/actions-setup-java@v3/ dst=/var/run/act/actions/actions-setup-java@v3/\n[39f34dc3-57e2-4545-8741-f5d9744b6ecc/build_java8       ]   \ud83d\udc33  docker exec cmd=[chown -R 1012:1013 /var/run/act/actions/actions-setup-java@v3/] user=0 workdir=\n[39f34dc3-57e2-4545-8741-f5d9744b6ecc/build_java8       ]   \ud83d\udc33  docker exec cmd=[node /var/run/act/actions/actions-setup-java@v3/dist/setup/index.js] user= workdir=\n[39f34dc3-57e2-4545-8741-f5d9744b6ecc/check_commit_hooks]   \u2705  Success - Pre Run pre-commit check\n[39f34dc3-57e2-4545-8741-f5d9744b6ecc/check_commit_hooks] \u2b50 Run Main Check out\n[39f34dc3-57e2-4545-8741-f5d9744b6ecc/check_commit_hooks]   \u2705  Success - Main Check out\n[39f34dc3-57e2-4545-8741-f5d9744b6ecc/check_commit_hooks] \u2b50 Run Main Set up Python\n[39f34dc3-57e2-4545-8741-f5d9744b6ecc/check_commit_hooks]   \ud83d\udc33  docker cp src=/tmp/act-cache/94c3354c-cc78-4dc2-bd89-1d8b66cdcc96/act/actions-setup-python@v4/ dst=/var/run/act/actions/actions-setup-python@v4/\n[39f34dc3-57e2-4545-8741-f5d9744b6ecc/build_java8       ]   \u2753  ::group::Installed distributions\n[39f34dc3-57e2-4545-8741-f5d9744b6ecc/build_java8       ]   | Trying to resolve the latest version from remote\n[39f34dc3-57e2-4545-8741-f5d9744b6ecc/check_commit_hooks]   \ud83d\udc33  docker exec cmd=[chown -R 1012:1013 /var/run/act/actions/actions-setup-python@v4/] user=0 workdir=\n[39f34dc3-57e2-4545-8741-f5d9744b6ecc/check_commit_hooks]   \ud83d\udc33  docker exec cmd=[node /var/run/act/actions/actions-setup-python@v4/dist/setup/index.js] user= workdir=\n[39f34dc3-57e2-4545-8741-f5d9744b6ecc/build_java8       ]   | Resolved latest version as 8.0.372+7\n[39f34dc3-57e2-4545-8741-f5d9744b6ecc/build_java8       ]   | Trying to download...\n[39f34dc3-57e2-4545-8741-f5d9744b6ecc/build_java8       ]   | Downloading Java 8.0.372+7 (Temurin-Hotspot) from https://github.com/adoptium/temurin8-binaries/releases/download/jdk8u372-b07/OpenJDK8U-jdk_x64_linux_hotspot_8u372b07.tar.gz ...\n[39f34dc3-57e2-4545-8741-f5d9744b6ecc/build_java8       ]   \ud83d\udcac  ::debug::Downloading https://github.com/adoptium/temurin8-binaries/releases/download/jdk8u372-b07/OpenJDK8U-jdk_x64_linux_hotspot_8u372b07.tar.gz\n[39f34dc3-57e2-4545-8741-f5d9744b6ecc/build_java8       ]   \ud83d\udcac  ::debug::Destination /tmp/0a1e8975-c89e-4964-9f5c-a1a57d64d483\n[39f34dc3-57e2-4545-8741-f5d9744b6ecc/build_java17      ] \u2b50 Run Main Check out\n[39f34dc3-57e2-4545-8741-f5d9744b6ecc/build_java17      ]   \u2705  Success - Main Check out\n[39f34dc3-57e2-4545-8741-f5d9744b6ecc/build_java17      ] \u2b50 Run Main Set up JDK 17\n[39f34dc3-57e2-4545-8741-f5d9744b6ecc/build_java17      ]   \ud83d\udc33  docker cp src=/tmp/act-cache/94c3354c-cc78-4dc2-bd89-1d8b66cdcc96/act/actions-setup-java@v3/ dst=/var/run/act/actions/actions-setup-java@v3/\n[39f34dc3-57e2-4545-8741-f5d9744b6ecc/build_java17      ]   \ud83d\udc33  docker exec cmd=[chown -R 1012:1013 /var/run/act/actions/actions-setup-java@v3/] user=0 workdir=\n[39f34dc3-57e2-4545-8741-f5d9744b6ecc/build_java8       ]   \ud83d\udcac  ::debug::download complete\n[39f34dc3-57e2-4545-8741-f5d9744b6ecc/build_java8       ]   | Extracting Java archive...\n[39f34dc3-57e2-4545-8741-f5d9744b6ecc/build_java8       ]   \ud83d\udcac  ::debug::Checking tar --version\n[39f34dc3-57e2-4545-8741-f5d9744b6ecc/build_java8       ]   \ud83d\udcac  ::debug::tar (GNU tar) 1.30%0ACopyright (C) 2017 Free Software Foundation, Inc.%0ALicense GPLv3+: GNU GPL version 3 or later <https://gnu.org/licenses/gpl.html>.%0AThis is free software: you are free to change and redistribute it.%0AThere is NO WARRANTY, to the extent permitted by law.%0A%0AWritten by John Gilmore and Jay Fenlason.\n[39f34dc3-57e2-4545-8741-f5d9744b6ecc/build_java8       ]   | [command]/usr/bin/tar xz --warning=no-unknown-keyword -C /tmp/9972031c-e3d8-463f-aa81-6896015046b6 -f /tmp/0a1e8975-c89e-4964-9f5c-a1a57d64d483\n[39f34dc3-57e2-4545-8741-f5d9744b6ecc/build_java8       ]   \ud83d\udcac  ::debug::Caching tool Java_Temurin-Hotspot_jdk 8.0.372-7 x64\n[39f34dc3-57e2-4545-8741-f5d9744b6ecc/build_java8       ]   \ud83d\udcac  ::debug::source dir: /tmp/9972031c-e3d8-463f-aa81-6896015046b6/jdk8u372-b07\n[39f34dc3-57e2-4545-8741-f5d9744b6ecc/build_java8       ]   \ud83d\udcac  ::debug::destination /opt/hostedtoolcache/Java_Temurin-Hotspot_jdk/8.0.372-7/x64\n[39f34dc3-57e2-4545-8741-f5d9744b6ecc/build_java8       ]   \ud83d\udcac  ::debug::finished caching tool\n[39f34dc3-57e2-4545-8741-f5d9744b6ecc/build_java8       ]   | Java 8.0.372+7 was downloaded\n[39f34dc3-57e2-4545-8741-f5d9744b6ecc/build_java8       ]   | Setting Java 8.0.372+7 as the default\n[39f34dc3-57e2-4545-8741-f5d9744b6ecc/build_java8       ]   | Creating toolchains.xml for JDK version 8 from temurin\n[39f34dc3-57e2-4545-8741-f5d9744b6ecc/build_java8       ]   | Writing to /home/runneradmin/.m2/toolchains.xml\n[39f34dc3-57e2-4545-8741-f5d9744b6ecc/build_java8       ]   | \n[39f34dc3-57e2-4545-8741-f5d9744b6ecc/build_java8       ]   | Java configuration:\n[39f34dc3-57e2-4545-8741-f5d9744b6ecc/build_java8       ]   |   Distribution: temurin\n[39f34dc3-57e2-4545-8741-f5d9744b6ecc/build_java8       ]   |   Version: 8.0.372+7\n[39f34dc3-57e2-4545-8741-f5d9744b6ecc/build_java8       ]   |   Path: /opt/hostedtoolcache/Java_Temurin-Hotspot_jdk/8.0.372-7/x64\n[39f34dc3-57e2-4545-8741-f5d9744b6ecc/build_java8       ]   | \n[39f34dc3-57e2-4545-8741-f5d9744b6ecc/build_java8       ]   \u2753  ::endgroup::\n[39f34dc3-57e2-4545-8741-f5d9744b6ecc/build_java8       ]   \u2753 add-matcher /run/act/actions/actions-setup-java@v3/.github/java.json\n[39f34dc3-57e2-4545-8741-f5d9744b6ecc/build_java8       ]   | Creating settings.xml with server-id: github\n[39f34dc3-57e2-4545-8741-f5d9744b6ecc/build_java8       ]   | Writing to /home/runneradmin/.m2/settings.xml\n[39f34dc3-57e2-4545-8741-f5d9744b6ecc/build_java8       ]   \u2705  Success - Main Set up JDK 8\n[39f34dc3-57e2-4545-8741-f5d9744b6ecc/build_java8       ]   \u2699  ::set-env:: JAVA_HOME_8_X64=/opt/hostedtoolcache/Java_Temurin-Hotspot_jdk/8.0.372-7/x64\n[39f34dc3-57e2-4545-8741-f5d9744b6ecc/build_java8       ]   \u2699  ::set-env:: JAVA_HOME=/opt/hostedtoolcache/Java_Temurin-Hotspot_jdk/8.0.372-7/x64\n[39f34dc3-57e2-4545-8741-f5d9744b6ecc/build_java8       ]   \u2699  ::set-output:: distribution=Temurin-Hotspot\n[39f34dc3-57e2-4545-8741-f5d9744b6ecc/build_java8       ]   \u2699  ::set-output:: path=/opt/hostedtoolcache/Java_Temurin-Hotspot_jdk/8.0.372-7/x64\n[39f34dc3-57e2-4545-8741-f5d9744b6ecc/build_java8       ]   \u2699  ::set-output:: version=8.0.372+7\n[39f34dc3-57e2-4545-8741-f5d9744b6ecc/build_java8       ]   \u2699  ::add-path:: /opt/hostedtoolcache/Java_Temurin-Hotspot_jdk/8.0.372-7/x64/bin\n[39f34dc3-57e2-4545-8741-f5d9744b6ecc/build_java8       ] \u2b50 Run Main Build with Gradle\n[39f34dc3-57e2-4545-8741-f5d9744b6ecc/build_java8       ]   \ud83d\udc33  docker exec cmd=[bash --noprofile --norc -e -o pipefail /var/run/act/workflow/2] user= workdir=\n[39f34dc3-57e2-4545-8741-f5d9744b6ecc/check_commit_hooks]   \ud83d\udcac  ::debug::Python is expected to be installed into /opt/hostedtoolcache\n[39f34dc3-57e2-4545-8741-f5d9744b6ecc/check_commit_hooks]   | [warning]Neither 'python-version' nor 'python-version-file' inputs were supplied. Attempting to find '.python-version' file.\n[39f34dc3-57e2-4545-8741-f5d9744b6ecc/check_commit_hooks]   | [warning].python-version doesn't exist.\n[39f34dc3-57e2-4545-8741-f5d9744b6ecc/check_commit_hooks]   \ud83d\udea7  ::warning::The `python-version` input is not set.  The version of Python currently in `PATH` will be used.\n[39f34dc3-57e2-4545-8741-f5d9744b6ecc/check_commit_hooks]   \u2753 add-matcher /run/act/actions/actions-setup-python@v4/.github/python.json\n[39f34dc3-57e2-4545-8741-f5d9744b6ecc/check_commit_hooks]   \u2705  Success - Main Set up Python\n[39f34dc3-57e2-4545-8741-f5d9744b6ecc/check_commit_hooks] \u2b50 Run Main Set up JDK 17\n[39f34dc3-57e2-4545-8741-f5d9744b6ecc/check_commit_hooks]   \ud83d\udc33  docker cp src=/tmp/act-cache/94c3354c-cc78-4dc2-bd89-1d8b66cdcc96/act/actions-setup-java@v3/ dst=/var/run/act/actions/actions-setup-java@v3/\n[39f34dc3-57e2-4545-8741-f5d9744b6ecc/check_commit_hooks]   \ud83d\udc33  docker exec cmd=[chown -R 1012:1013 /var/run/act/actions/actions-setup-java@v3/] user=0 workdir=\n[39f34dc3-57e2-4545-8741-f5d9744b6ecc/build_java17      ]   \ud83d\udc33  docker exec cmd=[node /var/run/act/actions/actions-setup-java@v3/dist/setup/index.js] user= workdir=\n[39f34dc3-57e2-4545-8741-f5d9744b6ecc/build_java8       ]   | Downloading https://services.gradle.org/distributions/gradle-7.6-all.zip\n[39f34dc3-57e2-4545-8741-f5d9744b6ecc/check_commit_hooks]   \ud83d\udc33  docker exec cmd=[node /var/run/act/actions/actions-setup-java@v3/dist/setup/index.js] user= workdir=\n[39f34dc3-57e2-4545-8741-f5d9744b6ecc/check_commit_hooks]   \u2753  ::group::Installed distributions\n[39f34dc3-57e2-4545-8741-f5d9744b6ecc/check_commit_hooks]   | Trying to resolve the latest version from remote\n[39f34dc3-57e2-4545-8741-f5d9744b6ecc/build_java17      ]   \u2753  ::group::Installed distributions\n[39f34dc3-57e2-4545-8741-f5d9744b6ecc/build_java17      ]   | Trying to resolve the latest version from remote\n[39f34dc3-57e2-4545-8741-f5d9744b6ecc/build_java8       ]   | ...............10%................20%................30%................40%...............50%................60%................70%................80%...............90%................100%\n[39f34dc3-57e2-4545-8741-f5d9744b6ecc/check_commit_hooks]   | Resolved latest version as 17.0.7+7\n[39f34dc3-57e2-4545-8741-f5d9744b6ecc/check_commit_hooks]   | Trying to download...\n[39f34dc3-57e2-4545-8741-f5d9744b6ecc/check_commit_hooks]   | Downloading Java 17.0.7+7 (Temurin-Hotspot) from https://github.com/adoptium/temurin17-binaries/releases/download/jdk-17.0.7%2B7/OpenJDK17U-jdk_x64_linux_hotspot_17.0.7_7.tar.gz ...\n[39f34dc3-57e2-4545-8741-f5d9744b6ecc/check_commit_hooks]   \ud83d\udcac  ::debug::Downloading https://github.com/adoptium/temurin17-binaries/releases/download/jdk-17.0.7%252B7/OpenJDK17U-jdk_x64_linux_hotspot_17.0.7_7.tar.gz\n[39f34dc3-57e2-4545-8741-f5d9744b6ecc/check_commit_hooks]   \ud83d\udcac  ::debug::Destination /tmp/672e446b-e98c-4d44-8c1d-18b2bb9b8294\n[39f34dc3-57e2-4545-8741-f5d9744b6ecc/build_java17      ]   | Resolved latest version as 17.0.7+7\n[39f34dc3-57e2-4545-8741-f5d9744b6ecc/build_java17      ]   | Trying to download...\n[39f34dc3-57e2-4545-8741-f5d9744b6ecc/build_java17      ]   | Downloading Java 17.0.7+7 (Temurin-Hotspot) from https://github.com/adoptium/temurin17-binaries/releases/download/jdk-17.0.7%2B7/OpenJDK17U-jdk_x64_linux_hotspot_17.0.7_7.tar.gz ...\n[39f34dc3-57e2-4545-8741-f5d9744b6ecc/build_java17      ]   \ud83d\udcac  ::debug::Downloading https://github.com/adoptium/temurin17-binaries/releases/download/jdk-17.0.7%252B7/OpenJDK17U-jdk_x64_linux_hotspot_17.0.7_7.tar.gz\n[39f34dc3-57e2-4545-8741-f5d9744b6ecc/build_java17      ]   \ud83d\udcac  ::debug::Destination /tmp/c41d54f9-b068-432e-9956-f7e7afea53fd\n[39f34dc3-57e2-4545-8741-f5d9744b6ecc/build_java8       ]   | \n[39f34dc3-57e2-4545-8741-f5d9744b6ecc/build_java8       ]   | Welcome to Gradle 7.6!\n[39f34dc3-57e2-4545-8741-f5d9744b6ecc/build_java8       ]   | \n[39f34dc3-57e2-4545-8741-f5d9744b6ecc/build_java8       ]   | Here are the highlights of this release:\n[39f34dc3-57e2-4545-8741-f5d9744b6ecc/build_java8       ]   |  - Added support for Java 19.\n[39f34dc3-57e2-4545-8741-f5d9744b6ecc/build_java8       ]   |  - Introduced `--rerun` flag for individual task rerun.\n[39f34dc3-57e2-4545-8741-f5d9744b6ecc/build_java8       ]   |  - Improved dependency block for test suites to be strongly typed.\n[39f34dc3-57e2-4545-8741-f5d9744b6ecc/build_java8       ]   |  - Added a pluggable system for Java toolchains provisioning.\n[39f34dc3-57e2-4545-8741-f5d9744b6ecc/build_java8       ]   | \n[39f34dc3-57e2-4545-8741-f5d9744b6ecc/build_java8       ]   | For more details see https://docs.gradle.org/7.6/release-notes.html\n[39f34dc3-57e2-4545-8741-f5d9744b6ecc/build_java8       ]   | \n[39f34dc3-57e2-4545-8741-f5d9744b6ecc/build_java8       ]   | Starting a Gradle Daemon (subsequent builds will be faster)\n[39f34dc3-57e2-4545-8741-f5d9744b6ecc/build_java17      ]   \ud83d\udcac  ::debug::download complete\n[39f34dc3-57e2-4545-8741-f5d9744b6ecc/build_java17      ]   | Extracting Java archive...\n[39f34dc3-57e2-4545-8741-f5d9744b6ecc/build_java17      ]   \ud83d\udcac  ::debug::Checking tar --version\n[39f34dc3-57e2-4545-8741-f5d9744b6ecc/build_java17      ]   \ud83d\udcac  ::debug::tar (GNU tar) 1.30%0ACopyright (C) 2017 Free Software Foundation, Inc.%0ALicense GPLv3+: GNU GPL version 3 or later <https://gnu.org/licenses/gpl.html>.%0AThis is free software: you are free to change and redistribute it.%0AThere is NO WARRANTY, to the extent permitted by law.%0A%0AWritten by John Gilmore and Jay Fenlason.\n[39f34dc3-57e2-4545-8741-f5d9744b6ecc/build_java17      ]   | [command]/usr/bin/tar xz --warning=no-unknown-keyword -C /tmp/649439f8-33fe-416f-8759-7f2b0bba7f69 -f /tmp/c41d54f9-b068-432e-9956-f7e7afea53fd\n[39f34dc3-57e2-4545-8741-f5d9744b6ecc/check_commit_hooks]   \ud83d\udcac  ::debug::download complete\n[39f34dc3-57e2-4545-8741-f5d9744b6ecc/check_commit_hooks]   | Extracting Java archive...\n[39f34dc3-57e2-4545-8741-f5d9744b6ecc/check_commit_hooks]   \ud83d\udcac  ::debug::Checking tar --version\n[39f34dc3-57e2-4545-8741-f5d9744b6ecc/check_commit_hooks]   \ud83d\udcac  ::debug::tar (GNU tar) 1.30%0ACopyright (C) 2017 Free Software Foundation, Inc.%0ALicense GPLv3+: GNU GPL version 3 or later <https://gnu.org/licenses/gpl.html>.%0AThis is free software: you are free to change and redistribute it.%0AThere is NO WARRANTY, to the extent permitted by law.%0A%0AWritten by John Gilmore and Jay Fenlason.\n[39f34dc3-57e2-4545-8741-f5d9744b6ecc/check_commit_hooks]   | [command]/usr/bin/tar xz --warning=no-unknown-keyword -C /tmp/740a2484-e7ed-402b-9ce5-6603d2c6ff30 -f /tmp/672e446b-e98c-4d44-8c1d-18b2bb9b8294\n[39f34dc3-57e2-4545-8741-f5d9744b6ecc/build_java17      ]   \ud83d\udcac  ::debug::Caching tool Java_Temurin-Hotspot_jdk 17.0.7-7 x64\n[39f34dc3-57e2-4545-8741-f5d9744b6ecc/build_java17      ]   \ud83d\udcac  ::debug::source dir: /tmp/649439f8-33fe-416f-8759-7f2b0bba7f69/jdk-17.0.7+7\n[39f34dc3-57e2-4545-8741-f5d9744b6ecc/build_java17      ]   \ud83d\udcac  ::debug::destination /opt/hostedtoolcache/Java_Temurin-Hotspot_jdk/17.0.7-7/x64\n[39f34dc3-57e2-4545-8741-f5d9744b6ecc/check_commit_hooks]   \ud83d\udcac  ::debug::Caching tool Java_Temurin-Hotspot_jdk 17.0.7-7 x64\n[39f34dc3-57e2-4545-8741-f5d9744b6ecc/check_commit_hooks]   \ud83d\udcac  ::debug::source dir: /tmp/740a2484-e7ed-402b-9ce5-6603d2c6ff30/jdk-17.0.7+7\n[39f34dc3-57e2-4545-8741-f5d9744b6ecc/check_commit_hooks]   \ud83d\udcac  ::debug::destination /opt/hostedtoolcache/Java_Temurin-Hotspot_jdk/17.0.7-7/x64\n[39f34dc3-57e2-4545-8741-f5d9744b6ecc/build_java17      ]   \ud83d\udcac  ::debug::finished caching tool\n[39f34dc3-57e2-4545-8741-f5d9744b6ecc/build_java17      ]   | Java 17.0.7+7 was downloaded\n[39f34dc3-57e2-4545-8741-f5d9744b6ecc/build_java17      ]   | Setting Java 17.0.7+7 as the default\n[39f34dc3-57e2-4545-8741-f5d9744b6ecc/build_java17      ]   | Creating toolchains.xml for JDK version 17 from temurin\n[39f34dc3-57e2-4545-8741-f5d9744b6ecc/build_java17      ]   | Writing to /home/runneradmin/.m2/toolchains.xml\n[39f34dc3-57e2-4545-8741-f5d9744b6ecc/build_java17      ]   | \n[39f34dc3-57e2-4545-8741-f5d9744b6ecc/build_java17      ]   | Java configuration:\n[39f34dc3-57e2-4545-8741-f5d9744b6ecc/build_java17      ]   |   Distribution: temurin\n[39f34dc3-57e2-4545-8741-f5d9744b6ecc/build_java17      ]   |   Version: 17.0.7+7\n[39f34dc3-57e2-4545-8741-f5d9744b6ecc/build_java17      ]   |   Path: /opt/hostedtoolcache/Java_Temurin-Hotspot_jdk/17.0.7-7/x64\n[39f34dc3-57e2-4545-8741-f5d9744b6ecc/build_java17      ]   | \n[39f34dc3-57e2-4545-8741-f5d9744b6ecc/build_java17      ]   \u2753  ::endgroup::\n[39f34dc3-57e2-4545-8741-f5d9744b6ecc/build_java17      ]   \u2753 add-matcher /run/act/actions/actions-setup-java@v3/.github/java.json\n[39f34dc3-57e2-4545-8741-f5d9744b6ecc/build_java17      ]   | Creating settings.xml with server-id: github\n[39f34dc3-57e2-4545-8741-f5d9744b6ecc/build_java17      ]   | Writing to /home/runneradmin/.m2/settings.xml\n[39f34dc3-57e2-4545-8741-f5d9744b6ecc/build_java17      ]   \u2705  Success - Main Set up JDK 17\n[39f34dc3-57e2-4545-8741-f5d9744b6ecc/build_java17      ]   \u2699  ::set-env:: JAVA_HOME=/opt/hostedtoolcache/Java_Temurin-Hotspot_jdk/17.0.7-7/x64\n[39f34dc3-57e2-4545-8741-f5d9744b6ecc/build_java17      ]   \u2699  ::set-env:: JAVA_HOME_17_X64=/opt/hostedtoolcache/Java_Temurin-Hotspot_jdk/17.0.7-7/x64\n[39f34dc3-57e2-4545-8741-f5d9744b6ecc/build_java17      ]   \u2699  ::set-output:: distribution=Temurin-Hotspot\n[39f34dc3-57e2-4545-8741-f5d9744b6ecc/build_java17      ]   \u2699  ::set-output:: path=/opt/hostedtoolcache/Java_Temurin-Hotspot_jdk/17.0.7-7/x64\n[39f34dc3-57e2-4545-8741-f5d9744b6ecc/build_java17      ]   \u2699  ::set-output:: version=17.0.7+7\n[39f34dc3-57e2-4545-8741-f5d9744b6ecc/build_java17      ]   \u2699  ::add-path:: /opt/hostedtoolcache/Java_Temurin-Hotspot_jdk/17.0.7-7/x64/bin\n[39f34dc3-57e2-4545-8741-f5d9744b6ecc/build_java17      ] \u2b50 Run Main Build with Gradle\n[39f34dc3-57e2-4545-8741-f5d9744b6ecc/build_java17      ]   \ud83d\udc33  docker exec cmd=[bash --noprofile --norc -e -o pipefail /var/run/act/workflow/2] user= workdir=\n[39f34dc3-57e2-4545-8741-f5d9744b6ecc/check_commit_hooks]   \ud83d\udcac  ::debug::finished caching tool\n[39f34dc3-57e2-4545-8741-f5d9744b6ecc/check_commit_hooks]   | Java 17.0.7+7 was downloaded\n[39f34dc3-57e2-4545-8741-f5d9744b6ecc/check_commit_hooks]   | Setting Java 17.0.7+7 as the default\n[39f34dc3-57e2-4545-8741-f5d9744b6ecc/check_commit_hooks]   | Creating toolchains.xml for JDK version 17 from temurin\n[39f34dc3-57e2-4545-8741-f5d9744b6ecc/check_commit_hooks]   | Writing to /home/runneradmin/.m2/toolchains.xml\n[39f34dc3-57e2-4545-8741-f5d9744b6ecc/check_commit_hooks]   | \n[39f34dc3-57e2-4545-8741-f5d9744b6ecc/check_commit_hooks]   | Java configuration:\n[39f34dc3-57e2-4545-8741-f5d9744b6ecc/check_commit_hooks]   |   Distribution: temurin\n[39f34dc3-57e2-4545-8741-f5d9744b6ecc/check_commit_hooks]   |   Version: 17.0.7+7\n[39f34dc3-57e2-4545-8741-f5d9744b6ecc/check_commit_hooks]   |   Path: /opt/hostedtoolcache/Java_Temurin-Hotspot_jdk/17.0.7-7/x64\n[39f34dc3-57e2-4545-8741-f5d9744b6ecc/check_commit_hooks]   | \n[39f34dc3-57e2-4545-8741-f5d9744b6ecc/check_commit_hooks]   \u2753  ::endgroup::\n[39f34dc3-57e2-4545-8741-f5d9744b6ecc/check_commit_hooks]   \u2753 add-matcher /run/act/actions/actions-setup-java@v3/.github/java.json\n[39f34dc3-57e2-4545-8741-f5d9744b6ecc/check_commit_hooks]   | Creating settings.xml with server-id: github\n[39f34dc3-57e2-4545-8741-f5d9744b6ecc/check_commit_hooks]   | Writing to /home/runneradmin/.m2/settings.xml\n[39f34dc3-57e2-4545-8741-f5d9744b6ecc/check_commit_hooks]   \u2705  Success - Main Set up JDK 17\n[39f34dc3-57e2-4545-8741-f5d9744b6ecc/check_commit_hooks]   \u2699  ::set-env:: JAVA_HOME=/opt/hostedtoolcache/Java_Temurin-Hotspot_jdk/17.0.7-7/x64\n[39f34dc3-57e2-4545-8741-f5d9744b6ecc/check_commit_hooks]   \u2699  ::set-env:: JAVA_HOME_17_X64=/opt/hostedtoolcache/Java_Temurin-Hotspot_jdk/17.0.7-7/x64\n[39f34dc3-57e2-4545-8741-f5d9744b6ecc/check_commit_hooks]   \u2699  ::set-output:: distribution=Temurin-Hotspot\n[39f34dc3-57e2-4545-8741-f5d9744b6ecc/check_commit_hooks]   \u2699  ::set-output:: path=/opt/hostedtoolcache/Java_Temurin-Hotspot_jdk/17.0.7-7/x64\n[39f34dc3-57e2-4545-8741-f5d9744b6ecc/check_commit_hooks]   \u2699  ::set-output:: version=17.0.7+7\n[39f34dc3-57e2-4545-8741-f5d9744b6ecc/check_commit_hooks]   \u2699  ::add-path:: /opt/hostedtoolcache/Java_Temurin-Hotspot_jdk/17.0.7-7/x64/bin\n[39f34dc3-57e2-4545-8741-f5d9744b6ecc/check_commit_hooks] \u2b50 Run Main Run pre-commit check\n[39f34dc3-57e2-4545-8741-f5d9744b6ecc/check_commit_hooks]   \ud83d\udc33  docker cp src=/tmp/act-cache/94c3354c-cc78-4dc2-bd89-1d8b66cdcc96/act/pre-commit-action@v3.0.0/ dst=/var/run/act/actions/pre-commit-action@v3.0.0/\n[39f34dc3-57e2-4545-8741-f5d9744b6ecc/check_commit_hooks]   \ud83d\udc33  docker exec cmd=[chown -R 1012:1013 /var/run/act/actions/pre-commit-action@v3.0.0/] user=0 workdir=\n[39f34dc3-57e2-4545-8741-f5d9744b6ecc/build_java17      ]   | Downloading https://services.gradle.org/distributions/gradle-7.6-all.zip\n[39f34dc3-57e2-4545-8741-f5d9744b6ecc/check_commit_hooks] \u2b50 Run Main python -m pip install pre-commit\n[39f34dc3-57e2-4545-8741-f5d9744b6ecc/check_commit_hooks]   \ud83d\udc33  docker exec cmd=[bash --noprofile --norc -e -o pipefail /var/run/act/workflow/3-composite-0.sh] user= workdir=\n[39f34dc3-57e2-4545-8741-f5d9744b6ecc/check_commit_hooks]   | Collecting pre-commit\n[39f34dc3-57e2-4545-8741-f5d9744b6ecc/check_commit_hooks]   |   Downloading pre_commit-3.3.3-py2.py3-none-any.whl (202 kB)\n[39f34dc3-57e2-4545-8741-f5d9744b6ecc/check_commit_hooks]   | Collecting virtualenv>=20.10.0\n[39f34dc3-57e2-4545-8741-f5d9744b6ecc/check_commit_hooks]   |   Downloading virtualenv-20.23.1-py3-none-any.whl (3.3 MB)\n[39f34dc3-57e2-4545-8741-f5d9744b6ecc/build_java17      ]   | ...............10%................20%................30%................40%...............50%................60%................70%................80%...............90%................100%\n[39f34dc3-57e2-4545-8741-f5d9744b6ecc/check_commit_hooks]   | Collecting nodeenv>=0.11.1\n[39f34dc3-57e2-4545-8741-f5d9744b6ecc/check_commit_hooks]   |   Downloading nodeenv-1.8.0-py2.py3-none-any.whl (22 kB)\n[39f34dc3-57e2-4545-8741-f5d9744b6ecc/check_commit_hooks]   | Collecting cfgv>=2.0.0\n[39f34dc3-57e2-4545-8741-f5d9744b6ecc/check_commit_hooks]   |   Downloading cfgv-3.3.1-py2.py3-none-any.whl (7.3 kB)\n[39f34dc3-57e2-4545-8741-f5d9744b6ecc/check_commit_hooks]   | Requirement already satisfied: pyyaml>=5.1 in /usr/lib/python3/dist-packages (from pre-commit) (5.3.1)\n[39f34dc3-57e2-4545-8741-f5d9744b6ecc/check_commit_hooks]   | Collecting identify>=1.0.0\n[39f34dc3-57e2-4545-8741-f5d9744b6ecc/check_commit_hooks]   |   Downloading identify-2.5.24-py2.py3-none-any.whl (98 kB)\n[39f34dc3-57e2-4545-8741-f5d9744b6ecc/check_commit_hooks]   | Collecting distlib<1,>=0.3.6\n[39f34dc3-57e2-4545-8741-f5d9744b6ecc/check_commit_hooks]   |   Downloading distlib-0.3.6-py2.py3-none-any.whl (468 kB)\n[39f34dc3-57e2-4545-8741-f5d9744b6ecc/check_commit_hooks]   | Collecting platformdirs<4,>=3.5.1\n[39f34dc3-57e2-4545-8741-f5d9744b6ecc/check_commit_hooks]   |   Downloading platformdirs-3.8.0-py3-none-any.whl (16 kB)\n[39f34dc3-57e2-4545-8741-f5d9744b6ecc/check_commit_hooks]   | Collecting filelock<4,>=3.12\n[39f34dc3-57e2-4545-8741-f5d9744b6ecc/check_commit_hooks]   |   Downloading filelock-3.12.2-py3-none-any.whl (10 kB)\n[39f34dc3-57e2-4545-8741-f5d9744b6ecc/check_commit_hooks]   | Requirement already satisfied: setuptools in /usr/lib/python3/dist-packages (from nodeenv>=0.11.1->pre-commit) (45.2.0)\n[39f34dc3-57e2-4545-8741-f5d9744b6ecc/check_commit_hooks]   | Installing collected packages: distlib, platformdirs, filelock, virtualenv, nodeenv, cfgv, identify, pre-commit\n[39f34dc3-57e2-4545-8741-f5d9744b6ecc/check_commit_hooks]   |   WARNING: The script virtualenv is installed in '/home/runneradmin/.local/bin' which is not on PATH.\n[39f34dc3-57e2-4545-8741-f5d9744b6ecc/check_commit_hooks]   |   Consider adding this directory to PATH or, if you prefer to suppress this warning, use --no-warn-script-location.\n[39f34dc3-57e2-4545-8741-f5d9744b6ecc/check_commit_hooks]   |   WARNING: The script nodeenv is installed in '/home/runneradmin/.local/bin' which is not on PATH.\n[39f34dc3-57e2-4545-8741-f5d9744b6ecc/check_commit_hooks]   |   Consider adding this directory to PATH or, if you prefer to suppress this warning, use --no-warn-script-location.\n[39f34dc3-57e2-4545-8741-f5d9744b6ecc/check_commit_hooks]   |   WARNING: The script identify-cli is installed in '/home/runneradmin/.local/bin' which is not on PATH.\n[39f34dc3-57e2-4545-8741-f5d9744b6ecc/check_commit_hooks]   |   Consider adding this directory to PATH or, if you prefer to suppress this warning, use --no-warn-script-location.\n[39f34dc3-57e2-4545-8741-f5d9744b6ecc/check_commit_hooks]   |   WARNING: The script pre-commit is installed in '/home/runneradmin/.local/bin' which is not on PATH.\n[39f34dc3-57e2-4545-8741-f5d9744b6ecc/check_commit_hooks]   |   Consider adding this directory to PATH or, if you prefer to suppress this warning, use --no-warn-script-location.\n[39f34dc3-57e2-4545-8741-f5d9744b6ecc/check_commit_hooks]   | Successfully installed cfgv-3.3.1 distlib-0.3.6 filelock-3.12.2 identify-2.5.24 nodeenv-1.8.0 platformdirs-3.8.0 pre-commit-3.3.3 virtualenv-20.23.1\n[39f34dc3-57e2-4545-8741-f5d9744b6ecc/check_commit_hooks]   \u2705  Success - Main python -m pip install pre-commit\n[39f34dc3-57e2-4545-8741-f5d9744b6ecc/check_commit_hooks] \u2b50 Run Main python -m pip freeze --local\n[39f34dc3-57e2-4545-8741-f5d9744b6ecc/check_commit_hooks]   \ud83d\udc33  docker exec cmd=[bash --noprofile --norc -e -o pipefail /var/run/act/workflow/3-composite-1.sh] user= workdir=\n[39f34dc3-57e2-4545-8741-f5d9744b6ecc/build_java17      ]   | \n[39f34dc3-57e2-4545-8741-f5d9744b6ecc/build_java17      ]   | Welcome to Gradle 7.6!\n[39f34dc3-57e2-4545-8741-f5d9744b6ecc/build_java17      ]   | \n[39f34dc3-57e2-4545-8741-f5d9744b6ecc/build_java17      ]   | Here are the highlights of this release:\n[39f34dc3-57e2-4545-8741-f5d9744b6ecc/build_java17      ]   |  - Added support for Java 19.\n[39f34dc3-57e2-4545-8741-f5d9744b6ecc/build_java17      ]   |  - Introduced `--rerun` flag for individual task rerun.\n[39f34dc3-57e2-4545-8741-f5d9744b6ecc/build_java17      ]   |  - Improved dependency block for test suites to be strongly typed.\n[39f34dc3-57e2-4545-8741-f5d9744b6ecc/build_java17      ]   |  - Added a pluggable system for Java toolchains provisioning.\n[39f34dc3-57e2-4545-8741-f5d9744b6ecc/build_java17      ]   | \n[39f34dc3-57e2-4545-8741-f5d9744b6ecc/build_java17      ]   | For more details see https://docs.gradle.org/7.6/release-notes.html\n[39f34dc3-57e2-4545-8741-f5d9744b6ecc/build_java17      ]   | \n[39f34dc3-57e2-4545-8741-f5d9744b6ecc/build_java17      ]   | Starting a Gradle Daemon (subsequent builds will be faster)\n[39f34dc3-57e2-4545-8741-f5d9744b6ecc/check_commit_hooks]   | argcomplete==1.12.3\n[39f34dc3-57e2-4545-8741-f5d9744b6ecc/check_commit_hooks]   | cfgv==3.3.1\n[39f34dc3-57e2-4545-8741-f5d9744b6ecc/check_commit_hooks]   | click==8.0.1\n[39f34dc3-57e2-4545-8741-f5d9744b6ecc/check_commit_hooks]   | distlib==0.3.6\n[39f34dc3-57e2-4545-8741-f5d9744b6ecc/check_commit_hooks]   | filelock==3.12.2\n[39f34dc3-57e2-4545-8741-f5d9744b6ecc/check_commit_hooks]   | identify==2.5.24\n[39f34dc3-57e2-4545-8741-f5d9744b6ecc/check_commit_hooks]   | nodeenv==1.8.0\n[39f34dc3-57e2-4545-8741-f5d9744b6ecc/check_commit_hooks]   | packaging==21.0\n[39f34dc3-57e2-4545-8741-f5d9744b6ecc/check_commit_hooks]   | pipx==0.16.4\n[39f34dc3-57e2-4545-8741-f5d9744b6ecc/check_commit_hooks]   | platformdirs==3.8.0\n[39f34dc3-57e2-4545-8741-f5d9744b6ecc/check_commit_hooks]   | pre-commit==3.3.3\n[39f34dc3-57e2-4545-8741-f5d9744b6ecc/check_commit_hooks]   | pyparsing==2.4.7\n[39f34dc3-57e2-4545-8741-f5d9744b6ecc/check_commit_hooks]   | userpath==1.7.0\n[39f34dc3-57e2-4545-8741-f5d9744b6ecc/check_commit_hooks]   | virtualenv==20.23.1\n[39f34dc3-57e2-4545-8741-f5d9744b6ecc/check_commit_hooks]   \u2705  Success - Main python -m pip freeze --local\n[39f34dc3-57e2-4545-8741-f5d9744b6ecc/check_commit_hooks] \u2b50 Run Main actions/cache@v3\n[39f34dc3-57e2-4545-8741-f5d9744b6ecc/check_commit_hooks]   \ud83d\udc33  docker cp src=/tmp/act-cache/94c3354c-cc78-4dc2-bd89-1d8b66cdcc96/act/actions-cache@v3/ dst=/var/run/act/actions/actions-cache@v3/\n[39f34dc3-57e2-4545-8741-f5d9744b6ecc/check_commit_hooks]   \ud83d\udc33  docker exec cmd=[chown -R 1012:1013 /var/run/act/actions/actions-cache@v3/] user=0 workdir=\n[39f34dc3-57e2-4545-8741-f5d9744b6ecc/check_commit_hooks]   \ud83d\udc33  docker exec cmd=[node /var/run/act/actions/actions-cache@v3/dist/restore/index.js] user= workdir=\n[39f34dc3-57e2-4545-8741-f5d9744b6ecc/check_commit_hooks]   \ud83d\udcac  ::debug::Resolved Keys:\n[39f34dc3-57e2-4545-8741-f5d9744b6ecc/check_commit_hooks]   \ud83d\udcac  ::debug::[\"pre-commit-3||c4a61c873796754eed021436275850c927de3e80a0056040ff343385083d917d\"]\n[39f34dc3-57e2-4545-8741-f5d9744b6ecc/check_commit_hooks]   \ud83d\udcac  ::debug::Checking zstd --quiet --version\n[39f34dc3-57e2-4545-8741-f5d9744b6ecc/check_commit_hooks]   \ud83d\udcac  ::debug::1.5.0\n[39f34dc3-57e2-4545-8741-f5d9744b6ecc/check_commit_hooks]   \ud83d\udcac  ::debug::zstd version: 1.5.0\n[39f34dc3-57e2-4545-8741-f5d9744b6ecc/check_commit_hooks]   \ud83d\udcac  ::debug::Resource Url: http://130.242.72.40:34967/_apis/artifactcache/cache?keys=pre-commit-3%257C%257Cc4a61c873796754eed021436275850c927de3e80a0056040ff343385083d917d&version=356db49e6bae2290b5c998bce2b5407d52ba33e30aa3d911773d957b563a16ad\n[39f34dc3-57e2-4545-8741-f5d9744b6ecc/check_commit_hooks]   \ud83d\udcac  ::debug::Failed to delete archive: Error: ENOENT: no such file or directory, unlink ''\n[39f34dc3-57e2-4545-8741-f5d9744b6ecc/check_commit_hooks]   | Cache not found for input keys: pre-commit-3||c4a61c873796754eed021436275850c927de3e80a0056040ff343385083d917d\n[39f34dc3-57e2-4545-8741-f5d9744b6ecc/check_commit_hooks]   \u2705  Success - Main actions/cache@v3\n[39f34dc3-57e2-4545-8741-f5d9744b6ecc/check_commit_hooks] \u2b50 Run Main pre-commit run --show-diff-on-failure --color=always --all-files\n[39f34dc3-57e2-4545-8741-f5d9744b6ecc/check_commit_hooks]   \ud83d\udc33  docker exec cmd=[bash --noprofile --norc -e -o pipefail /var/run/act/workflow/3-composite-3.sh] user= workdir=\n[39f34dc3-57e2-4545-8741-f5d9744b6ecc/check_commit_hooks]   | /var/run/act/workflow/3-composite-3.sh: line 2: pre-commit: command not found\n[39f34dc3-57e2-4545-8741-f5d9744b6ecc/check_commit_hooks]   \u274c  Failure - Main pre-commit run --show-diff-on-failure --color=always --all-files\n[39f34dc3-57e2-4545-8741-f5d9744b6ecc/check_commit_hooks] exitcode '127': command not found, please refer to https://github.com/nektos/act/issues/107 for more information\n[39f34dc3-57e2-4545-8741-f5d9744b6ecc/check_commit_hooks]   \u274c  Failure - Main Run pre-commit check\n[39f34dc3-57e2-4545-8741-f5d9744b6ecc/check_commit_hooks] exitcode '127': command not found, please refer to https://github.com/nektos/act/issues/107 for more information\n[39f34dc3-57e2-4545-8741-f5d9744b6ecc/check_commit_hooks] \u2b50 Run Post Run pre-commit check\n[39f34dc3-57e2-4545-8741-f5d9744b6ecc/check_commit_hooks]   \ud83d\udc33  docker cp src=/tmp/act-cache/94c3354c-cc78-4dc2-bd89-1d8b66cdcc96/act/pre-commit-action@v3.0.0/ dst=/var/run/act/actions/pre-commit-action@v3.0.0/\n[39f34dc3-57e2-4545-8741-f5d9744b6ecc/check_commit_hooks]   \ud83d\udc33  docker exec cmd=[chown -R 1012:1013 /var/run/act/actions/pre-commit-action@v3.0.0/] user=0 workdir=\n[39f34dc3-57e2-4545-8741-f5d9744b6ecc/build_java8       ]   | > Task :example-backend:compileJava\n[39f34dc3-57e2-4545-8741-f5d9744b6ecc/build_java8       ]   | > Task :example-frontend-react:nodeSetup\n[39f34dc3-57e2-4545-8741-f5d9744b6ecc/build_java8       ]   | > Task :example-frontend-react:copyNode\n[39f34dc3-57e2-4545-8741-f5d9744b6ecc/build_java8       ]   | \n[39f34dc3-57e2-4545-8741-f5d9744b6ecc/build_java8       ]   | > Task :example-frontend-react:yarnSetup\n[39f34dc3-57e2-4545-8741-f5d9744b6ecc/build_java8       ]   | \n[39f34dc3-57e2-4545-8741-f5d9744b6ecc/build_java8       ]   | added 1 package, and audited 2 packages in 1s\n[39f34dc3-57e2-4545-8741-f5d9744b6ecc/build_java8       ]   | \n[39f34dc3-57e2-4545-8741-f5d9744b6ecc/build_java8       ]   | found 0 vulnerabilities\n[39f34dc3-57e2-4545-8741-f5d9744b6ecc/build_java8       ]   | \n[39f34dc3-57e2-4545-8741-f5d9744b6ecc/build_java8       ]   | > Task :example-frontend-react:copyYarn\n[39f34dc3-57e2-4545-8741-f5d9744b6ecc/build_java8       ]   | \n[39f34dc3-57e2-4545-8741-f5d9744b6ecc/build_java8       ]   | > Task :example-frontend-react:yarn_install\n[39f34dc3-57e2-4545-8741-f5d9744b6ecc/build_java8       ]   | yarn install v1.22.18\n[39f34dc3-57e2-4545-8741-f5d9744b6ecc/build_java8       ]   | [1/4] Resolving packages...\n[39f34dc3-57e2-4545-8741-f5d9744b6ecc/build_java8       ]   | [2/4] Fetching packages...\n[39f34dc3-57e2-4545-8741-f5d9744b6ecc/check_commit_hooks]   \u2705  Success - Post Run pre-commit check\n[39f34dc3-57e2-4545-8741-f5d9744b6ecc/check_commit_hooks] \u2b50 Run Post Set up JDK 17\n[39f34dc3-57e2-4545-8741-f5d9744b6ecc/check_commit_hooks]   \ud83d\udc33  docker exec cmd=[node /var/run/act/actions/actions-setup-java@v3/dist/cleanup/index.js] user= workdir=\n[39f34dc3-57e2-4545-8741-f5d9744b6ecc/check_commit_hooks]   \u2705  Success - Post Set up JDK 17\n[39f34dc3-57e2-4545-8741-f5d9744b6ecc/check_commit_hooks] \ud83c\udfc1  Job failed\n[39f34dc3-57e2-4545-8741-f5d9744b6ecc/build_java17      ]   | > Task :example-backend:compileJava\n[39f34dc3-57e2-4545-8741-f5d9744b6ecc/build_java17      ]   | > Task :example-frontend-react:nodeSetup UP-TO-DATE\n[39f34dc3-57e2-4545-8741-f5d9744b6ecc/build_java17      ]   | > Task :example-frontend-react:copyNode UP-TO-DATE\n[39f34dc3-57e2-4545-8741-f5d9744b6ecc/build_java17      ]   | > Task :example-frontend-react:yarnSetup UP-TO-DATE\n[39f34dc3-57e2-4545-8741-f5d9744b6ecc/build_java17      ]   | > Task :example-frontend-react:copyYarn UP-TO-DATE\n[39f34dc3-57e2-4545-8741-f5d9744b6ecc/build_java17      ]   | \n[39f34dc3-57e2-4545-8741-f5d9744b6ecc/build_java17      ]   | > Task :example-frontend-react:yarn_install\n[39f34dc3-57e2-4545-8741-f5d9744b6ecc/build_java17      ]   | yarn install v1.22.18\n[39f34dc3-57e2-4545-8741-f5d9744b6ecc/build_java17      ]   | [1/4] Resolving packages...\n[39f34dc3-57e2-4545-8741-f5d9744b6ecc/build_java17      ]   | [2/4] Fetching packages...\n[39f34dc3-57e2-4545-8741-f5d9744b6ecc/build_java8       ]   | [3/4] Linking dependencies...\n[39f34dc3-57e2-4545-8741-f5d9744b6ecc/build_java8       ]   | warning \"react-scripts > tailwindcss@3.0.13\" has unmet peer dependency \"autoprefixer@^10.0.2\".\n[39f34dc3-57e2-4545-8741-f5d9744b6ecc/build_java8       ]   | warning \"react-scripts > eslint-config-react-app > eslint-plugin-flowtype@8.0.3\" has unmet peer dependency \"@babel/plugin-syntax-flow@^7.14.5\".\n[39f34dc3-57e2-4545-8741-f5d9744b6ecc/build_java8       ]   | warning \"react-scripts > eslint-config-react-app > eslint-plugin-flowtype@8.0.3\" has unmet peer dependency \"@babel/plugin-transform-react-jsx@^7.14.9\".\n[39f34dc3-57e2-4545-8741-f5d9744b6ecc/build_java8       ]   | warning \"react-scripts > react-dev-utils > fork-ts-checker-webpack-plugin@6.5.0\" has unmet peer dependency \"typescript@>= 2.7\".\n[39f34dc3-57e2-4545-8741-f5d9744b6ecc/build_java8       ]   | warning \"react-scripts > eslint-config-react-app > @typescript-eslint/eslint-plugin > tsutils@3.21.0\" has unmet peer dependency \"typescript@>=2.8.0 || >= 3.2.0-dev || >= 3.3.0-dev || >= 3.4.0-dev || >= 3.5.0-dev || >= 3.6.0-dev || >= 3.6.0-beta || >= 3.7.0-dev || >= 3.7.0-beta\".\n[39f34dc3-57e2-4545-8741-f5d9744b6ecc/build_java8       ]   | warning \" > cypress-keycloak@2.0.0\" has incorrect peer dependency \"cypress@^6.5.0 || ^7.0.0 || ^8.0.0 || ^9.0.0 || ^10.0.0\".\n[39f34dc3-57e2-4545-8741-f5d9744b6ecc/build_java17      ]   | [3/4] Linking dependencies...\n[39f34dc3-57e2-4545-8741-f5d9744b6ecc/build_java17      ]   | warning \"react-scripts > tailwindcss@3.0.13\" has unmet peer dependency \"autoprefixer@^10.0.2\".\n[39f34dc3-57e2-4545-8741-f5d9744b6ecc/build_java17      ]   | warning \"react-scripts > eslint-config-react-app > eslint-plugin-flowtype@8.0.3\" has unmet peer dependency \"@babel/plugin-syntax-flow@^7.14.5\".\n[39f34dc3-57e2-4545-8741-f5d9744b6ecc/build_java17      ]   | warning \"react-scripts > eslint-config-react-app > eslint-plugin-flowtype@8.0.3\" has unmet peer dependency \"@babel/plugin-transform-react-jsx@^7.14.9\".\n[39f34dc3-57e2-4545-8741-f5d9744b6ecc/build_java17      ]   | warning \"react-scripts > react-dev-utils > fork-ts-checker-webpack-plugin@6.5.0\" has unmet peer dependency \"typescript@>= 2.7\".\n[39f34dc3-57e2-4545-8741-f5d9744b6ecc/build_java17      ]   | warning \"react-scripts > eslint-config-react-app > @typescript-eslint/eslint-plugin > tsutils@3.21.0\" has unmet peer dependency \"typescript@>=2.8.0 || >= 3.2.0-dev || >= 3.3.0-dev || >= 3.4.0-dev || >= 3.5.0-dev || >= 3.6.0-dev || >= 3.6.0-beta || >= 3.7.0-dev || >= 3.7.0-beta\".\n[39f34dc3-57e2-4545-8741-f5d9744b6ecc/build_java17      ]   | warning \" > cypress-keycloak@2.0.0\" has incorrect peer dependency \"cypress@^6.5.0 || ^7.0.0 || ^8.0.0 || ^9.0.0 || ^10.0.0\".\n[39f34dc3-57e2-4545-8741-f5d9744b6ecc/build_java8       ]   | [4/4] Building fresh packages...\n[39f34dc3-57e2-4545-8741-f5d9744b6ecc/build_java8       ]   | Done in 111.35s.\n[39f34dc3-57e2-4545-8741-f5d9744b6ecc/build_java8       ]   | \n[39f34dc3-57e2-4545-8741-f5d9744b6ecc/build_java8       ]   | > Task :example-frontend-react:yarn_build\n[39f34dc3-57e2-4545-8741-f5d9744b6ecc/build_java8       ]   | yarn run v1.22.18\n[39f34dc3-57e2-4545-8741-f5d9744b6ecc/build_java8       ]   | $ react-scripts build\n[39f34dc3-57e2-4545-8741-f5d9744b6ecc/build_java8       ]   | Creating an optimized production build...\n[39f34dc3-57e2-4545-8741-f5d9744b6ecc/build_java8       ]   | Browserslist: caniuse-lite is outdated. Please run:\n[39f34dc3-57e2-4545-8741-f5d9744b6ecc/build_java8       ]   |   npx browserslist@latest --update-db\n[39f34dc3-57e2-4545-8741-f5d9744b6ecc/build_java8       ]   |   Why you should do it regularly: https://github.com/browserslist/browserslist#browsers-data-updating\n[39f34dc3-57e2-4545-8741-f5d9744b6ecc/build_java8       ]   | Browserslist: caniuse-lite is outdated. Please run:\n[39f34dc3-57e2-4545-8741-f5d9744b6ecc/build_java8       ]   |   npx browserslist@latest --update-db\n[39f34dc3-57e2-4545-8741-f5d9744b6ecc/build_java8       ]   |   Why you should do it regularly: https://github.com/browserslist/browserslist#browsers-data-updating\n[39f34dc3-57e2-4545-8741-f5d9744b6ecc/build_java8       ]   | Compiled successfully.\n[39f34dc3-57e2-4545-8741-f5d9744b6ecc/build_java8       ]   | \n[39f34dc3-57e2-4545-8741-f5d9744b6ecc/build_java8       ]   | File sizes after gzip:\n[39f34dc3-57e2-4545-8741-f5d9744b6ecc/build_java8       ]   | \n[39f34dc3-57e2-4545-8741-f5d9744b6ecc/build_java8       ]   |   67.95 kB  build/static/js/main.e02c2ffc.js\n[39f34dc3-57e2-4545-8741-f5d9744b6ecc/build_java8       ]   |   505 B     build/static/css/main.2a687e91.css\n[39f34dc3-57e2-4545-8741-f5d9744b6ecc/build_java8       ]   | \n[39f34dc3-57e2-4545-8741-f5d9744b6ecc/build_java8       ]   | The project was built assuming it is hosted at /.\n[39f34dc3-57e2-4545-8741-f5d9744b6ecc/build_java8       ]   | You can control this with the homepage field in your package.json.\n[39f34dc3-57e2-4545-8741-f5d9744b6ecc/build_java8       ]   | \n[39f34dc3-57e2-4545-8741-f5d9744b6ecc/build_java8       ]   | The build folder is ready to be deployed.\n[39f34dc3-57e2-4545-8741-f5d9744b6ecc/build_java8       ]   | You may serve it with a static server:\n[39f34dc3-57e2-4545-8741-f5d9744b6ecc/build_java8       ]   | \n[39f34dc3-57e2-4545-8741-f5d9744b6ecc/build_java8       ]   |   yarn global add serve\n[39f34dc3-57e2-4545-8741-f5d9744b6ecc/build_java8       ]   |   serve -s build\n[39f34dc3-57e2-4545-8741-f5d9744b6ecc/build_java8       ]   | \n[39f34dc3-57e2-4545-8741-f5d9744b6ecc/build_java8       ]   | Find out more about deployment here:\n[39f34dc3-57e2-4545-8741-f5d9744b6ecc/build_java8       ]   | \n[39f34dc3-57e2-4545-8741-f5d9744b6ecc/build_java8       ]   |   https://cra.link/deployment\n[39f34dc3-57e2-4545-8741-f5d9744b6ecc/build_java8       ]   | \n[39f34dc3-57e2-4545-8741-f5d9744b6ecc/build_java8       ]   | Done in 13.49s.\n[39f34dc3-57e2-4545-8741-f5d9744b6ecc/build_java8       ]   | \n[39f34dc3-57e2-4545-8741-f5d9744b6ecc/build_java8       ]   | > Task :example-backend:prepareFrontend\n[39f34dc3-57e2-4545-8741-f5d9744b6ecc/build_java8       ]   | > Task :example-backend:processResources\n[39f34dc3-57e2-4545-8741-f5d9744b6ecc/build_java8       ]   | > Task :example-backend:classes\n[39f34dc3-57e2-4545-8741-f5d9744b6ecc/build_java8       ]   | > Task :example-backend:bootJarMainClassName\n[39f34dc3-57e2-4545-8741-f5d9744b6ecc/build_java8       ]   | > Task :example-backend:bootJar\n[39f34dc3-57e2-4545-8741-f5d9744b6ecc/build_java8       ]   | > Task :example-backend:jar\n[39f34dc3-57e2-4545-8741-f5d9744b6ecc/build_java8       ]   | > Task :example-backend:assemble\n[39f34dc3-57e2-4545-8741-f5d9744b6ecc/build_java17      ]   | [4/4] Building fresh packages...\n[39f34dc3-57e2-4545-8741-f5d9744b6ecc/build_java8       ]   | > Task :mock:compileJava\n[39f34dc3-57e2-4545-8741-f5d9744b6ecc/build_java8       ]   | > Task :mock-junit:compileJava\n[39f34dc3-57e2-4545-8741-f5d9744b6ecc/build_java8       ]   | > Task :mock-junit5:compileJava\n[39f34dc3-57e2-4545-8741-f5d9744b6ecc/build_java8       ]   | \n[39f34dc3-57e2-4545-8741-f5d9744b6ecc/build_java8       ]   | > Task :example-backend:compileTestJava FAILED\n[39f34dc3-57e2-4545-8741-f5d9744b6ecc/build_java8       ]   | /tmp/3d783ea4-1661-11ee-8a50-bb14de238602/TNG-keycloak-mock/example-backend/src/test/java/com/tngtech/keycloakmock/examplebackend/AuthenticationJUnit5Test.java:16: error: cannot access com.tngtech.keycloakmock.examplebackend.ExampleBackendApplication\n[39f34dc3-57e2-4545-8741-f5d9744b6ecc/build_java8       ]   |     classes = ExampleBackendApplication.class,\n[39f34dc3-57e2-4545-8741-f5d9744b6ecc/build_java8       ]   |               ^\n[39f34dc3-57e2-4545-8741-f5d9744b6ecc/build_java8       ]   |   bad class file: /tmp/3d783ea4-1661-11ee-8a50-bb14de238602/TNG-keycloak-mock/example-backend/build/classes/java/main/com/tngtech/keycloakmock/examplebackend/ExampleBackendApplication.class\n[39f34dc3-57e2-4545-8741-f5d9744b6ecc/build_java8       ]   |     class file has wrong version 61.0, should be 52.0\n[39f34dc3-57e2-4545-8741-f5d9744b6ecc/build_java8       ]   |     Please remove or make sure it appears in the correct subdirectory of the classpath.\n[39f34dc3-57e2-4545-8741-f5d9744b6ecc/build_java8       ]   | \n[39f34dc3-57e2-4545-8741-f5d9744b6ecc/build_java8       ]   | FAILURE: Build failed with an exception.\n[39f34dc3-57e2-4545-8741-f5d9744b6ecc/build_java8       ]   | \n[39f34dc3-57e2-4545-8741-f5d9744b6ecc/build_java8       ]   | * What went wrong:\n[39f34dc3-57e2-4545-8741-f5d9744b6ecc/build_java8       ]   | Execution failed for task ':example-backend:compileTestJava'.\n[39f34dc3-57e2-4545-8741-f5d9744b6ecc/build_java8       ]   | > Compilation failed; see the compiler error output for details.\n[39f34dc3-57e2-4545-8741-f5d9744b6ecc/build_java8       ]   | \n[39f34dc3-57e2-4545-8741-f5d9744b6ecc/build_java8       ]   | * Try:\n[39f34dc3-57e2-4545-8741-f5d9744b6ecc/build_java8       ]   | > Run with --stacktrace option to get the stack trace.\n[39f34dc3-57e2-4545-8741-f5d9744b6ecc/build_java8       ]   | > Run with --info or --debug option to get more log output.\n[39f34dc3-57e2-4545-8741-f5d9744b6ecc/build_java8       ]   | > Run with --scan to get full insights.\n[39f34dc3-57e2-4545-8741-f5d9744b6ecc/build_java8       ]   | \n[39f34dc3-57e2-4545-8741-f5d9744b6ecc/build_java8       ]   | * Get more help at https://help.gradle.org\n[39f34dc3-57e2-4545-8741-f5d9744b6ecc/build_java8       ]   | \n[39f34dc3-57e2-4545-8741-f5d9744b6ecc/build_java8       ]   | BUILD FAILED in 4m 7s\n[39f34dc3-57e2-4545-8741-f5d9744b6ecc/build_java8       ]   | 16 actionable tasks: 16 executed\n[39f34dc3-57e2-4545-8741-f5d9744b6ecc/build_java8       ]   \u274c  Failure - Main Build with Gradle\n[39f34dc3-57e2-4545-8741-f5d9744b6ecc/build_java8       ] exitcode '1': failure\n[39f34dc3-57e2-4545-8741-f5d9744b6ecc/build_java8       ] \u2b50 Run Main Publish test report\n[39f34dc3-57e2-4545-8741-f5d9744b6ecc/build_java8       ]   \ud83d\udc33  docker cp src=/tmp/act-cache/94c3354c-cc78-4dc2-bd89-1d8b66cdcc96/act/mikepenz-action-junit-report@v3/ dst=/var/run/act/actions/mikepenz-action-junit-report@v3/\n[39f34dc3-57e2-4545-8741-f5d9744b6ecc/build_java8       ]   \ud83d\udc33  docker exec cmd=[chown -R 1012:1013 /var/run/act/actions/mikepenz-action-junit-report@v3/] user=0 workdir=\n[39f34dc3-57e2-4545-8741-f5d9744b6ecc/build_java17      ]   | Done in 131.19s.\n[39f34dc3-57e2-4545-8741-f5d9744b6ecc/build_java17      ]   | \n[39f34dc3-57e2-4545-8741-f5d9744b6ecc/build_java17      ]   | > Task :example-frontend-react:yarn_build UP-TO-DATE\n[39f34dc3-57e2-4545-8741-f5d9744b6ecc/build_java17      ]   | > Task :example-backend:prepareFrontend UP-TO-DATE\n[39f34dc3-57e2-4545-8741-f5d9744b6ecc/build_java17      ]   | > Task :example-backend:processResources UP-TO-DATE\n[39f34dc3-57e2-4545-8741-f5d9744b6ecc/build_java17      ]   | > Task :example-backend:classes\n[39f34dc3-57e2-4545-8741-f5d9744b6ecc/build_java17      ]   | > Task :example-backend:bootJarMainClassName\n[39f34dc3-57e2-4545-8741-f5d9744b6ecc/build_java17      ]   | > Task :example-backend:bootJar\n[39f34dc3-57e2-4545-8741-f5d9744b6ecc/build_java17      ]   | > Task :example-backend:jar\n[39f34dc3-57e2-4545-8741-f5d9744b6ecc/build_java17      ]   | > Task :example-backend:assemble\n[39f34dc3-57e2-4545-8741-f5d9744b6ecc/build_java17      ]   | > Task :mock:compileJava\n[39f34dc3-57e2-4545-8741-f5d9744b6ecc/build_java17      ]   | > Task :mock-junit:compileJava\n[39f34dc3-57e2-4545-8741-f5d9744b6ecc/build_java17      ]   | > Task :mock-junit5:compileJava\n[39f34dc3-57e2-4545-8741-f5d9744b6ecc/build_java17      ]   | Note: Some input files use or override a deprecated API.\n[39f34dc3-57e2-4545-8741-f5d9744b6ecc/build_java17      ]   | Note: Recompile with -Xlint:deprecation for details.\n[39f34dc3-57e2-4545-8741-f5d9744b6ecc/build_java17      ]   | \n[39f34dc3-57e2-4545-8741-f5d9744b6ecc/build_java17      ]   | > Task :example-backend:compileTestJava\n[39f34dc3-57e2-4545-8741-f5d9744b6ecc/build_java8       ]   \ud83d\udc33  docker exec cmd=[node /var/run/act/actions/mikepenz-action-junit-report@v3/dist/index.js] user= workdir=\n[39f34dc3-57e2-4545-8741-f5d9744b6ecc/build_java17      ]   | \n[39f34dc3-57e2-4545-8741-f5d9744b6ecc/build_java17      ]   | > Task :example-backend:processTestResources NO-SOURCE\n[39f34dc3-57e2-4545-8741-f5d9744b6ecc/build_java17      ]   | > Task :example-backend:testClasses\n[39f34dc3-57e2-4545-8741-f5d9744b6ecc/build_java17      ]   | > Task :mock:addResources\n[39f34dc3-57e2-4545-8741-f5d9744b6ecc/build_java17      ]   | > Task :mock:processResources\n[39f34dc3-57e2-4545-8741-f5d9744b6ecc/build_java17      ]   | > Task :mock:classes\n[39f34dc3-57e2-4545-8741-f5d9744b6ecc/build_java17      ]   | > Task :mock:jar\n[39f34dc3-57e2-4545-8741-f5d9744b6ecc/build_java17      ]   | > Task :mock-junit:processResources NO-SOURCE\n[39f34dc3-57e2-4545-8741-f5d9744b6ecc/build_java17      ]   | > Task :mock-junit:classes\n[39f34dc3-57e2-4545-8741-f5d9744b6ecc/build_java17      ]   | > Task :mock-junit:jar\n[39f34dc3-57e2-4545-8741-f5d9744b6ecc/build_java17      ]   | > Task :mock-junit5:processResources NO-SOURCE\n[39f34dc3-57e2-4545-8741-f5d9744b6ecc/build_java17      ]   | > Task :mock-junit5:classes\n[39f34dc3-57e2-4545-8741-f5d9744b6ecc/build_java17      ]   | > Task :mock-junit5:jar\n[39f34dc3-57e2-4545-8741-f5d9744b6ecc/build_java8       ]   \u2753  ::group::\ud83d\udcd8 Reading input values\n[39f34dc3-57e2-4545-8741-f5d9744b6ecc/build_java8       ]   \u2753  ::endgroup::\n[39f34dc3-57e2-4545-8741-f5d9744b6ecc/build_java8       ]   \u2753  ::group::\ud83d\udce6 Process test results\n[39f34dc3-57e2-4545-8741-f5d9744b6ecc/build_java8       ]   | Retrieved 1 reports to process.\n[39f34dc3-57e2-4545-8741-f5d9744b6ecc/build_java8       ]   \ud83d\udcac  ::debug::Process test report for: **/build/test-results/test/TEST-*.xml (JUnit Test Report (Java 8))\n[39f34dc3-57e2-4545-8741-f5d9744b6ecc/build_java8       ]   \ud83d\udcac  ::debug::followSymbolicLinks 'false'\n[39f34dc3-57e2-4545-8741-f5d9744b6ecc/build_java8       ]   \ud83d\udcac  ::debug::followSymbolicLinks 'false'\n[39f34dc3-57e2-4545-8741-f5d9744b6ecc/build_java8       ]   \ud83d\udcac  ::debug::implicitDescendants 'true'\n[39f34dc3-57e2-4545-8741-f5d9744b6ecc/build_java8       ]   \ud83d\udcac  ::debug::matchDirectories 'true'\n[39f34dc3-57e2-4545-8741-f5d9744b6ecc/build_java8       ]   \ud83d\udcac  ::debug::omitBrokenSymbolicLinks 'true'\n[39f34dc3-57e2-4545-8741-f5d9744b6ecc/build_java8       ]   \ud83d\udcac  ::debug::Search path '/tmp/3d783ea4-1661-11ee-8a50-bb14de238602/TNG-keycloak-mock'\n[39f34dc3-57e2-4545-8741-f5d9744b6ecc/build_java17      ]   | \n[39f34dc3-57e2-4545-8741-f5d9744b6ecc/build_java17      ]   | > Task :example-backend:test\n[39f34dc3-57e2-4545-8741-f5d9744b6ecc/build_java17      ]   | Running test: Test no_authentication_fails()(com.tngtech.keycloakmock.examplebackend.AuthenticationJUnit5Test)\n[39f34dc3-57e2-4545-8741-f5d9744b6ecc/build_java17      ]   | \n[39f34dc3-57e2-4545-8741-f5d9744b6ecc/build_java17      ]   | AuthenticationJUnit5Test > no_authentication_fails() PASSED\n[39f34dc3-57e2-4545-8741-f5d9744b6ecc/build_java17      ]   | Running test: Test authentication_with_role_works()(com.tngtech.keycloakmock.examplebackend.AuthenticationJUnit5Test)\n[39f34dc3-57e2-4545-8741-f5d9744b6ecc/build_java17      ]   | \n[39f34dc3-57e2-4545-8741-f5d9744b6ecc/build_java17      ]   | AuthenticationJUnit5Test > authentication_with_role_works() PASSED\n[39f34dc3-57e2-4545-8741-f5d9744b6ecc/build_java17      ]   | Running test: Test authentication_works()(com.tngtech.keycloakmock.examplebackend.AuthenticationJUnit5Test)\n[39f34dc3-57e2-4545-8741-f5d9744b6ecc/build_java17      ]   | \n[39f34dc3-57e2-4545-8741-f5d9744b6ecc/build_java17      ]   | AuthenticationJUnit5Test > authentication_works() PASSED\n[39f34dc3-57e2-4545-8741-f5d9744b6ecc/build_java17      ]   | Running test: Test authentication_without_role_fails()(com.tngtech.keycloakmock.examplebackend.AuthenticationJUnit5Test)\n[39f34dc3-57e2-4545-8741-f5d9744b6ecc/build_java17      ]   | \n[39f34dc3-57e2-4545-8741-f5d9744b6ecc/build_java17      ]   | AuthenticationJUnit5Test > authentication_without_role_fails() PASSED\n[39f34dc3-57e2-4545-8741-f5d9744b6ecc/build_java17      ]   | Running test: Test no_authentication_fails(com.tngtech.keycloakmock.examplebackend.AuthenticationJUnit4Test)\n[39f34dc3-57e2-4545-8741-f5d9744b6ecc/build_java17      ]   | \n[39f34dc3-57e2-4545-8741-f5d9744b6ecc/build_java17      ]   | AuthenticationJUnit4Test > no_authentication_fails PASSED\n[39f34dc3-57e2-4545-8741-f5d9744b6ecc/build_java17      ]   | Running test: Test authentication_with_role_works(com.tngtech.keycloakmock.examplebackend.AuthenticationJUnit4Test)\n[39f34dc3-57e2-4545-8741-f5d9744b6ecc/build_java17      ]   | \n[39f34dc3-57e2-4545-8741-f5d9744b6ecc/build_java17      ]   | AuthenticationJUnit4Test > authentication_with_role_works PASSED\n[39f34dc3-57e2-4545-8741-f5d9744b6ecc/build_java17      ]   | Running test: Test authentication_works(com.tngtech.keycloakmock.examplebackend.AuthenticationJUnit4Test)\n[39f34dc3-57e2-4545-8741-f5d9744b6ecc/build_java17      ]   | \n[39f34dc3-57e2-4545-8741-f5d9744b6ecc/build_java17      ]   | AuthenticationJUnit4Test > authentication_works PASSED\n[39f34dc3-57e2-4545-8741-f5d9744b6ecc/build_java17      ]   | Running test: Test authentication_without_role_fails(com.tngtech.keycloakmock.examplebackend.AuthenticationJUnit4Test)\n[39f34dc3-57e2-4545-8741-f5d9744b6ecc/build_java17      ]   | \n[39f34dc3-57e2-4545-8741-f5d9744b6ecc/build_java17      ]   | AuthenticationJUnit4Test > authentication_without_role_fails PASSED\n[39f34dc3-57e2-4545-8741-f5d9744b6ecc/build_java17      ]   | \n[39f34dc3-57e2-4545-8741-f5d9744b6ecc/build_java17      ]   | > Task :example-backend:check\n[39f34dc3-57e2-4545-8741-f5d9744b6ecc/build_java17      ]   | > Task :example-backend:build\n[39f34dc3-57e2-4545-8741-f5d9744b6ecc/build_java17      ]   | > Task :example-frontend-react:build UP-TO-DATE\n[39f34dc3-57e2-4545-8741-f5d9744b6ecc/build_java17      ]   | > Task :mock:assemble\n[39f34dc3-57e2-4545-8741-f5d9744b6ecc/build_java8       ]   | \u2139\ufe0f Posting with conclusion 'success' to refs/tags/v0.15.0 (sha: b5ddf5586ec856babe368a2332981200db803fad)\n[39f34dc3-57e2-4545-8741-f5d9744b6ecc/build_java8       ]   \u2753  ::endgroup::\n[39f34dc3-57e2-4545-8741-f5d9744b6ecc/build_java8       ]   \u2753  ::group::\ud83d\ude80 Publish results\n[39f34dc3-57e2-4545-8741-f5d9744b6ecc/build_java8       ]   | \u2139\ufe0f - JUnit Test Report (Java 8) - No test results found!\n[39f34dc3-57e2-4545-8741-f5d9744b6ecc/build_java8       ]   \ud83d\udcac  ::debug::{%0A  \"owner\": \"TNG\",%0A  \"repo\": \"keycloak-mock\",%0A  \"name\": \"JUnit Test Report (Java 8)\",%0A  \"head_sha\": \"b5ddf5586ec856babe368a2332981200db803fad\",%0A  \"status\": \"completed\",%0A  \"conclusion\": \"success\",%0A  \"output\": {%0A    \"title\": \"No test results found!\",%0A    \"summary\": \"\",%0A    \"annotations\": []%0A  }%0A}\n[39f34dc3-57e2-4545-8741-f5d9744b6ecc/build_java8       ]   | \u2139\ufe0f - JUnit Test Report (Java 8) - Creating check for\n[39f34dc3-57e2-4545-8741-f5d9744b6ecc/build_java17      ]   | > Task :mock:compileTestJava\n[39f34dc3-57e2-4545-8741-f5d9744b6ecc/build_java17      ]   | > Task :mock:processTestResources\n[39f34dc3-57e2-4545-8741-f5d9744b6ecc/build_java17      ]   | > Task :mock:testClasses\n[39f34dc3-57e2-4545-8741-f5d9744b6ecc/build_java8       ]   \u2757  ::error::\u274c Failed to create checks using the provided token. (HttpError: Resource not accessible by personal access token)\n[39f34dc3-57e2-4545-8741-f5d9744b6ecc/build_java8       ]   \ud83d\udea7  ::warning::\u26a0\ufe0f This usually indicates insufficient permissions. More details: https://github.com/mikepenz/action-junit-report/issues/23\n[39f34dc3-57e2-4545-8741-f5d9744b6ecc/build_java8       ]   \u2753  ::endgroup::\n[39f34dc3-57e2-4545-8741-f5d9744b6ecc/build_java8       ]   \u2705  Success - Main Publish test report\n[39f34dc3-57e2-4545-8741-f5d9744b6ecc/build_java8       ]   \u2699  ::set-output:: total=0\n[39f34dc3-57e2-4545-8741-f5d9744b6ecc/build_java8       ]   \u2699  ::set-output:: passed=0\n[39f34dc3-57e2-4545-8741-f5d9744b6ecc/build_java8       ]   \u2699  ::set-output:: skipped=0\n[39f34dc3-57e2-4545-8741-f5d9744b6ecc/build_java8       ]   \u2699  ::set-output:: failed=0\n[39f34dc3-57e2-4545-8741-f5d9744b6ecc/build_java8       ] \u2b50 Run Post Set up JDK 8\n[39f34dc3-57e2-4545-8741-f5d9744b6ecc/build_java8       ]   \ud83d\udc33  docker exec cmd=[node /var/run/act/actions/actions-setup-java@v3/dist/cleanup/index.js] user= workdir=\n[39f34dc3-57e2-4545-8741-f5d9744b6ecc/build_java17      ]   | \n[39f34dc3-57e2-4545-8741-f5d9744b6ecc/build_java17      ]   | > Task :mock:test\n[39f34dc3-57e2-4545-8741-f5d9744b6ecc/build_java17      ]   | Running test: Test well_known_configuration_works()(com.tngtech.keycloakmock.api.KeycloakMockIntegrationTest)\n[39f34dc3-57e2-4545-8741-f5d9744b6ecc/build_java17      ]   | \n[39f34dc3-57e2-4545-8741-f5d9744b6ecc/build_java17      ]   | KeycloakMockIntegrationTest > well_known_configuration_works() PASSED\n[39f34dc3-57e2-4545-8741-f5d9744b6ecc/build_java17      ]   | Running test: Test generated_token_is_valid()(com.tngtech.keycloakmock.api.KeycloakMockIntegrationTest)\n[39f34dc3-57e2-4545-8741-f5d9744b6ecc/build_java17      ]   | \n[39f34dc3-57e2-4545-8741-f5d9744b6ecc/build_java17      ]   | KeycloakMockIntegrationTest > generated_token_is_valid() PASSED\n[39f34dc3-57e2-4545-8741-f5d9744b6ecc/build_java17      ]   | Running test: Test mock_server_endpoint_is_correctly_configured(int, boolean)[1](com.tngtech.keycloakmock.api.KeycloakMockIntegrationTest)\n[39f34dc3-57e2-4545-8741-f5d9744b6ecc/build_java17      ]   | \n[39f34dc3-57e2-4545-8741-f5d9744b6ecc/build_java17      ]   | KeycloakMockIntegrationTest > mock_server_endpoint_is_correctly_configured(int, boolean) > com.tngtech.keycloakmock.api.KeycloakMockIntegrationTest.mock_server_endpoint_is_correctly_configured(int, boolean)[1] PASSED\n[39f34dc3-57e2-4545-8741-f5d9744b6ecc/build_java17      ]   | Running test: Test mock_server_endpoint_is_correctly_configured(int, boolean)[2](com.tngtech.keycloakmock.api.KeycloakMockIntegrationTest)\n[39f34dc3-57e2-4545-8741-f5d9744b6ecc/build_java17      ]   | \n[39f34dc3-57e2-4545-8741-f5d9744b6ecc/build_java17      ]   | KeycloakMockIntegrationTest > mock_server_endpoint_is_correctly_configured(int, boolean) > com.tngtech.keycloakmock.api.KeycloakMockIntegrationTest.mock_server_endpoint_is_correctly_configured(int, boolean)[2] PASSED\n[39f34dc3-57e2-4545-8741-f5d9744b6ecc/build_java17      ]   | Running test: Test mock_server_properly_returns_resources(String, ContentType, String)[1](com.tngtech.keycloakmock.api.KeycloakMockIntegrationTest)\n[39f34dc3-57e2-4545-8741-f5d9744b6ecc/build_java17      ]   | \n[39f34dc3-57e2-4545-8741-f5d9744b6ecc/build_java17      ]   | KeycloakMockIntegrationTest > mock_server_properly_returns_resources(String, ContentType, String) > com.tngtech.keycloakmock.api.KeycloakMockIntegrationTest.mock_server_properly_returns_resources(String, ContentType, String)[1] PASSED\n[39f34dc3-57e2-4545-8741-f5d9744b6ecc/build_java17      ]   | Running test: Test mock_server_properly_returns_resources(String, ContentType, String)[2](com.tngtech.keycloakmock.api.KeycloakMockIntegrationTest)\n[39f34dc3-57e2-4545-8741-f5d9744b6ecc/build_java17      ]   | \n[39f34dc3-57e2-4545-8741-f5d9744b6ecc/build_java17      ]   | KeycloakMockIntegrationTest > mock_server_properly_returns_resources(String, ContentType, String) > com.tngtech.keycloakmock.api.KeycloakMockIntegrationTest.mock_server_properly_returns_resources(String, ContentType, String)[2] PASSED\n[39f34dc3-57e2-4545-8741-f5d9744b6ecc/build_java17      ]   | Running test: Test mock_server_properly_returns_resources(String, ContentType, String)[3](com.tngtech.keycloakmock.api.KeycloakMockIntegrationTest)\n[39f34dc3-57e2-4545-8741-f5d9744b6ecc/build_java17      ]   | \n[39f34dc3-57e2-4545-8741-f5d9744b6ecc/build_java17      ]   | KeycloakMockIntegrationTest > mock_server_properly_returns_resources(String, ContentType, String) > com.tngtech.keycloakmock.api.KeycloakMockIntegrationTest.mock_server_properly_returns_resources(String, ContentType, String)[3] PASSED\n[39f34dc3-57e2-4545-8741-f5d9744b6ecc/build_java17      ]   | Running test: Test mock_server_properly_returns_resources(String, ContentType, String)[4](com.tngtech.keycloakmock.api.KeycloakMockIntegrationTest)\n[39f34dc3-57e2-4545-8741-f5d9744b6ecc/build_java17      ]   | \n[39f34dc3-57e2-4545-8741-f5d9744b6ecc/build_java17      ]   | KeycloakMockIntegrationTest > mock_server_properly_returns_resources(String, ContentType, String) > com.tngtech.keycloakmock.api.KeycloakMockIntegrationTest.mock_server_properly_returns_resources(String, ContentType, String)[4] PASSED\n[39f34dc3-57e2-4545-8741-f5d9744b6ecc/build_java17      ]   | Running test: Test mock_server_fails_when_port_is_claimed()(com.tngtech.keycloakmock.api.KeycloakMockIntegrationTest)\n[39f34dc3-57e2-4545-8741-f5d9744b6ecc/build_java17      ]   | \n[39f34dc3-57e2-4545-8741-f5d9744b6ecc/build_java17      ]   | KeycloakMockIntegrationTest > mock_server_fails_when_port_is_claimed() PASSED\n[39f34dc3-57e2-4545-8741-f5d9744b6ecc/build_java17      ]   | Running test: Test mock_server_login_with_resource_owner_password_credentials_flow_works()(com.tngtech.keycloakmock.api.KeycloakMockIntegrationTest)\n[39f34dc3-57e2-4545-8741-f5d9744b6ecc/build_java17      ]   | \n[39f34dc3-57e2-4545-8741-f5d9744b6ecc/build_java17      ]   | KeycloakMockIntegrationTest > mock_server_login_with_resource_owner_password_credentials_flow_works() PASSED\n[39f34dc3-57e2-4545-8741-f5d9744b6ecc/build_java17      ]   | Running test: Test mock_server_returns_404_on_nonexistent_resource()(com.tngtech.keycloakmock.api.KeycloakMockIntegrationTest)\n[39f34dc3-57e2-4545-8741-f5d9744b6ecc/build_java17      ]   | \n[39f34dc3-57e2-4545-8741-f5d9744b6ecc/build_java17      ]   | KeycloakMockIntegrationTest > mock_server_returns_404_on_nonexistent_resource() PASSED\n[39f34dc3-57e2-4545-8741-f5d9744b6ecc/build_java17      ]   | Running test: Test mock_server_login_with_client_credentials_flow_works()(com.tngtech.keycloakmock.api.KeycloakMockIntegrationTest)\n[39f34dc3-57e2-4545-8741-f5d9744b6ecc/build_java17      ]   | \n[39f34dc3-57e2-4545-8741-f5d9744b6ecc/build_java17      ]   | KeycloakMockIntegrationTest > mock_server_login_with_client_credentials_flow_works() PASSED\n[39f34dc3-57e2-4545-8741-f5d9744b6ecc/build_java17      ]   | Running test: Test mock_server_login_with_resource_owner_password_credentials_flow_works_with_client_id_parameter()(com.tngtech.keycloakmock.api.KeycloakMockIntegrationTest)\n[39f34dc3-57e2-4545-8741-f5d9744b6ecc/build_java17      ]   | \n[39f34dc3-57e2-4545-8741-f5d9744b6ecc/build_java17      ]   | KeycloakMockIntegrationTest > mock_server_login_with_resource_owner_password_credentials_flow_works_with_client_id_parameter() PASSED\n[39f34dc3-57e2-4545-8741-f5d9744b6ecc/build_java17      ]   | Running test: Test mock_server_can_be_started_and_stopped()(com.tngtech.keycloakmock.api.KeycloakMockIntegrationTest)\n[39f34dc3-57e2-4545-8741-f5d9744b6ecc/build_java17      ]   | \n[39f34dc3-57e2-4545-8741-f5d9744b6ecc/build_java17      ]   | KeycloakMockIntegrationTest > mock_server_can_be_started_and_stopped() PASSED\n[39f34dc3-57e2-4545-8741-f5d9744b6ecc/build_java17      ]   | Running test: Test mock_server_login_with_implicit_flow_works()(com.tngtech.keycloakmock.api.KeycloakMockIntegrationTest)\n[39f34dc3-57e2-4545-8741-f5d9744b6ecc/build_java17      ]   | \n[39f34dc3-57e2-4545-8741-f5d9744b6ecc/build_java17      ]   | KeycloakMockIntegrationTest > mock_server_login_with_implicit_flow_works() PASSED\n[39f34dc3-57e2-4545-8741-f5d9744b6ecc/build_java17      ]   | Running test: Test mock_server_can_be_started_and_stopped_twice()(com.tngtech.keycloakmock.api.KeycloakMockIntegrationTest)\n[39f34dc3-57e2-4545-8741-f5d9744b6ecc/build_java17      ]   | \n[39f34dc3-57e2-4545-8741-f5d9744b6ecc/build_java17      ]   | KeycloakMockIntegrationTest > mock_server_can_be_started_and_stopped_twice() PASSED\n[39f34dc3-57e2-4545-8741-f5d9744b6ecc/build_java17      ]   | Running test: Test mock_server_uses_host_header_as_server_host()(com.tngtech.keycloakmock.api.KeycloakMockIntegrationTest)\n[39f34dc3-57e2-4545-8741-f5d9744b6ecc/build_java17      ]   | \n[39f34dc3-57e2-4545-8741-f5d9744b6ecc/build_java17      ]   | KeycloakMockIntegrationTest > mock_server_uses_host_header_as_server_host() PASSED\n[39f34dc3-57e2-4545-8741-f5d9744b6ecc/build_java17      ]   | Running test: Test mock_server_login_with_client_credentials_flow_using_form_works()(com.tngtech.keycloakmock.api.KeycloakMockIntegrationTest)\n[39f34dc3-57e2-4545-8741-f5d9744b6ecc/build_java17      ]   | \n[39f34dc3-57e2-4545-8741-f5d9744b6ecc/build_java17      ]   | KeycloakMockIntegrationTest > mock_server_login_with_client_credentials_flow_using_form_works() PASSED\n[39f34dc3-57e2-4545-8741-f5d9744b6ecc/build_java17      ]   | Running test: Test mock_server_login_with_authorization_code_flow_works()(com.tngtech.keycloakmock.api.KeycloakMockIntegrationTest)\n[39f34dc3-57e2-4545-8741-f5d9744b6ecc/build_java17      ]   | \n[39f34dc3-57e2-4545-8741-f5d9744b6ecc/build_java17      ]   | KeycloakMockIntegrationTest > mock_server_login_with_authorization_code_flow_works() PASSED\n[39f34dc3-57e2-4545-8741-f5d9744b6ecc/build_java17      ]   | Running test: Test mock_server_answers_204_on_iframe_init()(com.tngtech.keycloakmock.api.KeycloakMockIntegrationTest)\n[39f34dc3-57e2-4545-8741-f5d9744b6ecc/build_java17      ]   | \n[39f34dc3-57e2-4545-8741-f5d9744b6ecc/build_java17      ]   | KeycloakMockIntegrationTest > mock_server_answers_204_on_iframe_init() PASSED\n[39f34dc3-57e2-4545-8741-f5d9744b6ecc/build_java17      ]   | Running test: Test contains_client_scopes_during_server_configuration()(com.tngtech.keycloakmock.api.KeycloakMockTest)\n[39f34dc3-57e2-4545-8741-f5d9744b6ecc/build_java17      ]   | \n[39f34dc3-57e2-4545-8741-f5d9744b6ecc/build_java17      ]   | KeycloakMockTest > contains_client_scopes_during_server_configuration() PASSED\n[39f34dc3-57e2-4545-8741-f5d9744b6ecc/build_java17      ]   | Running test: Test generated_token_uses_correct_issuer()(com.tngtech.keycloakmock.api.KeycloakMockTest)\n[39f34dc3-57e2-4545-8741-f5d9744b6ecc/build_java17      ]   | \n[39f34dc3-57e2-4545-8741-f5d9744b6ecc/build_java17      ]   | KeycloakMockTest > generated_token_uses_correct_issuer() PASSED\n[39f34dc3-57e2-4545-8741-f5d9744b6ecc/build_java17      ]   | Running test: Test contains_default_client_scope_during_server_configuration()(com.tngtech.keycloakmock.api.KeycloakMockTest)\n[39f34dc3-57e2-4545-8741-f5d9744b6ecc/build_java17      ]   | \n[39f34dc3-57e2-4545-8741-f5d9744b6ecc/build_java17      ]   | KeycloakMockTest > contains_default_client_scope_during_server_configuration() PASSED\n[39f34dc3-57e2-4545-8741-f5d9744b6ecc/build_java17      ]   | Running test: Test resourceAccess_is_set_correctly()(com.tngtech.keycloakmock.api.TokenConfigTest)\n[39f34dc3-57e2-4545-8741-f5d9744b6ecc/build_java17      ]   | \n[39f34dc3-57e2-4545-8741-f5d9744b6ecc/build_java17      ]   | TokenConfigTest > resourceAccess_is_set_correctly() PASSED\n[39f34dc3-57e2-4545-8741-f5d9744b6ecc/build_java17      ]   | Running test: Test issuedAt_is_set_correctly()(com.tngtech.keycloakmock.api.TokenConfigTest)\n[39f34dc3-57e2-4545-8741-f5d9744b6ecc/build_java17      ]   | \n[39f34dc3-57e2-4545-8741-f5d9744b6ecc/build_java17      ]   | TokenConfigTest > issuedAt_is_set_correctly() PASSED\n[39f34dc3-57e2-4545-8741-f5d9744b6ecc/build_java17      ]   | Running test: Test audience_is_set_correctly()(com.tngtech.keycloakmock.api.TokenConfigTest)\n[39f34dc3-57e2-4545-8741-f5d9744b6ecc/build_java17      ]   | \n[39f34dc3-57e2-4545-8741-f5d9744b6ecc/build_java17      ]   | TokenConfigTest > audience_is_set_correctly() PASSED\n[39f34dc3-57e2-4545-8741-f5d9744b6ecc/build_java17      ]   | Running test: Test unexpected_issuer_causes_exception()(com.tngtech.keycloakmock.api.TokenConfigTest)\n[39f34dc3-57e2-4545-8741-f5d9744b6ecc/build_java17      ]   | \n[39f34dc3-57e2-4545-8741-f5d9744b6ecc/build_java17      ]   | TokenConfigTest > unexpected_issuer_causes_exception() PASSED\n[39f34dc3-57e2-4545-8741-f5d9744b6ecc/build_java17      ]   | Running test: Test expiration_is_set_correctly()(com.tngtech.keycloakmock.api.TokenConfigTest)\n[39f34dc3-57e2-4545-8741-f5d9744b6ecc/build_java17      ]   | \n[39f34dc3-57e2-4545-8741-f5d9744b6ecc/build_java17      ]   | TokenConfigTest > expiration_is_set_correctly() PASSED\n[39f34dc3-57e2-4545-8741-f5d9744b6ecc/build_java17      ]   | Running test: Test user_data_is_generated_from_subject()(com.tngtech.keycloakmock.api.TokenConfigTest)\n[39f34dc3-57e2-4545-8741-f5d9744b6ecc/build_java17      ]   | \n[39f34dc3-57e2-4545-8741-f5d9744b6ecc/build_java17      ]   | TokenConfigTest > user_data_is_generated_from_subject() PASSED\n[39f34dc3-57e2-4545-8741-f5d9744b6ecc/build_java17      ]   | Running test: Test notBefore_is_set_correctly()(com.tngtech.keycloakmock.api.TokenConfigTest)\n[39f34dc3-57e2-4545-8741-f5d9744b6ecc/build_java17      ]   | \n[39f34dc3-57e2-4545-8741-f5d9744b6ecc/build_java17      ]   | TokenConfigTest > notBefore_is_set_correctly() PASSED\n[39f34dc3-57e2-4545-8741-f5d9744b6ecc/build_java17      ]   | Running test: Test realm_is_set_correctly()(com.tngtech.keycloakmock.api.TokenConfigTest)\n[39f34dc3-57e2-4545-8741-f5d9744b6ecc/build_java17      ]   | \n[39f34dc3-57e2-4545-8741-f5d9744b6ecc/build_java17      ]   | TokenConfigTest > realm_is_set_correctly() PASSED\n[39f34dc3-57e2-4545-8741-f5d9744b6ecc/build_java17      ]   | Running test: Test invalid_issuer_causes_exception()(com.tngtech.keycloakmock.api.TokenConfigTest)\n[39f34dc3-57e2-4545-8741-f5d9744b6ecc/build_java17      ]   | \n[39f34dc3-57e2-4545-8741-f5d9744b6ecc/build_java17      ]   | TokenConfigTest > invalid_issuer_causes_exception() PASSED\n[39f34dc3-57e2-4545-8741-f5d9744b6ecc/build_java17      ]   | Running test: Test custom_claims_are_set_correctly()(com.tngtech.keycloakmock.api.TokenConfigTest)\n[39f34dc3-57e2-4545-8741-f5d9744b6ecc/build_java17      ]   | \n[39f34dc3-57e2-4545-8741-f5d9744b6ecc/build_java17      ]   | TokenConfigTest > custom_claims_are_set_correctly() PASSED\n[39f34dc3-57e2-4545-8741-f5d9744b6ecc/build_java17      ]   | Running test: Test scope_is_set_correctly()(com.tngtech.keycloakmock.api.TokenConfigTest)\n[39f34dc3-57e2-4545-8741-f5d9744b6ecc/build_java17      ]   | \n[39f34dc3-57e2-4545-8741-f5d9744b6ecc/build_java17      ]   | TokenConfigTest > scope_is_set_correctly() PASSED\n[39f34dc3-57e2-4545-8741-f5d9744b6ecc/build_java17      ]   | Running test: Test name_is_filled_from_given_and_family_name_if_not_set(String, String, String)[1](com.tngtech.keycloakmock.api.TokenConfigTest)\n[39f34dc3-57e2-4545-8741-f5d9744b6ecc/build_java17      ]   | \n[39f34dc3-57e2-4545-8741-f5d9744b6ecc/build_java17      ]   | TokenConfigTest > name_is_filled_from_given_and_family_name_if_not_set(String, String, String) > com.tngtech.keycloakmock.api.TokenConfigTest.name_is_filled_from_given_and_family_name_if_not_set(String, String, String)[1] PASSED\n[39f34dc3-57e2-4545-8741-f5d9744b6ecc/build_java17      ]   | Running test: Test name_is_filled_from_given_and_family_name_if_not_set(String, String, String)[2](com.tngtech.keycloakmock.api.TokenConfigTest)\n[39f34dc3-57e2-4545-8741-f5d9744b6ecc/build_java17      ]   | \n[39f34dc3-57e2-4545-8741-f5d9744b6ecc/build_java17      ]   | TokenConfigTest > name_is_filled_from_given_and_family_name_if_not_set(String, String, String) > com.tngtech.keycloakmock.api.TokenConfigTest.name_is_filled_from_given_and_family_name_if_not_set(String, String, String)[2] PASSED\n[39f34dc3-57e2-4545-8741-f5d9744b6ecc/build_java17      ]   | Running test: Test name_is_filled_from_given_and_family_name_if_not_set(String, String, String)[3](com.tngtech.keycloakmock.api.TokenConfigTest)\n[39f34dc3-57e2-4545-8741-f5d9744b6ecc/build_java17      ]   | \n[39f34dc3-57e2-4545-8741-f5d9744b6ecc/build_java17      ]   | TokenConfigTest > name_is_filled_from_given_and_family_name_if_not_set(String, String, String) > com.tngtech.keycloakmock.api.TokenConfigTest.name_is_filled_from_given_and_family_name_if_not_set(String, String, String)[3] PASSED\n[39f34dc3-57e2-4545-8741-f5d9744b6ecc/build_java17      ]   | Running test: Test name_is_filled_from_given_and_family_name_if_not_set(String, String, String)[4](com.tngtech.keycloakmock.api.TokenConfigTest)\n[39f34dc3-57e2-4545-8741-f5d9744b6ecc/build_java17      ]   | \n[39f34dc3-57e2-4545-8741-f5d9744b6ecc/build_java17      ]   | TokenConfigTest > name_is_filled_from_given_and_family_name_if_not_set(String, String, String) > com.tngtech.keycloakmock.api.TokenConfigTest.name_is_filled_from_given_and_family_name_if_not_set(String, String, String)[4] PASSED\n[39f34dc3-57e2-4545-8741-f5d9744b6ecc/build_java17      ]   | Running test: Test authorizedParty_is_set_correctly()(com.tngtech.keycloakmock.api.TokenConfigTest)\n[39f34dc3-57e2-4545-8741-f5d9744b6ecc/build_java17      ]   | \n[39f34dc3-57e2-4545-8741-f5d9744b6ecc/build_java17      ]   | TokenConfigTest > authorizedParty_is_set_correctly() PASSED\n[39f34dc3-57e2-4545-8741-f5d9744b6ecc/build_java17      ]   | Running test: Test realmAccess_is_set_correctly()(com.tngtech.keycloakmock.api.TokenConfigTest)\n[39f34dc3-57e2-4545-8741-f5d9744b6ecc/build_java17      ]   | \n[39f34dc3-57e2-4545-8741-f5d9744b6ecc/build_java17      ]   | TokenConfigTest > realmAccess_is_set_correctly() PASSED\n[39f34dc3-57e2-4545-8741-f5d9744b6ecc/build_java17      ]   | Running test: Test email_is_set_correctly()(com.tngtech.keycloakmock.api.TokenConfigTest)\n[39f34dc3-57e2-4545-8741-f5d9744b6ecc/build_java17      ]   | \n[39f34dc3-57e2-4545-8741-f5d9744b6ecc/build_java17      ]   | TokenConfigTest > email_is_set_correctly() PASSED\n[39f34dc3-57e2-4545-8741-f5d9744b6ecc/build_java17      ]   | Running test: Test hostname_is_set_correctly()(com.tngtech.keycloakmock.api.TokenConfigTest)\n[39f34dc3-57e2-4545-8741-f5d9744b6ecc/build_java17      ]   | \n[39f34dc3-57e2-4545-8741-f5d9744b6ecc/build_java17      ]   | TokenConfigTest > hostname_is_set_correctly() PASSED\n[39f34dc3-57e2-4545-8741-f5d9744b6ecc/build_java17      ]   | Running test: Test names_are_set_correctly()(com.tngtech.keycloakmock.api.TokenConfigTest)\n[39f34dc3-57e2-4545-8741-f5d9744b6ecc/build_java17      ]   | \n[39f34dc3-57e2-4545-8741-f5d9744b6ecc/build_java17      ]   | TokenConfigTest > names_are_set_correctly() PASSED\n[39f34dc3-57e2-4545-8741-f5d9744b6ecc/build_java17      ]   | Running test: Test last_claim_version_wins()(com.tngtech.keycloakmock.api.TokenConfigTest)\n[39f34dc3-57e2-4545-8741-f5d9744b6ecc/build_java17      ]   | \n[39f34dc3-57e2-4545-8741-f5d9744b6ecc/build_java17      ]   | TokenConfigTest > last_claim_version_wins() PASSED\n[39f34dc3-57e2-4545-8741-f5d9744b6ecc/build_java17      ]   | Running test: Test authentication_context_class_reference_is_set_correctly()(com.tngtech.keycloakmock.api.TokenConfigTest)\n[39f34dc3-57e2-4545-8741-f5d9744b6ecc/build_java17      ]   | \n[39f34dc3-57e2-4545-8741-f5d9744b6ecc/build_java17      ]   | TokenConfigTest > authentication_context_class_reference_is_set_correctly() PASSED\n[39f34dc3-57e2-4545-8741-f5d9744b6ecc/build_java17      ]   | Running test: Test default_values_are_used()(com.tngtech.keycloakmock.api.TokenConfigTest)\n[39f34dc3-57e2-4545-8741-f5d9744b6ecc/build_java17      ]   | \n[39f34dc3-57e2-4545-8741-f5d9744b6ecc/build_java17      ]   | TokenConfigTest > default_values_are_used() PASSED\n[39f34dc3-57e2-4545-8741-f5d9744b6ecc/build_java17      ]   | Running test: Test authenticationTime_is_set_correctly()(com.tngtech.keycloakmock.api.TokenConfigTest)\n[39f34dc3-57e2-4545-8741-f5d9744b6ecc/build_java17      ]   | \n[39f34dc3-57e2-4545-8741-f5d9744b6ecc/build_java17      ]   | TokenConfigTest > authenticationTime_is_set_correctly() PASSED\n[39f34dc3-57e2-4545-8741-f5d9744b6ecc/build_java17      ]   | Running test: Test preferredUsername_is_set_correctly()(com.tngtech.keycloakmock.api.TokenConfigTest)\n[39f34dc3-57e2-4545-8741-f5d9744b6ecc/build_java17      ]   | \n[39f34dc3-57e2-4545-8741-f5d9744b6ecc/build_java17      ]   | TokenConfigTest > preferredUsername_is_set_correctly() PASSED\n[39f34dc3-57e2-4545-8741-f5d9744b6ecc/build_java17      ]   | Running test: Test config_is_set_correctly_from_original_token()(com.tngtech.keycloakmock.api.TokenConfigTest)\n[39f34dc3-57e2-4545-8741-f5d9744b6ecc/build_java17      ]   | \n[39f34dc3-57e2-4545-8741-f5d9744b6ecc/build_java17      ]   | TokenConfigTest > config_is_set_correctly_from_original_token() PASSED\n[39f34dc3-57e2-4545-8741-f5d9744b6ecc/build_java17      ]   | Running test: Test subject_is_set_correctly()(com.tngtech.keycloakmock.api.TokenConfigTest)\n[39f34dc3-57e2-4545-8741-f5d9744b6ecc/build_java17      ]   | \n[39f34dc3-57e2-4545-8741-f5d9744b6ecc/build_java17      ]   | TokenConfigTest > subject_is_set_correctly() PASSED\n[39f34dc3-57e2-4545-8741-f5d9744b6ecc/build_java17      ]   | Running test: Test user_data_is_generated()(com.tngtech.keycloakmock.impl.TokenGeneratorTest)\n[39f34dc3-57e2-4545-8741-f5d9744b6ecc/build_java17      ]   | \n[39f34dc3-57e2-4545-8741-f5d9744b6ecc/build_java17      ]   | TokenGeneratorTest > user_data_is_generated() PASSED\n[39f34dc3-57e2-4545-8741-f5d9744b6ecc/build_java17      ]   | Running test: Test user_data_is_not_generated()(com.tngtech.keycloakmock.impl.TokenGeneratorTest)\n[39f34dc3-57e2-4545-8741-f5d9744b6ecc/build_java17      ]   | \n[39f34dc3-57e2-4545-8741-f5d9744b6ecc/build_java17      ]   | TokenGeneratorTest > user_data_is_not_generated() PASSED\n[39f34dc3-57e2-4545-8741-f5d9744b6ecc/build_java17      ]   | Running test: Test explicit_user_data_takes_preference()(com.tngtech.keycloakmock.impl.TokenGeneratorTest)\n[39f34dc3-57e2-4545-8741-f5d9744b6ecc/build_java17      ]   | \n[39f34dc3-57e2-4545-8741-f5d9744b6ecc/build_java17      ]   | TokenGeneratorTest > explicit_user_data_takes_preference() PASSED\n[39f34dc3-57e2-4545-8741-f5d9744b6ecc/build_java17      ]   | Running test: Test config_is_correctly_applied()(com.tngtech.keycloakmock.impl.TokenGeneratorTest)\n[39f34dc3-57e2-4545-8741-f5d9744b6ecc/build_java17      ]   | \n[39f34dc3-57e2-4545-8741-f5d9744b6ecc/build_java17      ]   | TokenGeneratorTest > config_is_correctly_applied() PASSED\n[39f34dc3-57e2-4545-8741-f5d9744b6ecc/build_java17      ]   | Running test: Test base_url_is_generated_correctly(ServerConfig, String)[1](com.tngtech.keycloakmock.impl.UrlConfigurationTest)\n[39f34dc3-57e2-4545-8741-f5d9744b6ecc/build_java17      ]   | \n[39f34dc3-57e2-4545-8741-f5d9744b6ecc/build_java17      ]   | UrlConfigurationTest > base_url_is_generated_correctly(ServerConfig, String) > com.tngtech.keycloakmock.impl.UrlConfigurationTest.base_url_is_generated_correctly(ServerConfig, String)[1] PASSED\n[39f34dc3-57e2-4545-8741-f5d9744b6ecc/build_java17      ]   | Running test: Test base_url_is_generated_correctly(ServerConfig, String)[2](com.tngtech.keycloakmock.impl.UrlConfigurationTest)\n[39f34dc3-57e2-4545-8741-f5d9744b6ecc/build_java17      ]   | \n[39f34dc3-57e2-4545-8741-f5d9744b6ecc/build_java17      ]   | UrlConfigurationTest > base_url_is_generated_correctly(ServerConfig, String) > com.tngtech.keycloakmock.impl.UrlConfigurationTest.base_url_is_generated_correctly(ServerConfig, String)[2] PASSED\n[39f34dc3-57e2-4545-8741-f5d9744b6ecc/build_java17      ]   | Running test: Test base_url_is_generated_correctly(ServerConfig, String)[3](com.tngtech.keycloakmock.impl.UrlConfigurationTest)\n[39f34dc3-57e2-4545-8741-f5d9744b6ecc/build_java17      ]   | \n[39f34dc3-57e2-4545-8741-f5d9744b6ecc/build_java17      ]   | UrlConfigurationTest > base_url_is_generated_correctly(ServerConfig, String) > com.tngtech.keycloakmock.impl.UrlConfigurationTest.base_url_is_generated_correctly(ServerConfig, String)[3] PASSED\n[39f34dc3-57e2-4545-8741-f5d9744b6ecc/build_java17      ]   | Running test: Test base_url_is_generated_correctly(ServerConfig, String)[4](com.tngtech.keycloakmock.impl.UrlConfigurationTest)\n[39f34dc3-57e2-4545-8741-f5d9744b6ecc/build_java17      ]   | \n[39f34dc3-57e2-4545-8741-f5d9744b6ecc/build_java17      ]   | UrlConfigurationTest > base_url_is_generated_correctly(ServerConfig, String) > com.tngtech.keycloakmock.impl.UrlConfigurationTest.base_url_is_generated_correctly(ServerConfig, String)[4] PASSED\n[39f34dc3-57e2-4545-8741-f5d9744b6ecc/build_java17      ]   | Running test: Test base_url_is_generated_correctly(ServerConfig, String)[5](com.tngtech.keycloakmock.impl.UrlConfigurationTest)\n[39f34dc3-57e2-4545-8741-f5d9744b6ecc/build_java17      ]   | \n[39f34dc3-57e2-4545-8741-f5d9744b6ecc/build_java17      ]   | UrlConfigurationTest > base_url_is_generated_correctly(ServerConfig, String) > com.tngtech.keycloakmock.impl.UrlConfigurationTest.base_url_is_generated_correctly(ServerConfig, String)[5] PASSED\n[39f34dc3-57e2-4545-8741-f5d9744b6ecc/build_java17      ]   | Running test: Test base_url_is_generated_correctly(ServerConfig, String)[6](com.tngtech.keycloakmock.impl.UrlConfigurationTest)\n[39f34dc3-57e2-4545-8741-f5d9744b6ecc/build_java17      ]   | \n[39f34dc3-57e2-4545-8741-f5d9744b6ecc/build_java17      ]   | UrlConfigurationTest > base_url_is_generated_correctly(ServerConfig, String) > com.tngtech.keycloakmock.impl.UrlConfigurationTest.base_url_is_generated_correctly(ServerConfig, String)[6] PASSED\n[39f34dc3-57e2-4545-8741-f5d9744b6ecc/build_java17      ]   | Running test: Test context_parameters_are_used_correctly(String, String, String)[1](com.tngtech.keycloakmock.impl.UrlConfigurationTest)\n[39f34dc3-57e2-4545-8741-f5d9744b6ecc/build_java17      ]   | \n[39f34dc3-57e2-4545-8741-f5d9744b6ecc/build_java17      ]   | UrlConfigurationTest > context_parameters_are_used_correctly(String, String, String) > com.tngtech.keycloakmock.impl.UrlConfigurationTest.context_parameters_are_used_correctly(String, String, String)[1] PASSED\n[39f34dc3-57e2-4545-8741-f5d9744b6ecc/build_java17      ]   | Running test: Test context_parameters_are_used_correctly(String, String, String)[2](com.tngtech.keycloakmock.impl.UrlConfigurationTest)\n[39f34dc3-57e2-4545-8741-f5d9744b6ecc/build_java17      ]   | \n[39f34dc3-57e2-4545-8741-f5d9744b6ecc/build_java17      ]   | UrlConfigurationTest > context_parameters_are_used_correctly(String, String, String) > com.tngtech.keycloakmock.impl.UrlConfigurationTest.context_parameters_are_used_correctly(String, String, String)[2] PASSED\n[39f34dc3-57e2-4545-8741-f5d9744b6ecc/build_java17      ]   | Running test: Test context_parameters_are_used_correctly(String, String, String)[3](com.tngtech.keycloakmock.impl.UrlConfigurationTest)\n[39f34dc3-57e2-4545-8741-f5d9744b6ecc/build_java17      ]   | \n[39f34dc3-57e2-4545-8741-f5d9744b6ecc/build_java17      ]   | UrlConfigurationTest > context_parameters_are_used_correctly(String, String, String) > com.tngtech.keycloakmock.impl.UrlConfigurationTest.context_parameters_are_used_correctly(String, String, String)[3] PASSED\n[39f34dc3-57e2-4545-8741-f5d9744b6ecc/build_java17      ]   | Running test: Test context_parameters_are_used_correctly(String, String, String)[4](com.tngtech.keycloakmock.impl.UrlConfigurationTest)\n[39f34dc3-57e2-4545-8741-f5d9744b6ecc/build_java17      ]   | \n[39f34dc3-57e2-4545-8741-f5d9744b6ecc/build_java17      ]   | UrlConfigurationTest > context_parameters_are_used_correctly(String, String, String) > com.tngtech.keycloakmock.impl.UrlConfigurationTest.context_parameters_are_used_correctly(String, String, String)[4] PASSED\n[39f34dc3-57e2-4545-8741-f5d9744b6ecc/build_java17      ]   | Running test: Test port_is_correct()(com.tngtech.keycloakmock.impl.UrlConfigurationTest)\n[39f34dc3-57e2-4545-8741-f5d9744b6ecc/build_java17      ]   | \n[39f34dc3-57e2-4545-8741-f5d9744b6ecc/build_java17      ]   | UrlConfigurationTest > port_is_correct() PASSED\n[39f34dc3-57e2-4545-8741-f5d9744b6ecc/build_java17      ]   | Running test: Test context_parameters_are_used_correctly_for_server_config_with_no_context_path(String, String, String)[1](com.tngtech.keycloakmock.impl.UrlConfigurationTest)\n[39f34dc3-57e2-4545-8741-f5d9744b6ecc/build_java17      ]   | \n[39f34dc3-57e2-4545-8741-f5d9744b6ecc/build_java17      ]   | UrlConfigurationTest > context_parameters_are_used_correctly_for_server_config_with_no_context_path(String, String, String) > com.tngtech.keycloakmock.impl.UrlConfigurationTest.context_parameters_are_used_correctly_for_server_config_with_no_context_path(String, String, String)[1] PASSED\n[39f34dc3-57e2-4545-8741-f5d9744b6ecc/build_java17      ]   | Running test: Test context_parameters_are_used_correctly_for_server_config_with_no_context_path(String, String, String)[2](com.tngtech.keycloakmock.impl.UrlConfigurationTest)\n[39f34dc3-57e2-4545-8741-f5d9744b6ecc/build_java17      ]   | \n[39f34dc3-57e2-4545-8741-f5d9744b6ecc/build_java17      ]   | UrlConfigurationTest > context_parameters_are_used_correctly_for_server_config_with_no_context_path(String, String, String) > com.tngtech.keycloakmock.impl.UrlConfigurationTest.context_parameters_are_used_correctly_for_server_config_with_no_context_path(String, String, String)[2] PASSED\n[39f34dc3-57e2-4545-8741-f5d9744b6ecc/build_java17      ]   | Running test: Test issuer_url_is_generated_correctly(ServerConfig, String)[1](com.tngtech.keycloakmock.impl.UrlConfigurationTest)\n[39f34dc3-57e2-4545-8741-f5d9744b6ecc/build_java17      ]   | \n[39f34dc3-57e2-4545-8741-f5d9744b6ecc/build_java17      ]   | UrlConfigurationTest > issuer_url_is_generated_correctly(ServerConfig, String) > com.tngtech.keycloakmock.impl.UrlConfigurationTest.issuer_url_is_generated_correctly(ServerConfig, String)[1] PASSED\n[39f34dc3-57e2-4545-8741-f5d9744b6ecc/build_java17      ]   | Running test: Test issuer_url_is_generated_correctly(ServerConfig, String)[2](com.tngtech.keycloakmock.impl.UrlConfigurationTest)\n[39f34dc3-57e2-4545-8741-f5d9744b6ecc/build_java17      ]   | \n[39f34dc3-57e2-4545-8741-f5d9744b6ecc/build_java17      ]   | UrlConfigurationTest > issuer_url_is_generated_correctly(ServerConfig, String) > com.tngtech.keycloakmock.impl.UrlConfigurationTest.issuer_url_is_generated_correctly(ServerConfig, String)[2] PASSED\n[39f34dc3-57e2-4545-8741-f5d9744b6ecc/build_java17      ]   | Running test: Test issuer_url_is_generated_correctly(ServerConfig, String)[3](com.tngtech.keycloakmock.impl.UrlConfigurationTest)\n[39f34dc3-57e2-4545-8741-f5d9744b6ecc/build_java17      ]   | \n[39f34dc3-57e2-4545-8741-f5d9744b6ecc/build_java17      ]   | UrlConfigurationTest > issuer_url_is_generated_correctly(ServerConfig, String) > com.tngtech.keycloakmock.impl.UrlConfigurationTest.issuer_url_is_generated_correctly(ServerConfig, String)[3] PASSED\n[39f34dc3-57e2-4545-8741-f5d9744b6ecc/build_java17      ]   | Running test: Test issuer_url_is_generated_correctly(ServerConfig, String)[4](com.tngtech.keycloakmock.impl.UrlConfigurationTest)\n[39f34dc3-57e2-4545-8741-f5d9744b6ecc/build_java17      ]   | \n[39f34dc3-57e2-4545-8741-f5d9744b6ecc/build_java17      ]   | UrlConfigurationTest > issuer_url_is_generated_correctly(ServerConfig, String) > com.tngtech.keycloakmock.impl.UrlConfigurationTest.issuer_url_is_generated_correctly(ServerConfig, String)[4] PASSED\n[39f34dc3-57e2-4545-8741-f5d9744b6ecc/build_java17      ]   | Running test: Test issuer_url_is_generated_correctly(ServerConfig, String)[5](com.tngtech.keycloakmock.impl.UrlConfigurationTest)\n[39f34dc3-57e2-4545-8741-f5d9744b6ecc/build_java17      ]   | \n[39f34dc3-57e2-4545-8741-f5d9744b6ecc/build_java17      ]   | UrlConfigurationTest > issuer_url_is_generated_correctly(ServerConfig, String) > com.tngtech.keycloakmock.impl.UrlConfigurationTest.issuer_url_is_generated_correctly(ServerConfig, String)[5] PASSED\n[39f34dc3-57e2-4545-8741-f5d9744b6ecc/build_java17      ]   | Running test: Test issuer_url_is_generated_correctly(ServerConfig, String)[6](com.tngtech.keycloakmock.impl.UrlConfigurationTest)\n[39f34dc3-57e2-4545-8741-f5d9744b6ecc/build_java17      ]   | \n[39f34dc3-57e2-4545-8741-f5d9744b6ecc/build_java17      ]   | UrlConfigurationTest > issuer_url_is_generated_correctly(ServerConfig, String) > com.tngtech.keycloakmock.impl.UrlConfigurationTest.issuer_url_is_generated_correctly(ServerConfig, String)[6] PASSED\n[39f34dc3-57e2-4545-8741-f5d9744b6ecc/build_java17      ]   | Running test: Test issuer_url_is_generated_correctly(ServerConfig, String)[7](com.tngtech.keycloakmock.impl.UrlConfigurationTest)\n[39f34dc3-57e2-4545-8741-f5d9744b6ecc/build_java17      ]   | \n[39f34dc3-57e2-4545-8741-f5d9744b6ecc/build_java17      ]   | UrlConfigurationTest > issuer_url_is_generated_correctly(ServerConfig, String) > com.tngtech.keycloakmock.impl.UrlConfigurationTest.issuer_url_is_generated_correctly(ServerConfig, String)[7] PASSED\n[39f34dc3-57e2-4545-8741-f5d9744b6ecc/build_java17      ]   | Running test: Test issuer_url_is_generated_correctly(ServerConfig, String)[8](com.tngtech.keycloakmock.impl.UrlConfigurationTest)\n[39f34dc3-57e2-4545-8741-f5d9744b6ecc/build_java17      ]   | \n[39f34dc3-57e2-4545-8741-f5d9744b6ecc/build_java17      ]   | UrlConfigurationTest > issuer_url_is_generated_correctly(ServerConfig, String) > com.tngtech.keycloakmock.impl.UrlConfigurationTest.issuer_url_is_generated_correctly(ServerConfig, String)[8] PASSED\n[39f34dc3-57e2-4545-8741-f5d9744b6ecc/build_java17      ]   | Running test: Test issuer_url_is_generated_correctly(ServerConfig, String)[9](com.tngtech.keycloakmock.impl.UrlConfigurationTest)\n[39f34dc3-57e2-4545-8741-f5d9744b6ecc/build_java17      ]   | \n[39f34dc3-57e2-4545-8741-f5d9744b6ecc/build_java17      ]   | UrlConfigurationTest > issuer_url_is_generated_correctly(ServerConfig, String) > com.tngtech.keycloakmock.impl.UrlConfigurationTest.issuer_url_is_generated_correctly(ServerConfig, String)[9] PASSED\n[39f34dc3-57e2-4545-8741-f5d9744b6ecc/build_java17      ]   | Running test: Test urls_are_correct()(com.tngtech.keycloakmock.impl.UrlConfigurationTest)\n[39f34dc3-57e2-4545-8741-f5d9744b6ecc/build_java17      ]   | \n[39f34dc3-57e2-4545-8741-f5d9744b6ecc/build_java17      ]   | UrlConfigurationTest > urls_are_correct() PASSED\n[39f34dc3-57e2-4545-8741-f5d9744b6ecc/build_java17      ]   | Running test: Test urls_are_correct_with_no_context_path()(com.tngtech.keycloakmock.impl.UrlConfigurationTest)\n[39f34dc3-57e2-4545-8741-f5d9744b6ecc/build_java17      ]   | \n[39f34dc3-57e2-4545-8741-f5d9744b6ecc/build_java17      ]   | UrlConfigurationTest > urls_are_correct_with_no_context_path() PASSED\n[39f34dc3-57e2-4545-8741-f5d9744b6ecc/build_java17      ]   | Running test: Test context_parameters_are_used_correctly_for_server_config_with_custom_context_path(String, String, String)[1](com.tngtech.keycloakmock.impl.UrlConfigurationTest)\n[39f34dc3-57e2-4545-8741-f5d9744b6ecc/build_java17      ]   | \n[39f34dc3-57e2-4545-8741-f5d9744b6ecc/build_java17      ]   | UrlConfigurationTest > context_parameters_are_used_correctly_for_server_config_with_custom_context_path(String, String, String) > com.tngtech.keycloakmock.impl.UrlConfigurationTest.context_parameters_are_used_correctly_for_server_config_with_custom_context_path(String, String, String)[1] PASSED\n[39f34dc3-57e2-4545-8741-f5d9744b6ecc/build_java17      ]   | Running test: Test context_parameters_are_used_correctly_for_server_config_with_custom_context_path(String, String, String)[2](com.tngtech.keycloakmock.impl.UrlConfigurationTest)\n[39f34dc3-57e2-4545-8741-f5d9744b6ecc/build_java17      ]   | \n[39f34dc3-57e2-4545-8741-f5d9744b6ecc/build_java17      ]   | UrlConfigurationTest > context_parameters_are_used_correctly_for_server_config_with_custom_context_path(String, String, String) > com.tngtech.keycloakmock.impl.UrlConfigurationTest.context_parameters_are_used_correctly_for_server_config_with_custom_context_path(String, String, String)[2] PASSED\n[39f34dc3-57e2-4545-8741-f5d9744b6ecc/build_java17      ]   | Running test: Test urls_are_correct_with_custom_context_path()(com.tngtech.keycloakmock.impl.UrlConfigurationTest)\n[39f34dc3-57e2-4545-8741-f5d9744b6ecc/build_java17      ]   | \n[39f34dc3-57e2-4545-8741-f5d9744b6ecc/build_java17      ]   | UrlConfigurationTest > urls_are_correct_with_custom_context_path() PASSED\n[39f34dc3-57e2-4545-8741-f5d9744b6ecc/build_java17      ]   | Running test: Test protocol_is_correct(boolean)[1](com.tngtech.keycloakmock.impl.UrlConfigurationTest)\n[39f34dc3-57e2-4545-8741-f5d9744b6ecc/build_java17      ]   | \n[39f34dc3-57e2-4545-8741-f5d9744b6ecc/build_java17      ]   | UrlConfigurationTest > protocol_is_correct(boolean) > com.tngtech.keycloakmock.impl.UrlConfigurationTest.protocol_is_correct(boolean)[1] PASSED\n[39f34dc3-57e2-4545-8741-f5d9744b6ecc/build_java17      ]   | Running test: Test protocol_is_correct(boolean)[2](com.tngtech.keycloakmock.impl.UrlConfigurationTest)\n[39f34dc3-57e2-4545-8741-f5d9744b6ecc/build_java17      ]   | \n[39f34dc3-57e2-4545-8741-f5d9744b6ecc/build_java17      ]   | UrlConfigurationTest > protocol_is_correct(boolean) > com.tngtech.keycloakmock.impl.UrlConfigurationTest.protocol_is_correct(boolean)[2] PASSED\n[39f34dc3-57e2-4545-8741-f5d9744b6ecc/build_java17      ]   | Running test: Test missing_username_causes_error()(com.tngtech.keycloakmock.impl.handler.AuthenticationRouteTest)\n[39f34dc3-57e2-4545-8741-f5d9744b6ecc/build_java17      ]   | \n[39f34dc3-57e2-4545-8741-f5d9744b6ecc/build_java17      ]   | AuthenticationRouteTest > missing_username_causes_error() PASSED\n[39f34dc3-57e2-4545-8741-f5d9744b6ecc/build_java17      ]   | Running test: Test correct_token_is_created()(com.tngtech.keycloakmock.impl.handler.AuthenticationRouteTest)\n[39f34dc3-57e2-4545-8741-f5d9744b6ecc/build_java17      ]   | \n[39f34dc3-57e2-4545-8741-f5d9744b6ecc/build_java17      ]   | AuthenticationRouteTest > correct_token_is_created() PASSED\n[39f34dc3-57e2-4545-8741-f5d9744b6ecc/build_java17      ]   | Running test: Test missing_session_causes_error()(com.tngtech.keycloakmock.impl.handler.AuthenticationRouteTest)\n[39f34dc3-57e2-4545-8741-f5d9744b6ecc/build_java17      ]   | \n[39f34dc3-57e2-4545-8741-f5d9744b6ecc/build_java17      ]   | AuthenticationRouteTest > missing_session_causes_error() PASSED\n[39f34dc3-57e2-4545-8741-f5d9744b6ecc/build_java17      ]   | Running test: Test ecKeyIsCorrectlyExported()(com.tngtech.keycloakmock.impl.handler.JwksRouteTest)\n[39f34dc3-57e2-4545-8741-f5d9744b6ecc/build_java17      ]   | \n[39f34dc3-57e2-4545-8741-f5d9744b6ecc/build_java17      ]   | JwksRouteTest > ecKeyIsCorrectlyExported() PASSED\n[39f34dc3-57e2-4545-8741-f5d9744b6ecc/build_java17      ]   | Running test: Test rsaKeyIsCorrectlyExported()(com.tngtech.keycloakmock.impl.handler.JwksRouteTest)\n[39f34dc3-57e2-4545-8741-f5d9744b6ecc/build_java17      ]   | \n[39f34dc3-57e2-4545-8741-f5d9744b6ecc/build_java17      ]   | JwksRouteTest > rsaKeyIsCorrectlyExported() PASSED\n[39f34dc3-57e2-4545-8741-f5d9744b6ecc/build_java17      ]   | Running test: Test request_configuration_is_added_correctly()(com.tngtech.keycloakmock.impl.handler.RequestUrlConfigurationHandlerTest)\n[39f34dc3-57e2-4545-8741-f5d9744b6ecc/build_java17      ]   | \n[39f34dc3-57e2-4545-8741-f5d9744b6ecc/build_java17      ]   | RequestUrlConfigurationHandlerTest > request_configuration_is_added_correctly() PASSED\n[39f34dc3-57e2-4545-8741-f5d9744b6ecc/build_java17      ]   | Running test: Test missing_token_causes_error_for_type_refresh_token()(com.tngtech.keycloakmock.impl.handler.TokenRouteTest)\n[39f34dc3-57e2-4545-8741-f5d9744b6ecc/build_java17      ]   | \n[39f34dc3-57e2-4545-8741-f5d9744b6ecc/build_java17      ]   | TokenRouteTest > missing_token_causes_error_for_type_refresh_token() PASSED\n[39f34dc3-57e2-4545-8741-f5d9744b6ecc/build_java17      ]   | Running test: Test missing_client_id_causes_error_for_type_password()(com.tngtech.keycloakmock.impl.handler.TokenRouteTest)\n[39f34dc3-57e2-4545-8741-f5d9744b6ecc/build_java17      ]   | \n[39f34dc3-57e2-4545-8741-f5d9744b6ecc/build_java17      ]   | TokenRouteTest > missing_client_id_causes_error_for_type_password() PASSED\n[39f34dc3-57e2-4545-8741-f5d9744b6ecc/build_java17      ]   | Running test: Test missing_authorization_code_causes_error_for_type_authorization_code()(com.tngtech.keycloakmock.impl.handler.TokenRouteTest)\n[39f34dc3-57e2-4545-8741-f5d9744b6ecc/build_java17      ]   | \n[39f34dc3-57e2-4545-8741-f5d9744b6ecc/build_java17      ]   | TokenRouteTest > missing_authorization_code_causes_error_for_type_authorization_code() PASSED\n[39f34dc3-57e2-4545-8741-f5d9744b6ecc/build_java17      ]   | Running test: Test unknown_authorization_code_causes_error_for_type_authorization_code()(com.tngtech.keycloakmock.impl.handler.TokenRouteTest)\n[39f34dc3-57e2-4545-8741-f5d9744b6ecc/build_java17      ]   | \n[39f34dc3-57e2-4545-8741-f5d9744b6ecc/build_java17      ]   | TokenRouteTest > unknown_authorization_code_causes_error_for_type_authorization_code() PASSED\n[39f34dc3-57e2-4545-8741-f5d9744b6ecc/build_java17      ]   | Running test: Test missing_basic_authorization_token_causes_error_for_type_client_credentials()(com.tngtech.keycloakmock.impl.handler.TokenRouteTest)\n[39f34dc3-57e2-4545-8741-f5d9744b6ecc/build_java17      ]   | \n[39f34dc3-57e2-4545-8741-f5d9744b6ecc/build_java17      ]   | TokenRouteTest > missing_basic_authorization_token_causes_error_for_type_client_credentials() PASSED\n[39f34dc3-57e2-4545-8741-f5d9744b6ecc/build_java17      ]   | Running test: Test missing_clientId_in_basic_authorization_token_causes_error_for_type_client_credentials()(com.tngtech.keycloakmock.impl.handler.TokenRouteTest)\n[39f34dc3-57e2-4545-8741-f5d9744b6ecc/build_java17      ]   | \n[39f34dc3-57e2-4545-8741-f5d9744b6ecc/build_java17      ]   | TokenRouteTest > missing_clientId_in_basic_authorization_token_causes_error_for_type_client_credentials() PASSED\n[39f34dc3-57e2-4545-8741-f5d9744b6ecc/build_java17      ]   | Running test: Test missing_username_causes_error_for_type_password()(com.tngtech.keycloakmock.impl.handler.TokenRouteTest)\n[39f34dc3-57e2-4545-8741-f5d9744b6ecc/build_java17      ]   | \n[39f34dc3-57e2-4545-8741-f5d9744b6ecc/build_java17      ]   | TokenRouteTest > missing_username_causes_error_for_type_password() PASSED\n[39f34dc3-57e2-4545-8741-f5d9744b6ecc/build_java17      ]   | Running test: Test missing_grant_type_causes_error()(com.tngtech.keycloakmock.impl.handler.TokenRouteTest)\n[39f34dc3-57e2-4545-8741-f5d9744b6ecc/build_java17      ]   | \n[39f34dc3-57e2-4545-8741-f5d9744b6ecc/build_java17      ]   | TokenRouteTest > missing_grant_type_causes_error() PASSED\n[39f34dc3-57e2-4545-8741-f5d9744b6ecc/build_java17      ]   | Running test: Test well_known_configuration_is_complete()(com.tngtech.keycloakmock.impl.handler.WellKnownRouteTest)\n[39f34dc3-57e2-4545-8741-f5d9744b6ecc/build_java17      ]   | \n[39f34dc3-57e2-4545-8741-f5d9744b6ecc/build_java17      ]   | WellKnownRouteTest > well_known_configuration_is_complete() PASSED\n[39f34dc3-57e2-4545-8741-f5d9744b6ecc/build_java17      ]   | Running test: Test redirect_location_is_not_generated_on_missing_response_type()(com.tngtech.keycloakmock.impl.helper.RedirectHelperTest)\n[39f34dc3-57e2-4545-8741-f5d9744b6ecc/build_java17      ]   | \n[39f34dc3-57e2-4545-8741-f5d9744b6ecc/build_java17      ]   | RedirectHelperTest > redirect_location_is_not_generated_on_missing_response_type() PASSED\n[39f34dc3-57e2-4545-8741-f5d9744b6ecc/build_java17      ]   | Running test: Test oob_redirect_location_is_generated_correctly()(com.tngtech.keycloakmock.impl.helper.RedirectHelperTest)\n[39f34dc3-57e2-4545-8741-f5d9744b6ecc/build_java17      ]   | \n[39f34dc3-57e2-4545-8741-f5d9744b6ecc/build_java17      ]   | RedirectHelperTest > oob_redirect_location_is_generated_correctly() PASSED\n[39f34dc3-57e2-4545-8741-f5d9744b6ecc/build_java17      ]   | Running test: Test redirect_location_is_generated_correctly(ResponseType, ResponseMode, String)[1](com.tngtech.keycloakmock.impl.helper.RedirectHelperTest)\n[39f34dc3-57e2-4545-8741-f5d9744b6ecc/build_java17      ]   | \n[39f34dc3-57e2-4545-8741-f5d9744b6ecc/build_java17      ]   | RedirectHelperTest > redirect_location_is_generated_correctly(ResponseType, ResponseMode, String) > com.tngtech.keycloakmock.impl.helper.RedirectHelperTest.redirect_location_is_generated_correctly(ResponseType, ResponseMode, String)[1] PASSED\n[39f34dc3-57e2-4545-8741-f5d9744b6ecc/build_java17      ]   | Running test: Test redirect_location_is_generated_correctly(ResponseType, ResponseMode, String)[2](com.tngtech.keycloakmock.impl.helper.RedirectHelperTest)\n[39f34dc3-57e2-4545-8741-f5d9744b6ecc/build_java17      ]   | \n[39f34dc3-57e2-4545-8741-f5d9744b6ecc/build_java17      ]   | RedirectHelperTest > redirect_location_is_generated_correctly(ResponseType, ResponseMode, String) > com.tngtech.keycloakmock.impl.helper.RedirectHelperTest.redirect_location_is_generated_correctly(ResponseType, ResponseMode, String)[2] PASSED\n[39f34dc3-57e2-4545-8741-f5d9744b6ecc/build_java17      ]   | Running test: Test redirect_location_is_generated_correctly(ResponseType, ResponseMode, String)[3](com.tngtech.keycloakmock.impl.helper.RedirectHelperTest)\n[39f34dc3-57e2-4545-8741-f5d9744b6ecc/build_java17      ]   | \n[39f34dc3-57e2-4545-8741-f5d9744b6ecc/build_java17      ]   | RedirectHelperTest > redirect_location_is_generated_correctly(ResponseType, ResponseMode, String) > com.tngtech.keycloakmock.impl.helper.RedirectHelperTest.redirect_location_is_generated_correctly(ResponseType, ResponseMode, String)[3] PASSED\n[39f34dc3-57e2-4545-8741-f5d9744b6ecc/build_java17      ]   | Running test: Test redirect_location_is_generated_correctly(ResponseType, ResponseMode, String)[4](com.tngtech.keycloakmock.impl.helper.RedirectHelperTest)\n[39f34dc3-57e2-4545-8741-f5d9744b6ecc/build_java17      ]   | \n[39f34dc3-57e2-4545-8741-f5d9744b6ecc/build_java17      ]   | RedirectHelperTest > redirect_location_is_generated_correctly(ResponseType, ResponseMode, String) > com.tngtech.keycloakmock.impl.helper.RedirectHelperTest.redirect_location_is_generated_correctly(ResponseType, ResponseMode, String)[4] PASSED\n[39f34dc3-57e2-4545-8741-f5d9744b6ecc/build_java17      ]   | Running test: Test redirect_location_is_generated_correctly(ResponseType, ResponseMode, String)[5](com.tngtech.keycloakmock.impl.helper.RedirectHelperTest)\n[39f34dc3-57e2-4545-8741-f5d9744b6ecc/build_java17      ]   | \n[39f34dc3-57e2-4545-8741-f5d9744b6ecc/build_java17      ]   | RedirectHelperTest > redirect_location_is_generated_correctly(ResponseType, ResponseMode, String) > com.tngtech.keycloakmock.impl.helper.RedirectHelperTest.redirect_location_is_generated_correctly(ResponseType, ResponseMode, String)[5] PASSED\n[39f34dc3-57e2-4545-8741-f5d9744b6ecc/build_java17      ]   | Running test: Test redirect_location_is_generated_correctly(ResponseType, ResponseMode, String)[6](com.tngtech.keycloakmock.impl.helper.RedirectHelperTest)\n[39f34dc3-57e2-4545-8741-f5d9744b6ecc/build_java17      ]   | \n[39f34dc3-57e2-4545-8741-f5d9744b6ecc/build_java17      ]   | RedirectHelperTest > redirect_location_is_generated_correctly(ResponseType, ResponseMode, String) > com.tngtech.keycloakmock.impl.helper.RedirectHelperTest.redirect_location_is_generated_correctly(ResponseType, ResponseMode, String)[6] PASSED\n[39f34dc3-57e2-4545-8741-f5d9744b6ecc/build_java17      ]   | Running test: Test redirect_location_is_generated_correctly(ResponseType, ResponseMode, String)[7](com.tngtech.keycloakmock.impl.helper.RedirectHelperTest)\n[39f34dc3-57e2-4545-8741-f5d9744b6ecc/build_java17      ]   | \n[39f34dc3-57e2-4545-8741-f5d9744b6ecc/build_java17      ]   | RedirectHelperTest > redirect_location_is_generated_correctly(ResponseType, ResponseMode, String) > com.tngtech.keycloakmock.impl.helper.RedirectHelperTest.redirect_location_is_generated_correctly(ResponseType, ResponseMode, String)[7] PASSED\n[39f34dc3-57e2-4545-8741-f5d9744b6ecc/build_java17      ]   | Running test: Test redirect_location_is_generated_correctly(ResponseType, ResponseMode, String)[8](com.tngtech.keycloakmock.impl.helper.RedirectHelperTest)\n[39f34dc3-57e2-4545-8741-f5d9744b6ecc/build_java17      ]   | \n[39f34dc3-57e2-4545-8741-f5d9744b6ecc/build_java17      ]   | RedirectHelperTest > redirect_location_is_generated_correctly(ResponseType, ResponseMode, String) > com.tngtech.keycloakmock.impl.helper.RedirectHelperTest.redirect_location_is_generated_correctly(ResponseType, ResponseMode, String)[8] PASSED\n[39f34dc3-57e2-4545-8741-f5d9744b6ecc/build_java17      ]   | Running test: Test redirect_location_is_generated_correctly(ResponseType, ResponseMode, String)[9](com.tngtech.keycloakmock.impl.helper.RedirectHelperTest)\n[39f34dc3-57e2-4545-8741-f5d9744b6ecc/build_java17      ]   | \n[39f34dc3-57e2-4545-8741-f5d9744b6ecc/build_java17      ]   | RedirectHelperTest > redirect_location_is_generated_correctly(ResponseType, ResponseMode, String) > com.tngtech.keycloakmock.impl.helper.RedirectHelperTest.redirect_location_is_generated_correctly(ResponseType, ResponseMode, String)[9] PASSED\n[39f34dc3-57e2-4545-8741-f5d9744b6ecc/build_java17      ]   | Running test: Test redirect_location_is_generated_correctly(ResponseType, ResponseMode, String)[10](com.tngtech.keycloakmock.impl.helper.RedirectHelperTest)\n[39f34dc3-57e2-4545-8741-f5d9744b6ecc/build_java17      ]   | \n[39f34dc3-57e2-4545-8741-f5d9744b6ecc/build_java17      ]   | RedirectHelperTest > redirect_location_is_generated_correctly(ResponseType, ResponseMode, String) > com.tngtech.keycloakmock.impl.helper.RedirectHelperTest.redirect_location_is_generated_correctly(ResponseType, ResponseMode, String)[10] PASSED\n[39f34dc3-57e2-4545-8741-f5d9744b6ecc/build_java17      ]   | Running test: Test redirect_location_is_generated_correctly(ResponseType, ResponseMode, String)[11](com.tngtech.keycloakmock.impl.helper.RedirectHelperTest)\n[39f34dc3-57e2-4545-8741-f5d9744b6ecc/build_java17      ]   | \n[39f34dc3-57e2-4545-8741-f5d9744b6ecc/build_java17      ]   | RedirectHelperTest > redirect_location_is_generated_correctly(ResponseType, ResponseMode, String) > com.tngtech.keycloakmock.impl.helper.RedirectHelperTest.redirect_location_is_generated_correctly(ResponseType, ResponseMode, String)[11] PASSED\n[39f34dc3-57e2-4545-8741-f5d9744b6ecc/build_java17      ]   | Running test: Test redirect_location_is_generated_correctly(ResponseType, ResponseMode, String)[12](com.tngtech.keycloakmock.impl.helper.RedirectHelperTest)\n[39f34dc3-57e2-4545-8741-f5d9744b6ecc/build_java17      ]   | \n[39f34dc3-57e2-4545-8741-f5d9744b6ecc/build_java17      ]   | RedirectHelperTest > redirect_location_is_generated_correctly(ResponseType, ResponseMode, String) > com.tngtech.keycloakmock.impl.helper.RedirectHelperTest.redirect_location_is_generated_correctly(ResponseType, ResponseMode, String)[12] PASSED\n[39f34dc3-57e2-4545-8741-f5d9744b6ecc/build_java17      ]   | Running test: Test cookie_is_generated_correctly()(com.tngtech.keycloakmock.impl.helper.RedirectHelperTest)\n[39f34dc3-57e2-4545-8741-f5d9744b6ecc/build_java17      ]   | \n[39f34dc3-57e2-4545-8741-f5d9744b6ecc/build_java17      ]   | RedirectHelperTest > cookie_is_generated_correctly() PASSED\n[39f34dc3-57e2-4545-8741-f5d9744b6ecc/build_java17      ]   | Running test: Test resource_roles_are_used_if_configured()(com.tngtech.keycloakmock.impl.helper.TokenHelperTest)\n[39f34dc3-57e2-4545-8741-f5d9744b6ecc/build_java17      ]   | \n[39f34dc3-57e2-4545-8741-f5d9744b6ecc/build_java17      ]   | TokenHelperTest > resource_roles_are_used_if_configured() PASSED\n[39f34dc3-57e2-4545-8741-f5d9744b6ecc/build_java17      ]   | Running test: Test token_is_correctly_generated()(com.tngtech.keycloakmock.impl.helper.TokenHelperTest)\n[39f34dc3-57e2-4545-8741-f5d9744b6ecc/build_java17      ]   | \n[39f34dc3-57e2-4545-8741-f5d9744b6ecc/build_java17      ]   | TokenHelperTest > token_is_correctly_generated() PASSED\n[39f34dc3-57e2-4545-8741-f5d9744b6ecc/build_java17      ]   | Running test: Test userData_is_extracted_correctly(String, String, String, String, String, String, String)[1](com.tngtech.keycloakmock.impl.session.UserDataTest)\n[39f34dc3-57e2-4545-8741-f5d9744b6ecc/build_java17      ]   | \n[39f34dc3-57e2-4545-8741-f5d9744b6ecc/build_java17      ]   | UserDataTest > userData_is_extracted_correctly(String, String, String, String, String, String, String) > com.tngtech.keycloakmock.impl.session.UserDataTest.userData_is_extracted_correctly(String, String, String, String, String, String, String)[1] PASSED\n[39f34dc3-57e2-4545-8741-f5d9744b6ecc/build_java17      ]   | Running test: Test userData_is_extracted_correctly(String, String, String, String, String, String, String)[2](com.tngtech.keycloakmock.impl.session.UserDataTest)\n[39f34dc3-57e2-4545-8741-f5d9744b6ecc/build_java17      ]   | \n[39f34dc3-57e2-4545-8741-f5d9744b6ecc/build_java17      ]   | UserDataTest > userData_is_extracted_correctly(String, String, String, String, String, String, String) > com.tngtech.keycloakmock.impl.session.UserDataTest.userData_is_extracted_correctly(String, String, String, String, String, String, String)[2] PASSED\n[39f34dc3-57e2-4545-8741-f5d9744b6ecc/build_java17      ]   | Running test: Test userData_is_extracted_correctly(String, String, String, String, String, String, String)[3](com.tngtech.keycloakmock.impl.session.UserDataTest)\n[39f34dc3-57e2-4545-8741-f5d9744b6ecc/build_java17      ]   | \n[39f34dc3-57e2-4545-8741-f5d9744b6ecc/build_java17      ]   | UserDataTest > userData_is_extracted_correctly(String, String, String, String, String, String, String) > com.tngtech.keycloakmock.impl.session.UserDataTest.userData_is_extracted_correctly(String, String, String, String, String, String, String)[3] PASSED\n[39f34dc3-57e2-4545-8741-f5d9744b6ecc/build_java17      ]   | Running test: Test userData_is_extracted_correctly(String, String, String, String, String, String, String)[4](com.tngtech.keycloakmock.impl.session.UserDataTest)\n[39f34dc3-57e2-4545-8741-f5d9744b6ecc/build_java17      ]   | \n[39f34dc3-57e2-4545-8741-f5d9744b6ecc/build_java17      ]   | UserDataTest > userData_is_extracted_correctly(String, String, String, String, String, String, String) > com.tngtech.keycloakmock.impl.session.UserDataTest.userData_is_extracted_correctly(String, String, String, String, String, String, String)[4] PASSED\n[39f34dc3-57e2-4545-8741-f5d9744b6ecc/build_java17      ]   | Running test: Test userData_is_extracted_correctly(String, String, String, String, String, String, String)[5](com.tngtech.keycloakmock.impl.session.UserDataTest)\n[39f34dc3-57e2-4545-8741-f5d9744b6ecc/build_java17      ]   | \n[39f34dc3-57e2-4545-8741-f5d9744b6ecc/build_java17      ]   | UserDataTest > userData_is_extracted_correctly(String, String, String, String, String, String, String) > com.tngtech.keycloakmock.impl.session.UserDataTest.userData_is_extracted_correctly(String, String, String, String, String, String, String)[5] PASSED\n[39f34dc3-57e2-4545-8741-f5d9744b6ecc/build_java17      ]   | Running test: Test userData_is_extracted_correctly(String, String, String, String, String, String, String)[6](com.tngtech.keycloakmock.impl.session.UserDataTest)\n[39f34dc3-57e2-4545-8741-f5d9744b6ecc/build_java17      ]   | \n[39f34dc3-57e2-4545-8741-f5d9744b6ecc/build_java17      ]   | UserDataTest > userData_is_extracted_correctly(String, String, String, String, String, String, String) > com.tngtech.keycloakmock.impl.session.UserDataTest.userData_is_extracted_correctly(String, String, String, String, String, String, String)[6] PASSED\n[39f34dc3-57e2-4545-8741-f5d9744b6ecc/build_java17      ]   | Running test: Test userData_is_extracted_correctly(String, String, String, String, String, String, String)[7](com.tngtech.keycloakmock.impl.session.UserDataTest)\n[39f34dc3-57e2-4545-8741-f5d9744b6ecc/build_java17      ]   | \n[39f34dc3-57e2-4545-8741-f5d9744b6ecc/build_java17      ]   | UserDataTest > userData_is_extracted_correctly(String, String, String, String, String, String, String) > com.tngtech.keycloakmock.impl.session.UserDataTest.userData_is_extracted_correctly(String, String, String, String, String, String, String)[7] PASSED\n[39f34dc3-57e2-4545-8741-f5d9744b6ecc/build_java17      ]   | Running test: Test userData_is_extracted_correctly(String, String, String, String, String, String, String)[8](com.tngtech.keycloakmock.impl.session.UserDataTest)\n[39f34dc3-57e2-4545-8741-f5d9744b6ecc/build_java17      ]   | \n[39f34dc3-57e2-4545-8741-f5d9744b6ecc/build_java17      ]   | UserDataTest > userData_is_extracted_correctly(String, String, String, String, String, String, String) > com.tngtech.keycloakmock.impl.session.UserDataTest.userData_is_extracted_correctly(String, String, String, String, String, String, String)[8] PASSED\n[39f34dc3-57e2-4545-8741-f5d9744b6ecc/build_java17      ]   | Running test: Test userData_is_extracted_correctly(String, String, String, String, String, String, String)[9](com.tngtech.keycloakmock.impl.session.UserDataTest)\n[39f34dc3-57e2-4545-8741-f5d9744b6ecc/build_java17      ]   | \n[39f34dc3-57e2-4545-8741-f5d9744b6ecc/build_java17      ]   | UserDataTest > userData_is_extracted_correctly(String, String, String, String, String, String, String) > com.tngtech.keycloakmock.impl.session.UserDataTest.userData_is_extracted_correctly(String, String, String, String, String, String, String)[9] PASSED\n[39f34dc3-57e2-4545-8741-f5d9744b6ecc/build_java17      ]   | Running test: Test userData_is_extracted_correctly(String, String, String, String, String, String, String)[10](com.tngtech.keycloakmock.impl.session.UserDataTest)\n[39f34dc3-57e2-4545-8741-f5d9744b6ecc/build_java17      ]   | \n[39f34dc3-57e2-4545-8741-f5d9744b6ecc/build_java17      ]   | UserDataTest > userData_is_extracted_correctly(String, String, String, String, String, String, String) > com.tngtech.keycloakmock.impl.session.UserDataTest.userData_is_extracted_correctly(String, String, String, String, String, String, String)[10] PASSED\n[39f34dc3-57e2-4545-8741-f5d9744b6ecc/build_java17      ]   | Running test: Test userData_is_extracted_correctly(String, String, String, String, String, String, String)[11](com.tngtech.keycloakmock.impl.session.UserDataTest)\n[39f34dc3-57e2-4545-8741-f5d9744b6ecc/build_java17      ]   | \n[39f34dc3-57e2-4545-8741-f5d9744b6ecc/build_java17      ]   | UserDataTest > userData_is_extracted_correctly(String, String, String, String, String, String, String) > com.tngtech.keycloakmock.impl.session.UserDataTest.userData_is_extracted_correctly(String, String, String, String, String, String, String)[11] PASSED\n[39f34dc3-57e2-4545-8741-f5d9744b6ecc/build_java17      ]   | \n[39f34dc3-57e2-4545-8741-f5d9744b6ecc/build_java17      ]   | > Task :mock:jacocoTestReport\n[39f34dc3-57e2-4545-8741-f5d9744b6ecc/build_java17      ]   | > Task :mock:check\n[39f34dc3-57e2-4545-8741-f5d9744b6ecc/build_java17      ]   | > Task :mock:build\n[39f34dc3-57e2-4545-8741-f5d9744b6ecc/build_java17      ]   | > Task :mock-junit:assemble\n[39f34dc3-57e2-4545-8741-f5d9744b6ecc/build_java17      ]   | > Task :mock-junit:compileTestJava\n[39f34dc3-57e2-4545-8741-f5d9744b6ecc/build_java17      ]   | > Task :mock-junit:processTestResources NO-SOURCE\n[39f34dc3-57e2-4545-8741-f5d9744b6ecc/build_java17      ]   | > Task :mock-junit:testClasses\n[39f34dc3-57e2-4545-8741-f5d9744b6ecc/build_java17      ]   | \n[39f34dc3-57e2-4545-8741-f5d9744b6ecc/build_java17      ]   | > Task :mock-junit:test\n[39f34dc3-57e2-4545-8741-f5d9744b6ecc/build_java17      ]   | Running test: Test mock_is_running(com.tngtech.keycloakmock.junit.KeycloakMockRuleJunit4Test)\n[39f34dc3-57e2-4545-8741-f5d9744b6ecc/build_java8       ]   \u2705  Success - Post Set up JDK 8\n[39f34dc3-57e2-4545-8741-f5d9744b6ecc/build_java17      ]   | \n[39f34dc3-57e2-4545-8741-f5d9744b6ecc/build_java17      ]   | com.tngtech.keycloakmock.junit.KeycloakMockRuleJunit4Test > mock_is_running PASSED\n[39f34dc3-57e2-4545-8741-f5d9744b6ecc/build_java17      ]   | \n[39f34dc3-57e2-4545-8741-f5d9744b6ecc/build_java17      ]   | > Task :mock-junit:jacocoTestReport\n[39f34dc3-57e2-4545-8741-f5d9744b6ecc/build_java17      ]   | > Task :mock-junit:check\n[39f34dc3-57e2-4545-8741-f5d9744b6ecc/build_java17      ]   | > Task :mock-junit:build\n[39f34dc3-57e2-4545-8741-f5d9744b6ecc/build_java17      ]   | > Task :mock-junit5:assemble\n[39f34dc3-57e2-4545-8741-f5d9744b6ecc/build_java17      ]   | > Task :mock-junit5:compileTestJava\n[39f34dc3-57e2-4545-8741-f5d9744b6ecc/build_java17      ]   | > Task :mock-junit5:processTestResources NO-SOURCE\n[39f34dc3-57e2-4545-8741-f5d9744b6ecc/build_java17      ]   | > Task :mock-junit5:testClasses\n[39f34dc3-57e2-4545-8741-f5d9744b6ecc/build_java17      ]   | \n[39f34dc3-57e2-4545-8741-f5d9744b6ecc/build_java17      ]   | > Task :mock-junit5:test\n[39f34dc3-57e2-4545-8741-f5d9744b6ecc/build_java17      ]   | Running test: Test mock_is_running()(com.tngtech.keycloakmock.junit5.KeycloakMockExtensionJunit5Test)\n[39f34dc3-57e2-4545-8741-f5d9744b6ecc/build_java8       ] \ud83c\udfc1  Job failed\n[39f34dc3-57e2-4545-8741-f5d9744b6ecc/build_java17      ]   | \n[39f34dc3-57e2-4545-8741-f5d9744b6ecc/build_java17      ]   | KeycloakMockExtensionJunit5Test > mock_is_running() PASSED\n[39f34dc3-57e2-4545-8741-f5d9744b6ecc/build_java17      ]   | Running test: Test https_is_working()(com.tngtech.keycloakmock.junit5.KeycloakMockExtensionJunit5Test)\n[39f34dc3-57e2-4545-8741-f5d9744b6ecc/build_java17      ]   | \n[39f34dc3-57e2-4545-8741-f5d9744b6ecc/build_java17      ]   | KeycloakMockExtensionJunit5Test > https_is_working() PASSED\n[39f34dc3-57e2-4545-8741-f5d9744b6ecc/build_java17      ]   | \n[39f34dc3-57e2-4545-8741-f5d9744b6ecc/build_java17      ]   | > Task :mock-junit5:jacocoTestReport\n[39f34dc3-57e2-4545-8741-f5d9744b6ecc/build_java17      ]   | > Task :mock-junit5:check\n[39f34dc3-57e2-4545-8741-f5d9744b6ecc/build_java17      ]   | > Task :mock-junit5:build\n[39f34dc3-57e2-4545-8741-f5d9744b6ecc/build_java17      ]   | > Task :standalone:generateBuildConfig\n[39f34dc3-57e2-4545-8741-f5d9744b6ecc/build_java17      ]   | > Task :standalone:compileJava\n[39f34dc3-57e2-4545-8741-f5d9744b6ecc/build_java17      ]   | > Task :standalone:processResources\n[39f34dc3-57e2-4545-8741-f5d9744b6ecc/build_java17      ]   | > Task :standalone:classes\n[39f34dc3-57e2-4545-8741-f5d9744b6ecc/build_java17      ]   | > Task :standalone:jar\n[39f34dc3-57e2-4545-8741-f5d9744b6ecc/build_java17      ]   | > Task :standalone:shadowJar\n[39f34dc3-57e2-4545-8741-f5d9744b6ecc/build_java17      ]   | > Task :standalone:startScripts\n[39f34dc3-57e2-4545-8741-f5d9744b6ecc/build_java17      ]   | > Task :standalone:distTar\n[39f34dc3-57e2-4545-8741-f5d9744b6ecc/build_java17      ]   | > Task :standalone:distZip\n[39f34dc3-57e2-4545-8741-f5d9744b6ecc/build_java17      ]   | > Task :standalone:startShadowScripts\n[39f34dc3-57e2-4545-8741-f5d9744b6ecc/build_java17      ]   | > Task :standalone:shadowDistTar\n[39f34dc3-57e2-4545-8741-f5d9744b6ecc/build_java17      ]   | > Task :standalone:shadowDistZip\n[39f34dc3-57e2-4545-8741-f5d9744b6ecc/build_java17      ]   | > Task :standalone:assemble\n[39f34dc3-57e2-4545-8741-f5d9744b6ecc/build_java17      ]   | > Task :standalone:generateTestBuildConfig SKIPPED\n[39f34dc3-57e2-4545-8741-f5d9744b6ecc/build_java17      ]   | > Task :standalone:compileTestJava NO-SOURCE\n[39f34dc3-57e2-4545-8741-f5d9744b6ecc/build_java17      ]   | > Task :standalone:processTestResources NO-SOURCE\n[39f34dc3-57e2-4545-8741-f5d9744b6ecc/build_java17      ]   | > Task :standalone:testClasses UP-TO-DATE\n[39f34dc3-57e2-4545-8741-f5d9744b6ecc/build_java17      ]   | > Task :standalone:test NO-SOURCE\n[39f34dc3-57e2-4545-8741-f5d9744b6ecc/build_java17      ]   | > Task :standalone:jacocoTestReport SKIPPED\n[39f34dc3-57e2-4545-8741-f5d9744b6ecc/build_java17      ]   | > Task :standalone:check UP-TO-DATE\n[39f34dc3-57e2-4545-8741-f5d9744b6ecc/build_java17      ]   | > Task :standalone:build\n[39f34dc3-57e2-4545-8741-f5d9744b6ecc/build_java17      ]   | \n[39f34dc3-57e2-4545-8741-f5d9744b6ecc/build_java17      ]   | BUILD SUCCESSFUL in 4m 59s\n[39f34dc3-57e2-4545-8741-f5d9744b6ecc/build_java17      ]   | 43 actionable tasks: 36 executed, 7 up-to-date\n[39f34dc3-57e2-4545-8741-f5d9744b6ecc/build_java17      ]   \u2705  Success - Main Build with Gradle\n[39f34dc3-57e2-4545-8741-f5d9744b6ecc/build_java17      ] \u2b50 Run Main Run sonar analysis\n[39f34dc3-57e2-4545-8741-f5d9744b6ecc/build_java17      ]   \ud83d\udc33  docker exec cmd=[bash --noprofile --norc -e -o pipefail /var/run/act/workflow/3] user= workdir=\n[39f34dc3-57e2-4545-8741-f5d9744b6ecc/build_java17      ]   | > Task :example-backend:compileJava UP-TO-DATE\n[39f34dc3-57e2-4545-8741-f5d9744b6ecc/build_java17      ]   | > Task :example-frontend-react:nodeSetup UP-TO-DATE\n[39f34dc3-57e2-4545-8741-f5d9744b6ecc/build_java17      ]   | > Task :example-frontend-react:copyNode UP-TO-DATE\n[39f34dc3-57e2-4545-8741-f5d9744b6ecc/build_java17      ]   | > Task :example-frontend-react:yarnSetup UP-TO-DATE\n[39f34dc3-57e2-4545-8741-f5d9744b6ecc/build_java17      ]   | > Task :example-frontend-react:copyYarn UP-TO-DATE\n[39f34dc3-57e2-4545-8741-f5d9744b6ecc/build_java17      ]   | \n[39f34dc3-57e2-4545-8741-f5d9744b6ecc/build_java17      ]   | > Task :example-frontend-react:yarn_install\n[39f34dc3-57e2-4545-8741-f5d9744b6ecc/build_java17      ]   | yarn install v1.22.18\n[39f34dc3-57e2-4545-8741-f5d9744b6ecc/build_java17      ]   | [1/4] Resolving packages...\n[39f34dc3-57e2-4545-8741-f5d9744b6ecc/build_java17      ]   | success Already up-to-date.\n[39f34dc3-57e2-4545-8741-f5d9744b6ecc/build_java17      ]   | Done in 0.71s.\n[39f34dc3-57e2-4545-8741-f5d9744b6ecc/build_java17      ]   | \n[39f34dc3-57e2-4545-8741-f5d9744b6ecc/build_java17      ]   | > Task :example-frontend-react:yarn_build\n[39f34dc3-57e2-4545-8741-f5d9744b6ecc/build_java17      ]   | yarn run v1.22.18\n[39f34dc3-57e2-4545-8741-f5d9744b6ecc/build_java17      ]   | $ react-scripts build\n[39f34dc3-57e2-4545-8741-f5d9744b6ecc/build_java17      ]   | Creating an optimized production build...\n[39f34dc3-57e2-4545-8741-f5d9744b6ecc/build_java17      ]   | Browserslist: caniuse-lite is outdated. Please run:\n[39f34dc3-57e2-4545-8741-f5d9744b6ecc/build_java17      ]   |   npx browserslist@latest --update-db\n[39f34dc3-57e2-4545-8741-f5d9744b6ecc/build_java17      ]   |   Why you should do it regularly: https://github.com/browserslist/browserslist#browsers-data-updating\n[39f34dc3-57e2-4545-8741-f5d9744b6ecc/build_java17      ]   | Browserslist: caniuse-lite is outdated. Please run:\n[39f34dc3-57e2-4545-8741-f5d9744b6ecc/build_java17      ]   |   npx browserslist@latest --update-db\n[39f34dc3-57e2-4545-8741-f5d9744b6ecc/build_java17      ]   |   Why you should do it regularly: https://github.com/browserslist/browserslist#browsers-data-updating\n[39f34dc3-57e2-4545-8741-f5d9744b6ecc/build_java17      ]   | Compiled successfully.\n[39f34dc3-57e2-4545-8741-f5d9744b6ecc/build_java17      ]   | \n[39f34dc3-57e2-4545-8741-f5d9744b6ecc/build_java17      ]   | File sizes after gzip:\n[39f34dc3-57e2-4545-8741-f5d9744b6ecc/build_java17      ]   | \n[39f34dc3-57e2-4545-8741-f5d9744b6ecc/build_java17      ]   |   67.95 kB  build/static/js/main.e02c2ffc.js\n[39f34dc3-57e2-4545-8741-f5d9744b6ecc/build_java17      ]   |   505 B     build/static/css/main.2a687e91.css\n[39f34dc3-57e2-4545-8741-f5d9744b6ecc/build_java17      ]   | \n[39f34dc3-57e2-4545-8741-f5d9744b6ecc/build_java17      ]   | The project was built assuming it is hosted at /.\n[39f34dc3-57e2-4545-8741-f5d9744b6ecc/build_java17      ]   | You can control this with the homepage field in your package.json.\n[39f34dc3-57e2-4545-8741-f5d9744b6ecc/build_java17      ]   | \n[39f34dc3-57e2-4545-8741-f5d9744b6ecc/build_java17      ]   | The build folder is ready to be deployed.\n[39f34dc3-57e2-4545-8741-f5d9744b6ecc/build_java17      ]   | You may serve it with a static server:\n[39f34dc3-57e2-4545-8741-f5d9744b6ecc/build_java17      ]   | \n[39f34dc3-57e2-4545-8741-f5d9744b6ecc/build_java17      ]   |   yarn global add serve\n[39f34dc3-57e2-4545-8741-f5d9744b6ecc/build_java17      ]   |   serve -s build\n[39f34dc3-57e2-4545-8741-f5d9744b6ecc/build_java17      ]   | \n[39f34dc3-57e2-4545-8741-f5d9744b6ecc/build_java17      ]   | Find out more about deployment here:\n[39f34dc3-57e2-4545-8741-f5d9744b6ecc/build_java17      ]   | \n[39f34dc3-57e2-4545-8741-f5d9744b6ecc/build_java17      ]   |   https://cra.link/deployment\n[39f34dc3-57e2-4545-8741-f5d9744b6ecc/build_java17      ]   | \n[39f34dc3-57e2-4545-8741-f5d9744b6ecc/build_java17      ]   | Done in 11.20s.\n[39f34dc3-57e2-4545-8741-f5d9744b6ecc/build_java17      ]   | \n[39f34dc3-57e2-4545-8741-f5d9744b6ecc/build_java17      ]   | > Task :example-backend:prepareFrontend UP-TO-DATE\n[39f34dc3-57e2-4545-8741-f5d9744b6ecc/build_java17      ]   | > Task :example-backend:processResources UP-TO-DATE\n[39f34dc3-57e2-4545-8741-f5d9744b6ecc/build_java17      ]   | > Task :example-backend:classes UP-TO-DATE\n[39f34dc3-57e2-4545-8741-f5d9744b6ecc/build_java17      ]   | > Task :mock:compileJava UP-TO-DATE\n[39f34dc3-57e2-4545-8741-f5d9744b6ecc/build_java17      ]   | > Task :mock-junit:compileJava UP-TO-DATE\n[39f34dc3-57e2-4545-8741-f5d9744b6ecc/build_java17      ]   | > Task :mock-junit5:compileJava UP-TO-DATE\n[39f34dc3-57e2-4545-8741-f5d9744b6ecc/build_java17      ]   | > Task :example-backend:compileTestJava UP-TO-DATE\n[39f34dc3-57e2-4545-8741-f5d9744b6ecc/build_java17      ]   | > Task :mock:addResources UP-TO-DATE\n[39f34dc3-57e2-4545-8741-f5d9744b6ecc/build_java17      ]   | > Task :mock:processResources UP-TO-DATE\n[39f34dc3-57e2-4545-8741-f5d9744b6ecc/build_java17      ]   | > Task :mock:classes UP-TO-DATE\n[39f34dc3-57e2-4545-8741-f5d9744b6ecc/build_java17      ]   | > Task :mock:compileTestJava UP-TO-DATE\n[39f34dc3-57e2-4545-8741-f5d9744b6ecc/build_java17      ]   | > Task :mock-junit:processResources NO-SOURCE\n[39f34dc3-57e2-4545-8741-f5d9744b6ecc/build_java17      ]   | > Task :mock-junit:classes UP-TO-DATE\n[39f34dc3-57e2-4545-8741-f5d9744b6ecc/build_java17      ]   | > Task :mock-junit:compileTestJava UP-TO-DATE\n[39f34dc3-57e2-4545-8741-f5d9744b6ecc/build_java17      ]   | > Task :mock-junit5:processResources NO-SOURCE\n[39f34dc3-57e2-4545-8741-f5d9744b6ecc/build_java17      ]   | > Task :mock-junit5:classes UP-TO-DATE\n[39f34dc3-57e2-4545-8741-f5d9744b6ecc/build_java17      ]   | > Task :mock-junit5:compileTestJava UP-TO-DATE\n[39f34dc3-57e2-4545-8741-f5d9744b6ecc/build_java17      ]   | > Task :standalone:generateBuildConfig\n[39f34dc3-57e2-4545-8741-f5d9744b6ecc/build_java17      ]   | > Task :standalone:compileJava\n[39f34dc3-57e2-4545-8741-f5d9744b6ecc/build_java17      ]   | > Task :standalone:processResources UP-TO-DATE\n[39f34dc3-57e2-4545-8741-f5d9744b6ecc/build_java17      ]   | > Task :standalone:classes\n[39f34dc3-57e2-4545-8741-f5d9744b6ecc/build_java17      ]   | > Task :standalone:generateTestBuildConfig SKIPPED\n[39f34dc3-57e2-4545-8741-f5d9744b6ecc/build_java17      ]   | > Task :standalone:compileTestJava NO-SOURCE\n[39f34dc3-57e2-4545-8741-f5d9744b6ecc/build_java17      ]   | \n[39f34dc3-57e2-4545-8741-f5d9744b6ecc/build_java17      ]   | > Task :sonar\n[39f34dc3-57e2-4545-8741-f5d9744b6ecc/build_java17      ]   | Skipping Sonar analysis: no properties configured, was it skipped in all projects?\n[39f34dc3-57e2-4545-8741-f5d9744b6ecc/build_java17      ]   | \n[39f34dc3-57e2-4545-8741-f5d9744b6ecc/build_java17      ]   | BUILD SUCCESSFUL in 26s\n[39f34dc3-57e2-4545-8741-f5d9744b6ecc/build_java17      ]   | 22 actionable tasks: 5 executed, 17 up-to-date\n[39f34dc3-57e2-4545-8741-f5d9744b6ecc/build_java17      ]   \u2705  Success - Main Run sonar analysis\n[39f34dc3-57e2-4545-8741-f5d9744b6ecc/build_java17      ] \u2b50 Run Main Run integration tests\n[39f34dc3-57e2-4545-8741-f5d9744b6ecc/build_java17      ]   \ud83d\udc33  docker exec cmd=[bash --noprofile --norc -e -o pipefail /var/run/act/workflow/4] user= workdir=\n[39f34dc3-57e2-4545-8741-f5d9744b6ecc/build_java17      ]   | > Task :example-backend:compileJava UP-TO-DATE\n[39f34dc3-57e2-4545-8741-f5d9744b6ecc/build_java17      ]   | > Task :example-frontend-react:nodeSetup UP-TO-DATE\n[39f34dc3-57e2-4545-8741-f5d9744b6ecc/build_java17      ]   | > Task :example-frontend-react:copyNode UP-TO-DATE\n[39f34dc3-57e2-4545-8741-f5d9744b6ecc/build_java17      ]   | > Task :example-frontend-react:yarnSetup UP-TO-DATE\n[39f34dc3-57e2-4545-8741-f5d9744b6ecc/build_java17      ]   | > Task :example-frontend-react:copyYarn UP-TO-DATE\n[39f34dc3-57e2-4545-8741-f5d9744b6ecc/build_java17      ]   | \n[39f34dc3-57e2-4545-8741-f5d9744b6ecc/build_java17      ]   | > Task :example-frontend-react:yarn_install\n[39f34dc3-57e2-4545-8741-f5d9744b6ecc/build_java17      ]   | yarn install v1.22.18\n[39f34dc3-57e2-4545-8741-f5d9744b6ecc/build_java17      ]   | [1/4] Resolving packages...\n[39f34dc3-57e2-4545-8741-f5d9744b6ecc/build_java17      ]   | success Already up-to-date.\n[39f34dc3-57e2-4545-8741-f5d9744b6ecc/build_java17      ]   | Done in 0.82s.\n[39f34dc3-57e2-4545-8741-f5d9744b6ecc/build_java17      ]   | \n[39f34dc3-57e2-4545-8741-f5d9744b6ecc/build_java17      ]   | > Task :example-frontend-react:yarn_build UP-TO-DATE\n[39f34dc3-57e2-4545-8741-f5d9744b6ecc/build_java17      ]   | > Task :example-backend:prepareFrontend UP-TO-DATE\n[39f34dc3-57e2-4545-8741-f5d9744b6ecc/build_java17      ]   | > Task :example-backend:processResources UP-TO-DATE\n[39f34dc3-57e2-4545-8741-f5d9744b6ecc/build_java17      ]   | > Task :example-backend:classes UP-TO-DATE\n[39f34dc3-57e2-4545-8741-f5d9744b6ecc/build_java17      ]   | \n[39f34dc3-57e2-4545-8741-f5d9744b6ecc/build_java17      ]   | > Task :example-backend:jibDockerBuild\n[39f34dc3-57e2-4545-8741-f5d9744b6ecc/build_java17      ]   | \n[39f34dc3-57e2-4545-8741-f5d9744b6ecc/build_java17      ]   | Containerizing application to Docker daemon as keycloak-mock/example-backend...\n[39f34dc3-57e2-4545-8741-f5d9744b6ecc/build_java17      ]   | Base image 'eclipse-temurin:17-jre' does not use a specific image digest - build may not be reproducible\n[39f34dc3-57e2-4545-8741-f5d9744b6ecc/build_java17      ]   | Getting manifest for base image eclipse-temurin:17-jre...\n[39f34dc3-57e2-4545-8741-f5d9744b6ecc/build_java17      ]   | Building resources layer...\n[39f34dc3-57e2-4545-8741-f5d9744b6ecc/build_java17      ]   | Building dependencies layer...\n[39f34dc3-57e2-4545-8741-f5d9744b6ecc/build_java17      ]   | Building classes layer...\n[39f34dc3-57e2-4545-8741-f5d9744b6ecc/build_java17      ]   | Building jvm arg files layer...\n[39f34dc3-57e2-4545-8741-f5d9744b6ecc/build_java17      ]   | The base image requires auth. Trying again for eclipse-temurin:17-jre...\n[39f34dc3-57e2-4545-8741-f5d9744b6ecc/build_java17      ]   | Using base image with digest: sha256:54c51553e65a92a8f1c55bb38cd16c3669f40695e2d4ca107608655299463c25\n[39f34dc3-57e2-4545-8741-f5d9744b6ecc/build_java17      ]   | \n[39f34dc3-57e2-4545-8741-f5d9744b6ecc/build_java17      ]   | Container entrypoint set to [java, -cp, @/app/jib-classpath-file, com.tngtech.keycloakmock.examplebackend.ExampleBackendApplication]\n[39f34dc3-57e2-4545-8741-f5d9744b6ecc/build_java17      ]   | Loading to Docker daemon...\n[39f34dc3-57e2-4545-8741-f5d9744b6ecc/build_java17      ]   | \n[39f34dc3-57e2-4545-8741-f5d9744b6ecc/build_java17      ]   | A new version of jib-gradle-plugin (3.3.2) is available (currently using 3.3.1). Update your build configuration to use the latest features and fixes!\n[39f34dc3-57e2-4545-8741-f5d9744b6ecc/build_java17      ]   | https://github.com/GoogleContainerTools/jib/blob/master/jib-gradle-plugin/CHANGELOG.md\n[39f34dc3-57e2-4545-8741-f5d9744b6ecc/build_java17      ]   | \n[39f34dc3-57e2-4545-8741-f5d9744b6ecc/build_java17      ]   | Please see https://github.com/GoogleContainerTools/jib/blob/master/docs/privacy.md for info on disabling this update check.\n[39f34dc3-57e2-4545-8741-f5d9744b6ecc/build_java17      ]   | \n[39f34dc3-57e2-4545-8741-f5d9744b6ecc/build_java17      ]   | \n[39f34dc3-57e2-4545-8741-f5d9744b6ecc/build_java17      ]   | > Task :example-backend:jibDockerBuild FAILED\n[39f34dc3-57e2-4545-8741-f5d9744b6ecc/build_java17      ]   | \n[39f34dc3-57e2-4545-8741-f5d9744b6ecc/build_java17      ]   | FAILURE: Build failed with an exception.\n[39f34dc3-57e2-4545-8741-f5d9744b6ecc/build_java17      ]   | \n[39f34dc3-57e2-4545-8741-f5d9744b6ecc/build_java17      ]   | * What went wrong:\n[39f34dc3-57e2-4545-8741-f5d9744b6ecc/build_java17      ]   | Execution failed for task ':example-backend:jibDockerBuild'.\n[39f34dc3-57e2-4545-8741-f5d9744b6ecc/build_java17      ]   | > com.google.cloud.tools.jib.plugins.common.BuildStepsExecutionException: 'docker load' command failed with error: Got permission denied while trying to connect to the Docker daemon socket at unix:///var/run/docker.sock: Post \"http://%2Fvar%2Frun%2Fdocker.sock/v1.24/images/load?quiet=1\": dial unix /var/run/docker.sock: connect: permission denied\n[39f34dc3-57e2-4545-8741-f5d9744b6ecc/build_java17      ]   | \n[39f34dc3-57e2-4545-8741-f5d9744b6ecc/build_java17      ]   | \n[39f34dc3-57e2-4545-8741-f5d9744b6ecc/build_java17      ]   | * Try:\n[39f34dc3-57e2-4545-8741-f5d9744b6ecc/build_java17      ]   | > Run with --stacktrace option to get the stack trace.\n[39f34dc3-57e2-4545-8741-f5d9744b6ecc/build_java17      ]   | > Run with --info or --debug option to get more log output.\n[39f34dc3-57e2-4545-8741-f5d9744b6ecc/build_java17      ]   | > Run with --scan to get full insights.\n[39f34dc3-57e2-4545-8741-f5d9744b6ecc/build_java17      ]   | \n[39f34dc3-57e2-4545-8741-f5d9744b6ecc/build_java17      ]   | * Get more help at https://help.gradle.org\n[39f34dc3-57e2-4545-8741-f5d9744b6ecc/build_java17      ]   | \n[39f34dc3-57e2-4545-8741-f5d9744b6ecc/build_java17      ]   | BUILD FAILED in 12s\n[39f34dc3-57e2-4545-8741-f5d9744b6ecc/build_java17      ]   | 10 actionable tasks: 2 executed, 8 up-to-date\n[39f34dc3-57e2-4545-8741-f5d9744b6ecc/build_java17      ]   \u274c  Failure - Main Run integration tests\n[39f34dc3-57e2-4545-8741-f5d9744b6ecc/build_java17      ] exitcode '1': failure\n[39f34dc3-57e2-4545-8741-f5d9744b6ecc/build_java17      ] \u2b50 Run Main Publish test report\n[39f34dc3-57e2-4545-8741-f5d9744b6ecc/build_java17      ]   \ud83d\udc33  docker cp src=/tmp/act-cache/94c3354c-cc78-4dc2-bd89-1d8b66cdcc96/act/mikepenz-action-junit-report@v3/ dst=/var/run/act/actions/mikepenz-action-junit-report@v3/\n[39f34dc3-57e2-4545-8741-f5d9744b6ecc/build_java17      ]   \ud83d\udc33  docker exec cmd=[chown -R 1012:1013 /var/run/act/actions/mikepenz-action-junit-report@v3/] user=0 workdir=\n[39f34dc3-57e2-4545-8741-f5d9744b6ecc/build_java17      ] Get \"http://%2Fvar%2Frun%2Fdocker.sock/v1.41/images/crawlergpt:latest/json\": context canceled\n",
        "stderr": "panic: runtime error: invalid memory address or nil pointer dereference\n[signal SIGSEGV: segmentation violation code=0x1 addr=0x48 pc=0xaae2e2]\n\ngoroutine 321 [running]:\ngithub.com/nektos/act/pkg/container.(*containerReference).extractFromImageEnv.func1({0xe09450, 0xc0064fa0f0})\n\t/home/runner/work/act/act/pkg/container/docker_run.go:471 +0x1e2\ngithub.com/nektos/act/pkg/common.Executor.IfNot.func1({0xe09450, 0xc0064fa0f0})\n\t/home/runner/work/act/act/pkg/common/executor.go:159 +0x56\ngithub.com/nektos/act/pkg/runner.(*RunContext).ApplyExtraPath(0xc0002cc600, {0xe09450, 0xc0064fa0f0}, 0xc0003e00d8)\n\t/home/runner/work/act/act/pkg/runner/run_context.go:333 +0x209\ngithub.com/nektos/act/pkg/runner.runActionImpl.func1({0xe09450, 0xc0064fa0f0})\n\t/home/runner/work/act/act/pkg/runner/action.go:159 +0x71d\ngithub.com/nektos/act/pkg/runner.(*stepActionRemote).main.func1({0xe09450, 0xc0064fa0f0})\n\t/home/runner/work/act/act/pkg/runner/step_action_remote.go:126 +0x3cf\ngithub.com/nektos/act/pkg/runner.runStepExecutor.func1({0xe09450, 0xc0064fa0f0})\n\t/home/runner/work/act/act/pkg/runner/step.go:141 +0xd89\ngithub.com/nektos/act/pkg/common.Executor.Then.func1({0xe09450, 0xc0064fa0f0})\n\t/home/runner/work/act/act/pkg/common/executor.go:141 +0x15b\ngithub.com/nektos/act/pkg/runner.newJobExecutor.func4({0xe09450, 0xc0064fa0f0})\n\t/home/runner/work/act/act/pkg/runner/job_executor.go:77 +0x5a\ngithub.com/nektos/act/pkg/runner.useStepLogger.func1({0xe09450, 0xc0008b6060})\n\t/home/runner/work/act/act/pkg/runner/job_executor.go:191 +0x39e\ngithub.com/nektos/act/pkg/common.Executor.Then.func1({0xe09450, 0xc0008b6060})\n\t/home/runner/work/act/act/pkg/common/executor.go:141 +0x15b\ngithub.com/nektos/act/pkg/common.Executor.Then.func1({0xe09450, 0xc0008b6060})\n\t/home/runner/work/act/act/pkg/common/executor.go:129 +0x34\ngithub.com/nektos/act/pkg/common.Executor.Finally.func1({0xe09450, 0xc0008b6060})\n\t/home/runner/work/act/act/pkg/common/executor.go:175 +0x34\ngithub.com/nektos/act/pkg/common.Executor.Finally.func1({0xe09450, 0xc0008b6060})\n\t/home/runner/work/act/act/pkg/common/executor.go:175 +0x34\ngithub.com/nektos/act/pkg/common.Executor.Finally.func1({0xe09450, 0xc0008b6060})\n\t/home/runner/work/act/act/pkg/common/executor.go:175 +0x34\ngithub.com/nektos/act/pkg/common.Executor.Then.func1({0xe09450, 0xc0008b6060})\n\t/home/runner/work/act/act/pkg/common/executor.go:141 +0x15b\ngithub.com/nektos/act/pkg/runner.(*RunContext).Executor.func1({0xe09450, 0xc0008b6060})\n\t/home/runner/work/act/act/pkg/runner/run_context.go:472 +0x58\ngithub.com/nektos/act/pkg/runner.(*runnerImpl).NewPlanExecutor.func1.1({0xe09450, 0xc000787e90})\n\t/home/runner/work/act/act/pkg/runner/runner.go:150 +0x193\ngithub.com/nektos/act/pkg/common.NewParallelExecutor.func1.1(0xccda5f?, 0x5?)\n\t/home/runner/work/act/act/pkg/common/executor.go:100 +0x5c\ncreated by github.com/nektos/act/pkg/common.NewParallelExecutor.func1\n\t/home/runner/work/act/act/pkg/common/executor.go:98 +0x89\n",
        "workflow": "/tmp/3d783ea4-1661-11ee-8a50-bb14de238602/TNG-keycloak-mock/.github/workflows/build-crawler.yml",
        "build_tool": "gradle",
        "elapsed_time": 600.0162830352783
    }
}