{
    "repository": "jrief/django-formset",
    "stars": 183,
    "language": "python",
    "size": 4219,
    "clone_url": "https://github.com/jrief/django-formset.git",
    "timestamp": "2023-06-28T16:34:06.804128Z",
    "clone_success": true,
    "number_of_actions": 4,
    "number_of_test_actions": 1,
    "actions_successful": false,
    "actions_build_tools": [
        "unknown",
        "unknown",
        "pytest",
        "unknown"
    ],
    "actions_test_build_tools": [
        "pytest"
    ],
    "actions_run": {
        "failed": true,
        "tests": [],
        "stdout": "[00f367b0-d2fe-4483-8719-937d62f4d74b/build-1] \ud83d\ude80  Start image=crawlergpt:latest\n[00f367b0-d2fe-4483-8719-937d62f4d74b/build-2] \ud83d\ude80  Start image=crawlergpt:latest\n[00f367b0-d2fe-4483-8719-937d62f4d74b/build-2]   \ud83d\udc33  docker pull image=crawlergpt:latest platform= username= forcePull=false\n[00f367b0-d2fe-4483-8719-937d62f4d74b/build-1]   \ud83d\udc33  docker pull image=crawlergpt:latest platform= username= forcePull=false\n[00f367b0-d2fe-4483-8719-937d62f4d74b/build-2]   \ud83d\udc33  docker create image=crawlergpt:latest platform= entrypoint=[\"tail\" \"-f\" \"/dev/null\"] cmd=[]\n[00f367b0-d2fe-4483-8719-937d62f4d74b/build-1]   \ud83d\udc33  docker create image=crawlergpt:latest platform= entrypoint=[\"tail\" \"-f\" \"/dev/null\"] cmd=[]\n[00f367b0-d2fe-4483-8719-937d62f4d74b/build-2]   \ud83d\udc33  docker run image=crawlergpt:latest platform= entrypoint=[\"tail\" \"-f\" \"/dev/null\"] cmd=[]\n[00f367b0-d2fe-4483-8719-937d62f4d74b/build-1]   \ud83d\udc33  docker run image=crawlergpt:latest platform= entrypoint=[\"tail\" \"-f\" \"/dev/null\"] cmd=[]\n[00f367b0-d2fe-4483-8719-937d62f4d74b/build-2]   \ud83d\udc33  docker exec cmd=[chown -R 1012:1013 /tmp/ad9c0f7e-1596-11ee-8a50-bb14de238602/jrief-django-formset] user=0 workdir=\n[00f367b0-d2fe-4483-8719-937d62f4d74b/build-1]   \ud83d\udc33  docker exec cmd=[chown -R 1012:1013 /tmp/ad9c0f7e-1596-11ee-8a50-bb14de238602/jrief-django-formset] user=0 workdir=\n[00f367b0-d2fe-4483-8719-937d62f4d74b/build-2]   \u2601  git clone 'https://github.com/actions/setup-node' # ref=v2\n[00f367b0-d2fe-4483-8719-937d62f4d74b/build-1]   \u2601  git clone 'https://github.com/actions/setup-node' # ref=v2\n[00f367b0-d2fe-4483-8719-937d62f4d74b/build-2]   \u2601  git clone 'https://github.com/actions/setup-python' # ref=v2\n[00f367b0-d2fe-4483-8719-937d62f4d74b/build-2] \ud83e\uddea  Matrix: map[build-client:esbuild]\n[00f367b0-d2fe-4483-8719-937d62f4d74b/build-2] \u2b50 Run Main actions/checkout@v2\n[00f367b0-d2fe-4483-8719-937d62f4d74b/build-2]   \u2705  Success - Main actions/checkout@v2\n[00f367b0-d2fe-4483-8719-937d62f4d74b/build-1]   \u2601  git clone 'https://github.com/actions/setup-python' # ref=v2\n[00f367b0-d2fe-4483-8719-937d62f4d74b/build-2] \u2b50 Run Main Use Node.js \n[00f367b0-d2fe-4483-8719-937d62f4d74b/build-2]   \ud83d\udc33  docker cp src=/tmp/act-cache/204ff128-7fff-460b-b60a-7b3321cb218b/act/actions-setup-node@v2/ dst=/var/run/act/actions/actions-setup-node@v2/\n[00f367b0-d2fe-4483-8719-937d62f4d74b/build-1] \ud83e\uddea  Matrix: map[django-version:4.0.* node-version:16.x python-version:3.8]\n[00f367b0-d2fe-4483-8719-937d62f4d74b/build-1] \u2b50 Run Main actions/checkout@v2\n[00f367b0-d2fe-4483-8719-937d62f4d74b/build-1]   \u2705  Success - Main actions/checkout@v2\n[00f367b0-d2fe-4483-8719-937d62f4d74b/build-2]   \ud83d\udc33  docker exec cmd=[chown -R 1012:1013 /var/run/act/actions/actions-setup-node@v2/] user=0 workdir=\n[00f367b0-d2fe-4483-8719-937d62f4d74b/build-1] \u2b50 Run Main Use Node.js 16.x\n[00f367b0-d2fe-4483-8719-937d62f4d74b/build-1]   \ud83d\udc33  docker cp src=/tmp/act-cache/204ff128-7fff-460b-b60a-7b3321cb218b/act/actions-setup-node@v2/ dst=/var/run/act/actions/actions-setup-node@v2/\n[00f367b0-d2fe-4483-8719-937d62f4d74b/build-1]   \ud83d\udc33  docker exec cmd=[chown -R 1012:1013 /var/run/act/actions/actions-setup-node@v2/] user=0 workdir=\n[00f367b0-d2fe-4483-8719-937d62f4d74b/build-1]   \ud83d\udc33  docker exec cmd=[node /var/run/act/actions/actions-setup-node@v2/dist/setup/index.js] user= workdir=\n[00f367b0-d2fe-4483-8719-937d62f4d74b/build-2]   \ud83d\udc33  docker exec cmd=[node /var/run/act/actions/actions-setup-node@v2/dist/setup/index.js] user= workdir=\n[00f367b0-d2fe-4483-8719-937d62f4d74b/build-2]   \u2753 add-matcher /run/act/actions/actions-setup-node@v2/.github/tsc.json\n[00f367b0-d2fe-4483-8719-937d62f4d74b/build-2]   \u2753 add-matcher /run/act/actions/actions-setup-node@v2/.github/eslint-stylish.json\n[00f367b0-d2fe-4483-8719-937d62f4d74b/build-2]   \u2753 add-matcher /run/act/actions/actions-setup-node@v2/.github/eslint-compact.json\n[00f367b0-d2fe-4483-8719-937d62f4d74b/build-2]   \u2705  Success - Main Use Node.js \n[00f367b0-d2fe-4483-8719-937d62f4d74b/build-1]   \ud83d\udcac  ::debug::isExplicit: \n[00f367b0-d2fe-4483-8719-937d62f4d74b/build-1]   \ud83d\udcac  ::debug::explicit? false\n[00f367b0-d2fe-4483-8719-937d62f4d74b/build-1]   \ud83d\udcac  ::debug::isExplicit: 10.24.1\n[00f367b0-d2fe-4483-8719-937d62f4d74b/build-1]   \ud83d\udcac  ::debug::explicit? true\n[00f367b0-d2fe-4483-8719-937d62f4d74b/build-1]   \ud83d\udcac  ::debug::isExplicit: 12.22.6\n[00f367b0-d2fe-4483-8719-937d62f4d74b/build-1]   \ud83d\udcac  ::debug::explicit? true\n[00f367b0-d2fe-4483-8719-937d62f4d74b/build-1]   \ud83d\udcac  ::debug::isExplicit: 14.17.5\n[00f367b0-d2fe-4483-8719-937d62f4d74b/build-1]   \ud83d\udcac  ::debug::explicit? true\n[00f367b0-d2fe-4483-8719-937d62f4d74b/build-1]   \ud83d\udcac  ::debug::isExplicit: 14.17.6\n[00f367b0-d2fe-4483-8719-937d62f4d74b/build-1]   \ud83d\udcac  ::debug::explicit? true\n[00f367b0-d2fe-4483-8719-937d62f4d74b/build-1]   \ud83d\udcac  ::debug::evaluating 3 versions\n[00f367b0-d2fe-4483-8719-937d62f4d74b/build-1]   \ud83d\udcac  ::debug::match not found\n[00f367b0-d2fe-4483-8719-937d62f4d74b/build-1]   | Attempting to download 16.x...\n[00f367b0-d2fe-4483-8719-937d62f4d74b/build-1]   \ud83d\udcac  ::debug::No manifest cached\n[00f367b0-d2fe-4483-8719-937d62f4d74b/build-1]   \ud83d\udcac  ::debug::Getting manifest from actions/node-versions@main\n[00f367b0-d2fe-4483-8719-937d62f4d74b/build-1]   \ud83d\udcac  ::debug::set auth\n[00f367b0-d2fe-4483-8719-937d62f4d74b/build-1]   \ud83d\udcac  ::debug::check 20.3.1 satisfies 16.x\n[00f367b0-d2fe-4483-8719-937d62f4d74b/build-1]   \ud83d\udcac  ::debug::check 20.3.0 satisfies 16.x\n[00f367b0-d2fe-4483-8719-937d62f4d74b/build-1]   \ud83d\udcac  ::debug::check 20.2.0 satisfies 16.x\n[00f367b0-d2fe-4483-8719-937d62f4d74b/build-1]   \ud83d\udcac  ::debug::check 20.1.0 satisfies 16.x\n[00f367b0-d2fe-4483-8719-937d62f4d74b/build-1]   \ud83d\udcac  ::debug::check 20.0.0 satisfies 16.x\n[00f367b0-d2fe-4483-8719-937d62f4d74b/build-1]   \ud83d\udcac  ::debug::check 18.16.1 satisfies 16.x\n[00f367b0-d2fe-4483-8719-937d62f4d74b/build-1]   \ud83d\udcac  ::debug::check 18.16.0 satisfies 16.x\n[00f367b0-d2fe-4483-8719-937d62f4d74b/build-1]   \ud83d\udcac  ::debug::check 18.15.0 satisfies 16.x\n[00f367b0-d2fe-4483-8719-937d62f4d74b/build-1]   \ud83d\udcac  ::debug::check 18.14.2 satisfies 16.x\n[00f367b0-d2fe-4483-8719-937d62f4d74b/build-1]   \ud83d\udcac  ::debug::check 18.14.1 satisfies 16.x\n[00f367b0-d2fe-4483-8719-937d62f4d74b/build-1]   \ud83d\udcac  ::debug::check 18.14.0 satisfies 16.x\n[00f367b0-d2fe-4483-8719-937d62f4d74b/build-1]   \ud83d\udcac  ::debug::check 18.13.0 satisfies 16.x\n[00f367b0-d2fe-4483-8719-937d62f4d74b/build-1]   \ud83d\udcac  ::debug::check 18.12.1 satisfies 16.x\n[00f367b0-d2fe-4483-8719-937d62f4d74b/build-1]   \ud83d\udcac  ::debug::check 18.12.0 satisfies 16.x\n[00f367b0-d2fe-4483-8719-937d62f4d74b/build-1]   \ud83d\udcac  ::debug::check 18.11.0 satisfies 16.x\n[00f367b0-d2fe-4483-8719-937d62f4d74b/build-1]   \ud83d\udcac  ::debug::check 18.10.0 satisfies 16.x\n[00f367b0-d2fe-4483-8719-937d62f4d74b/build-1]   \ud83d\udcac  ::debug::check 18.9.1 satisfies 16.x\n[00f367b0-d2fe-4483-8719-937d62f4d74b/build-1]   \ud83d\udcac  ::debug::check 18.9.0 satisfies 16.x\n[00f367b0-d2fe-4483-8719-937d62f4d74b/build-1]   \ud83d\udcac  ::debug::check 18.8.0 satisfies 16.x\n[00f367b0-d2fe-4483-8719-937d62f4d74b/build-1]   \ud83d\udcac  ::debug::check 18.7.0 satisfies 16.x\n[00f367b0-d2fe-4483-8719-937d62f4d74b/build-1]   \ud83d\udcac  ::debug::check 18.6.0 satisfies 16.x\n[00f367b0-d2fe-4483-8719-937d62f4d74b/build-1]   \ud83d\udcac  ::debug::check 18.5.0 satisfies 16.x\n[00f367b0-d2fe-4483-8719-937d62f4d74b/build-1]   \ud83d\udcac  ::debug::check 18.4.0 satisfies 16.x\n[00f367b0-d2fe-4483-8719-937d62f4d74b/build-1]   \ud83d\udcac  ::debug::check 18.3.0 satisfies 16.x\n[00f367b0-d2fe-4483-8719-937d62f4d74b/build-1]   \ud83d\udcac  ::debug::check 18.2.0 satisfies 16.x\n[00f367b0-d2fe-4483-8719-937d62f4d74b/build-1]   \ud83d\udcac  ::debug::check 18.1.0 satisfies 16.x\n[00f367b0-d2fe-4483-8719-937d62f4d74b/build-1]   \ud83d\udcac  ::debug::check 18.0.0 satisfies 16.x\n[00f367b0-d2fe-4483-8719-937d62f4d74b/build-1]   \ud83d\udcac  ::debug::check 16.20.1 satisfies 16.x\n[00f367b0-d2fe-4483-8719-937d62f4d74b/build-1]   \ud83d\udcac  ::debug::x64===x64 && darwin===linux\n[00f367b0-d2fe-4483-8719-937d62f4d74b/build-1]   \ud83d\udcac  ::debug::x64===x64 && linux===linux\n[00f367b0-d2fe-4483-8719-937d62f4d74b/build-1]   \ud83d\udcac  ::debug::matched 16.20.1\n[00f367b0-d2fe-4483-8719-937d62f4d74b/build-1]   | Acquiring 16.20.1 - x64 from https://github.com/actions/node-versions/releases/download/16.20.1-5342959204/node-16.20.1-linux-x64.tar.gz\n[00f367b0-d2fe-4483-8719-937d62f4d74b/build-1]   \ud83d\udcac  ::debug::Downloading https://github.com/actions/node-versions/releases/download/16.20.1-5342959204/node-16.20.1-linux-x64.tar.gz\n[00f367b0-d2fe-4483-8719-937d62f4d74b/build-1]   \ud83d\udcac  ::debug::Destination /tmp/037ada56-6fa5-4ea5-b182-57b92a27bcb3\n[00f367b0-d2fe-4483-8719-937d62f4d74b/build-1]   \ud83d\udcac  ::debug::set auth\n[00f367b0-d2fe-4483-8719-937d62f4d74b/build-2] \u2b50 Run Main Set up Python \n[00f367b0-d2fe-4483-8719-937d62f4d74b/build-2]   \ud83d\udc33  docker cp src=/tmp/act-cache/204ff128-7fff-460b-b60a-7b3321cb218b/act/actions-setup-python@v2/ dst=/var/run/act/actions/actions-setup-python@v2/\n[00f367b0-d2fe-4483-8719-937d62f4d74b/build-2]   \ud83d\udc33  docker exec cmd=[chown -R 1012:1013 /var/run/act/actions/actions-setup-python@v2/] user=0 workdir=\n[00f367b0-d2fe-4483-8719-937d62f4d74b/build-1]   \ud83d\udcac  ::debug::download complete\n[00f367b0-d2fe-4483-8719-937d62f4d74b/build-1]   | Extracting ...\n[00f367b0-d2fe-4483-8719-937d62f4d74b/build-1]   \ud83d\udcac  ::debug::Checking tar --version\n[00f367b0-d2fe-4483-8719-937d62f4d74b/build-1]   \ud83d\udcac  ::debug::tar (GNU tar) 1.30%0ACopyright (C) 2017 Free Software Foundation, Inc.%0ALicense GPLv3+: GNU GPL version 3 or later <https://gnu.org/licenses/gpl.html>.%0AThis is free software: you are free to change and redistribute it.%0AThere is NO WARRANTY, to the extent permitted by law.%0A%0AWritten by John Gilmore and Jay Fenlason.\n[00f367b0-d2fe-4483-8719-937d62f4d74b/build-1]   | [command]/usr/bin/tar xz --strip 1 --warning=no-unknown-keyword --overwrite -C /tmp/f8fd1ec6-8dff-4429-af36-76ff71f53a0d -f /tmp/037ada56-6fa5-4ea5-b182-57b92a27bcb3\n[00f367b0-d2fe-4483-8719-937d62f4d74b/build-1]   | Adding to the cache ...\n[00f367b0-d2fe-4483-8719-937d62f4d74b/build-1]   \ud83d\udcac  ::debug::Caching tool node 16.20.1 x64\n[00f367b0-d2fe-4483-8719-937d62f4d74b/build-1]   \ud83d\udcac  ::debug::source dir: /tmp/f8fd1ec6-8dff-4429-af36-76ff71f53a0d\n[00f367b0-d2fe-4483-8719-937d62f4d74b/build-1]   \ud83d\udcac  ::debug::destination /opt/hostedtoolcache/node/16.20.1/x64\n[00f367b0-d2fe-4483-8719-937d62f4d74b/build-1]   \ud83d\udcac  ::debug::finished caching tool\n[00f367b0-d2fe-4483-8719-937d62f4d74b/build-1]   | Done\n[00f367b0-d2fe-4483-8719-937d62f4d74b/build-1]   \u2753 add-matcher /run/act/actions/actions-setup-node@v2/.github/tsc.json\n[00f367b0-d2fe-4483-8719-937d62f4d74b/build-1]   \u2753 add-matcher /run/act/actions/actions-setup-node@v2/.github/eslint-stylish.json\n[00f367b0-d2fe-4483-8719-937d62f4d74b/build-1]   \u2753 add-matcher /run/act/actions/actions-setup-node@v2/.github/eslint-compact.json\n[00f367b0-d2fe-4483-8719-937d62f4d74b/build-1]   \u2705  Success - Main Use Node.js 16.x\n[00f367b0-d2fe-4483-8719-937d62f4d74b/build-1]   \u2699  ::add-path:: /opt/hostedtoolcache/node/16.20.1/x64/bin\n[00f367b0-d2fe-4483-8719-937d62f4d74b/build-1] \u2b50 Run Main Set up Python 3.8\n[00f367b0-d2fe-4483-8719-937d62f4d74b/build-1]   \ud83d\udc33  docker cp src=/tmp/act-cache/204ff128-7fff-460b-b60a-7b3321cb218b/act/actions-setup-python@v2/ dst=/var/run/act/actions/actions-setup-python@v2/\n[00f367b0-d2fe-4483-8719-937d62f4d74b/build-1]   \ud83d\udc33  docker exec cmd=[chown -R 1012:1013 /var/run/act/actions/actions-setup-python@v2/] user=0 workdir=\n[00f367b0-d2fe-4483-8719-937d62f4d74b/build-1]   \ud83d\udc33  docker exec cmd=[node /var/run/act/actions/actions-setup-python@v2/dist/setup/index.js] user= workdir=\n[00f367b0-d2fe-4483-8719-937d62f4d74b/build-2]   \ud83d\udc33  docker exec cmd=[node /var/run/act/actions/actions-setup-python@v2/dist/setup/index.js] user= workdir=\n[00f367b0-d2fe-4483-8719-937d62f4d74b/build-2]   \u2753 add-matcher /run/act/actions/actions-setup-python@v2/.github/python.json\n[00f367b0-d2fe-4483-8719-937d62f4d74b/build-1]   \ud83d\udcac  ::debug::Semantic version spec of 3.8 is 3.8\n[00f367b0-d2fe-4483-8719-937d62f4d74b/build-1]   \ud83d\udcac  ::debug::isExplicit: \n[00f367b0-d2fe-4483-8719-937d62f4d74b/build-1]   \ud83d\udcac  ::debug::explicit? false\n[00f367b0-d2fe-4483-8719-937d62f4d74b/build-1]   \ud83d\udcac  ::debug::isExplicit: 2.7.18\n[00f367b0-d2fe-4483-8719-937d62f4d74b/build-1]   \ud83d\udcac  ::debug::explicit? true\n[00f367b0-d2fe-4483-8719-937d62f4d74b/build-1]   \ud83d\udcac  ::debug::isExplicit: 3.5.10\n[00f367b0-d2fe-4483-8719-937d62f4d74b/build-1]   \ud83d\udcac  ::debug::explicit? true\n[00f367b0-d2fe-4483-8719-937d62f4d74b/build-1]   \ud83d\udcac  ::debug::isExplicit: 3.6.14\n[00f367b0-d2fe-4483-8719-937d62f4d74b/build-1]   \ud83d\udcac  ::debug::explicit? true\n[00f367b0-d2fe-4483-8719-937d62f4d74b/build-1]   \ud83d\udcac  ::debug::isExplicit: 3.7.11\n[00f367b0-d2fe-4483-8719-937d62f4d74b/build-1]   \ud83d\udcac  ::debug::explicit? true\n[00f367b0-d2fe-4483-8719-937d62f4d74b/build-1]   \ud83d\udcac  ::debug::isExplicit: 3.8.11\n[00f367b0-d2fe-4483-8719-937d62f4d74b/build-1]   \ud83d\udcac  ::debug::explicit? true\n[00f367b0-d2fe-4483-8719-937d62f4d74b/build-1]   \ud83d\udcac  ::debug::isExplicit: 3.9.6\n[00f367b0-d2fe-4483-8719-937d62f4d74b/build-1]   \ud83d\udcac  ::debug::explicit? true\n[00f367b0-d2fe-4483-8719-937d62f4d74b/build-1]   \ud83d\udcac  ::debug::evaluating 6 versions\n[00f367b0-d2fe-4483-8719-937d62f4d74b/build-2]   \u2705  Success - Main Set up Python \n[00f367b0-d2fe-4483-8719-937d62f4d74b/build-1]   \ud83d\udcac  ::debug::matched: 3.8.11\n[00f367b0-d2fe-4483-8719-937d62f4d74b/build-1]   \ud83d\udcac  ::debug::checking cache: /opt/hostedtoolcache/Python/3.8.11/x64\n[00f367b0-d2fe-4483-8719-937d62f4d74b/build-1]   \ud83d\udcac  ::debug::Found tool in cache Python 3.8.11 x64\n[00f367b0-d2fe-4483-8719-937d62f4d74b/build-1]   | Successfully setup CPython (3.8.11)\n[00f367b0-d2fe-4483-8719-937d62f4d74b/build-1]   \u2753 add-matcher /run/act/actions/actions-setup-python@v2/.github/python.json\n[00f367b0-d2fe-4483-8719-937d62f4d74b/build-1]   \u2705  Success - Main Set up Python 3.8\n[00f367b0-d2fe-4483-8719-937d62f4d74b/build-1]   \u2699  ::set-env:: pythonLocation=/opt/hostedtoolcache/Python/3.8.11/x64\n[00f367b0-d2fe-4483-8719-937d62f4d74b/build-1]   \u2699  ::set-env:: LD_LIBRARY_PATH=/opt/hostedtoolcache/Python/3.8.11/x64/lib\n[00f367b0-d2fe-4483-8719-937d62f4d74b/build-1]   \u2699  ::set-output:: python-version=3.8.11\n[00f367b0-d2fe-4483-8719-937d62f4d74b/build-1]   \u2699  ::add-path:: /opt/hostedtoolcache/Python/3.8.11/x64\n[00f367b0-d2fe-4483-8719-937d62f4d74b/build-1]   \u2699  ::add-path:: /opt/hostedtoolcache/Python/3.8.11/x64/bin\n[00f367b0-d2fe-4483-8719-937d62f4d74b/build-1] \u2b50 Run Main Install dependencies\n[00f367b0-d2fe-4483-8719-937d62f4d74b/build-2] \u2b50 Run Main Install dependencies\n[00f367b0-d2fe-4483-8719-937d62f4d74b/build-2]   \ud83d\udc33  docker exec cmd=[bash --noprofile --norc -e -o pipefail /var/run/act/workflow/3] user= workdir=\n[00f367b0-d2fe-4483-8719-937d62f4d74b/build-1]   \ud83d\udc33  docker exec cmd=[bash --noprofile --norc -e -o pipefail /var/run/act/workflow/3] user= workdir=\n[00f367b0-d2fe-4483-8719-937d62f4d74b/build-2]   | npm WARN read-shrinkwrap This version of npm is compatible with lockfileVersion@1, but package-lock.json was generated for lockfileVersion@2. I'll try to do my best with it!\n[00f367b0-d2fe-4483-8719-937d62f4d74b/build-1]   | npm WARN deprecated stable@0.1.8: Modern JS already guarantees Array#sort() is a stable sort, so this library is deprecated. See the compatibility table on MDN: https://developer.mozilla.org/en-US/docs/Web/JavaScript/Reference/Global_Objects/Array/sort#browser_compatibility\n[00f367b0-d2fe-4483-8719-937d62f4d74b/build-1]   | npm WARN deprecated source-map-resolve@0.6.0: See https://github.com/lydell/source-map-resolve#deprecated\n[00f367b0-d2fe-4483-8719-937d62f4d74b/build-1]   | npm WARN deprecated @types/cssnano@5.1.0: This is a stub types definition. cssnano provides its own type definitions, so you do not need this installed.\n[00f367b0-d2fe-4483-8719-937d62f4d74b/build-2]   | \n[00f367b0-d2fe-4483-8719-937d62f4d74b/build-2]   | > playwright@1.34.2 install /tmp/ad9c0f7e-1596-11ee-8a50-bb14de238602/jrief-django-formset/node_modules/playwright\n[00f367b0-d2fe-4483-8719-937d62f4d74b/build-2]   | > node install.js\n[00f367b0-d2fe-4483-8719-937d62f4d74b/build-2]   | \n[00f367b0-d2fe-4483-8719-937d62f4d74b/build-2]   | Downloading Chromium 114.0.5735.35 (playwright build v1064) from https://playwright.azureedge.net/builds/chromium/1064/chromium-linux.zip\n[00f367b0-d2fe-4483-8719-937d62f4d74b/build-2]   | |                                                                                |   0% of 145.2 Mb\n[00f367b0-d2fe-4483-8719-937d62f4d74b/build-2]   | |\u25a0\u25a0\u25a0\u25a0\u25a0\u25a0\u25a0\u25a0                                                                        |  10% of 145.2 Mb\n[00f367b0-d2fe-4483-8719-937d62f4d74b/build-2]   | |\u25a0\u25a0\u25a0\u25a0\u25a0\u25a0\u25a0\u25a0\u25a0\u25a0\u25a0\u25a0\u25a0\u25a0\u25a0\u25a0                                                                |  20% of 145.2 Mb\n[00f367b0-d2fe-4483-8719-937d62f4d74b/build-2]   | |\u25a0\u25a0\u25a0\u25a0\u25a0\u25a0\u25a0\u25a0\u25a0\u25a0\u25a0\u25a0\u25a0\u25a0\u25a0\u25a0\u25a0\u25a0\u25a0\u25a0\u25a0\u25a0\u25a0\u25a0                                                        |  30% of 145.2 Mb\n[00f367b0-d2fe-4483-8719-937d62f4d74b/build-2]   | |\u25a0\u25a0\u25a0\u25a0\u25a0\u25a0\u25a0\u25a0\u25a0\u25a0\u25a0\u25a0\u25a0\u25a0\u25a0\u25a0\u25a0\u25a0\u25a0\u25a0\u25a0\u25a0\u25a0\u25a0\u25a0\u25a0\u25a0\u25a0\u25a0\u25a0\u25a0\u25a0                                                |  40% of 145.2 Mb\n[00f367b0-d2fe-4483-8719-937d62f4d74b/build-2]   | |\u25a0\u25a0\u25a0\u25a0\u25a0\u25a0\u25a0\u25a0\u25a0\u25a0\u25a0\u25a0\u25a0\u25a0\u25a0\u25a0\u25a0\u25a0\u25a0\u25a0\u25a0\u25a0\u25a0\u25a0\u25a0\u25a0\u25a0\u25a0\u25a0\u25a0\u25a0\u25a0\u25a0\u25a0\u25a0\u25a0\u25a0\u25a0\u25a0\u25a0                                        |  50% of 145.2 Mb\n[00f367b0-d2fe-4483-8719-937d62f4d74b/build-2]   | |\u25a0\u25a0\u25a0\u25a0\u25a0\u25a0\u25a0\u25a0\u25a0\u25a0\u25a0\u25a0\u25a0\u25a0\u25a0\u25a0\u25a0\u25a0\u25a0\u25a0\u25a0\u25a0\u25a0\u25a0\u25a0\u25a0\u25a0\u25a0\u25a0\u25a0\u25a0\u25a0\u25a0\u25a0\u25a0\u25a0\u25a0\u25a0\u25a0\u25a0\u25a0\u25a0\u25a0\u25a0\u25a0\u25a0\u25a0\u25a0                                |  60% of 145.2 Mb\n[00f367b0-d2fe-4483-8719-937d62f4d74b/build-2]   | |\u25a0\u25a0\u25a0\u25a0\u25a0\u25a0\u25a0\u25a0\u25a0\u25a0\u25a0\u25a0\u25a0\u25a0\u25a0\u25a0\u25a0\u25a0\u25a0\u25a0\u25a0\u25a0\u25a0\u25a0\u25a0\u25a0\u25a0\u25a0\u25a0\u25a0\u25a0\u25a0\u25a0\u25a0\u25a0\u25a0\u25a0\u25a0\u25a0\u25a0\u25a0\u25a0\u25a0\u25a0\u25a0\u25a0\u25a0\u25a0\u25a0\u25a0\u25a0\u25a0\u25a0\u25a0\u25a0\u25a0                        |  70% of 145.2 Mb\n[00f367b0-d2fe-4483-8719-937d62f4d74b/build-2]   | |\u25a0\u25a0\u25a0\u25a0\u25a0\u25a0\u25a0\u25a0\u25a0\u25a0\u25a0\u25a0\u25a0\u25a0\u25a0\u25a0\u25a0\u25a0\u25a0\u25a0\u25a0\u25a0\u25a0\u25a0\u25a0\u25a0\u25a0\u25a0\u25a0\u25a0\u25a0\u25a0\u25a0\u25a0\u25a0\u25a0\u25a0\u25a0\u25a0\u25a0\u25a0\u25a0\u25a0\u25a0\u25a0\u25a0\u25a0\u25a0\u25a0\u25a0\u25a0\u25a0\u25a0\u25a0\u25a0\u25a0\u25a0\u25a0\u25a0\u25a0\u25a0\u25a0\u25a0\u25a0                |  80% of 145.2 Mb\n[00f367b0-d2fe-4483-8719-937d62f4d74b/build-2]   | |\u25a0\u25a0\u25a0\u25a0\u25a0\u25a0\u25a0\u25a0\u25a0\u25a0\u25a0\u25a0\u25a0\u25a0\u25a0\u25a0\u25a0\u25a0\u25a0\u25a0\u25a0\u25a0\u25a0\u25a0\u25a0\u25a0\u25a0\u25a0\u25a0\u25a0\u25a0\u25a0\u25a0\u25a0\u25a0\u25a0\u25a0\u25a0\u25a0\u25a0\u25a0\u25a0\u25a0\u25a0\u25a0\u25a0\u25a0\u25a0\u25a0\u25a0\u25a0\u25a0\u25a0\u25a0\u25a0\u25a0\u25a0\u25a0\u25a0\u25a0\u25a0\u25a0\u25a0\u25a0\u25a0\u25a0\u25a0\u25a0\u25a0\u25a0\u25a0\u25a0        |  90% of 145.2 Mb\n[00f367b0-d2fe-4483-8719-937d62f4d74b/build-2]   | |\u25a0\u25a0\u25a0\u25a0\u25a0\u25a0\u25a0\u25a0\u25a0\u25a0\u25a0\u25a0\u25a0\u25a0\u25a0\u25a0\u25a0\u25a0\u25a0\u25a0\u25a0\u25a0\u25a0\u25a0\u25a0\u25a0\u25a0\u25a0\u25a0\u25a0\u25a0\u25a0\u25a0\u25a0\u25a0\u25a0\u25a0\u25a0\u25a0\u25a0\u25a0\u25a0\u25a0\u25a0\u25a0\u25a0\u25a0\u25a0\u25a0\u25a0\u25a0\u25a0\u25a0\u25a0\u25a0\u25a0\u25a0\u25a0\u25a0\u25a0\u25a0\u25a0\u25a0\u25a0\u25a0\u25a0\u25a0\u25a0\u25a0\u25a0\u25a0\u25a0\u25a0\u25a0\u25a0\u25a0\u25a0\u25a0\u25a0\u25a0| 100% of 145.2 Mb\n[00f367b0-d2fe-4483-8719-937d62f4d74b/build-1]   | npm ERR! code 1\n[00f367b0-d2fe-4483-8719-937d62f4d74b/build-1]   | npm ERR! path /tmp/ad9c0f7e-1596-11ee-8a50-bb14de238602/jrief-django-formset/node_modules/playwright\n[00f367b0-d2fe-4483-8719-937d62f4d74b/build-1]   | npm ERR! command failed\n[00f367b0-d2fe-4483-8719-937d62f4d74b/build-1]   | npm ERR! command sh -c -- node install.js\n[00f367b0-d2fe-4483-8719-937d62f4d74b/build-1]   | npm ERR! Downloading Chromium 114.0.5735.35 (playwright build v1064) from https://playwright.azureedge.net/builds/chromium/1064/chromium-linux.zip\n[00f367b0-d2fe-4483-8719-937d62f4d74b/build-1]   | npm ERR! |                                                                                |   0% of 145.2 Mb\n[00f367b0-d2fe-4483-8719-937d62f4d74b/build-1]   | npm ERR! |\u25a0\u25a0\u25a0\u25a0\u25a0\u25a0\u25a0\u25a0                                                                        |  10% of 145.2 Mb\n[00f367b0-d2fe-4483-8719-937d62f4d74b/build-1]   | npm ERR! |\u25a0\u25a0\u25a0\u25a0\u25a0\u25a0\u25a0\u25a0\u25a0\u25a0\u25a0\u25a0\u25a0\u25a0\u25a0\u25a0                                                                |  20% of 145.2 Mb\n[00f367b0-d2fe-4483-8719-937d62f4d74b/build-1]   | npm ERR! |\u25a0\u25a0\u25a0\u25a0\u25a0\u25a0\u25a0\u25a0\u25a0\u25a0\u25a0\u25a0\u25a0\u25a0\u25a0\u25a0\u25a0\u25a0\u25a0\u25a0\u25a0\u25a0\u25a0\u25a0                                                        |  30% of 145.2 Mb\n[00f367b0-d2fe-4483-8719-937d62f4d74b/build-1]   | npm ERR! |\u25a0\u25a0\u25a0\u25a0\u25a0\u25a0\u25a0\u25a0\u25a0\u25a0\u25a0\u25a0\u25a0\u25a0\u25a0\u25a0\u25a0\u25a0\u25a0\u25a0\u25a0\u25a0\u25a0\u25a0\u25a0\u25a0\u25a0\u25a0\u25a0\u25a0\u25a0\u25a0                                                |  40% of 145.2 Mb\n[00f367b0-d2fe-4483-8719-937d62f4d74b/build-1]   | npm ERR! |\u25a0\u25a0\u25a0\u25a0\u25a0\u25a0\u25a0\u25a0\u25a0\u25a0\u25a0\u25a0\u25a0\u25a0\u25a0\u25a0\u25a0\u25a0\u25a0\u25a0\u25a0\u25a0\u25a0\u25a0\u25a0\u25a0\u25a0\u25a0\u25a0\u25a0\u25a0\u25a0\u25a0\u25a0\u25a0\u25a0\u25a0\u25a0\u25a0\u25a0                                        |  50% of 145.2 Mb\n[00f367b0-d2fe-4483-8719-937d62f4d74b/build-1]   | npm ERR! |\u25a0\u25a0\u25a0\u25a0\u25a0\u25a0\u25a0\u25a0\u25a0\u25a0\u25a0\u25a0\u25a0\u25a0\u25a0\u25a0\u25a0\u25a0\u25a0\u25a0\u25a0\u25a0\u25a0\u25a0\u25a0\u25a0\u25a0\u25a0\u25a0\u25a0\u25a0\u25a0\u25a0\u25a0\u25a0\u25a0\u25a0\u25a0\u25a0\u25a0\u25a0\u25a0\u25a0\u25a0\u25a0\u25a0\u25a0\u25a0                                |  60% of 145.2 Mb\n[00f367b0-d2fe-4483-8719-937d62f4d74b/build-1]   | npm ERR! |\u25a0\u25a0\u25a0\u25a0\u25a0\u25a0\u25a0\u25a0\u25a0\u25a0\u25a0\u25a0\u25a0\u25a0\u25a0\u25a0\u25a0\u25a0\u25a0\u25a0\u25a0\u25a0\u25a0\u25a0\u25a0\u25a0\u25a0\u25a0\u25a0\u25a0\u25a0\u25a0\u25a0\u25a0\u25a0\u25a0\u25a0\u25a0\u25a0\u25a0\u25a0\u25a0\u25a0\u25a0\u25a0\u25a0\u25a0\u25a0\u25a0\u25a0\u25a0\u25a0\u25a0\u25a0\u25a0\u25a0                        |  70% of 145.2 Mb\n[00f367b0-d2fe-4483-8719-937d62f4d74b/build-1]   | npm ERR! |\u25a0\u25a0\u25a0\u25a0\u25a0\u25a0\u25a0\u25a0\u25a0\u25a0\u25a0\u25a0\u25a0\u25a0\u25a0\u25a0\u25a0\u25a0\u25a0\u25a0\u25a0\u25a0\u25a0\u25a0\u25a0\u25a0\u25a0\u25a0\u25a0\u25a0\u25a0\u25a0\u25a0\u25a0\u25a0\u25a0\u25a0\u25a0\u25a0\u25a0\u25a0\u25a0\u25a0\u25a0\u25a0\u25a0\u25a0\u25a0\u25a0\u25a0\u25a0\u25a0\u25a0\u25a0\u25a0\u25a0\u25a0\u25a0\u25a0\u25a0\u25a0\u25a0\u25a0\u25a0                |  80% of 145.2 Mb\n[00f367b0-d2fe-4483-8719-937d62f4d74b/build-1]   | npm ERR! |\u25a0\u25a0\u25a0\u25a0\u25a0\u25a0\u25a0\u25a0\u25a0\u25a0\u25a0\u25a0\u25a0\u25a0\u25a0\u25a0\u25a0\u25a0\u25a0\u25a0\u25a0\u25a0\u25a0\u25a0\u25a0\u25a0\u25a0\u25a0\u25a0\u25a0\u25a0\u25a0\u25a0\u25a0\u25a0\u25a0\u25a0\u25a0\u25a0\u25a0\u25a0\u25a0\u25a0\u25a0\u25a0\u25a0\u25a0\u25a0\u25a0\u25a0\u25a0\u25a0\u25a0\u25a0\u25a0\u25a0\u25a0\u25a0\u25a0\u25a0\u25a0\u25a0\u25a0\u25a0\u25a0\u25a0\u25a0\u25a0\u25a0\u25a0\u25a0\u25a0        |  90% of 145.2 Mb\n[00f367b0-d2fe-4483-8719-937d62f4d74b/build-1]   | npm ERR! |\u25a0\u25a0\u25a0\u25a0\u25a0\u25a0\u25a0\u25a0\u25a0\u25a0\u25a0\u25a0\u25a0\u25a0\u25a0\u25a0\u25a0\u25a0\u25a0\u25a0\u25a0\u25a0\u25a0\u25a0\u25a0\u25a0\u25a0\u25a0\u25a0\u25a0\u25a0\u25a0\u25a0\u25a0\u25a0\u25a0\u25a0\u25a0\u25a0\u25a0\u25a0\u25a0\u25a0\u25a0\u25a0\u25a0\u25a0\u25a0\u25a0\u25a0\u25a0\u25a0\u25a0\u25a0\u25a0\u25a0\u25a0\u25a0\u25a0\u25a0\u25a0\u25a0\u25a0\u25a0\u25a0\u25a0\u25a0\u25a0\u25a0\u25a0\u25a0\u25a0\u25a0\u25a0\u25a0\u25a0\u25a0\u25a0\u25a0\u25a0| 100% of 145.2 Mb\n[00f367b0-d2fe-4483-8719-937d62f4d74b/build-1]   | npm ERR! Chromium 114.0.5735.35 (playwright build v1064) downloaded to /home/runneradmin/.cache/ms-playwright/chromium-1064\n[00f367b0-d2fe-4483-8719-937d62f4d74b/build-1]   | npm ERR! Downloading FFMPEG playwright build v1009 from https://playwright.azureedge.net/builds/ffmpeg/1009/ffmpeg-linux.zip\n[00f367b0-d2fe-4483-8719-937d62f4d74b/build-1]   | npm ERR! Downloading FFMPEG playwright build v1009 from https://playwright-akamai.azureedge.net/builds/ffmpeg/1009/ffmpeg-linux.zip\n[00f367b0-d2fe-4483-8719-937d62f4d74b/build-1]   | npm ERR! Downloading FFMPEG playwright build v1009 from https://playwright-verizon.azureedge.net/builds/ffmpeg/1009/ffmpeg-linux.zip\n[00f367b0-d2fe-4483-8719-937d62f4d74b/build-1]   | npm ERR! node:internal/bootstrap/switches/does_own_process_state:126\n[00f367b0-d2fe-4483-8719-937d62f4d74b/build-1]   | npm ERR!     cachedCwd = rawMethods.cwd();\n[00f367b0-d2fe-4483-8719-937d62f4d74b/build-1]   | npm ERR!                            ^\n[00f367b0-d2fe-4483-8719-937d62f4d74b/build-1]   | npm ERR! \n[00f367b0-d2fe-4483-8719-937d62f4d74b/build-1]   | npm ERR! Error: ENOENT: no such file or directory, uv_cwd\n[00f367b0-d2fe-4483-8719-937d62f4d74b/build-1]   | npm ERR!     at process.wrappedCwd [as cwd] (node:internal/bootstrap/switches/does_own_process_state:126:28)\n[00f367b0-d2fe-4483-8719-937d62f4d74b/build-1]   | npm ERR!     at /tmp/ad9c0f7e-1596-11ee-8a50-bb14de238602/jrief-django-formset/node_modules/playwright-core/lib/utilsBundleImpl.js:35:62384\n[00f367b0-d2fe-4483-8719-937d62f4d74b/build-1]   | npm ERR!     at /tmp/ad9c0f7e-1596-11ee-8a50-bb14de238602/jrief-django-formset/node_modules/playwright-core/lib/utilsBundleImpl.js:1:222\n[00f367b0-d2fe-4483-8719-937d62f4d74b/build-1]   | npm ERR!     at Object.<anonymous> (/tmp/ad9c0f7e-1596-11ee-8a50-bb14de238602/jrief-django-formset/node_modules/playwright-core/lib/utilsBundleImpl.js:44:14503)\n[00f367b0-d2fe-4483-8719-937d62f4d74b/build-1]   | npm ERR!     at Module._compile (node:internal/modules/cjs/loader:1198:14)\n[00f367b0-d2fe-4483-8719-937d62f4d74b/build-1]   | npm ERR!     at Object.Module._extensions..js (node:internal/modules/cjs/loader:1252:10)\n[00f367b0-d2fe-4483-8719-937d62f4d74b/build-1]   | npm ERR!     at Module.load (node:internal/modules/cjs/loader:1076:32)\n[00f367b0-d2fe-4483-8719-937d62f4d74b/build-1]   | npm ERR!     at Function.Module._load (node:internal/modules/cjs/loader:911:12)\n[00f367b0-d2fe-4483-8719-937d62f4d74b/build-1]   | npm ERR!     at Module.require (node:internal/modules/cjs/loader:1100:19)\n[00f367b0-d2fe-4483-8719-937d62f4d74b/build-1]   | npm ERR!     at require (node:internal/modules/cjs/helpers:108:18) {\n[00f367b0-d2fe-4483-8719-937d62f4d74b/build-1]   | npm ERR!   errno: -2,\n[00f367b0-d2fe-4483-8719-937d62f4d74b/build-1]   | npm ERR!   code: 'ENOENT',\n[00f367b0-d2fe-4483-8719-937d62f4d74b/build-1]   | npm ERR!   syscall: 'uv_cwd'\n[00f367b0-d2fe-4483-8719-937d62f4d74b/build-1]   | npm ERR! }\n[00f367b0-d2fe-4483-8719-937d62f4d74b/build-1]   | npm ERR! node:internal/bootstrap/switches/does_own_process_state:126\n[00f367b0-d2fe-4483-8719-937d62f4d74b/build-1]   | npm ERR!     cachedCwd = rawMethods.cwd();\n[00f367b0-d2fe-4483-8719-937d62f4d74b/build-1]   | npm ERR!                            ^\n[00f367b0-d2fe-4483-8719-937d62f4d74b/build-1]   | npm ERR! \n[00f367b0-d2fe-4483-8719-937d62f4d74b/build-1]   | npm ERR! Error: ENOENT: no such file or directory, uv_cwd\n[00f367b0-d2fe-4483-8719-937d62f4d74b/build-1]   | npm ERR!     at process.wrappedCwd [as cwd] (node:internal/bootstrap/switches/does_own_process_state:126:28)\n[00f367b0-d2fe-4483-8719-937d62f4d74b/build-1]   | npm ERR!     at /tmp/ad9c0f7e-1596-11ee-8a50-bb14de238602/jrief-django-formset/node_modules/playwright-core/lib/utilsBundleImpl.js:35:62384\n[00f367b0-d2fe-4483-8719-937d62f4d74b/build-1]   | npm ERR!     at /tmp/ad9c0f7e-1596-11ee-8a50-bb14de238602/jrief-django-formset/node_modules/playwright-core/lib/utilsBundleImpl.js:1:222\n[00f367b0-d2fe-4483-8719-937d62f4d74b/build-1]   | npm ERR!     at Object.<anonymous> (/tmp/ad9c0f7e-1596-11ee-8a50-bb14de238602/jrief-django-formset/node_modules/playwright-core/lib/utilsBundleImpl.js:44:14503)\n[00f367b0-d2fe-4483-8719-937d62f4d74b/build-1]   | npm ERR!     at Module._compile (node:internal/modules/cjs/loader:1198:14)\n[00f367b0-d2fe-4483-8719-937d62f4d74b/build-1]   | npm ERR!     at Object.Module._extensions..js (node:internal/modules/cjs/loader:1252:10)\n[00f367b0-d2fe-4483-8719-937d62f4d74b/build-1]   | npm ERR!     at Module.load (node:internal/modules/cjs/loader:1076:32)\n[00f367b0-d2fe-4483-8719-937d62f4d74b/build-1]   | npm ERR!     at Function.Module._load (node:internal/modules/cjs/loader:911:12)\n[00f367b0-d2fe-4483-8719-937d62f4d74b/build-1]   | npm ERR!     at Module.require (node:internal/modules/cjs/loader:1100:19)\n[00f367b0-d2fe-4483-8719-937d62f4d74b/build-1]   | npm ERR!     at require (node:internal/modules/cjs/helpers:108:18) {\n[00f367b0-d2fe-4483-8719-937d62f4d74b/build-1]   | npm ERR!   errno: -2,\n[00f367b0-d2fe-4483-8719-937d62f4d74b/build-1]   | npm ERR!   code: 'ENOENT',\n[00f367b0-d2fe-4483-8719-937d62f4d74b/build-1]   | npm ERR!   syscall: 'uv_cwd'\n[00f367b0-d2fe-4483-8719-937d62f4d74b/build-1]   | npm ERR! }\n[00f367b0-d2fe-4483-8719-937d62f4d74b/build-1]   | npm ERR! node:internal/bootstrap/switches/does_own_process_state:126\n[00f367b0-d2fe-4483-8719-937d62f4d74b/build-1]   | npm ERR!     cachedCwd = rawMethods.cwd();\n[00f367b0-d2fe-4483-8719-937d62f4d74b/build-1]   | npm ERR!                            ^\n[00f367b0-d2fe-4483-8719-937d62f4d74b/build-1]   | npm ERR! \n[00f367b0-d2fe-4483-8719-937d62f4d74b/build-1]   | npm ERR! Error: ENOENT: no such file or directory, uv_cwd\n[00f367b0-d2fe-4483-8719-937d62f4d74b/build-1]   | npm ERR!     at process.wrappedCwd [as cwd] (node:internal/bootstrap/switches/does_own_process_state:126:28)\n[00f367b0-d2fe-4483-8719-937d62f4d74b/build-1]   | npm ERR!     at /tmp/ad9c0f7e-1596-11ee-8a50-bb14de238602/jrief-django-formset/node_modules/playwright-core/lib/utilsBundleImpl.js:35:62384\n[00f367b0-d2fe-4483-8719-937d62f4d74b/build-1]   | npm ERR!     at /tmp/ad9c0f7e-1596-11ee-8a50-bb14de238602/jrief-django-formset/node_modules/playwright-core/lib/utilsBundleImpl.js:1:222\n[00f367b0-d2fe-4483-8719-937d62f4d74b/build-1]   | npm ERR!     at Object.<anonymous> (/tmp/ad9c0f7e-1596-11ee-8a50-bb14de238602/jrief-django-formset/node_modules/playwright-core/lib/utilsBundleImpl.js:44:14503)\n[00f367b0-d2fe-4483-8719-937d62f4d74b/build-1]   | npm ERR!     at Module._compile (node:internal/modules/cjs/loader:1198:14)\n[00f367b0-d2fe-4483-8719-937d62f4d74b/build-1]   | npm ERR!     at Object.Module._extensions..js (node:internal/modules/cjs/loader:1252:10)\n[00f367b0-d2fe-4483-8719-937d62f4d74b/build-1]   | npm ERR!     at Module.load (node:internal/modules/cjs/loader:1076:32)\n[00f367b0-d2fe-4483-8719-937d62f4d74b/build-1]   | npm ERR!     at Function.Module._load (node:internal/modules/cjs/loader:911:12)\n[00f367b0-d2fe-4483-8719-937d62f4d74b/build-1]   | npm ERR!     at Module.require (node:internal/modules/cjs/loader:1100:19)\n[00f367b0-d2fe-4483-8719-937d62f4d74b/build-1]   | npm ERR!     at require (node:internal/modules/cjs/helpers:108:18) {\n[00f367b0-d2fe-4483-8719-937d62f4d74b/build-1]   | npm ERR!   errno: -2,\n[00f367b0-d2fe-4483-8719-937d62f4d74b/build-1]   | npm ERR!   code: 'ENOENT',\n[00f367b0-d2fe-4483-8719-937d62f4d74b/build-1]   | npm ERR!   syscall: 'uv_cwd'\n[00f367b0-d2fe-4483-8719-937d62f4d74b/build-1]   | npm ERR! }\n[00f367b0-d2fe-4483-8719-937d62f4d74b/build-1]   | npm ERR! /tmp/ad9c0f7e-1596-11ee-8a50-bb14de238602/jrief-django-formset/node_modules/playwright-core/lib/server/registry/index.js:651\n[00f367b0-d2fe-4483-8719-937d62f4d74b/build-1]   | npm ERR!       throw new Error(`Failed to download ${title}, caused by\\n${e.stack}`);\n[00f367b0-d2fe-4483-8719-937d62f4d74b/build-1]   | npm ERR!             ^\n[00f367b0-d2fe-4483-8719-937d62f4d74b/build-1]   | npm ERR! \n[00f367b0-d2fe-4483-8719-937d62f4d74b/build-1]   | npm ERR! Error: Failed to download FFMPEG playwright build v1009, caused by\n[00f367b0-d2fe-4483-8719-937d62f4d74b/build-1]   | npm ERR! Error: Download failure, code=1\n[00f367b0-d2fe-4483-8719-937d62f4d74b/build-1]   | npm ERR!     at ChildProcess.<anonymous> (/tmp/ad9c0f7e-1596-11ee-8a50-bb14de238602/jrief-django-formset/node_modules/playwright-core/lib/server/registry/browserFetcher.js:95:16)\n[00f367b0-d2fe-4483-8719-937d62f4d74b/build-1]   | npm ERR!     at ChildProcess.emit (node:events:513:28)\n[00f367b0-d2fe-4483-8719-937d62f4d74b/build-1]   | npm ERR!     at Process.ChildProcess._handle.onexit (node:internal/child_process:293:12)\n[00f367b0-d2fe-4483-8719-937d62f4d74b/build-1]   | npm ERR!     at /tmp/ad9c0f7e-1596-11ee-8a50-bb14de238602/jrief-django-formset/node_modules/playwright-core/lib/server/registry/index.js:651:13\n[00f367b0-d2fe-4483-8719-937d62f4d74b/build-1]   | npm ERR!     at async Registry._downloadExecutable (/tmp/ad9c0f7e-1596-11ee-8a50-bb14de238602/jrief-django-formset/node_modules/playwright-core/lib/server/registry/index.js:650:5)\n[00f367b0-d2fe-4483-8719-937d62f4d74b/build-1]   | npm ERR!     at async Registry.install (/tmp/ad9c0f7e-1596-11ee-8a50-bb14de238602/jrief-django-formset/node_modules/playwright-core/lib/server/registry/index.js:614:9)\n[00f367b0-d2fe-4483-8719-937d62f4d74b/build-1]   | npm ERR!     at async installBrowsersForNpmInstall (/tmp/ad9c0f7e-1596-11ee-8a50-bb14de238602/jrief-django-formset/node_modules/playwright-core/lib/server/registry/index.js:790:3)\n[00f367b0-d2fe-4483-8719-937d62f4d74b/build-1]   | \n[00f367b0-d2fe-4483-8719-937d62f4d74b/build-1]   | npm ERR! A complete log of this run can be found in:\n[00f367b0-d2fe-4483-8719-937d62f4d74b/build-1]   | npm ERR!     /home/runneradmin/.npm/_logs/2023-06-28T16_40_27_476Z-debug-0.log\n[00f367b0-d2fe-4483-8719-937d62f4d74b/build-1]   \u274c  Failure - Main Install dependencies\n[00f367b0-d2fe-4483-8719-937d62f4d74b/build-1] exitcode '1': failure\n[00f367b0-d2fe-4483-8719-937d62f4d74b/build-2]   | Chromium 114.0.5735.35 (playwright build v1064) downloaded to /home/runneradmin/.cache/ms-playwright/chromium-1064\n[00f367b0-d2fe-4483-8719-937d62f4d74b/build-2]   | Downloading FFMPEG playwright build v1009 from https://playwright.azureedge.net/builds/ffmpeg/1009/ffmpeg-linux.zip\n[00f367b0-d2fe-4483-8719-937d62f4d74b/build-2]   | internal/modules/cjs/loader.js:892\n[00f367b0-d2fe-4483-8719-937d62f4d74b/build-2]   |   throw err;\n[00f367b0-d2fe-4483-8719-937d62f4d74b/build-2]   |   ^\n[00f367b0-d2fe-4483-8719-937d62f4d74b/build-2]   | \n[00f367b0-d2fe-4483-8719-937d62f4d74b/build-2]   | Error: Cannot find module '/tmp/ad9c0f7e-1596-11ee-8a50-bb14de238602/jrief-django-formset/node_modules/playwright-core/lib/server/registry/oopDownloadMain.js'\n[00f367b0-d2fe-4483-8719-937d62f4d74b/build-2]   |     at Function.Module._resolveFilename (internal/modules/cjs/loader.js:889:15)\n[00f367b0-d2fe-4483-8719-937d62f4d74b/build-2]   |     at Function.Module._load (internal/modules/cjs/loader.js:745:27)\n[00f367b0-d2fe-4483-8719-937d62f4d74b/build-2]   |     at Function.executeUserEntryPoint [as runMain] (internal/modules/run_main.js:76:12)\n[00f367b0-d2fe-4483-8719-937d62f4d74b/build-2]   |     at internal/main/run_main_module.js:17:47 {\n[00f367b0-d2fe-4483-8719-937d62f4d74b/build-2]   |   code: 'MODULE_NOT_FOUND',\n[00f367b0-d2fe-4483-8719-937d62f4d74b/build-2]   |   requireStack: []\n[00f367b0-d2fe-4483-8719-937d62f4d74b/build-2]   | }\n[00f367b0-d2fe-4483-8719-937d62f4d74b/build-2]   | Downloading FFMPEG playwright build v1009 from https://playwright-akamai.azureedge.net/builds/ffmpeg/1009/ffmpeg-linux.zip\n[00f367b0-d2fe-4483-8719-937d62f4d74b/build-2]   | internal/modules/cjs/loader.js:892\n[00f367b0-d2fe-4483-8719-937d62f4d74b/build-2]   |   throw err;\n[00f367b0-d2fe-4483-8719-937d62f4d74b/build-2]   |   ^\n[00f367b0-d2fe-4483-8719-937d62f4d74b/build-2]   | \n[00f367b0-d2fe-4483-8719-937d62f4d74b/build-2]   | Error: Cannot find module '/tmp/ad9c0f7e-1596-11ee-8a50-bb14de238602/jrief-django-formset/node_modules/playwright-core/lib/server/registry/oopDownloadMain.js'\n[00f367b0-d2fe-4483-8719-937d62f4d74b/build-2]   |     at Function.Module._resolveFilename (internal/modules/cjs/loader.js:889:15)\n[00f367b0-d2fe-4483-8719-937d62f4d74b/build-2]   |     at Function.Module._load (internal/modules/cjs/loader.js:745:27)\n[00f367b0-d2fe-4483-8719-937d62f4d74b/build-2]   |     at Function.executeUserEntryPoint [as runMain] (internal/modules/run_main.js:76:12)\n[00f367b0-d2fe-4483-8719-937d62f4d74b/build-2]   |     at internal/main/run_main_module.js:17:47 {\n[00f367b0-d2fe-4483-8719-937d62f4d74b/build-2]   |   code: 'MODULE_NOT_FOUND',\n[00f367b0-d2fe-4483-8719-937d62f4d74b/build-2]   |   requireStack: []\n[00f367b0-d2fe-4483-8719-937d62f4d74b/build-2]   | }\n[00f367b0-d2fe-4483-8719-937d62f4d74b/build-2]   | Downloading FFMPEG playwright build v1009 from https://playwright-verizon.azureedge.net/builds/ffmpeg/1009/ffmpeg-linux.zip\n[00f367b0-d2fe-4483-8719-937d62f4d74b/build-2]   | internal/modules/cjs/loader.js:892\n[00f367b0-d2fe-4483-8719-937d62f4d74b/build-2]   |   throw err;\n[00f367b0-d2fe-4483-8719-937d62f4d74b/build-2]   |   ^\n[00f367b0-d2fe-4483-8719-937d62f4d74b/build-2]   | \n[00f367b0-d2fe-4483-8719-937d62f4d74b/build-2]   | Error: Cannot find module '/tmp/ad9c0f7e-1596-11ee-8a50-bb14de238602/jrief-django-formset/node_modules/playwright-core/lib/server/registry/oopDownloadMain.js'\n[00f367b0-d2fe-4483-8719-937d62f4d74b/build-2]   |     at Function.Module._resolveFilename (internal/modules/cjs/loader.js:889:15)\n[00f367b0-d2fe-4483-8719-937d62f4d74b/build-2]   |     at Function.Module._load (internal/modules/cjs/loader.js:745:27)\n[00f367b0-d2fe-4483-8719-937d62f4d74b/build-2]   |     at Function.executeUserEntryPoint [as runMain] (internal/modules/run_main.js:76:12)\n[00f367b0-d2fe-4483-8719-937d62f4d74b/build-2]   |     at internal/main/run_main_module.js:17:47 {\n[00f367b0-d2fe-4483-8719-937d62f4d74b/build-2]   |   code: 'MODULE_NOT_FOUND',\n[00f367b0-d2fe-4483-8719-937d62f4d74b/build-2]   |   requireStack: []\n[00f367b0-d2fe-4483-8719-937d62f4d74b/build-2]   | }\n[00f367b0-d2fe-4483-8719-937d62f4d74b/build-2]   | (node:79) UnhandledPromiseRejectionWarning: Error: Failed to download FFMPEG playwright build v1009, caused by\n[00f367b0-d2fe-4483-8719-937d62f4d74b/build-2]   | Error: Download failure, code=1\n[00f367b0-d2fe-4483-8719-937d62f4d74b/build-2]   |     at ChildProcess.<anonymous> (/tmp/ad9c0f7e-1596-11ee-8a50-bb14de238602/jrief-django-formset/node_modules/playwright-core/lib/server/registry/browserFetcher.js:95:16)\n[00f367b0-d2fe-4483-8719-937d62f4d74b/build-2]   |     at ChildProcess.emit (events.js:400:28)\n[00f367b0-d2fe-4483-8719-937d62f4d74b/build-2]   |     at Process.ChildProcess._handle.onexit (internal/child_process.js:277:12)\n[00f367b0-d2fe-4483-8719-937d62f4d74b/build-2]   |     at /tmp/ad9c0f7e-1596-11ee-8a50-bb14de238602/jrief-django-formset/node_modules/playwright-core/lib/server/registry/index.js:651:13\n[00f367b0-d2fe-4483-8719-937d62f4d74b/build-2]   |     at async Registry._downloadExecutable (/tmp/ad9c0f7e-1596-11ee-8a50-bb14de238602/jrief-django-formset/node_modules/playwright-core/lib/server/registry/index.js:650:5)\n[00f367b0-d2fe-4483-8719-937d62f4d74b/build-2]   |     at async Registry.install (/tmp/ad9c0f7e-1596-11ee-8a50-bb14de238602/jrief-django-formset/node_modules/playwright-core/lib/server/registry/index.js:614:9)\n[00f367b0-d2fe-4483-8719-937d62f4d74b/build-2]   |     at async installBrowsersForNpmInstall (/tmp/ad9c0f7e-1596-11ee-8a50-bb14de238602/jrief-django-formset/node_modules/playwright-core/lib/server/registry/index.js:790:3)\n[00f367b0-d2fe-4483-8719-937d62f4d74b/build-2]   | (Use `node --trace-warnings ...` to show where the warning was created)\n[00f367b0-d2fe-4483-8719-937d62f4d74b/build-2]   | (node:79) UnhandledPromiseRejectionWarning: Unhandled promise rejection. This error originated either by throwing inside of an async function without a catch block, or by rejecting a promise which was not handled with .catch(). To terminate the node process on unhandled promise rejection, use the CLI flag `--unhandled-rejections=strict` (see https://nodejs.org/api/cli.html#cli_unhandled_rejections_mode). (rejection id: 1)\n[00f367b0-d2fe-4483-8719-937d62f4d74b/build-2]   | (node:79) [DEP0018] DeprecationWarning: Unhandled promise rejections are deprecated. In the future, promise rejections that are not handled will terminate the Node.js process with a non-zero exit code.\n[00f367b0-d2fe-4483-8719-937d62f4d74b/build-2]   | npm WARN Local package.json exists, but node_modules missing, did you mean to install?\n[00f367b0-d2fe-4483-8719-937d62f4d74b/build-2]   | npm WARN optional SKIPPING OPTIONAL DEPENDENCY: @esbuild/android-arm64@0.17.19 (node_modules/@esbuild/android-arm64):\n[00f367b0-d2fe-4483-8719-937d62f4d74b/build-2]   | npm WARN notsup SKIPPING OPTIONAL DEPENDENCY: Unsupported platform for @esbuild/android-arm64@0.17.19: wanted {\"os\":\"android\",\"arch\":\"arm64\"} (current: {\"os\":\"linux\",\"arch\":\"x64\"})\n[00f367b0-d2fe-4483-8719-937d62f4d74b/build-2]   | npm WARN optional SKIPPING OPTIONAL DEPENDENCY: @esbuild/android-arm@0.17.19 (node_modules/@esbuild/android-arm):\n[00f367b0-d2fe-4483-8719-937d62f4d74b/build-2]   | npm WARN notsup SKIPPING OPTIONAL DEPENDENCY: Unsupported platform for @esbuild/android-arm@0.17.19: wanted {\"os\":\"android\",\"arch\":\"arm\"} (current: {\"os\":\"linux\",\"arch\":\"x64\"})\n[00f367b0-d2fe-4483-8719-937d62f4d74b/build-2]   | npm WARN optional SKIPPING OPTIONAL DEPENDENCY: @esbuild/android-x64@0.17.19 (node_modules/@esbuild/android-x64):\n[00f367b0-d2fe-4483-8719-937d62f4d74b/build-2]   | npm WARN notsup SKIPPING OPTIONAL DEPENDENCY: Unsupported platform for @esbuild/android-x64@0.17.19: wanted {\"os\":\"android\",\"arch\":\"x64\"} (current: {\"os\":\"linux\",\"arch\":\"x64\"})\n[00f367b0-d2fe-4483-8719-937d62f4d74b/build-2]   | npm WARN optional SKIPPING OPTIONAL DEPENDENCY: @esbuild/freebsd-x64@0.17.19 (node_modules/@esbuild/freebsd-x64):\n[00f367b0-d2fe-4483-8719-937d62f4d74b/build-2]   | npm WARN notsup SKIPPING OPTIONAL DEPENDENCY: Unsupported platform for @esbuild/freebsd-x64@0.17.19: wanted {\"os\":\"freebsd\",\"arch\":\"x64\"} (current: {\"os\":\"linux\",\"arch\":\"x64\"})\n[00f367b0-d2fe-4483-8719-937d62f4d74b/build-2]   | npm WARN optional SKIPPING OPTIONAL DEPENDENCY: @esbuild/linux-arm@0.17.19 (node_modules/@esbuild/linux-arm):\n[00f367b0-d2fe-4483-8719-937d62f4d74b/build-2]   | npm WARN notsup SKIPPING OPTIONAL DEPENDENCY: Unsupported platform for @esbuild/linux-arm@0.17.19: wanted {\"os\":\"linux\",\"arch\":\"arm\"} (current: {\"os\":\"linux\",\"arch\":\"x64\"})\n[00f367b0-d2fe-4483-8719-937d62f4d74b/build-2]   | npm WARN optional SKIPPING OPTIONAL DEPENDENCY: @esbuild/freebsd-arm64@0.17.19 (node_modules/@esbuild/freebsd-arm64):\n[00f367b0-d2fe-4483-8719-937d62f4d74b/build-2]   | npm WARN notsup SKIPPING OPTIONAL DEPENDENCY: Unsupported platform for @esbuild/freebsd-arm64@0.17.19: wanted {\"os\":\"freebsd\",\"arch\":\"arm64\"} (current: {\"os\":\"linux\",\"arch\":\"x64\"})\n[00f367b0-d2fe-4483-8719-937d62f4d74b/build-2]   | npm WARN optional SKIPPING OPTIONAL DEPENDENCY: @esbuild/linux-mips64el@0.17.19 (node_modules/@esbuild/linux-mips64el):\n[00f367b0-d2fe-4483-8719-937d62f4d74b/build-2]   | npm WARN notsup SKIPPING OPTIONAL DEPENDENCY: Unsupported platform for @esbuild/linux-mips64el@0.17.19: wanted {\"os\":\"linux\",\"arch\":\"mips64el\"} (current: {\"os\":\"linux\",\"arch\":\"x64\"})\n[00f367b0-d2fe-4483-8719-937d62f4d74b/build-2]   | npm WARN optional SKIPPING OPTIONAL DEPENDENCY: @esbuild/linux-arm64@0.17.19 (node_modules/@esbuild/linux-arm64):\n[00f367b0-d2fe-4483-8719-937d62f4d74b/build-2]   | npm WARN notsup SKIPPING OPTIONAL DEPENDENCY: Unsupported platform for @esbuild/linux-arm64@0.17.19: wanted {\"os\":\"linux\",\"arch\":\"arm64\"} (current: {\"os\":\"linux\",\"arch\":\"x64\"})\n[00f367b0-d2fe-4483-8719-937d62f4d74b/build-2]   | npm WARN optional SKIPPING OPTIONAL DEPENDENCY: @esbuild/linux-ppc64@0.17.19 (node_modules/@esbuild/linux-ppc64):\n[00f367b0-d2fe-4483-8719-937d62f4d74b/build-2]   | npm WARN notsup SKIPPING OPTIONAL DEPENDENCY: Unsupported platform for @esbuild/linux-ppc64@0.17.19: wanted {\"os\":\"linux\",\"arch\":\"ppc64\"} (current: {\"os\":\"linux\",\"arch\":\"x64\"})\n[00f367b0-d2fe-4483-8719-937d62f4d74b/build-2]   | npm WARN optional SKIPPING OPTIONAL DEPENDENCY: @esbuild/linux-ia32@0.17.19 (node_modules/@esbuild/linux-ia32):\n[00f367b0-d2fe-4483-8719-937d62f4d74b/build-2]   | npm WARN notsup SKIPPING OPTIONAL DEPENDENCY: Unsupported platform for @esbuild/linux-ia32@0.17.19: wanted {\"os\":\"linux\",\"arch\":\"ia32\"} (current: {\"os\":\"linux\",\"arch\":\"x64\"})\n[00f367b0-d2fe-4483-8719-937d62f4d74b/build-2]   | npm WARN optional SKIPPING OPTIONAL DEPENDENCY: @esbuild/linux-loong64@0.17.19 (node_modules/@esbuild/linux-loong64):\n[00f367b0-d2fe-4483-8719-937d62f4d74b/build-2]   | npm WARN notsup SKIPPING OPTIONAL DEPENDENCY: Unsupported platform for @esbuild/linux-loong64@0.17.19: wanted {\"os\":\"linux\",\"arch\":\"loong64\"} (current: {\"os\":\"linux\",\"arch\":\"x64\"})\n[00f367b0-d2fe-4483-8719-937d62f4d74b/build-2]   | npm WARN optional SKIPPING OPTIONAL DEPENDENCY: @esbuild/linux-riscv64@0.17.19 (node_modules/@esbuild/linux-riscv64):\n[00f367b0-d2fe-4483-8719-937d62f4d74b/build-2]   | npm WARN notsup SKIPPING OPTIONAL DEPENDENCY: Unsupported platform for @esbuild/linux-riscv64@0.17.19: wanted {\"os\":\"linux\",\"arch\":\"riscv64\"} (current: {\"os\":\"linux\",\"arch\":\"x64\"})\n[00f367b0-d2fe-4483-8719-937d62f4d74b/build-2]   | npm WARN optional SKIPPING OPTIONAL DEPENDENCY: @esbuild/linux-s390x@0.17.19 (node_modules/@esbuild/linux-s390x):\n[00f367b0-d2fe-4483-8719-937d62f4d74b/build-2]   | npm WARN notsup SKIPPING OPTIONAL DEPENDENCY: Unsupported platform for @esbuild/linux-s390x@0.17.19: wanted {\"os\":\"linux\",\"arch\":\"s390x\"} (current: {\"os\":\"linux\",\"arch\":\"x64\"})\n[00f367b0-d2fe-4483-8719-937d62f4d74b/build-2]   | npm WARN optional SKIPPING OPTIONAL DEPENDENCY: @esbuild/netbsd-x64@0.17.19 (node_modules/@esbuild/netbsd-x64):\n[00f367b0-d2fe-4483-8719-937d62f4d74b/build-2]   | npm WARN notsup SKIPPING OPTIONAL DEPENDENCY: Unsupported platform for @esbuild/netbsd-x64@0.17.19: wanted {\"os\":\"netbsd\",\"arch\":\"x64\"} (current: {\"os\":\"linux\",\"arch\":\"x64\"})\n[00f367b0-d2fe-4483-8719-937d62f4d74b/build-2]   | npm WARN optional SKIPPING OPTIONAL DEPENDENCY: @esbuild/openbsd-x64@0.17.19 (node_modules/@esbuild/openbsd-x64):\n[00f367b0-d2fe-4483-8719-937d62f4d74b/build-2]   | npm WARN notsup SKIPPING OPTIONAL DEPENDENCY: Unsupported platform for @esbuild/openbsd-x64@0.17.19: wanted {\"os\":\"openbsd\",\"arch\":\"x64\"} (current: {\"os\":\"linux\",\"arch\":\"x64\"})\n[00f367b0-d2fe-4483-8719-937d62f4d74b/build-2]   | npm WARN optional SKIPPING OPTIONAL DEPENDENCY: @esbuild/sunos-x64@0.17.19 (node_modules/@esbuild/sunos-x64):\n[00f367b0-d2fe-4483-8719-937d62f4d74b/build-2]   | npm WARN notsup SKIPPING OPTIONAL DEPENDENCY: Unsupported platform for @esbuild/sunos-x64@0.17.19: wanted {\"os\":\"sunos\",\"arch\":\"x64\"} (current: {\"os\":\"linux\",\"arch\":\"x64\"})\n[00f367b0-d2fe-4483-8719-937d62f4d74b/build-2]   | npm WARN optional SKIPPING OPTIONAL DEPENDENCY: @esbuild/win32-arm64@0.17.19 (node_modules/@esbuild/win32-arm64):\n[00f367b0-d2fe-4483-8719-937d62f4d74b/build-2]   | npm WARN notsup SKIPPING OPTIONAL DEPENDENCY: Unsupported platform for @esbuild/win32-arm64@0.17.19: wanted {\"os\":\"win32\",\"arch\":\"arm64\"} (current: {\"os\":\"linux\",\"arch\":\"x64\"})\n[00f367b0-d2fe-4483-8719-937d62f4d74b/build-2]   | npm WARN optional SKIPPING OPTIONAL DEPENDENCY: @esbuild/win32-ia32@0.17.19 (node_modules/@esbuild/win32-ia32):\n[00f367b0-d2fe-4483-8719-937d62f4d74b/build-2]   | npm WARN notsup SKIPPING OPTIONAL DEPENDENCY: Unsupported platform for @esbuild/win32-ia32@0.17.19: wanted {\"os\":\"win32\",\"arch\":\"ia32\"} (current: {\"os\":\"linux\",\"arch\":\"x64\"})\n[00f367b0-d2fe-4483-8719-937d62f4d74b/build-2]   | npm WARN optional SKIPPING OPTIONAL DEPENDENCY: @esbuild/win32-x64@0.17.19 (node_modules/@esbuild/win32-x64):\n[00f367b0-d2fe-4483-8719-937d62f4d74b/build-2]   | npm WARN notsup SKIPPING OPTIONAL DEPENDENCY: Unsupported platform for @esbuild/win32-x64@0.17.19: wanted {\"os\":\"win32\",\"arch\":\"x64\"} (current: {\"os\":\"linux\",\"arch\":\"x64\"})\n[00f367b0-d2fe-4483-8719-937d62f4d74b/build-2]   | npm WARN optional SKIPPING OPTIONAL DEPENDENCY: @esbuild/darwin-arm64@0.17.19 (node_modules/@esbuild/darwin-arm64):\n[00f367b0-d2fe-4483-8719-937d62f4d74b/build-2]   | npm WARN notsup SKIPPING OPTIONAL DEPENDENCY: Unsupported platform for @esbuild/darwin-arm64@0.17.19: wanted {\"os\":\"darwin\",\"arch\":\"arm64\"} (current: {\"os\":\"linux\",\"arch\":\"x64\"})\n[00f367b0-d2fe-4483-8719-937d62f4d74b/build-2]   | npm WARN optional SKIPPING OPTIONAL DEPENDENCY: @esbuild/darwin-x64@0.17.19 (node_modules/@esbuild/darwin-x64):\n[00f367b0-d2fe-4483-8719-937d62f4d74b/build-2]   | npm WARN notsup SKIPPING OPTIONAL DEPENDENCY: Unsupported platform for @esbuild/darwin-x64@0.17.19: wanted {\"os\":\"darwin\",\"arch\":\"x64\"} (current: {\"os\":\"linux\",\"arch\":\"x64\"})\n[00f367b0-d2fe-4483-8719-937d62f4d74b/build-2]   | npm WARN optional SKIPPING OPTIONAL DEPENDENCY: fsevents@2.3.2 (node_modules/fsevents):\n[00f367b0-d2fe-4483-8719-937d62f4d74b/build-2]   | npm WARN notsup SKIPPING OPTIONAL DEPENDENCY: Unsupported platform for fsevents@2.3.2: wanted {\"os\":\"darwin\",\"arch\":\"any\"} (current: {\"os\":\"linux\",\"arch\":\"x64\"})\n[00f367b0-d2fe-4483-8719-937d62f4d74b/build-2]   | \n[00f367b0-d2fe-4483-8719-937d62f4d74b/build-2]   | npm ERR! code ELIFECYCLE\n[00f367b0-d2fe-4483-8719-937d62f4d74b/build-2]   | npm ERR! errno 1\n[00f367b0-d2fe-4483-8719-937d62f4d74b/build-2]   | npm ERR! playwright@1.34.2 install: `node install.js`\n[00f367b0-d2fe-4483-8719-937d62f4d74b/build-2]   | npm ERR! Exit status 1\n[00f367b0-d2fe-4483-8719-937d62f4d74b/build-2]   | npm ERR! \n[00f367b0-d2fe-4483-8719-937d62f4d74b/build-2]   | npm ERR! Failed at the playwright@1.34.2 install script.\n[00f367b0-d2fe-4483-8719-937d62f4d74b/build-2]   | npm ERR! This is probably not a problem with npm. There is likely additional logging output above.\n[00f367b0-d2fe-4483-8719-937d62f4d74b/build-2]   | \n[00f367b0-d2fe-4483-8719-937d62f4d74b/build-2]   | npm ERR! A complete log of this run can be found in:\n[00f367b0-d2fe-4483-8719-937d62f4d74b/build-2]   | npm ERR!     /home/runneradmin/.npm/_logs/2023-06-28T16_41_05_313Z-debug.log\n[00f367b0-d2fe-4483-8719-937d62f4d74b/build-2]   \u274c  Failure - Main Install dependencies\n[00f367b0-d2fe-4483-8719-937d62f4d74b/build-2] exitcode '1': failure\n[00f367b0-d2fe-4483-8719-937d62f4d74b/build-1] \ud83c\udfc1  Job failed\n[00f367b0-d2fe-4483-8719-937d62f4d74b/build-2] \ud83c\udfc1  Job failed\n",
        "stderr": "Error: Job 'build' failed\n",
        "workflow": "/tmp/ad9c0f7e-1596-11ee-8a50-bb14de238602/jrief-django-formset/.github/workflows/tests-crawler.yml",
        "build_tool": "pytest",
        "elapsed_time": 425.21333742141724
    }
}