{
    "repository": "TNG/keycloak-mock",
    "stars": 102,
    "language": "java",
    "size": 1993,
    "clone_url": "https://github.com/TNG/keycloak-mock.git",
    "timestamp": "2023-06-15T17:36:52.398545Z",
    "clone_success": true,
    "number of actions": 0,
    "number_of_test_actions": 1,
    "actions_successful": false,
    "number_of_actions": 1,
    "actions_build_tools": [
        "gradle"
    ],
    "actions_test_build_tools": [
        "gradle"
    ],
    "actions_data": {
        "failed": true,
        "tests": [],
        "stdout": "[Java CI/build_java17      ] \ud83d\ude80  Start image=crawlergpt:latest\n[Java CI/build_java8       ] \ud83d\ude80  Start image=crawlergpt:latest\n[Java CI/check_commit_hooks] \ud83d\ude80  Start image=crawlergpt:latest\n[Java CI/build_java8       ]   \ud83d\udc33  docker pull image=crawlergpt:latest platform= username= forcePull=false\n[Java CI/build_java17      ]   \ud83d\udc33  docker pull image=crawlergpt:latest platform= username= forcePull=false\n[Java CI/check_commit_hooks]   \ud83d\udc33  docker pull image=crawlergpt:latest platform= username= forcePull=false\n[Java CI/build_java8       ]   \ud83d\udc33  docker create image=crawlergpt:latest platform= entrypoint=[\"tail\" \"-f\" \"/dev/null\"] cmd=[]\n[Java CI/build_java17      ]   \ud83d\udc33  docker create image=crawlergpt:latest platform= entrypoint=[\"tail\" \"-f\" \"/dev/null\"] cmd=[]\n[Java CI/check_commit_hooks]   \ud83d\udc33  docker create image=crawlergpt:latest platform= entrypoint=[\"tail\" \"-f\" \"/dev/null\"] cmd=[]\n[Java CI/build_java8       ]   \ud83d\udc33  docker run image=crawlergpt:latest platform= entrypoint=[\"tail\" \"-f\" \"/dev/null\"] cmd=[]\n[Java CI/check_commit_hooks]   \ud83d\udc33  docker run image=crawlergpt:latest platform= entrypoint=[\"tail\" \"-f\" \"/dev/null\"] cmd=[]\n[Java CI/build_java17      ]   \ud83d\udc33  docker run image=crawlergpt:latest platform= entrypoint=[\"tail\" \"-f\" \"/dev/null\"] cmd=[]\n[Java CI/check_commit_hooks]   \ud83d\udc33  docker exec cmd=[chown -R 1012:1000 /tmp/569e0364-0b80-11ee-a890-af2cc187fc11/TNG-keycloak-mock] user=0 workdir=\n[Java CI/build_java17      ]   \ud83d\udc33  docker exec cmd=[chown -R 1012:1000 /tmp/569e0364-0b80-11ee-a890-af2cc187fc11/TNG-keycloak-mock] user=0 workdir=\n[Java CI/check_commit_hooks]   \u2601  git clone 'https://github.com/actions/setup-python' # ref=v4\n[Java CI/build_java8       ]   \ud83d\udc33  docker exec cmd=[chown -R 1012:1000 /tmp/569e0364-0b80-11ee-a890-af2cc187fc11/TNG-keycloak-mock] user=0 workdir=\n[Java CI/check_commit_hooks] Unable to checkout bd6b4b6205c4dbad673328db7b31b7fab9e241c0: invalid checksum\n[Java CI/build_java17      ]   \u2601  git clone 'https://github.com/actions/setup-java' # ref=v3\n[Java CI/build_java17      ] Non-terminating error while running 'git clone': some refs were not updated\n[Java CI/build_java17      ]   \u2601  git clone 'https://github.com/mikepenz/action-junit-report' # ref=v3\n[Java CI/build_java8       ]   \u2601  git clone 'https://github.com/actions/setup-java' # ref=v3\n[Java CI/build_java17      ]   \u2601  git clone 'https://github.com/actions/upload-artifact' # ref=v3\n[Java CI/build_java8       ] Non-terminating error while running 'git clone': some refs were not updated\n[Java CI/build_java8       ]   \u2601  git clone 'https://github.com/mikepenz/action-junit-report' # ref=v3\n[Java CI/check_commit_hooks] \ud83c\udfc1  Job succeeded\n[Java CI/build_java17      ] \u2b50 Run Main Check out\n[Java CI/build_java17      ]   \u2705  Success - Main Check out\n[Java CI/build_java8       ] \u2b50 Run Main Check out\n[Java CI/build_java8       ]   \u2705  Success - Main Check out\n[Java CI/build_java17      ] \u2b50 Run Main Set up JDK 17\n[Java CI/build_java17      ]   \ud83d\udc33  docker cp src=/home/andre-silva/.cache/act/actions-setup-java@v3/ dst=/var/run/act/actions/actions-setup-java@v3/\n[Java CI/build_java8       ] \u2b50 Run Main Set up JDK 8\n[Java CI/build_java17      ]   \ud83d\udc33  docker exec cmd=[chown -R 1012:1000 /var/run/act/actions/actions-setup-java@v3/] user=0 workdir=\n[Java CI/build_java8       ]   \ud83d\udc33  docker cp src=/home/andre-silva/.cache/act/actions-setup-java@v3/ dst=/var/run/act/actions/actions-setup-java@v3/\n[Java CI/build_java17      ]   \ud83d\udc33  docker exec cmd=[node /var/run/act/actions/actions-setup-java@v3/dist/setup/index.js] user= workdir=\n[Java CI/build_java8       ]   \ud83d\udc33  docker exec cmd=[chown -R 1012:1000 /var/run/act/actions/actions-setup-java@v3/] user=0 workdir=\n[Java CI/build_java17      ]   \u2753  ::group::Installed distributions\n[Java CI/build_java17      ]   | Trying to resolve the latest version from remote\n[Java CI/build_java8       ]   \ud83d\udc33  docker exec cmd=[node /var/run/act/actions/actions-setup-java@v3/dist/setup/index.js] user= workdir=\n[Java CI/build_java8       ]   \u2753  ::group::Installed distributions\n[Java CI/build_java8       ]   | Trying to resolve the latest version from remote\n[Java CI/build_java17      ]   | Resolved latest version as 17.0.7+7\n[Java CI/build_java17      ]   | Trying to download...\n[Java CI/build_java17      ]   | Downloading Java 17.0.7+7 (Temurin-Hotspot) from https://github.com/adoptium/temurin17-binaries/releases/download/jdk-17.0.7%2B7/OpenJDK17U-jdk_x64_linux_hotspot_17.0.7_7.tar.gz ...\n[Java CI/build_java17      ]   \ud83d\udcac  ::debug::Downloading https://github.com/adoptium/temurin17-binaries/releases/download/jdk-17.0.7%252B7/OpenJDK17U-jdk_x64_linux_hotspot_17.0.7_7.tar.gz\n[Java CI/build_java17      ]   \ud83d\udcac  ::debug::Destination /tmp/d46dde06-7e0c-4358-824d-e64b23de68dc\n[Java CI/build_java8       ]   | Resolved latest version as 8.0.372+7\n[Java CI/build_java8       ]   | Trying to download...\n[Java CI/build_java8       ]   | Downloading Java 8.0.372+7 (Temurin-Hotspot) from https://github.com/adoptium/temurin8-binaries/releases/download/jdk8u372-b07/OpenJDK8U-jdk_x64_linux_hotspot_8u372b07.tar.gz ...\n[Java CI/build_java8       ]   \ud83d\udcac  ::debug::Downloading https://github.com/adoptium/temurin8-binaries/releases/download/jdk8u372-b07/OpenJDK8U-jdk_x64_linux_hotspot_8u372b07.tar.gz\n[Java CI/build_java8       ]   \ud83d\udcac  ::debug::Destination /tmp/9c39911e-6a5b-44a5-9899-8a8be82c93ef\n[Java CI/build_java17      ]   \ud83d\udcac  ::debug::download complete\n[Java CI/build_java17      ]   | Extracting Java archive...\n[Java CI/build_java17      ]   \ud83d\udcac  ::debug::Checking tar --version\n[Java CI/build_java17      ]   \ud83d\udcac  ::debug::tar (GNU tar) 1.30%0ACopyright (C) 2017 Free Software Foundation, Inc.%0ALicense GPLv3+: GNU GPL version 3 or later <https://gnu.org/licenses/gpl.html>.%0AThis is free software: you are free to change and redistribute it.%0AThere is NO WARRANTY, to the extent permitted by law.%0A%0AWritten by John Gilmore and Jay Fenlason.\n[Java CI/build_java17      ]   | [command]/usr/bin/tar xz --warning=no-unknown-keyword -C /tmp/a63bc119-3466-4473-93fb-c86eabe6251a -f /tmp/d46dde06-7e0c-4358-824d-e64b23de68dc\n[Java CI/build_java8       ]   \ud83d\udcac  ::debug::download complete\n[Java CI/build_java8       ]   | Extracting Java archive...\n[Java CI/build_java8       ]   \ud83d\udcac  ::debug::Checking tar --version\n[Java CI/build_java8       ]   \ud83d\udcac  ::debug::tar (GNU tar) 1.30%0ACopyright (C) 2017 Free Software Foundation, Inc.%0ALicense GPLv3+: GNU GPL version 3 or later <https://gnu.org/licenses/gpl.html>.%0AThis is free software: you are free to change and redistribute it.%0AThere is NO WARRANTY, to the extent permitted by law.%0A%0AWritten by John Gilmore and Jay Fenlason.\n[Java CI/build_java8       ]   | [command]/usr/bin/tar xz --warning=no-unknown-keyword -C /tmp/416992b7-4660-4a07-aefc-070e467f5722 -f /tmp/9c39911e-6a5b-44a5-9899-8a8be82c93ef\n[Java CI/build_java17      ]   \ud83d\udcac  ::debug::Caching tool Java_Temurin-Hotspot_jdk 17.0.7-7 x64\n[Java CI/build_java17      ]   \ud83d\udcac  ::debug::source dir: /tmp/a63bc119-3466-4473-93fb-c86eabe6251a/jdk-17.0.7+7\n[Java CI/build_java17      ]   \ud83d\udcac  ::debug::destination /opt/hostedtoolcache/Java_Temurin-Hotspot_jdk/17.0.7-7/x64\n[Java CI/build_java8       ]   \ud83d\udcac  ::debug::Caching tool Java_Temurin-Hotspot_jdk 8.0.372-7 x64\n[Java CI/build_java8       ]   \ud83d\udcac  ::debug::source dir: /tmp/416992b7-4660-4a07-aefc-070e467f5722/jdk8u372-b07\n[Java CI/build_java8       ]   \ud83d\udcac  ::debug::destination /opt/hostedtoolcache/Java_Temurin-Hotspot_jdk/8.0.372-7/x64\n[Java CI/build_java17      ]   \ud83d\udcac  ::debug::finished caching tool\n[Java CI/build_java17      ]   | Java 17.0.7+7 was downloaded\n[Java CI/build_java17      ]   | Setting Java 17.0.7+7 as the default\n[Java CI/build_java17      ]   | Creating toolchains.xml for JDK version 17 from temurin\n[Java CI/build_java17      ]   | Writing to /home/runneradmin/.m2/toolchains.xml\n[Java CI/build_java17      ]   | \n[Java CI/build_java17      ]   | Java configuration:\n[Java CI/build_java17      ]   |   Distribution: temurin\n[Java CI/build_java17      ]   |   Version: 17.0.7+7\n[Java CI/build_java17      ]   |   Path: /opt/hostedtoolcache/Java_Temurin-Hotspot_jdk/17.0.7-7/x64\n[Java CI/build_java17      ]   | \n[Java CI/build_java17      ]   \u2753  ::endgroup::\n[Java CI/build_java17      ]   \u2753 add-matcher /run/act/actions/actions-setup-java@v3/.github/java.json\n[Java CI/build_java17      ]   | Creating settings.xml with server-id: github\n[Java CI/build_java17      ]   | Writing to /home/runneradmin/.m2/settings.xml\n[Java CI/build_java17      ]   \u2705  Success - Main Set up JDK 17\n[Java CI/build_java17      ]   \u2699  ::set-env:: JAVA_HOME=/opt/hostedtoolcache/Java_Temurin-Hotspot_jdk/17.0.7-7/x64\n[Java CI/build_java17      ]   \u2699  ::set-env:: JAVA_HOME_17_X64=/opt/hostedtoolcache/Java_Temurin-Hotspot_jdk/17.0.7-7/x64\n[Java CI/build_java8       ]   \ud83d\udcac  ::debug::finished caching tool\n[Java CI/build_java8       ]   | Java 8.0.372+7 was downloaded\n[Java CI/build_java8       ]   | Setting Java 8.0.372+7 as the default\n[Java CI/build_java8       ]   | Creating toolchains.xml for JDK version 8 from temurin\n[Java CI/build_java8       ]   | Writing to /home/runneradmin/.m2/toolchains.xml\n[Java CI/build_java8       ]   | \n[Java CI/build_java8       ]   | Java configuration:\n[Java CI/build_java8       ]   |   Distribution: temurin\n[Java CI/build_java8       ]   |   Version: 8.0.372+7\n[Java CI/build_java8       ]   |   Path: /opt/hostedtoolcache/Java_Temurin-Hotspot_jdk/8.0.372-7/x64\n[Java CI/build_java8       ]   | \n[Java CI/build_java8       ]   \u2753  ::endgroup::\n[Java CI/build_java8       ]   \u2753 add-matcher /run/act/actions/actions-setup-java@v3/.github/java.json\n[Java CI/build_java8       ]   | Creating settings.xml with server-id: github\n[Java CI/build_java8       ]   | Writing to /home/runneradmin/.m2/settings.xml\n[Java CI/build_java8       ]   \u2705  Success - Main Set up JDK 8\n[Java CI/build_java17      ]   \u2699  ::set-output:: version=17.0.7+7\n[Java CI/build_java17      ]   \u2699  ::set-output:: distribution=Temurin-Hotspot\n[Java CI/build_java17      ]   \u2699  ::set-output:: path=/opt/hostedtoolcache/Java_Temurin-Hotspot_jdk/17.0.7-7/x64\n[Java CI/build_java17      ]   \u2699  ::add-path:: /opt/hostedtoolcache/Java_Temurin-Hotspot_jdk/17.0.7-7/x64/bin\n[Java CI/build_java8       ]   \u2699  ::set-env:: JAVA_HOME=/opt/hostedtoolcache/Java_Temurin-Hotspot_jdk/8.0.372-7/x64\n[Java CI/build_java8       ]   \u2699  ::set-env:: JAVA_HOME_8_X64=/opt/hostedtoolcache/Java_Temurin-Hotspot_jdk/8.0.372-7/x64\n[Java CI/build_java17      ] \u2b50 Run Main Build with Gradle\n[Java CI/build_java8       ]   \u2699  ::set-output:: version=8.0.372+7\n[Java CI/build_java8       ]   \u2699  ::set-output:: distribution=Temurin-Hotspot\n[Java CI/build_java8       ]   \u2699  ::set-output:: path=/opt/hostedtoolcache/Java_Temurin-Hotspot_jdk/8.0.372-7/x64\n[Java CI/build_java8       ]   \u2699  ::add-path:: /opt/hostedtoolcache/Java_Temurin-Hotspot_jdk/8.0.372-7/x64/bin\n[Java CI/build_java8       ] \u2b50 Run Main Build with Gradle\n[Java CI/build_java17      ]   \ud83d\udc33  docker exec cmd=[bash --noprofile --norc -e -o pipefail /var/run/act/workflow/2] user= workdir=\n[Java CI/build_java8       ]   \ud83d\udc33  docker exec cmd=[bash --noprofile --norc -e -o pipefail /var/run/act/workflow/2] user= workdir=\n[Java CI/build_java17      ]   | Downloading https://services.gradle.org/distributions/gradle-7.6-all.zip\n[Java CI/build_java8       ]   | Downloading https://services.gradle.org/distributions/gradle-7.6-all.zip\n[Java CI/build_java17      ]   | ...............10%................20%................30%................40%...............50%................60%................70%................80%...............90%................100%\n[Java CI/build_java8       ]   | ...............10%................20%................30%................40%...............50%................60%................70%................80%...............90%................100%\n[Java CI/build_java17      ]   | \n[Java CI/build_java17      ]   | Welcome to Gradle 7.6!\n[Java CI/build_java17      ]   | \n[Java CI/build_java17      ]   | Here are the highlights of this release:\n[Java CI/build_java17      ]   |  - Added support for Java 19.\n[Java CI/build_java17      ]   |  - Introduced `--rerun` flag for individual task rerun.\n[Java CI/build_java17      ]   |  - Improved dependency block for test suites to be strongly typed.\n[Java CI/build_java17      ]   |  - Added a pluggable system for Java toolchains provisioning.\n[Java CI/build_java17      ]   | \n[Java CI/build_java17      ]   | For more details see https://docs.gradle.org/7.6/release-notes.html\n[Java CI/build_java17      ]   | \n[Java CI/build_java17      ]   | Starting a Gradle Daemon (subsequent builds will be faster)\n[Java CI/build_java8       ]   | \n[Java CI/build_java8       ]   | Welcome to Gradle 7.6!\n[Java CI/build_java8       ]   | \n[Java CI/build_java8       ]   | Here are the highlights of this release:\n[Java CI/build_java8       ]   |  - Added support for Java 19.\n[Java CI/build_java8       ]   |  - Introduced `--rerun` flag for individual task rerun.\n[Java CI/build_java8       ]   |  - Improved dependency block for test suites to be strongly typed.\n[Java CI/build_java8       ]   |  - Added a pluggable system for Java toolchains provisioning.\n[Java CI/build_java8       ]   | \n[Java CI/build_java8       ]   | For more details see https://docs.gradle.org/7.6/release-notes.html\n[Java CI/build_java8       ]   | \n[Java CI/build_java8       ]   | Starting a Gradle Daemon (subsequent builds will be faster)\n[Java CI/build_java17      ]   | > Task :example-backend:compileJava\n[Java CI/build_java8       ]   | \n[Java CI/build_java8       ]   | FAILURE: Build failed with an exception.\n[Java CI/build_java8       ]   | \n[Java CI/build_java8       ]   | * What went wrong:\n[Java CI/build_java8       ]   | Gradle could not start your build.\n[Java CI/build_java8       ]   | > Could not create service of type ChecksumService using BuildSessionScopeServices.createChecksumService().\n[Java CI/build_java8       ]   |    > Timeout waiting to lock checksums cache (/tmp/569e0364-0b80-11ee-a890-af2cc187fc11/TNG-keycloak-mock/.gradle/7.6/checksums). It is currently in use by another Gradle instance.\n[Java CI/build_java8       ]   |      Owner PID: 117\n[Java CI/build_java8       ]   |      Our PID: 184\n[Java CI/build_java8       ]   |      Owner Operation: \n[Java CI/build_java8       ]   |      Our operation: \n[Java CI/build_java8       ]   |      Lock file: /tmp/569e0364-0b80-11ee-a890-af2cc187fc11/TNG-keycloak-mock/.gradle/7.6/checksums/checksums.lock\n[Java CI/build_java8       ]   | \n[Java CI/build_java8       ]   | * Try:\n[Java CI/build_java8       ]   | > Run with --stacktrace option to get the stack trace.\n[Java CI/build_java8       ]   | > Run with --info or --debug option to get more log output.\n[Java CI/build_java8       ]   | > Run with --scan to get full insights.\n[Java CI/build_java8       ]   | \n[Java CI/build_java8       ]   | * Get more help at https://help.gradle.org\n[Java CI/build_java8       ]   | \n[Java CI/build_java8       ]   | BUILD FAILED in 1m 14s\n[Java CI/build_java8       ]   \u274c  Failure - Main Build with Gradle\n[Java CI/build_java8       ] exitcode '1': failure\n[Java CI/build_java17      ]   | > Task :example-frontend-react:nodeSetup\n[Java CI/build_java8       ] \u2b50 Run Main Publish test report\n[Java CI/build_java8       ]   \ud83d\udc33  docker cp src=/home/andre-silva/.cache/act/mikepenz-action-junit-report@v3/ dst=/var/run/act/actions/mikepenz-action-junit-report@v3/\n[Java CI/build_java8       ]   \ud83d\udc33  docker exec cmd=[chown -R 1012:1000 /var/run/act/actions/mikepenz-action-junit-report@v3/] user=0 workdir=\n[Java CI/build_java17      ]   | > Task :example-frontend-react:copyNode\n[Java CI/build_java8       ]   \ud83d\udc33  docker exec cmd=[node /var/run/act/actions/mikepenz-action-junit-report@v3/dist/index.js] user= workdir=\n[Java CI/build_java17      ]   | \n[Java CI/build_java17      ]   | > Task :example-frontend-react:yarnSetup\n[Java CI/build_java17      ]   | \n[Java CI/build_java17      ]   | added 1 package, and audited 2 packages in 1s\n[Java CI/build_java17      ]   | \n[Java CI/build_java17      ]   | found 0 vulnerabilities\n[Java CI/build_java17      ]   | \n[Java CI/build_java17      ]   | > Task :example-frontend-react:copyYarn\n[Java CI/build_java8       ]   \u2753  ::group::\ud83d\udcd8 Reading input values\n[Java CI/build_java8       ]   \u2753  ::endgroup::\n[Java CI/build_java8       ]   \u2753  ::group::\ud83d\udce6 Process test results\n[Java CI/build_java8       ]   | Retrieved 1 reports to process.\n[Java CI/build_java8       ]   \ud83d\udcac  ::debug::Process test report for: **/build/test-results/test/TEST-*.xml (JUnit Test Report (Java 8))\n[Java CI/build_java8       ]   \ud83d\udcac  ::debug::followSymbolicLinks 'false'\n[Java CI/build_java8       ]   \ud83d\udcac  ::debug::followSymbolicLinks 'false'\n[Java CI/build_java8       ]   \ud83d\udcac  ::debug::implicitDescendants 'true'\n[Java CI/build_java8       ]   \ud83d\udcac  ::debug::matchDirectories 'true'\n[Java CI/build_java8       ]   \ud83d\udcac  ::debug::omitBrokenSymbolicLinks 'true'\n[Java CI/build_java8       ]   \ud83d\udcac  ::debug::Search path '/tmp/569e0364-0b80-11ee-a890-af2cc187fc11/TNG-keycloak-mock'\n[Java CI/build_java17      ]   | \n[Java CI/build_java17      ]   | > Task :example-frontend-react:yarn_install\n[Java CI/build_java17      ]   | yarn install v1.22.18\n[Java CI/build_java17      ]   | [1/4] Resolving packages...\n[Java CI/build_java17      ]   | [2/4] Fetching packages...\n[Java CI/build_java8       ]   | \u2139\ufe0f Posting with conclusion 'success' to refs/tags/v0.15.0 (sha: b5ddf5586ec856babe368a2332981200db803fad)\n[Java CI/build_java8       ]   \u2753  ::endgroup::\n[Java CI/build_java8       ]   \u2753  ::group::\ud83d\ude80 Publish results\n[Java CI/build_java8       ]   | \u2139\ufe0f - JUnit Test Report (Java 8) - No test results found!\n[Java CI/build_java8       ]   \ud83d\udcac  ::debug::{%0A  \"owner\": \"TNG\",%0A  \"repo\": \"keycloak-mock\",%0A  \"name\": \"JUnit Test Report (Java 8)\",%0A  \"head_sha\": \"b5ddf5586ec856babe368a2332981200db803fad\",%0A  \"status\": \"completed\",%0A  \"conclusion\": \"success\",%0A  \"output\": {%0A    \"title\": \"No test results found!\",%0A    \"summary\": \"\",%0A    \"annotations\": []%0A  }%0A}\n[Java CI/build_java8       ]   | \u2139\ufe0f - JUnit Test Report (Java 8) - Creating check for\n[Java CI/build_java8       ]   \u2757  ::error::\u274c Failed to create checks using the provided token. (HttpError: You must authenticate via a GitHub App.)\n[Java CI/build_java8       ]   \ud83d\udea7  ::warning::\u26a0\ufe0f This usually indicates insufficient permissions. More details: https://github.com/mikepenz/action-junit-report/issues/23\n[Java CI/build_java8       ]   \u2753  ::endgroup::\n[Java CI/build_java8       ]   \u2705  Success - Main Publish test report\n[Java CI/build_java8       ]   \u2699  ::set-output:: failed=0\n[Java CI/build_java8       ]   \u2699  ::set-output:: total=0\n[Java CI/build_java8       ]   \u2699  ::set-output:: passed=0\n[Java CI/build_java8       ]   \u2699  ::set-output:: skipped=0\n[Java CI/build_java8       ] \u2b50 Run Post Set up JDK 8\n[Java CI/build_java8       ]   \ud83d\udc33  docker exec cmd=[node /var/run/act/actions/actions-setup-java@v3/dist/cleanup/index.js] user= workdir=\n[Java CI/build_java8       ]   \u2705  Success - Post Set up JDK 8\n[Java CI/build_java8       ] \ud83c\udfc1  Job failed\n[Java CI/build_java17      ]   | [3/4] Linking dependencies...\n[Java CI/build_java17      ]   | warning \"react-scripts > tailwindcss@3.0.13\" has unmet peer dependency \"autoprefixer@^10.0.2\".\n[Java CI/build_java17      ]   | warning \"react-scripts > eslint-config-react-app > eslint-plugin-flowtype@8.0.3\" has unmet peer dependency \"@babel/plugin-syntax-flow@^7.14.5\".\n[Java CI/build_java17      ]   | warning \"react-scripts > eslint-config-react-app > eslint-plugin-flowtype@8.0.3\" has unmet peer dependency \"@babel/plugin-transform-react-jsx@^7.14.9\".\n[Java CI/build_java17      ]   | warning \"react-scripts > react-dev-utils > fork-ts-checker-webpack-plugin@6.5.0\" has unmet peer dependency \"typescript@>= 2.7\".\n[Java CI/build_java17      ]   | warning \"react-scripts > eslint-config-react-app > @typescript-eslint/eslint-plugin > tsutils@3.21.0\" has unmet peer dependency \"typescript@>=2.8.0 || >= 3.2.0-dev || >= 3.3.0-dev || >= 3.4.0-dev || >= 3.5.0-dev || >= 3.6.0-dev || >= 3.6.0-beta || >= 3.7.0-dev || >= 3.7.0-beta\".\n[Java CI/build_java17      ]   | warning \" > cypress-keycloak@2.0.0\" has incorrect peer dependency \"cypress@^6.5.0 || ^7.0.0 || ^8.0.0 || ^9.0.0 || ^10.0.0\".\n[Java CI/build_java17      ]   | [4/4] Building fresh packages...\n[Java CI/build_java17      ]   | Done in 96.56s.\n[Java CI/build_java17      ]   | \n[Java CI/build_java17      ]   | > Task :example-frontend-react:yarn_build\n[Java CI/build_java17      ]   | yarn run v1.22.18\n[Java CI/build_java17      ]   | $ react-scripts build\n[Java CI/build_java17      ]   | Creating an optimized production build...\n[Java CI/build_java17      ]   | Browserslist: caniuse-lite is outdated. Please run:\n[Java CI/build_java17      ]   |   npx browserslist@latest --update-db\n[Java CI/build_java17      ]   |   Why you should do it regularly: https://github.com/browserslist/browserslist#browsers-data-updating\n[Java CI/build_java17      ]   | Browserslist: caniuse-lite is outdated. Please run:\n[Java CI/build_java17      ]   |   npx browserslist@latest --update-db\n[Java CI/build_java17      ]   |   Why you should do it regularly: https://github.com/browserslist/browserslist#browsers-data-updating\n[Java CI/build_java17      ]   | Compiled successfully.\n[Java CI/build_java17      ]   | \n[Java CI/build_java17      ]   | File sizes after gzip:\n[Java CI/build_java17      ]   | \n[Java CI/build_java17      ]   |   67.95 kB  build/static/js/main.e02c2ffc.js\n[Java CI/build_java17      ]   |   505 B     build/static/css/main.2a687e91.css\n[Java CI/build_java17      ]   | \n[Java CI/build_java17      ]   | The project was built assuming it is hosted at /.\n[Java CI/build_java17      ]   | You can control this with the homepage field in your package.json.\n[Java CI/build_java17      ]   | \n[Java CI/build_java17      ]   | The build folder is ready to be deployed.\n[Java CI/build_java17      ]   | You may serve it with a static server:\n[Java CI/build_java17      ]   | \n[Java CI/build_java17      ]   |   yarn global add serve\n[Java CI/build_java17      ]   |   serve -s build\n[Java CI/build_java17      ]   | \n[Java CI/build_java17      ]   | Find out more about deployment here:\n[Java CI/build_java17      ]   | \n[Java CI/build_java17      ]   |   https://cra.link/deployment\n[Java CI/build_java17      ]   | \n[Java CI/build_java17      ]   | Done in 15.83s.\n[Java CI/build_java17      ]   | \n[Java CI/build_java17      ]   | > Task :example-backend:prepareFrontend\n[Java CI/build_java17      ]   | > Task :example-backend:processResources\n[Java CI/build_java17      ]   | > Task :example-backend:classes\n[Java CI/build_java17      ]   | > Task :example-backend:bootJarMainClassName\n[Java CI/build_java17      ]   | > Task :example-backend:bootJar\n[Java CI/build_java17      ]   | > Task :example-backend:jar\n[Java CI/build_java17      ]   | > Task :example-backend:assemble\n[Java CI/build_java17      ]   | > Task :mock:compileJava\n[Java CI/build_java17      ]   | > Task :mock-junit:compileJava\n[Java CI/build_java17      ]   | > Task :mock-junit5:compileJava\n[Java CI/build_java17      ]   | \n[Java CI/build_java17      ]   | > Task :example-backend:compileTestJava\n[Java CI/build_java17      ]   | Note: Some input files use or override a deprecated API.\n[Java CI/build_java17      ]   | Note: Recompile with -Xlint:deprecation for details.\n[Java CI/build_java17      ]   | \n[Java CI/build_java17      ]   | > Task :example-backend:processTestResources NO-SOURCE\n[Java CI/build_java17      ]   | > Task :example-backend:testClasses\n[Java CI/build_java17      ]   | > Task :mock:addResources\n[Java CI/build_java17      ]   | > Task :mock:processResources\n[Java CI/build_java17      ]   | > Task :mock:classes\n[Java CI/build_java17      ]   | > Task :mock:jar\n[Java CI/build_java17      ]   | > Task :mock-junit:processResources NO-SOURCE\n[Java CI/build_java17      ]   | > Task :mock-junit:classes\n[Java CI/build_java17      ]   | > Task :mock-junit:jar\n[Java CI/build_java17      ]   | > Task :mock-junit5:processResources NO-SOURCE\n[Java CI/build_java17      ]   | > Task :mock-junit5:classes\n[Java CI/build_java17      ]   | > Task :mock-junit5:jar\n[Java CI/build_java17      ]   | \n[Java CI/build_java17      ]   | > Task :example-backend:test\n[Java CI/build_java17      ]   | Running test: Test no_authentication_fails()(com.tngtech.keycloakmock.examplebackend.AuthenticationJUnit5Test)\n[Java CI/build_java17      ]   | \n[Java CI/build_java17      ]   | AuthenticationJUnit5Test > no_authentication_fails() PASSED\n[Java CI/build_java17      ]   | Running test: Test authentication_with_role_works()(com.tngtech.keycloakmock.examplebackend.AuthenticationJUnit5Test)\n[Java CI/build_java17      ]   | \n[Java CI/build_java17      ]   | AuthenticationJUnit5Test > authentication_with_role_works() PASSED\n[Java CI/build_java17      ]   | Running test: Test authentication_works()(com.tngtech.keycloakmock.examplebackend.AuthenticationJUnit5Test)\n[Java CI/build_java17      ]   | \n[Java CI/build_java17      ]   | AuthenticationJUnit5Test > authentication_works() PASSED\n[Java CI/build_java17      ]   | Running test: Test authentication_without_role_fails()(com.tngtech.keycloakmock.examplebackend.AuthenticationJUnit5Test)\n[Java CI/build_java17      ]   | \n[Java CI/build_java17      ]   | AuthenticationJUnit5Test > authentication_without_role_fails() PASSED\n[Java CI/build_java17      ]   | Running test: Test no_authentication_fails(com.tngtech.keycloakmock.examplebackend.AuthenticationJUnit4Test)\n[Java CI/build_java17      ]   | \n[Java CI/build_java17      ]   | AuthenticationJUnit4Test > no_authentication_fails PASSED\n[Java CI/build_java17      ]   | Running test: Test authentication_with_role_works(com.tngtech.keycloakmock.examplebackend.AuthenticationJUnit4Test)\n[Java CI/build_java17      ]   | \n[Java CI/build_java17      ]   | AuthenticationJUnit4Test > authentication_with_role_works PASSED\n[Java CI/build_java17      ]   | Running test: Test authentication_works(com.tngtech.keycloakmock.examplebackend.AuthenticationJUnit4Test)\n[Java CI/build_java17      ]   | \n[Java CI/build_java17      ]   | AuthenticationJUnit4Test > authentication_works PASSED\n[Java CI/build_java17      ]   | Running test: Test authentication_without_role_fails(com.tngtech.keycloakmock.examplebackend.AuthenticationJUnit4Test)\n[Java CI/build_java17      ]   | \n[Java CI/build_java17      ]   | AuthenticationJUnit4Test > authentication_without_role_fails PASSED\n[Java CI/build_java17      ]   | \n[Java CI/build_java17      ]   | > Task :example-backend:check\n[Java CI/build_java17      ]   | > Task :example-backend:build\n[Java CI/build_java17      ]   | > Task :example-frontend-react:build\n[Java CI/build_java17      ]   | > Task :mock:assemble\n[Java CI/build_java17      ]   | > Task :mock:compileTestJava\n[Java CI/build_java17      ]   | > Task :mock:processTestResources\n[Java CI/build_java17      ]   | > Task :mock:testClasses\n[Java CI/build_java17      ]   | \n[Java CI/build_java17      ]   | > Task :mock:test\n[Java CI/build_java17      ]   | Running test: Test well_known_configuration_works()(com.tngtech.keycloakmock.api.KeycloakMockIntegrationTest)\n[Java CI/build_java17      ]   | \n[Java CI/build_java17      ]   | KeycloakMockIntegrationTest > well_known_configuration_works() PASSED\n[Java CI/build_java17      ]   | Running test: Test generated_token_is_valid()(com.tngtech.keycloakmock.api.KeycloakMockIntegrationTest)\n[Java CI/build_java17      ]   | \n[Java CI/build_java17      ]   | KeycloakMockIntegrationTest > generated_token_is_valid() PASSED\n[Java CI/build_java17      ]   | Running test: Test mock_server_endpoint_is_correctly_configured(int, boolean)[1](com.tngtech.keycloakmock.api.KeycloakMockIntegrationTest)\n[Java CI/build_java17      ]   | \n[Java CI/build_java17      ]   | KeycloakMockIntegrationTest > mock_server_endpoint_is_correctly_configured(int, boolean) > com.tngtech.keycloakmock.api.KeycloakMockIntegrationTest.mock_server_endpoint_is_correctly_configured(int, boolean)[1] PASSED\n[Java CI/build_java17      ]   | Running test: Test mock_server_endpoint_is_correctly_configured(int, boolean)[2](com.tngtech.keycloakmock.api.KeycloakMockIntegrationTest)\n[Java CI/build_java17      ]   | \n[Java CI/build_java17      ]   | KeycloakMockIntegrationTest > mock_server_endpoint_is_correctly_configured(int, boolean) > com.tngtech.keycloakmock.api.KeycloakMockIntegrationTest.mock_server_endpoint_is_correctly_configured(int, boolean)[2] PASSED\n[Java CI/build_java17      ]   | Running test: Test mock_server_properly_returns_resources(String, ContentType, String)[1](com.tngtech.keycloakmock.api.KeycloakMockIntegrationTest)\n[Java CI/build_java17      ]   | \n[Java CI/build_java17      ]   | KeycloakMockIntegrationTest > mock_server_properly_returns_resources(String, ContentType, String) > com.tngtech.keycloakmock.api.KeycloakMockIntegrationTest.mock_server_properly_returns_resources(String, ContentType, String)[1] PASSED\n[Java CI/build_java17      ]   | Running test: Test mock_server_properly_returns_resources(String, ContentType, String)[2](com.tngtech.keycloakmock.api.KeycloakMockIntegrationTest)\n[Java CI/build_java17      ]   | \n[Java CI/build_java17      ]   | KeycloakMockIntegrationTest > mock_server_properly_returns_resources(String, ContentType, String) > com.tngtech.keycloakmock.api.KeycloakMockIntegrationTest.mock_server_properly_returns_resources(String, ContentType, String)[2] PASSED\n[Java CI/build_java17      ]   | Running test: Test mock_server_properly_returns_resources(String, ContentType, String)[3](com.tngtech.keycloakmock.api.KeycloakMockIntegrationTest)\n[Java CI/build_java17      ]   | \n[Java CI/build_java17      ]   | KeycloakMockIntegrationTest > mock_server_properly_returns_resources(String, ContentType, String) > com.tngtech.keycloakmock.api.KeycloakMockIntegrationTest.mock_server_properly_returns_resources(String, ContentType, String)[3] PASSED\n[Java CI/build_java17      ]   | Running test: Test mock_server_properly_returns_resources(String, ContentType, String)[4](com.tngtech.keycloakmock.api.KeycloakMockIntegrationTest)\n[Java CI/build_java17      ]   | \n[Java CI/build_java17      ]   | KeycloakMockIntegrationTest > mock_server_properly_returns_resources(String, ContentType, String) > com.tngtech.keycloakmock.api.KeycloakMockIntegrationTest.mock_server_properly_returns_resources(String, ContentType, String)[4] PASSED\n[Java CI/build_java17      ]   | Running test: Test mock_server_fails_when_port_is_claimed()(com.tngtech.keycloakmock.api.KeycloakMockIntegrationTest)\n[Java CI/build_java17      ]   | \n[Java CI/build_java17      ]   | KeycloakMockIntegrationTest > mock_server_fails_when_port_is_claimed() PASSED\n[Java CI/build_java17      ]   | Running test: Test mock_server_login_with_resource_owner_password_credentials_flow_works()(com.tngtech.keycloakmock.api.KeycloakMockIntegrationTest)\n[Java CI/build_java17      ]   | \n[Java CI/build_java17      ]   | KeycloakMockIntegrationTest > mock_server_login_with_resource_owner_password_credentials_flow_works() PASSED\n[Java CI/build_java17      ]   | Running test: Test mock_server_returns_404_on_nonexistent_resource()(com.tngtech.keycloakmock.api.KeycloakMockIntegrationTest)\n[Java CI/build_java17      ]   | \n[Java CI/build_java17      ]   | KeycloakMockIntegrationTest > mock_server_returns_404_on_nonexistent_resource() PASSED\n[Java CI/build_java17      ]   | Running test: Test mock_server_login_with_client_credentials_flow_works()(com.tngtech.keycloakmock.api.KeycloakMockIntegrationTest)\n[Java CI/build_java17      ]   | \n[Java CI/build_java17      ]   | KeycloakMockIntegrationTest > mock_server_login_with_client_credentials_flow_works() PASSED\n[Java CI/build_java17      ]   | Running test: Test mock_server_login_with_resource_owner_password_credentials_flow_works_with_client_id_parameter()(com.tngtech.keycloakmock.api.KeycloakMockIntegrationTest)\n[Java CI/build_java17      ]   | \n[Java CI/build_java17      ]   | KeycloakMockIntegrationTest > mock_server_login_with_resource_owner_password_credentials_flow_works_with_client_id_parameter() PASSED\n[Java CI/build_java17      ]   | Running test: Test mock_server_can_be_started_and_stopped()(com.tngtech.keycloakmock.api.KeycloakMockIntegrationTest)\n[Java CI/build_java17      ]   | \n[Java CI/build_java17      ]   | KeycloakMockIntegrationTest > mock_server_can_be_started_and_stopped() PASSED\n[Java CI/build_java17      ]   | Running test: Test mock_server_login_with_implicit_flow_works()(com.tngtech.keycloakmock.api.KeycloakMockIntegrationTest)\n[Java CI/build_java17      ]   | \n[Java CI/build_java17      ]   | KeycloakMockIntegrationTest > mock_server_login_with_implicit_flow_works() PASSED\n[Java CI/build_java17      ]   | Running test: Test mock_server_can_be_started_and_stopped_twice()(com.tngtech.keycloakmock.api.KeycloakMockIntegrationTest)\n[Java CI/build_java17      ]   | \n[Java CI/build_java17      ]   | KeycloakMockIntegrationTest > mock_server_can_be_started_and_stopped_twice() PASSED\n[Java CI/build_java17      ]   | Running test: Test mock_server_uses_host_header_as_server_host()(com.tngtech.keycloakmock.api.KeycloakMockIntegrationTest)\n[Java CI/build_java17      ]   | \n[Java CI/build_java17      ]   | KeycloakMockIntegrationTest > mock_server_uses_host_header_as_server_host() PASSED\n[Java CI/build_java17      ]   | Running test: Test mock_server_login_with_client_credentials_flow_using_form_works()(com.tngtech.keycloakmock.api.KeycloakMockIntegrationTest)\n[Java CI/build_java17      ]   | \n[Java CI/build_java17      ]   | KeycloakMockIntegrationTest > mock_server_login_with_client_credentials_flow_using_form_works() PASSED\n[Java CI/build_java17      ]   | Running test: Test mock_server_login_with_authorization_code_flow_works()(com.tngtech.keycloakmock.api.KeycloakMockIntegrationTest)\n[Java CI/build_java17      ]   | \n[Java CI/build_java17      ]   | KeycloakMockIntegrationTest > mock_server_login_with_authorization_code_flow_works() PASSED\n[Java CI/build_java17      ]   | Running test: Test mock_server_answers_204_on_iframe_init()(com.tngtech.keycloakmock.api.KeycloakMockIntegrationTest)\n[Java CI/build_java17      ]   | \n[Java CI/build_java17      ]   | KeycloakMockIntegrationTest > mock_server_answers_204_on_iframe_init() PASSED\n[Java CI/build_java17      ]   | Running test: Test contains_client_scopes_during_server_configuration()(com.tngtech.keycloakmock.api.KeycloakMockTest)\n[Java CI/build_java17      ]   | \n[Java CI/build_java17      ]   | KeycloakMockTest > contains_client_scopes_during_server_configuration() PASSED\n[Java CI/build_java17      ]   | Running test: Test generated_token_uses_correct_issuer()(com.tngtech.keycloakmock.api.KeycloakMockTest)\n[Java CI/build_java17      ]   | \n[Java CI/build_java17      ]   | KeycloakMockTest > generated_token_uses_correct_issuer() PASSED\n[Java CI/build_java17      ]   | Running test: Test contains_default_client_scope_during_server_configuration()(com.tngtech.keycloakmock.api.KeycloakMockTest)\n[Java CI/build_java17      ]   | \n[Java CI/build_java17      ]   | KeycloakMockTest > contains_default_client_scope_during_server_configuration() PASSED\n[Java CI/build_java17      ]   | Running test: Test resourceAccess_is_set_correctly()(com.tngtech.keycloakmock.api.TokenConfigTest)\n[Java CI/build_java17      ]   | \n[Java CI/build_java17      ]   | TokenConfigTest > resourceAccess_is_set_correctly() PASSED\n[Java CI/build_java17      ]   | Running test: Test issuedAt_is_set_correctly()(com.tngtech.keycloakmock.api.TokenConfigTest)\n[Java CI/build_java17      ]   | \n[Java CI/build_java17      ]   | TokenConfigTest > issuedAt_is_set_correctly() PASSED\n[Java CI/build_java17      ]   | Running test: Test audience_is_set_correctly()(com.tngtech.keycloakmock.api.TokenConfigTest)\n[Java CI/build_java17      ]   | \n[Java CI/build_java17      ]   | TokenConfigTest > audience_is_set_correctly() PASSED\n[Java CI/build_java17      ]   | Running test: Test unexpected_issuer_causes_exception()(com.tngtech.keycloakmock.api.TokenConfigTest)\n[Java CI/build_java17      ]   | \n[Java CI/build_java17      ]   | TokenConfigTest > unexpected_issuer_causes_exception() PASSED\n[Java CI/build_java17      ]   | Running test: Test expiration_is_set_correctly()(com.tngtech.keycloakmock.api.TokenConfigTest)\n[Java CI/build_java17      ]   | \n[Java CI/build_java17      ]   | TokenConfigTest > expiration_is_set_correctly() PASSED\n[Java CI/build_java17      ]   | Running test: Test user_data_is_generated_from_subject()(com.tngtech.keycloakmock.api.TokenConfigTest)\n[Java CI/build_java17      ]   | \n[Java CI/build_java17      ]   | TokenConfigTest > user_data_is_generated_from_subject() PASSED\n[Java CI/build_java17      ]   | Running test: Test notBefore_is_set_correctly()(com.tngtech.keycloakmock.api.TokenConfigTest)\n[Java CI/build_java17      ]   | \n[Java CI/build_java17      ]   | TokenConfigTest > notBefore_is_set_correctly() PASSED\n[Java CI/build_java17      ]   | Running test: Test realm_is_set_correctly()(com.tngtech.keycloakmock.api.TokenConfigTest)\n[Java CI/build_java17      ]   | \n[Java CI/build_java17      ]   | TokenConfigTest > realm_is_set_correctly() PASSED\n[Java CI/build_java17      ]   | Running test: Test invalid_issuer_causes_exception()(com.tngtech.keycloakmock.api.TokenConfigTest)\n[Java CI/build_java17      ]   | \n[Java CI/build_java17      ]   | TokenConfigTest > invalid_issuer_causes_exception() PASSED\n[Java CI/build_java17      ]   | Running test: Test custom_claims_are_set_correctly()(com.tngtech.keycloakmock.api.TokenConfigTest)\n[Java CI/build_java17      ]   | \n[Java CI/build_java17      ]   | TokenConfigTest > custom_claims_are_set_correctly() PASSED\n[Java CI/build_java17      ]   | Running test: Test scope_is_set_correctly()(com.tngtech.keycloakmock.api.TokenConfigTest)\n[Java CI/build_java17      ]   | \n[Java CI/build_java17      ]   | TokenConfigTest > scope_is_set_correctly() PASSED\n[Java CI/build_java17      ]   | Running test: Test name_is_filled_from_given_and_family_name_if_not_set(String, String, String)[1](com.tngtech.keycloakmock.api.TokenConfigTest)\n[Java CI/build_java17      ]   | \n[Java CI/build_java17      ]   | TokenConfigTest > name_is_filled_from_given_and_family_name_if_not_set(String, String, String) > com.tngtech.keycloakmock.api.TokenConfigTest.name_is_filled_from_given_and_family_name_if_not_set(String, String, String)[1] PASSED\n[Java CI/build_java17      ]   | Running test: Test name_is_filled_from_given_and_family_name_if_not_set(String, String, String)[2](com.tngtech.keycloakmock.api.TokenConfigTest)\n[Java CI/build_java17      ]   | \n[Java CI/build_java17      ]   | TokenConfigTest > name_is_filled_from_given_and_family_name_if_not_set(String, String, String) > com.tngtech.keycloakmock.api.TokenConfigTest.name_is_filled_from_given_and_family_name_if_not_set(String, String, String)[2] PASSED\n[Java CI/build_java17      ]   | Running test: Test name_is_filled_from_given_and_family_name_if_not_set(String, String, String)[3](com.tngtech.keycloakmock.api.TokenConfigTest)\n[Java CI/build_java17      ]   | \n[Java CI/build_java17      ]   | TokenConfigTest > name_is_filled_from_given_and_family_name_if_not_set(String, String, String) > com.tngtech.keycloakmock.api.TokenConfigTest.name_is_filled_from_given_and_family_name_if_not_set(String, String, String)[3] PASSED\n[Java CI/build_java17      ]   | Running test: Test name_is_filled_from_given_and_family_name_if_not_set(String, String, String)[4](com.tngtech.keycloakmock.api.TokenConfigTest)\n[Java CI/build_java17      ]   | \n[Java CI/build_java17      ]   | TokenConfigTest > name_is_filled_from_given_and_family_name_if_not_set(String, String, String) > com.tngtech.keycloakmock.api.TokenConfigTest.name_is_filled_from_given_and_family_name_if_not_set(String, String, String)[4] PASSED\n[Java CI/build_java17      ]   | Running test: Test authorizedParty_is_set_correctly()(com.tngtech.keycloakmock.api.TokenConfigTest)\n[Java CI/build_java17      ]   | \n[Java CI/build_java17      ]   | TokenConfigTest > authorizedParty_is_set_correctly() PASSED\n[Java CI/build_java17      ]   | Running test: Test realmAccess_is_set_correctly()(com.tngtech.keycloakmock.api.TokenConfigTest)\n[Java CI/build_java17      ]   | \n[Java CI/build_java17      ]   | TokenConfigTest > realmAccess_is_set_correctly() PASSED\n[Java CI/build_java17      ]   | Running test: Test email_is_set_correctly()(com.tngtech.keycloakmock.api.TokenConfigTest)\n[Java CI/build_java17      ]   | \n[Java CI/build_java17      ]   | TokenConfigTest > email_is_set_correctly() PASSED\n[Java CI/build_java17      ]   | Running test: Test hostname_is_set_correctly()(com.tngtech.keycloakmock.api.TokenConfigTest)\n[Java CI/build_java17      ]   | \n[Java CI/build_java17      ]   | TokenConfigTest > hostname_is_set_correctly() PASSED\n[Java CI/build_java17      ]   | Running test: Test names_are_set_correctly()(com.tngtech.keycloakmock.api.TokenConfigTest)\n[Java CI/build_java17      ]   | \n[Java CI/build_java17      ]   | TokenConfigTest > names_are_set_correctly() PASSED\n[Java CI/build_java17      ]   | Running test: Test last_claim_version_wins()(com.tngtech.keycloakmock.api.TokenConfigTest)\n[Java CI/build_java17      ]   | \n[Java CI/build_java17      ]   | TokenConfigTest > last_claim_version_wins() PASSED\n[Java CI/build_java17      ]   | Running test: Test authentication_context_class_reference_is_set_correctly()(com.tngtech.keycloakmock.api.TokenConfigTest)\n[Java CI/build_java17      ]   | \n[Java CI/build_java17      ]   | TokenConfigTest > authentication_context_class_reference_is_set_correctly() PASSED\n[Java CI/build_java17      ]   | Running test: Test default_values_are_used()(com.tngtech.keycloakmock.api.TokenConfigTest)\n[Java CI/build_java17      ]   | \n[Java CI/build_java17      ]   | TokenConfigTest > default_values_are_used() PASSED\n[Java CI/build_java17      ]   | Running test: Test authenticationTime_is_set_correctly()(com.tngtech.keycloakmock.api.TokenConfigTest)\n[Java CI/build_java17      ]   | \n[Java CI/build_java17      ]   | TokenConfigTest > authenticationTime_is_set_correctly() PASSED\n[Java CI/build_java17      ]   | Running test: Test preferredUsername_is_set_correctly()(com.tngtech.keycloakmock.api.TokenConfigTest)\n[Java CI/build_java17      ]   | \n[Java CI/build_java17      ]   | TokenConfigTest > preferredUsername_is_set_correctly() PASSED\n[Java CI/build_java17      ]   | Running test: Test config_is_set_correctly_from_original_token()(com.tngtech.keycloakmock.api.TokenConfigTest)\n[Java CI/build_java17      ]   | \n[Java CI/build_java17      ]   | TokenConfigTest > config_is_set_correctly_from_original_token() PASSED\n[Java CI/build_java17      ]   | Running test: Test subject_is_set_correctly()(com.tngtech.keycloakmock.api.TokenConfigTest)\n[Java CI/build_java17      ]   | \n[Java CI/build_java17      ]   | TokenConfigTest > subject_is_set_correctly() PASSED\n[Java CI/build_java17      ]   | Running test: Test user_data_is_generated()(com.tngtech.keycloakmock.impl.TokenGeneratorTest)\n[Java CI/build_java17      ]   | \n[Java CI/build_java17      ]   | TokenGeneratorTest > user_data_is_generated() PASSED\n[Java CI/build_java17      ]   | Running test: Test user_data_is_not_generated()(com.tngtech.keycloakmock.impl.TokenGeneratorTest)\n[Java CI/build_java17      ]   | \n[Java CI/build_java17      ]   | TokenGeneratorTest > user_data_is_not_generated() PASSED\n[Java CI/build_java17      ]   | Running test: Test explicit_user_data_takes_preference()(com.tngtech.keycloakmock.impl.TokenGeneratorTest)\n[Java CI/build_java17      ]   | \n[Java CI/build_java17      ]   | TokenGeneratorTest > explicit_user_data_takes_preference() PASSED\n[Java CI/build_java17      ]   | Running test: Test config_is_correctly_applied()(com.tngtech.keycloakmock.impl.TokenGeneratorTest)\n[Java CI/build_java17      ]   | \n[Java CI/build_java17      ]   | TokenGeneratorTest > config_is_correctly_applied() PASSED\n[Java CI/build_java17      ]   | Running test: Test base_url_is_generated_correctly(ServerConfig, String)[1](com.tngtech.keycloakmock.impl.UrlConfigurationTest)\n[Java CI/build_java17      ]   | \n[Java CI/build_java17      ]   | UrlConfigurationTest > base_url_is_generated_correctly(ServerConfig, String) > com.tngtech.keycloakmock.impl.UrlConfigurationTest.base_url_is_generated_correctly(ServerConfig, String)[1] PASSED\n[Java CI/build_java17      ]   | Running test: Test base_url_is_generated_correctly(ServerConfig, String)[2](com.tngtech.keycloakmock.impl.UrlConfigurationTest)\n[Java CI/build_java17      ]   | \n[Java CI/build_java17      ]   | UrlConfigurationTest > base_url_is_generated_correctly(ServerConfig, String) > com.tngtech.keycloakmock.impl.UrlConfigurationTest.base_url_is_generated_correctly(ServerConfig, String)[2] PASSED\n[Java CI/build_java17      ]   | Running test: Test base_url_is_generated_correctly(ServerConfig, String)[3](com.tngtech.keycloakmock.impl.UrlConfigurationTest)\n[Java CI/build_java17      ]   | \n[Java CI/build_java17      ]   | UrlConfigurationTest > base_url_is_generated_correctly(ServerConfig, String) > com.tngtech.keycloakmock.impl.UrlConfigurationTest.base_url_is_generated_correctly(ServerConfig, String)[3] PASSED\n[Java CI/build_java17      ]   | Running test: Test base_url_is_generated_correctly(ServerConfig, String)[4](com.tngtech.keycloakmock.impl.UrlConfigurationTest)\n[Java CI/build_java17      ]   | \n[Java CI/build_java17      ]   | UrlConfigurationTest > base_url_is_generated_correctly(ServerConfig, String) > com.tngtech.keycloakmock.impl.UrlConfigurationTest.base_url_is_generated_correctly(ServerConfig, String)[4] PASSED\n[Java CI/build_java17      ]   | Running test: Test base_url_is_generated_correctly(ServerConfig, String)[5](com.tngtech.keycloakmock.impl.UrlConfigurationTest)\n[Java CI/build_java17      ]   | \n[Java CI/build_java17      ]   | UrlConfigurationTest > base_url_is_generated_correctly(ServerConfig, String) > com.tngtech.keycloakmock.impl.UrlConfigurationTest.base_url_is_generated_correctly(ServerConfig, String)[5] PASSED\n[Java CI/build_java17      ]   | Running test: Test base_url_is_generated_correctly(ServerConfig, String)[6](com.tngtech.keycloakmock.impl.UrlConfigurationTest)\n[Java CI/build_java17      ]   | \n[Java CI/build_java17      ]   | UrlConfigurationTest > base_url_is_generated_correctly(ServerConfig, String) > com.tngtech.keycloakmock.impl.UrlConfigurationTest.base_url_is_generated_correctly(ServerConfig, String)[6] PASSED\n[Java CI/build_java17      ]   | Running test: Test context_parameters_are_used_correctly(String, String, String)[1](com.tngtech.keycloakmock.impl.UrlConfigurationTest)\n[Java CI/build_java17      ]   | \n[Java CI/build_java17      ]   | UrlConfigurationTest > context_parameters_are_used_correctly(String, String, String) > com.tngtech.keycloakmock.impl.UrlConfigurationTest.context_parameters_are_used_correctly(String, String, String)[1] PASSED\n[Java CI/build_java17      ]   | Running test: Test context_parameters_are_used_correctly(String, String, String)[2](com.tngtech.keycloakmock.impl.UrlConfigurationTest)\n[Java CI/build_java17      ]   | \n[Java CI/build_java17      ]   | UrlConfigurationTest > context_parameters_are_used_correctly(String, String, String) > com.tngtech.keycloakmock.impl.UrlConfigurationTest.context_parameters_are_used_correctly(String, String, String)[2] PASSED\n[Java CI/build_java17      ]   | Running test: Test context_parameters_are_used_correctly(String, String, String)[3](com.tngtech.keycloakmock.impl.UrlConfigurationTest)\n[Java CI/build_java17      ]   | \n[Java CI/build_java17      ]   | UrlConfigurationTest > context_parameters_are_used_correctly(String, String, String) > com.tngtech.keycloakmock.impl.UrlConfigurationTest.context_parameters_are_used_correctly(String, String, String)[3] PASSED\n[Java CI/build_java17      ]   | Running test: Test context_parameters_are_used_correctly(String, String, String)[4](com.tngtech.keycloakmock.impl.UrlConfigurationTest)\n[Java CI/build_java17      ]   | \n[Java CI/build_java17      ]   | UrlConfigurationTest > context_parameters_are_used_correctly(String, String, String) > com.tngtech.keycloakmock.impl.UrlConfigurationTest.context_parameters_are_used_correctly(String, String, String)[4] PASSED\n[Java CI/build_java17      ]   | Running test: Test port_is_correct()(com.tngtech.keycloakmock.impl.UrlConfigurationTest)\n[Java CI/build_java17      ]   | \n[Java CI/build_java17      ]   | UrlConfigurationTest > port_is_correct() PASSED\n[Java CI/build_java17      ]   | Running test: Test context_parameters_are_used_correctly_for_server_config_with_no_context_path(String, String, String)[1](com.tngtech.keycloakmock.impl.UrlConfigurationTest)\n[Java CI/build_java17      ]   | \n[Java CI/build_java17      ]   | UrlConfigurationTest > context_parameters_are_used_correctly_for_server_config_with_no_context_path(String, String, String) > com.tngtech.keycloakmock.impl.UrlConfigurationTest.context_parameters_are_used_correctly_for_server_config_with_no_context_path(String, String, String)[1] PASSED\n[Java CI/build_java17      ]   | Running test: Test context_parameters_are_used_correctly_for_server_config_with_no_context_path(String, String, String)[2](com.tngtech.keycloakmock.impl.UrlConfigurationTest)\n[Java CI/build_java17      ]   | \n[Java CI/build_java17      ]   | UrlConfigurationTest > context_parameters_are_used_correctly_for_server_config_with_no_context_path(String, String, String) > com.tngtech.keycloakmock.impl.UrlConfigurationTest.context_parameters_are_used_correctly_for_server_config_with_no_context_path(String, String, String)[2] PASSED\n[Java CI/build_java17      ]   | Running test: Test issuer_url_is_generated_correctly(ServerConfig, String)[1](com.tngtech.keycloakmock.impl.UrlConfigurationTest)\n[Java CI/build_java17      ]   | \n[Java CI/build_java17      ]   | UrlConfigurationTest > issuer_url_is_generated_correctly(ServerConfig, String) > com.tngtech.keycloakmock.impl.UrlConfigurationTest.issuer_url_is_generated_correctly(ServerConfig, String)[1] PASSED\n[Java CI/build_java17      ]   | Running test: Test issuer_url_is_generated_correctly(ServerConfig, String)[2](com.tngtech.keycloakmock.impl.UrlConfigurationTest)\n[Java CI/build_java17      ]   | \n[Java CI/build_java17      ]   | UrlConfigurationTest > issuer_url_is_generated_correctly(ServerConfig, String) > com.tngtech.keycloakmock.impl.UrlConfigurationTest.issuer_url_is_generated_correctly(ServerConfig, String)[2] PASSED\n[Java CI/build_java17      ]   | Running test: Test issuer_url_is_generated_correctly(ServerConfig, String)[3](com.tngtech.keycloakmock.impl.UrlConfigurationTest)\n[Java CI/build_java17      ]   | \n[Java CI/build_java17      ]   | UrlConfigurationTest > issuer_url_is_generated_correctly(ServerConfig, String) > com.tngtech.keycloakmock.impl.UrlConfigurationTest.issuer_url_is_generated_correctly(ServerConfig, String)[3] PASSED\n[Java CI/build_java17      ]   | Running test: Test issuer_url_is_generated_correctly(ServerConfig, String)[4](com.tngtech.keycloakmock.impl.UrlConfigurationTest)\n[Java CI/build_java17      ]   | \n[Java CI/build_java17      ]   | UrlConfigurationTest > issuer_url_is_generated_correctly(ServerConfig, String) > com.tngtech.keycloakmock.impl.UrlConfigurationTest.issuer_url_is_generated_correctly(ServerConfig, String)[4] PASSED\n[Java CI/build_java17      ]   | Running test: Test issuer_url_is_generated_correctly(ServerConfig, String)[5](com.tngtech.keycloakmock.impl.UrlConfigurationTest)\n[Java CI/build_java17      ]   | \n[Java CI/build_java17      ]   | UrlConfigurationTest > issuer_url_is_generated_correctly(ServerConfig, String) > com.tngtech.keycloakmock.impl.UrlConfigurationTest.issuer_url_is_generated_correctly(ServerConfig, String)[5] PASSED\n[Java CI/build_java17      ]   | Running test: Test issuer_url_is_generated_correctly(ServerConfig, String)[6](com.tngtech.keycloakmock.impl.UrlConfigurationTest)\n[Java CI/build_java17      ]   | \n[Java CI/build_java17      ]   | UrlConfigurationTest > issuer_url_is_generated_correctly(ServerConfig, String) > com.tngtech.keycloakmock.impl.UrlConfigurationTest.issuer_url_is_generated_correctly(ServerConfig, String)[6] PASSED\n[Java CI/build_java17      ]   | Running test: Test issuer_url_is_generated_correctly(ServerConfig, String)[7](com.tngtech.keycloakmock.impl.UrlConfigurationTest)\n[Java CI/build_java17      ]   | \n[Java CI/build_java17      ]   | UrlConfigurationTest > issuer_url_is_generated_correctly(ServerConfig, String) > com.tngtech.keycloakmock.impl.UrlConfigurationTest.issuer_url_is_generated_correctly(ServerConfig, String)[7] PASSED\n[Java CI/build_java17      ]   | Running test: Test issuer_url_is_generated_correctly(ServerConfig, String)[8](com.tngtech.keycloakmock.impl.UrlConfigurationTest)\n[Java CI/build_java17      ]   | \n[Java CI/build_java17      ]   | UrlConfigurationTest > issuer_url_is_generated_correctly(ServerConfig, String) > com.tngtech.keycloakmock.impl.UrlConfigurationTest.issuer_url_is_generated_correctly(ServerConfig, String)[8] PASSED\n[Java CI/build_java17      ]   | Running test: Test issuer_url_is_generated_correctly(ServerConfig, String)[9](com.tngtech.keycloakmock.impl.UrlConfigurationTest)\n[Java CI/build_java17      ]   | \n[Java CI/build_java17      ]   | UrlConfigurationTest > issuer_url_is_generated_correctly(ServerConfig, String) > com.tngtech.keycloakmock.impl.UrlConfigurationTest.issuer_url_is_generated_correctly(ServerConfig, String)[9] PASSED\n[Java CI/build_java17      ]   | Running test: Test urls_are_correct()(com.tngtech.keycloakmock.impl.UrlConfigurationTest)\n[Java CI/build_java17      ]   | \n[Java CI/build_java17      ]   | UrlConfigurationTest > urls_are_correct() PASSED\n[Java CI/build_java17      ]   | Running test: Test urls_are_correct_with_no_context_path()(com.tngtech.keycloakmock.impl.UrlConfigurationTest)\n[Java CI/build_java17      ]   | \n[Java CI/build_java17      ]   | UrlConfigurationTest > urls_are_correct_with_no_context_path() PASSED\n[Java CI/build_java17      ]   | Running test: Test context_parameters_are_used_correctly_for_server_config_with_custom_context_path(String, String, String)[1](com.tngtech.keycloakmock.impl.UrlConfigurationTest)\n[Java CI/build_java17      ]   | \n[Java CI/build_java17      ]   | UrlConfigurationTest > context_parameters_are_used_correctly_for_server_config_with_custom_context_path(String, String, String) > com.tngtech.keycloakmock.impl.UrlConfigurationTest.context_parameters_are_used_correctly_for_server_config_with_custom_context_path(String, String, String)[1] PASSED\n[Java CI/build_java17      ]   | Running test: Test context_parameters_are_used_correctly_for_server_config_with_custom_context_path(String, String, String)[2](com.tngtech.keycloakmock.impl.UrlConfigurationTest)\n[Java CI/build_java17      ]   | \n[Java CI/build_java17      ]   | UrlConfigurationTest > context_parameters_are_used_correctly_for_server_config_with_custom_context_path(String, String, String) > com.tngtech.keycloakmock.impl.UrlConfigurationTest.context_parameters_are_used_correctly_for_server_config_with_custom_context_path(String, String, String)[2] PASSED\n[Java CI/build_java17      ]   | Running test: Test urls_are_correct_with_custom_context_path()(com.tngtech.keycloakmock.impl.UrlConfigurationTest)\n[Java CI/build_java17      ]   | \n[Java CI/build_java17      ]   | UrlConfigurationTest > urls_are_correct_with_custom_context_path() PASSED\n[Java CI/build_java17      ]   | Running test: Test protocol_is_correct(boolean)[1](com.tngtech.keycloakmock.impl.UrlConfigurationTest)\n[Java CI/build_java17      ]   | \n[Java CI/build_java17      ]   | UrlConfigurationTest > protocol_is_correct(boolean) > com.tngtech.keycloakmock.impl.UrlConfigurationTest.protocol_is_correct(boolean)[1] PASSED\n[Java CI/build_java17      ]   | Running test: Test protocol_is_correct(boolean)[2](com.tngtech.keycloakmock.impl.UrlConfigurationTest)\n[Java CI/build_java17      ]   | \n[Java CI/build_java17      ]   | UrlConfigurationTest > protocol_is_correct(boolean) > com.tngtech.keycloakmock.impl.UrlConfigurationTest.protocol_is_correct(boolean)[2] PASSED\n[Java CI/build_java17      ]   | Running test: Test missing_username_causes_error()(com.tngtech.keycloakmock.impl.handler.AuthenticationRouteTest)\n[Java CI/build_java17      ]   | \n[Java CI/build_java17      ]   | AuthenticationRouteTest > missing_username_causes_error() PASSED\n[Java CI/build_java17      ]   | Running test: Test correct_token_is_created()(com.tngtech.keycloakmock.impl.handler.AuthenticationRouteTest)\n[Java CI/build_java17      ]   | \n[Java CI/build_java17      ]   | AuthenticationRouteTest > correct_token_is_created() PASSED\n[Java CI/build_java17      ]   | Running test: Test missing_session_causes_error()(com.tngtech.keycloakmock.impl.handler.AuthenticationRouteTest)\n[Java CI/build_java17      ]   | \n[Java CI/build_java17      ]   | AuthenticationRouteTest > missing_session_causes_error() PASSED\n[Java CI/build_java17      ]   | Running test: Test ecKeyIsCorrectlyExported()(com.tngtech.keycloakmock.impl.handler.JwksRouteTest)\n[Java CI/build_java17      ]   | \n[Java CI/build_java17      ]   | JwksRouteTest > ecKeyIsCorrectlyExported() PASSED\n[Java CI/build_java17      ]   | Running test: Test rsaKeyIsCorrectlyExported()(com.tngtech.keycloakmock.impl.handler.JwksRouteTest)\n[Java CI/build_java17      ]   | \n[Java CI/build_java17      ]   | JwksRouteTest > rsaKeyIsCorrectlyExported() PASSED\n[Java CI/build_java17      ]   | Running test: Test request_configuration_is_added_correctly()(com.tngtech.keycloakmock.impl.handler.RequestUrlConfigurationHandlerTest)\n[Java CI/build_java17      ]   | \n[Java CI/build_java17      ]   | RequestUrlConfigurationHandlerTest > request_configuration_is_added_correctly() PASSED\n[Java CI/build_java17      ]   | Running test: Test missing_token_causes_error_for_type_refresh_token()(com.tngtech.keycloakmock.impl.handler.TokenRouteTest)\n[Java CI/build_java17      ]   | \n[Java CI/build_java17      ]   | TokenRouteTest > missing_token_causes_error_for_type_refresh_token() PASSED\n[Java CI/build_java17      ]   | Running test: Test missing_client_id_causes_error_for_type_password()(com.tngtech.keycloakmock.impl.handler.TokenRouteTest)\n[Java CI/build_java17      ]   | \n[Java CI/build_java17      ]   | TokenRouteTest > missing_client_id_causes_error_for_type_password() PASSED\n[Java CI/build_java17      ]   | Running test: Test missing_authorization_code_causes_error_for_type_authorization_code()(com.tngtech.keycloakmock.impl.handler.TokenRouteTest)\n[Java CI/build_java17      ]   | \n[Java CI/build_java17      ]   | TokenRouteTest > missing_authorization_code_causes_error_for_type_authorization_code() PASSED\n[Java CI/build_java17      ]   | Running test: Test unknown_authorization_code_causes_error_for_type_authorization_code()(com.tngtech.keycloakmock.impl.handler.TokenRouteTest)\n[Java CI/build_java17      ]   | \n[Java CI/build_java17      ]   | TokenRouteTest > unknown_authorization_code_causes_error_for_type_authorization_code() PASSED\n[Java CI/build_java17      ]   | Running test: Test missing_basic_authorization_token_causes_error_for_type_client_credentials()(com.tngtech.keycloakmock.impl.handler.TokenRouteTest)\n[Java CI/build_java17      ]   | \n[Java CI/build_java17      ]   | TokenRouteTest > missing_basic_authorization_token_causes_error_for_type_client_credentials() PASSED\n[Java CI/build_java17      ]   | Running test: Test missing_clientId_in_basic_authorization_token_causes_error_for_type_client_credentials()(com.tngtech.keycloakmock.impl.handler.TokenRouteTest)\n[Java CI/build_java17      ]   | \n[Java CI/build_java17      ]   | TokenRouteTest > missing_clientId_in_basic_authorization_token_causes_error_for_type_client_credentials() PASSED\n[Java CI/build_java17      ]   | Running test: Test missing_username_causes_error_for_type_password()(com.tngtech.keycloakmock.impl.handler.TokenRouteTest)\n[Java CI/build_java17      ]   | \n[Java CI/build_java17      ]   | TokenRouteTest > missing_username_causes_error_for_type_password() PASSED\n[Java CI/build_java17      ]   | Running test: Test missing_grant_type_causes_error()(com.tngtech.keycloakmock.impl.handler.TokenRouteTest)\n[Java CI/build_java17      ]   | \n[Java CI/build_java17      ]   | TokenRouteTest > missing_grant_type_causes_error() PASSED\n[Java CI/build_java17      ]   | Running test: Test well_known_configuration_is_complete()(com.tngtech.keycloakmock.impl.handler.WellKnownRouteTest)\n[Java CI/build_java17      ]   | \n[Java CI/build_java17      ]   | WellKnownRouteTest > well_known_configuration_is_complete() PASSED\n[Java CI/build_java17      ]   | Running test: Test redirect_location_is_not_generated_on_missing_response_type()(com.tngtech.keycloakmock.impl.helper.RedirectHelperTest)\n[Java CI/build_java17      ]   | \n[Java CI/build_java17      ]   | RedirectHelperTest > redirect_location_is_not_generated_on_missing_response_type() PASSED\n[Java CI/build_java17      ]   | Running test: Test oob_redirect_location_is_generated_correctly()(com.tngtech.keycloakmock.impl.helper.RedirectHelperTest)\n[Java CI/build_java17      ]   | \n[Java CI/build_java17      ]   | RedirectHelperTest > oob_redirect_location_is_generated_correctly() PASSED\n[Java CI/build_java17      ]   | Running test: Test redirect_location_is_generated_correctly(ResponseType, ResponseMode, String)[1](com.tngtech.keycloakmock.impl.helper.RedirectHelperTest)\n[Java CI/build_java17      ]   | \n[Java CI/build_java17      ]   | RedirectHelperTest > redirect_location_is_generated_correctly(ResponseType, ResponseMode, String) > com.tngtech.keycloakmock.impl.helper.RedirectHelperTest.redirect_location_is_generated_correctly(ResponseType, ResponseMode, String)[1] PASSED\n[Java CI/build_java17      ]   | Running test: Test redirect_location_is_generated_correctly(ResponseType, ResponseMode, String)[2](com.tngtech.keycloakmock.impl.helper.RedirectHelperTest)\n[Java CI/build_java17      ]   | \n[Java CI/build_java17      ]   | RedirectHelperTest > redirect_location_is_generated_correctly(ResponseType, ResponseMode, String) > com.tngtech.keycloakmock.impl.helper.RedirectHelperTest.redirect_location_is_generated_correctly(ResponseType, ResponseMode, String)[2] PASSED\n[Java CI/build_java17      ]   | Running test: Test redirect_location_is_generated_correctly(ResponseType, ResponseMode, String)[3](com.tngtech.keycloakmock.impl.helper.RedirectHelperTest)\n[Java CI/build_java17      ]   | \n[Java CI/build_java17      ]   | RedirectHelperTest > redirect_location_is_generated_correctly(ResponseType, ResponseMode, String) > com.tngtech.keycloakmock.impl.helper.RedirectHelperTest.redirect_location_is_generated_correctly(ResponseType, ResponseMode, String)[3] PASSED\n[Java CI/build_java17      ]   | Running test: Test redirect_location_is_generated_correctly(ResponseType, ResponseMode, String)[4](com.tngtech.keycloakmock.impl.helper.RedirectHelperTest)\n[Java CI/build_java17      ]   | \n[Java CI/build_java17      ]   | RedirectHelperTest > redirect_location_is_generated_correctly(ResponseType, ResponseMode, String) > com.tngtech.keycloakmock.impl.helper.RedirectHelperTest.redirect_location_is_generated_correctly(ResponseType, ResponseMode, String)[4] PASSED\n[Java CI/build_java17      ]   | Running test: Test redirect_location_is_generated_correctly(ResponseType, ResponseMode, String)[5](com.tngtech.keycloakmock.impl.helper.RedirectHelperTest)\n[Java CI/build_java17      ]   | \n[Java CI/build_java17      ]   | RedirectHelperTest > redirect_location_is_generated_correctly(ResponseType, ResponseMode, String) > com.tngtech.keycloakmock.impl.helper.RedirectHelperTest.redirect_location_is_generated_correctly(ResponseType, ResponseMode, String)[5] PASSED\n[Java CI/build_java17      ]   | Running test: Test redirect_location_is_generated_correctly(ResponseType, ResponseMode, String)[6](com.tngtech.keycloakmock.impl.helper.RedirectHelperTest)\n[Java CI/build_java17      ]   | \n[Java CI/build_java17      ]   | RedirectHelperTest > redirect_location_is_generated_correctly(ResponseType, ResponseMode, String) > com.tngtech.keycloakmock.impl.helper.RedirectHelperTest.redirect_location_is_generated_correctly(ResponseType, ResponseMode, String)[6] PASSED\n[Java CI/build_java17      ]   | Running test: Test redirect_location_is_generated_correctly(ResponseType, ResponseMode, String)[7](com.tngtech.keycloakmock.impl.helper.RedirectHelperTest)\n[Java CI/build_java17      ]   | \n[Java CI/build_java17      ]   | RedirectHelperTest > redirect_location_is_generated_correctly(ResponseType, ResponseMode, String) > com.tngtech.keycloakmock.impl.helper.RedirectHelperTest.redirect_location_is_generated_correctly(ResponseType, ResponseMode, String)[7] PASSED\n[Java CI/build_java17      ]   | Running test: Test redirect_location_is_generated_correctly(ResponseType, ResponseMode, String)[8](com.tngtech.keycloakmock.impl.helper.RedirectHelperTest)\n[Java CI/build_java17      ]   | \n[Java CI/build_java17      ]   | RedirectHelperTest > redirect_location_is_generated_correctly(ResponseType, ResponseMode, String) > com.tngtech.keycloakmock.impl.helper.RedirectHelperTest.redirect_location_is_generated_correctly(ResponseType, ResponseMode, String)[8] PASSED\n[Java CI/build_java17      ]   | Running test: Test redirect_location_is_generated_correctly(ResponseType, ResponseMode, String)[9](com.tngtech.keycloakmock.impl.helper.RedirectHelperTest)\n[Java CI/build_java17      ]   | \n[Java CI/build_java17      ]   | RedirectHelperTest > redirect_location_is_generated_correctly(ResponseType, ResponseMode, String) > com.tngtech.keycloakmock.impl.helper.RedirectHelperTest.redirect_location_is_generated_correctly(ResponseType, ResponseMode, String)[9] PASSED\n[Java CI/build_java17      ]   | Running test: Test redirect_location_is_generated_correctly(ResponseType, ResponseMode, String)[10](com.tngtech.keycloakmock.impl.helper.RedirectHelperTest)\n[Java CI/build_java17      ]   | \n[Java CI/build_java17      ]   | RedirectHelperTest > redirect_location_is_generated_correctly(ResponseType, ResponseMode, String) > com.tngtech.keycloakmock.impl.helper.RedirectHelperTest.redirect_location_is_generated_correctly(ResponseType, ResponseMode, String)[10] PASSED\n[Java CI/build_java17      ]   | Running test: Test redirect_location_is_generated_correctly(ResponseType, ResponseMode, String)[11](com.tngtech.keycloakmock.impl.helper.RedirectHelperTest)\n[Java CI/build_java17      ]   | \n[Java CI/build_java17      ]   | RedirectHelperTest > redirect_location_is_generated_correctly(ResponseType, ResponseMode, String) > com.tngtech.keycloakmock.impl.helper.RedirectHelperTest.redirect_location_is_generated_correctly(ResponseType, ResponseMode, String)[11] PASSED\n[Java CI/build_java17      ]   | Running test: Test redirect_location_is_generated_correctly(ResponseType, ResponseMode, String)[12](com.tngtech.keycloakmock.impl.helper.RedirectHelperTest)\n[Java CI/build_java17      ]   | \n[Java CI/build_java17      ]   | RedirectHelperTest > redirect_location_is_generated_correctly(ResponseType, ResponseMode, String) > com.tngtech.keycloakmock.impl.helper.RedirectHelperTest.redirect_location_is_generated_correctly(ResponseType, ResponseMode, String)[12] PASSED\n[Java CI/build_java17      ]   | Running test: Test cookie_is_generated_correctly()(com.tngtech.keycloakmock.impl.helper.RedirectHelperTest)\n[Java CI/build_java17      ]   | \n[Java CI/build_java17      ]   | RedirectHelperTest > cookie_is_generated_correctly() PASSED\n[Java CI/build_java17      ]   | Running test: Test resource_roles_are_used_if_configured()(com.tngtech.keycloakmock.impl.helper.TokenHelperTest)\n[Java CI/build_java17      ]   | \n[Java CI/build_java17      ]   | TokenHelperTest > resource_roles_are_used_if_configured() PASSED\n[Java CI/build_java17      ]   | Running test: Test token_is_correctly_generated()(com.tngtech.keycloakmock.impl.helper.TokenHelperTest)\n[Java CI/build_java17      ]   | \n[Java CI/build_java17      ]   | TokenHelperTest > token_is_correctly_generated() PASSED\n[Java CI/build_java17      ]   | Running test: Test userData_is_extracted_correctly(String, String, String, String, String, String, String)[1](com.tngtech.keycloakmock.impl.session.UserDataTest)\n[Java CI/build_java17      ]   | \n[Java CI/build_java17      ]   | UserDataTest > userData_is_extracted_correctly(String, String, String, String, String, String, String) > com.tngtech.keycloakmock.impl.session.UserDataTest.userData_is_extracted_correctly(String, String, String, String, String, String, String)[1] PASSED\n[Java CI/build_java17      ]   | Running test: Test userData_is_extracted_correctly(String, String, String, String, String, String, String)[2](com.tngtech.keycloakmock.impl.session.UserDataTest)\n[Java CI/build_java17      ]   | \n[Java CI/build_java17      ]   | UserDataTest > userData_is_extracted_correctly(String, String, String, String, String, String, String) > com.tngtech.keycloakmock.impl.session.UserDataTest.userData_is_extracted_correctly(String, String, String, String, String, String, String)[2] PASSED\n[Java CI/build_java17      ]   | Running test: Test userData_is_extracted_correctly(String, String, String, String, String, String, String)[3](com.tngtech.keycloakmock.impl.session.UserDataTest)\n[Java CI/build_java17      ]   | \n[Java CI/build_java17      ]   | UserDataTest > userData_is_extracted_correctly(String, String, String, String, String, String, String) > com.tngtech.keycloakmock.impl.session.UserDataTest.userData_is_extracted_correctly(String, String, String, String, String, String, String)[3] PASSED\n[Java CI/build_java17      ]   | Running test: Test userData_is_extracted_correctly(String, String, String, String, String, String, String)[4](com.tngtech.keycloakmock.impl.session.UserDataTest)\n[Java CI/build_java17      ]   | \n[Java CI/build_java17      ]   | UserDataTest > userData_is_extracted_correctly(String, String, String, String, String, String, String) > com.tngtech.keycloakmock.impl.session.UserDataTest.userData_is_extracted_correctly(String, String, String, String, String, String, String)[4] PASSED\n[Java CI/build_java17      ]   | Running test: Test userData_is_extracted_correctly(String, String, String, String, String, String, String)[5](com.tngtech.keycloakmock.impl.session.UserDataTest)\n[Java CI/build_java17      ]   | \n[Java CI/build_java17      ]   | UserDataTest > userData_is_extracted_correctly(String, String, String, String, String, String, String) > com.tngtech.keycloakmock.impl.session.UserDataTest.userData_is_extracted_correctly(String, String, String, String, String, String, String)[5] PASSED\n[Java CI/build_java17      ]   | Running test: Test userData_is_extracted_correctly(String, String, String, String, String, String, String)[6](com.tngtech.keycloakmock.impl.session.UserDataTest)\n[Java CI/build_java17      ]   | \n[Java CI/build_java17      ]   | UserDataTest > userData_is_extracted_correctly(String, String, String, String, String, String, String) > com.tngtech.keycloakmock.impl.session.UserDataTest.userData_is_extracted_correctly(String, String, String, String, String, String, String)[6] PASSED\n[Java CI/build_java17      ]   | Running test: Test userData_is_extracted_correctly(String, String, String, String, String, String, String)[7](com.tngtech.keycloakmock.impl.session.UserDataTest)\n[Java CI/build_java17      ]   | \n[Java CI/build_java17      ]   | UserDataTest > userData_is_extracted_correctly(String, String, String, String, String, String, String) > com.tngtech.keycloakmock.impl.session.UserDataTest.userData_is_extracted_correctly(String, String, String, String, String, String, String)[7] PASSED\n[Java CI/build_java17      ]   | Running test: Test userData_is_extracted_correctly(String, String, String, String, String, String, String)[8](com.tngtech.keycloakmock.impl.session.UserDataTest)\n[Java CI/build_java17      ]   | \n[Java CI/build_java17      ]   | UserDataTest > userData_is_extracted_correctly(String, String, String, String, String, String, String) > com.tngtech.keycloakmock.impl.session.UserDataTest.userData_is_extracted_correctly(String, String, String, String, String, String, String)[8] PASSED\n[Java CI/build_java17      ]   | Running test: Test userData_is_extracted_correctly(String, String, String, String, String, String, String)[9](com.tngtech.keycloakmock.impl.session.UserDataTest)\n[Java CI/build_java17      ]   | \n[Java CI/build_java17      ]   | UserDataTest > userData_is_extracted_correctly(String, String, String, String, String, String, String) > com.tngtech.keycloakmock.impl.session.UserDataTest.userData_is_extracted_correctly(String, String, String, String, String, String, String)[9] PASSED\n[Java CI/build_java17      ]   | Running test: Test userData_is_extracted_correctly(String, String, String, String, String, String, String)[10](com.tngtech.keycloakmock.impl.session.UserDataTest)\n[Java CI/build_java17      ]   | \n[Java CI/build_java17      ]   | UserDataTest > userData_is_extracted_correctly(String, String, String, String, String, String, String) > com.tngtech.keycloakmock.impl.session.UserDataTest.userData_is_extracted_correctly(String, String, String, String, String, String, String)[10] PASSED\n[Java CI/build_java17      ]   | Running test: Test userData_is_extracted_correctly(String, String, String, String, String, String, String)[11](com.tngtech.keycloakmock.impl.session.UserDataTest)\n[Java CI/build_java17      ]   | \n[Java CI/build_java17      ]   | UserDataTest > userData_is_extracted_correctly(String, String, String, String, String, String, String) > com.tngtech.keycloakmock.impl.session.UserDataTest.userData_is_extracted_correctly(String, String, String, String, String, String, String)[11] PASSED\n[Java CI/build_java17      ]   | \n[Java CI/build_java17      ]   | > Task :mock:jacocoTestReport\n[Java CI/build_java17      ]   | > Task :mock:check\n[Java CI/build_java17      ]   | > Task :mock:build\n[Java CI/build_java17      ]   | > Task :mock-junit:assemble\n[Java CI/build_java17      ]   | > Task :mock-junit:compileTestJava\n[Java CI/build_java17      ]   | > Task :mock-junit:processTestResources NO-SOURCE\n[Java CI/build_java17      ]   | > Task :mock-junit:testClasses\n[Java CI/build_java17      ]   | \n[Java CI/build_java17      ]   | > Task :mock-junit:test\n[Java CI/build_java17      ]   | Running test: Test mock_is_running(com.tngtech.keycloakmock.junit.KeycloakMockRuleJunit4Test)\n[Java CI/build_java17      ]   | \n[Java CI/build_java17      ]   | com.tngtech.keycloakmock.junit.KeycloakMockRuleJunit4Test > mock_is_running PASSED\n[Java CI/build_java17      ]   | \n[Java CI/build_java17      ]   | > Task :mock-junit:jacocoTestReport\n[Java CI/build_java17      ]   | > Task :mock-junit:check\n[Java CI/build_java17      ]   | > Task :mock-junit:build\n[Java CI/build_java17      ]   | > Task :mock-junit5:assemble\n[Java CI/build_java17      ]   | > Task :mock-junit5:compileTestJava\n[Java CI/build_java17      ]   | > Task :mock-junit5:processTestResources NO-SOURCE\n[Java CI/build_java17      ]   | > Task :mock-junit5:testClasses\n[Java CI/build_java17      ]   | \n[Java CI/build_java17      ]   | > Task :mock-junit5:test\n[Java CI/build_java17      ]   | Running test: Test mock_is_running()(com.tngtech.keycloakmock.junit5.KeycloakMockExtensionJunit5Test)\n[Java CI/build_java17      ]   | \n[Java CI/build_java17      ]   | KeycloakMockExtensionJunit5Test > mock_is_running() PASSED\n[Java CI/build_java17      ]   | Running test: Test https_is_working()(com.tngtech.keycloakmock.junit5.KeycloakMockExtensionJunit5Test)\n[Java CI/build_java17      ]   | \n[Java CI/build_java17      ]   | KeycloakMockExtensionJunit5Test > https_is_working() PASSED\n[Java CI/build_java17      ]   | \n[Java CI/build_java17      ]   | > Task :mock-junit5:jacocoTestReport\n[Java CI/build_java17      ]   | > Task :mock-junit5:check\n[Java CI/build_java17      ]   | > Task :mock-junit5:build\n[Java CI/build_java17      ]   | > Task :standalone:generateBuildConfig\n[Java CI/build_java17      ]   | > Task :standalone:compileJava\n[Java CI/build_java17      ]   | > Task :standalone:processResources\n[Java CI/build_java17      ]   | > Task :standalone:classes\n[Java CI/build_java17      ]   | > Task :standalone:jar\n[Java CI/build_java17      ]   | > Task :standalone:shadowJar\n[Java CI/build_java17      ]   | > Task :standalone:startScripts\n[Java CI/build_java17      ]   | > Task :standalone:distTar\n[Java CI/build_java17      ]   | > Task :standalone:distZip\n[Java CI/build_java17      ]   | > Task :standalone:startShadowScripts\n[Java CI/build_java17      ]   | > Task :standalone:shadowDistTar\n[Java CI/build_java17      ]   | > Task :standalone:shadowDistZip\n[Java CI/build_java17      ]   | > Task :standalone:assemble\n[Java CI/build_java17      ]   | > Task :standalone:generateTestBuildConfig SKIPPED\n[Java CI/build_java17      ]   | > Task :standalone:compileTestJava NO-SOURCE\n[Java CI/build_java17      ]   | > Task :standalone:processTestResources NO-SOURCE\n[Java CI/build_java17      ]   | > Task :standalone:testClasses UP-TO-DATE\n[Java CI/build_java17      ]   | > Task :standalone:test NO-SOURCE\n[Java CI/build_java17      ]   | > Task :standalone:jacocoTestReport SKIPPED\n[Java CI/build_java17      ]   | > Task :standalone:check UP-TO-DATE\n[Java CI/build_java17      ]   | > Task :standalone:build\n[Java CI/build_java17      ]   | \n[Java CI/build_java17      ]   | BUILD SUCCESSFUL in 4m 48s\n[Java CI/build_java17      ]   | 43 actionable tasks: 43 executed\n[Java CI/build_java17      ]   \u2705  Success - Main Build with Gradle\n[Java CI/build_java17      ] \u2b50 Run Main Run sonar analysis\n[Java CI/build_java17      ]   \ud83d\udc33  docker exec cmd=[bash --noprofile --norc -e -o pipefail /var/run/act/workflow/3] user= workdir=\n[Java CI/build_java17      ]   | > Task :example-backend:compileJava UP-TO-DATE\n[Java CI/build_java17      ]   | > Task :example-frontend-react:nodeSetup UP-TO-DATE\n[Java CI/build_java17      ]   | > Task :example-frontend-react:copyNode UP-TO-DATE\n[Java CI/build_java17      ]   | > Task :example-frontend-react:yarnSetup UP-TO-DATE\n[Java CI/build_java17      ]   | > Task :example-frontend-react:copyYarn UP-TO-DATE\n[Java CI/build_java17      ]   | \n[Java CI/build_java17      ]   | > Task :example-frontend-react:yarn_install\n[Java CI/build_java17      ]   | yarn install v1.22.18\n[Java CI/build_java17      ]   | [1/4] Resolving packages...\n[Java CI/build_java17      ]   | success Already up-to-date.\n[Java CI/build_java17      ]   | Done in 0.80s.\n[Java CI/build_java17      ]   | \n[Java CI/build_java17      ]   | > Task :example-frontend-react:yarn_build\n[Java CI/build_java17      ]   | yarn run v1.22.18\n[Java CI/build_java17      ]   | $ react-scripts build\n[Java CI/build_java17      ]   | Creating an optimized production build...\n[Java CI/build_java17      ]   | Browserslist: caniuse-lite is outdated. Please run:\n[Java CI/build_java17      ]   |   npx browserslist@latest --update-db\n[Java CI/build_java17      ]   |   Why you should do it regularly: https://github.com/browserslist/browserslist#browsers-data-updating\n[Java CI/build_java17      ]   | Browserslist: caniuse-lite is outdated. Please run:\n[Java CI/build_java17      ]   |   npx browserslist@latest --update-db\n[Java CI/build_java17      ]   |   Why you should do it regularly: https://github.com/browserslist/browserslist#browsers-data-updating\n[Java CI/build_java17      ]   | Compiled successfully.\n[Java CI/build_java17      ]   | \n[Java CI/build_java17      ]   | File sizes after gzip:\n[Java CI/build_java17      ]   | \n[Java CI/build_java17      ]   |   67.95 kB  build/static/js/main.e02c2ffc.js\n[Java CI/build_java17      ]   |   505 B     build/static/css/main.2a687e91.css\n[Java CI/build_java17      ]   | \n[Java CI/build_java17      ]   | The project was built assuming it is hosted at /.\n[Java CI/build_java17      ]   | You can control this with the homepage field in your package.json.\n[Java CI/build_java17      ]   | \n[Java CI/build_java17      ]   | The build folder is ready to be deployed.\n[Java CI/build_java17      ]   | You may serve it with a static server:\n[Java CI/build_java17      ]   | \n[Java CI/build_java17      ]   |   yarn global add serve\n[Java CI/build_java17      ]   |   serve -s build\n[Java CI/build_java17      ]   | \n[Java CI/build_java17      ]   | Find out more about deployment here:\n[Java CI/build_java17      ]   | \n[Java CI/build_java17      ]   |   https://cra.link/deployment\n[Java CI/build_java17      ]   | \n[Java CI/build_java17      ]   | Done in 10.19s.\n[Java CI/build_java17      ]   | \n[Java CI/build_java17      ]   | > Task :example-backend:prepareFrontend UP-TO-DATE\n[Java CI/build_java17      ]   | > Task :example-backend:processResources UP-TO-DATE\n[Java CI/build_java17      ]   | > Task :example-backend:classes UP-TO-DATE\n[Java CI/build_java17      ]   | > Task :mock:compileJava UP-TO-DATE\n[Java CI/build_java17      ]   | > Task :mock-junit:compileJava UP-TO-DATE\n[Java CI/build_java17      ]   | > Task :mock-junit5:compileJava UP-TO-DATE\n[Java CI/build_java17      ]   | > Task :example-backend:compileTestJava UP-TO-DATE\n[Java CI/build_java17      ]   | > Task :mock:addResources UP-TO-DATE\n[Java CI/build_java17      ]   | > Task :mock:processResources UP-TO-DATE\n[Java CI/build_java17      ]   | > Task :mock:classes UP-TO-DATE\n[Java CI/build_java17      ]   | > Task :mock:compileTestJava UP-TO-DATE\n[Java CI/build_java17      ]   | > Task :mock-junit:processResources NO-SOURCE\n[Java CI/build_java17      ]   | > Task :mock-junit:classes UP-TO-DATE\n[Java CI/build_java17      ]   | > Task :mock-junit:compileTestJava UP-TO-DATE\n[Java CI/build_java17      ]   | > Task :mock-junit5:processResources NO-SOURCE\n[Java CI/build_java17      ]   | > Task :mock-junit5:classes UP-TO-DATE\n[Java CI/build_java17      ]   | > Task :mock-junit5:compileTestJava UP-TO-DATE\n[Java CI/build_java17      ]   | > Task :standalone:generateBuildConfig\n[Java CI/build_java17      ]   | > Task :standalone:compileJava\n[Java CI/build_java17      ]   | > Task :standalone:processResources UP-TO-DATE\n[Java CI/build_java17      ]   | > Task :standalone:classes\n[Java CI/build_java17      ]   | > Task :standalone:generateTestBuildConfig SKIPPED\n[Java CI/build_java17      ]   | > Task :standalone:compileTestJava NO-SOURCE\n[Java CI/build_java17      ]   | \n[Java CI/build_java17      ]   | > Task :sonar\n[Java CI/build_java17      ]   | Skipping Sonar analysis: no properties configured, was it skipped in all projects?\n[Java CI/build_java17      ]   | \n[Java CI/build_java17      ]   | BUILD SUCCESSFUL in 30s\n[Java CI/build_java17      ]   | 22 actionable tasks: 5 executed, 17 up-to-date\n[Java CI/build_java17      ]   \u2705  Success - Main Run sonar analysis\n[Java CI/build_java17      ] \u2b50 Run Main Run integration tests\n[Java CI/build_java17      ]   \ud83d\udc33  docker exec cmd=[bash --noprofile --norc -e -o pipefail /var/run/act/workflow/4] user= workdir=\n[Java CI/build_java17      ]   | > Task :example-backend:compileJava UP-TO-DATE\n[Java CI/build_java17      ]   | > Task :example-frontend-react:nodeSetup UP-TO-DATE\n[Java CI/build_java17      ]   | > Task :example-frontend-react:copyNode UP-TO-DATE\n[Java CI/build_java17      ]   | > Task :example-frontend-react:yarnSetup UP-TO-DATE\n[Java CI/build_java17      ]   | > Task :example-frontend-react:copyYarn UP-TO-DATE\n[Java CI/build_java17      ]   | \n[Java CI/build_java17      ]   | > Task :example-frontend-react:yarn_install\n[Java CI/build_java17      ]   | yarn install v1.22.18\n[Java CI/build_java17      ]   | [1/4] Resolving packages...\n[Java CI/build_java17      ]   | success Already up-to-date.\n[Java CI/build_java17      ]   | Done in 0.62s.\n[Java CI/build_java17      ]   | \n[Java CI/build_java17      ]   | > Task :example-frontend-react:yarn_build UP-TO-DATE\n[Java CI/build_java17      ]   | > Task :example-backend:prepareFrontend UP-TO-DATE\n[Java CI/build_java17      ]   | > Task :example-backend:processResources UP-TO-DATE\n[Java CI/build_java17      ]   | > Task :example-backend:classes UP-TO-DATE\n[Java CI/build_java17      ]   | \n[Java CI/build_java17      ]   | > Task :example-backend:jibDockerBuild\n[Java CI/build_java17      ]   | \n[Java CI/build_java17      ]   | Containerizing application to Docker daemon as keycloak-mock/example-backend...\n[Java CI/build_java17      ]   | Base image 'eclipse-temurin:17-jre' does not use a specific image digest - build may not be reproducible\n[Java CI/build_java17      ]   | Getting manifest for base image eclipse-temurin:17-jre...\n[Java CI/build_java17      ]   | Building dependencies layer...\n[Java CI/build_java17      ]   | Building classes layer...\n[Java CI/build_java17      ]   | Building resources layer...\n[Java CI/build_java17      ]   | Building jvm arg files layer...\n[Java CI/build_java17      ]   | The base image requires auth. Trying again for eclipse-temurin:17-jre...\n[Java CI/build_java17      ]   | Using base image with digest: sha256:5094d5c2121b73194369c5d11d726bf4a65eaff6669edbab66594f401d540c12\n[Java CI/build_java17      ]   | \n[Java CI/build_java17      ]   | Container entrypoint set to [java, -cp, @/app/jib-classpath-file, com.tngtech.keycloakmock.examplebackend.ExampleBackendApplication]\n[Java CI/build_java17      ]   | Loading to Docker daemon...\n[Java CI/build_java17      ]   | \n[Java CI/build_java17      ]   | A new version of jib-gradle-plugin (3.3.2) is available (currently using 3.3.1). Update your build configuration to use the latest features and fixes!\n[Java CI/build_java17      ]   | https://github.com/GoogleContainerTools/jib/blob/master/jib-gradle-plugin/CHANGELOG.md\n[Java CI/build_java17      ]   | \n[Java CI/build_java17      ]   | Please see https://github.com/GoogleContainerTools/jib/blob/master/docs/privacy.md for info on disabling this update check.\n[Java CI/build_java17      ]   | \n[Java CI/build_java17      ]   | \n[Java CI/build_java17      ]   | > Task :example-backend:jibDockerBuild FAILED\n[Java CI/build_java17      ]   | \n[Java CI/build_java17      ]   | FAILURE: Build failed with an exception.\n[Java CI/build_java17      ]   | \n[Java CI/build_java17      ]   | * What went wrong:\n[Java CI/build_java17      ]   | Execution failed for task ':example-backend:jibDockerBuild'.\n[Java CI/build_java17      ]   | > com.google.cloud.tools.jib.plugins.common.BuildStepsExecutionException: 'docker load' command failed with error: Got permission denied while trying to connect to the Docker daemon socket at unix:///var/run/docker.sock: Post \"http://%2Fvar%2Frun%2Fdocker.sock/v1.24/images/load?quiet=1\": dial unix /var/run/docker.sock: connect: permission denied\n[Java CI/build_java17      ]   | \n[Java CI/build_java17      ]   | \n[Java CI/build_java17      ]   | * Try:\n[Java CI/build_java17      ]   | > Run with --stacktrace option to get the stack trace.\n[Java CI/build_java17      ]   | > Run with --info or --debug option to get more log output.\n[Java CI/build_java17      ]   | > Run with --scan to get full insights.\n[Java CI/build_java17      ]   | \n[Java CI/build_java17      ]   | * Get more help at https://help.gradle.org\n[Java CI/build_java17      ]   | \n[Java CI/build_java17      ]   | BUILD FAILED in 16s\n[Java CI/build_java17      ]   | 10 actionable tasks: 2 executed, 8 up-to-date\n[Java CI/build_java17      ]   \u274c  Failure - Main Run integration tests\n[Java CI/build_java17      ] exitcode '1': failure\n[Java CI/build_java17      ] \u2b50 Run Main Publish test report\n[Java CI/build_java17      ]   \ud83d\udc33  docker cp src=/home/andre-silva/.cache/act/mikepenz-action-junit-report@v3/ dst=/var/run/act/actions/mikepenz-action-junit-report@v3/\n[Java CI/build_java17      ]   \ud83d\udc33  docker exec cmd=[chown -R 1012:1000 /var/run/act/actions/mikepenz-action-junit-report@v3/] user=0 workdir=\n[Java CI/build_java17      ]   \ud83d\udc33  docker exec cmd=[node /var/run/act/actions/mikepenz-action-junit-report@v3/dist/index.js] user= workdir=\n[Java CI/build_java17      ]   \u2753  ::group::\ud83d\udcd8 Reading input values\n[Java CI/build_java17      ]   \u2753  ::endgroup::\n[Java CI/build_java17      ]   \u2753  ::group::\ud83d\udce6 Process test results\n[Java CI/build_java17      ]   | Retrieved 1 reports to process.\n[Java CI/build_java17      ]   \ud83d\udcac  ::debug::Process test report for: **/build/test-results/test/TEST-*.xml (JUnit Test Report (Java 17))\n[Java CI/build_java17      ]   \ud83d\udcac  ::debug::followSymbolicLinks 'false'\n[Java CI/build_java17      ]   \ud83d\udcac  ::debug::followSymbolicLinks 'false'\n[Java CI/build_java17      ]   \ud83d\udcac  ::debug::implicitDescendants 'true'\n[Java CI/build_java17      ]   \ud83d\udcac  ::debug::matchDirectories 'true'\n[Java CI/build_java17      ]   \ud83d\udcac  ::debug::omitBrokenSymbolicLinks 'true'\n[Java CI/build_java17      ]   \ud83d\udcac  ::debug::Search path '/tmp/569e0364-0b80-11ee-a890-af2cc187fc11/TNG-keycloak-mock'\n[Java CI/build_java17      ]   \ud83d\udcac  ::debug::Parsing report file: /tmp/569e0364-0b80-11ee-a890-af2cc187fc11/TNG-keycloak-mock/example-backend/build/test-results/test/TEST-com.tngtech.keycloakmock.examplebackend.AuthenticationJUnit4Test.xml\n[Java CI/build_java17      ]   \ud83d\udcac  ::debug::Parsing file /tmp/569e0364-0b80-11ee-a890-af2cc187fc11/TNG-keycloak-mock/example-backend/build/test-results/test/TEST-com.tngtech.keycloakmock.examplebackend.AuthenticationJUnit4Test.xml\n[Java CI/build_java17      ]   \ud83d\udcac  ::debug::Path prior to stripping: AuthenticationJUnit4Test\n[Java CI/build_java17      ]   | AuthenticationJUnit4Test:1 | no_authentication_fails\n[Java CI/build_java17      ]   \ud83d\udcac  ::debug::Path prior to stripping: AuthenticationJUnit4Test\n[Java CI/build_java17      ]   | AuthenticationJUnit4Test:1 | authentication_with_role_works\n[Java CI/build_java17      ]   \ud83d\udcac  ::debug::Path prior to stripping: AuthenticationJUnit4Test\n[Java CI/build_java17      ]   | AuthenticationJUnit4Test:1 | authentication_works\n[Java CI/build_java17      ]   \ud83d\udcac  ::debug::Path prior to stripping: AuthenticationJUnit4Test\n[Java CI/build_java17      ]   | AuthenticationJUnit4Test:1 | authentication_without_role_fails\n[Java CI/build_java17      ]   \ud83d\udcac  ::debug::Parsing report file: /tmp/569e0364-0b80-11ee-a890-af2cc187fc11/TNG-keycloak-mock/example-backend/build/test-results/test/TEST-com.tngtech.keycloakmock.examplebackend.AuthenticationJUnit5Test.xml\n[Java CI/build_java17      ]   \ud83d\udcac  ::debug::Parsing file /tmp/569e0364-0b80-11ee-a890-af2cc187fc11/TNG-keycloak-mock/example-backend/build/test-results/test/TEST-com.tngtech.keycloakmock.examplebackend.AuthenticationJUnit5Test.xml\n[Java CI/build_java17      ]   \ud83d\udcac  ::debug::Path prior to stripping: AuthenticationJUnit5Test\n[Java CI/build_java17      ]   | AuthenticationJUnit5Test:1 | no_authentication_fails()\n[Java CI/build_java17      ]   \ud83d\udcac  ::debug::Path prior to stripping: AuthenticationJUnit5Test\n[Java CI/build_java17      ]   | AuthenticationJUnit5Test:1 | authentication_with_role_works()\n[Java CI/build_java17      ]   \ud83d\udcac  ::debug::Path prior to stripping: AuthenticationJUnit5Test\n[Java CI/build_java17      ]   | AuthenticationJUnit5Test:1 | authentication_works()\n[Java CI/build_java17      ]   \ud83d\udcac  ::debug::Path prior to stripping: AuthenticationJUnit5Test\n[Java CI/build_java17      ]   | AuthenticationJUnit5Test:1 | authentication_without_role_fails()\n[Java CI/build_java17      ]   \ud83d\udcac  ::debug::Parsing report file: /tmp/569e0364-0b80-11ee-a890-af2cc187fc11/TNG-keycloak-mock/mock/build/test-results/test/TEST-com.tngtech.keycloakmock.api.KeycloakMockIntegrationTest.xml\n[Java CI/build_java17      ]   \ud83d\udcac  ::debug::Parsing file /tmp/569e0364-0b80-11ee-a890-af2cc187fc11/TNG-keycloak-mock/mock/build/test-results/test/TEST-com.tngtech.keycloakmock.api.KeycloakMockIntegrationTest.xml\n[Java CI/build_java17      ]   \ud83d\udcac  ::debug::Path prior to stripping: KeycloakMockIntegrationTest\n[Java CI/build_java17      ]   | KeycloakMockIntegrationTest:1 | well_known_configuration_works()\n[Java CI/build_java17      ]   \ud83d\udcac  ::debug::Path prior to stripping: KeycloakMockIntegrationTest\n[Java CI/build_java17      ]   | KeycloakMockIntegrationTest:1 | generated_token_is_valid()\n[Java CI/build_java17      ]   \ud83d\udcac  ::debug::Path prior to stripping: KeycloakMockIntegrationTest\n[Java CI/build_java17      ]   | KeycloakMockIntegrationTest:1 | [1] 8000, false\n[Java CI/build_java17      ]   \ud83d\udcac  ::debug::Path prior to stripping: KeycloakMockIntegrationTest\n[Java CI/build_java17      ]   | KeycloakMockIntegrationTest:1 | [2] 8001, true\n[Java CI/build_java17      ]   \ud83d\udcac  ::debug::Path prior to stripping: KeycloakMockIntegrationTest\n[Java CI/build_java17      ]   | KeycloakMockIntegrationTest:1 | [1] /realms/test/protocol/openid-connect/login-status-iframe.html, text/html, getCookie()\n[Java CI/build_java17      ]   \ud83d\udcac  ::debug::Path prior to stripping: KeycloakMockIntegrationTest\n[Java CI/build_java17      ]   | KeycloakMockIntegrationTest:1 | [2] /realms/test/protocol/openid-connect/3p-cookies/step1.html, text/html, step2.html\n[Java CI/build_java17      ]   \ud83d\udcac  ::debug::Path prior to stripping: KeycloakMockIntegrationTest\n[Java CI/build_java17      ]   | KeycloakMockIntegrationTest:1 | [3] /realms/test/protocol/openid-connect/3p-cookies/step2.html, text/html, \"supported\"\n[Java CI/build_java17      ]   \ud83d\udcac  ::debug::Path prior to stripping: KeycloakMockIntegrationTest\n[Java CI/build_java17      ]   | KeycloakMockIntegrationTest:1 | [4] /js/keycloak.js, application/json, function Keycloak\n[Java CI/build_java17      ]   \ud83d\udcac  ::debug::Path prior to stripping: KeycloakMockIntegrationTest\n[Java CI/build_java17      ]   | KeycloakMockIntegrationTest:1 | mock_server_fails_when_port_is_claimed()\n[Java CI/build_java17      ]   \ud83d\udcac  ::debug::Path prior to stripping: KeycloakMockIntegrationTest\n[Java CI/build_java17      ]   | KeycloakMockIntegrationTest:1 | mock_server_login_with_resource_owner_password_credentials_flow_works()\n[Java CI/build_java17      ]   \ud83d\udcac  ::debug::Path prior to stripping: KeycloakMockIntegrationTest\n[Java CI/build_java17      ]   | KeycloakMockIntegrationTest:1 | mock_server_returns_404_on_nonexistent_resource()\n[Java CI/build_java17      ]   \ud83d\udcac  ::debug::Path prior to stripping: KeycloakMockIntegrationTest\n[Java CI/build_java17      ]   | KeycloakMockIntegrationTest:1 | mock_server_login_with_client_credentials_flow_works()\n[Java CI/build_java17      ]   \ud83d\udcac  ::debug::Path prior to stripping: KeycloakMockIntegrationTest\n[Java CI/build_java17      ]   | KeycloakMockIntegrationTest:1 | mock_server_login_with_resource_owner_password_credentials_flow_works_with_client_id_parameter()\n[Java CI/build_java17      ]   \ud83d\udcac  ::debug::Path prior to stripping: KeycloakMockIntegrationTest\n[Java CI/build_java17      ]   | KeycloakMockIntegrationTest:1 | mock_server_can_be_started_and_stopped()\n[Java CI/build_java17      ]   \ud83d\udcac  ::debug::Path prior to stripping: KeycloakMockIntegrationTest\n[Java CI/build_java17      ]   | KeycloakMockIntegrationTest:1 | mock_server_login_with_implicit_flow_works()\n[Java CI/build_java17      ]   \ud83d\udcac  ::debug::Path prior to stripping: KeycloakMockIntegrationTest\n[Java CI/build_java17      ]   | KeycloakMockIntegrationTest:1 | mock_server_can_be_started_and_stopped_twice()\n[Java CI/build_java17      ]   \ud83d\udcac  ::debug::Path prior to stripping: KeycloakMockIntegrationTest\n[Java CI/build_java17      ]   | KeycloakMockIntegrationTest:1 | mock_server_uses_host_header_as_server_host()\n[Java CI/build_java17      ]   \ud83d\udcac  ::debug::Path prior to stripping: KeycloakMockIntegrationTest\n[Java CI/build_java17      ]   | KeycloakMockIntegrationTest:1 | mock_server_login_with_client_credentials_flow_using_form_works()\n[Java CI/build_java17      ]   \ud83d\udcac  ::debug::Path prior to stripping: KeycloakMockIntegrationTest\n[Java CI/build_java17      ]   | KeycloakMockIntegrationTest:1 | mock_server_login_with_authorization_code_flow_works()\n[Java CI/build_java17      ]   \ud83d\udcac  ::debug::Path prior to stripping: KeycloakMockIntegrationTest\n[Java CI/build_java17      ]   | KeycloakMockIntegrationTest:1 | mock_server_answers_204_on_iframe_init()\n[Java CI/build_java17      ]   \ud83d\udcac  ::debug::Parsing report file: /tmp/569e0364-0b80-11ee-a890-af2cc187fc11/TNG-keycloak-mock/mock/build/test-results/test/TEST-com.tngtech.keycloakmock.api.KeycloakMockTest.xml\n[Java CI/build_java17      ]   \ud83d\udcac  ::debug::Parsing file /tmp/569e0364-0b80-11ee-a890-af2cc187fc11/TNG-keycloak-mock/mock/build/test-results/test/TEST-com.tngtech.keycloakmock.api.KeycloakMockTest.xml\n[Java CI/build_java17      ]   \ud83d\udcac  ::debug::Path prior to stripping: KeycloakMockTest\n[Java CI/build_java17      ]   | KeycloakMockTest:1 | contains_client_scopes_during_server_configuration()\n[Java CI/build_java17      ]   \ud83d\udcac  ::debug::Path prior to stripping: KeycloakMockTest\n[Java CI/build_java17      ]   | KeycloakMockTest:1 | generated_token_uses_correct_issuer()\n[Java CI/build_java17      ]   \ud83d\udcac  ::debug::Path prior to stripping: KeycloakMockTest\n[Java CI/build_java17      ]   | KeycloakMockTest:1 | contains_default_client_scope_during_server_configuration()\n[Java CI/build_java17      ]   \ud83d\udcac  ::debug::Parsing report file: /tmp/569e0364-0b80-11ee-a890-af2cc187fc11/TNG-keycloak-mock/mock/build/test-results/test/TEST-com.tngtech.keycloakmock.api.TokenConfigTest.xml\n[Java CI/build_java17      ]   \ud83d\udcac  ::debug::Parsing file /tmp/569e0364-0b80-11ee-a890-af2cc187fc11/TNG-keycloak-mock/mock/build/test-results/test/TEST-com.tngtech.keycloakmock.api.TokenConfigTest.xml\n[Java CI/build_java17      ]   \ud83d\udcac  ::debug::Path prior to stripping: TokenConfigTest\n[Java CI/build_java17      ]   | TokenConfigTest:1 | resourceAccess_is_set_correctly()\n[Java CI/build_java17      ]   \ud83d\udcac  ::debug::Path prior to stripping: TokenConfigTest\n[Java CI/build_java17      ]   | TokenConfigTest:1 | issuedAt_is_set_correctly()\n[Java CI/build_java17      ]   \ud83d\udcac  ::debug::Path prior to stripping: TokenConfigTest\n[Java CI/build_java17      ]   | TokenConfigTest:1 | audience_is_set_correctly()\n[Java CI/build_java17      ]   \ud83d\udcac  ::debug::Path prior to stripping: TokenConfigTest\n[Java CI/build_java17      ]   | TokenConfigTest:1 | unexpected_issuer_causes_exception()\n[Java CI/build_java17      ]   \ud83d\udcac  ::debug::Path prior to stripping: TokenConfigTest\n[Java CI/build_java17      ]   | TokenConfigTest:1 | expiration_is_set_correctly()\n[Java CI/build_java17      ]   \ud83d\udcac  ::debug::Path prior to stripping: TokenConfigTest\n[Java CI/build_java17      ]   | TokenConfigTest:1 | user_data_is_generated_from_subject()\n[Java CI/build_java17      ]   \ud83d\udcac  ::debug::Path prior to stripping: TokenConfigTest\n[Java CI/build_java17      ]   | TokenConfigTest:1 | notBefore_is_set_correctly()\n[Java CI/build_java17      ]   \ud83d\udcac  ::debug::Path prior to stripping: TokenConfigTest\n[Java CI/build_java17      ]   | TokenConfigTest:1 | realm_is_set_correctly()\n[Java CI/build_java17      ]   \ud83d\udcac  ::debug::Path prior to stripping: TokenConfigTest\n[Java CI/build_java17      ]   | TokenConfigTest:1 | invalid_issuer_causes_exception()\n[Java CI/build_java17      ]   \ud83d\udcac  ::debug::Path prior to stripping: TokenConfigTest\n[Java CI/build_java17      ]   | TokenConfigTest:1 | custom_claims_are_set_correctly()\n[Java CI/build_java17      ]   \ud83d\udcac  ::debug::Path prior to stripping: TokenConfigTest\n[Java CI/build_java17      ]   | TokenConfigTest:1 | scope_is_set_correctly()\n[Java CI/build_java17      ]   \ud83d\udcac  ::debug::Path prior to stripping: TokenConfigTest\n[Java CI/build_java17      ]   | TokenConfigTest:1 | [1] given, family, given family\n[Java CI/build_java17      ]   \ud83d\udcac  ::debug::Path prior to stripping: TokenConfigTest\n[Java CI/build_java17      ]   | TokenConfigTest:1 | [2] null, family, family\n[Java CI/build_java17      ]   \ud83d\udcac  ::debug::Path prior to stripping: TokenConfigTest\n[Java CI/build_java17      ]   | TokenConfigTest:1 | [3] given, null, given\n[Java CI/build_java17      ]   \ud83d\udcac  ::debug::Path prior to stripping: TokenConfigTest\n[Java CI/build_java17      ]   | TokenConfigTest:1 | [4] null, null, null\n[Java CI/build_java17      ]   \ud83d\udcac  ::debug::Path prior to stripping: TokenConfigTest\n[Java CI/build_java17      ]   | TokenConfigTest:1 | authorizedParty_is_set_correctly()\n[Java CI/build_java17      ]   \ud83d\udcac  ::debug::Path prior to stripping: TokenConfigTest\n[Java CI/build_java17      ]   | TokenConfigTest:1 | realmAccess_is_set_correctly()\n[Java CI/build_java17      ]   \ud83d\udcac  ::debug::Path prior to stripping: TokenConfigTest\n[Java CI/build_java17      ]   | TokenConfigTest:1 | email_is_set_correctly()\n[Java CI/build_java17      ]   \ud83d\udcac  ::debug::Path prior to stripping: TokenConfigTest\n[Java CI/build_java17      ]   | TokenConfigTest:1 | hostname_is_set_correctly()\n[Java CI/build_java17      ]   \ud83d\udcac  ::debug::Path prior to stripping: TokenConfigTest\n[Java CI/build_java17      ]   | TokenConfigTest:1 | names_are_set_correctly()\n[Java CI/build_java17      ]   \ud83d\udcac  ::debug::Path prior to stripping: TokenConfigTest\n[Java CI/build_java17      ]   | TokenConfigTest:1 | last_claim_version_wins()\n[Java CI/build_java17      ]   \ud83d\udcac  ::debug::Path prior to stripping: TokenConfigTest\n[Java CI/build_java17      ]   | TokenConfigTest:1 | authentication_context_class_reference_is_set_correctly()\n[Java CI/build_java17      ]   \ud83d\udcac  ::debug::Path prior to stripping: TokenConfigTest\n[Java CI/build_java17      ]   | TokenConfigTest:1 | default_values_are_used()\n[Java CI/build_java17      ]   \ud83d\udcac  ::debug::Path prior to stripping: TokenConfigTest\n[Java CI/build_java17      ]   | TokenConfigTest:1 | authenticationTime_is_set_correctly()\n[Java CI/build_java17      ]   \ud83d\udcac  ::debug::Path prior to stripping: TokenConfigTest\n[Java CI/build_java17      ]   | TokenConfigTest:1 | preferredUsername_is_set_correctly()\n[Java CI/build_java17      ]   \ud83d\udcac  ::debug::Path prior to stripping: TokenConfigTest\n[Java CI/build_java17      ]   | TokenConfigTest:1 | config_is_set_correctly_from_original_token()\n[Java CI/build_java17      ]   \ud83d\udcac  ::debug::Path prior to stripping: TokenConfigTest\n[Java CI/build_java17      ]   | TokenConfigTest:1 | subject_is_set_correctly()\n[Java CI/build_java17      ]   \ud83d\udcac  ::debug::Parsing report file: /tmp/569e0364-0b80-11ee-a890-af2cc187fc11/TNG-keycloak-mock/mock/build/test-results/test/TEST-com.tngtech.keycloakmock.impl.TokenGeneratorTest.xml\n[Java CI/build_java17      ]   \ud83d\udcac  ::debug::Parsing file /tmp/569e0364-0b80-11ee-a890-af2cc187fc11/TNG-keycloak-mock/mock/build/test-results/test/TEST-com.tngtech.keycloakmock.impl.TokenGeneratorTest.xml\n[Java CI/build_java17      ]   \ud83d\udcac  ::debug::Path prior to stripping: TokenGeneratorTest\n[Java CI/build_java17      ]   | TokenGeneratorTest:1 | user_data_is_generated()\n[Java CI/build_java17      ]   \ud83d\udcac  ::debug::Path prior to stripping: TokenGeneratorTest\n[Java CI/build_java17      ]   | TokenGeneratorTest:1 | user_data_is_not_generated()\n[Java CI/build_java17      ]   \ud83d\udcac  ::debug::Path prior to stripping: TokenGeneratorTest\n[Java CI/build_java17      ]   | TokenGeneratorTest:1 | explicit_user_data_takes_preference()\n[Java CI/build_java17      ]   \ud83d\udcac  ::debug::Path prior to stripping: TokenGeneratorTest\n[Java CI/build_java17      ]   | TokenGeneratorTest:1 | config_is_correctly_applied()\n[Java CI/build_java17      ]   \ud83d\udcac  ::debug::Parsing report file: /tmp/569e0364-0b80-11ee-a890-af2cc187fc11/TNG-keycloak-mock/mock/build/test-results/test/TEST-com.tngtech.keycloakmock.impl.UrlConfigurationTest.xml\n[Java CI/build_java17      ]   \ud83d\udcac  ::debug::Parsing file /tmp/569e0364-0b80-11ee-a890-af2cc187fc11/TNG-keycloak-mock/mock/build/test-results/test/TEST-com.tngtech.keycloakmock.impl.UrlConfigurationTest.xml\n[Java CI/build_java17      ]   \ud83d\udcac  ::debug::Path prior to stripping: UrlConfigurationTest\n[Java CI/build_java17      ]   | UrlConfigurationTest:1 | [1] com.tngtech.keycloakmock.api.ServerConfig@1561e62e, http://localhost:8000\n[Java CI/build_java17      ]   \ud83d\udcac  ::debug::Path prior to stripping: UrlConfigurationTest\n[Java CI/build_java17      ]   | UrlConfigurationTest:1 | [2] com.tngtech.keycloakmock.api.ServerConfig@50406145, http://defaultHost:8000\n[Java CI/build_java17      ]   \ud83d\udcac  ::debug::Path prior to stripping: UrlConfigurationTest\n[Java CI/build_java17      ]   | UrlConfigurationTest:1 | [3] com.tngtech.keycloakmock.api.ServerConfig@5cccffc3, http://localhost\n[Java CI/build_java17      ]   \ud83d\udcac  ::debug::Path prior to stripping: UrlConfigurationTest\n[Java CI/build_java17      ]   | UrlConfigurationTest:1 | [4] com.tngtech.keycloakmock.api.ServerConfig@2e897323, http://localhost:443\n[Java CI/build_java17      ]   \ud83d\udcac  ::debug::Path prior to stripping: UrlConfigurationTest\n[Java CI/build_java17      ]   | UrlConfigurationTest:1 | [5] com.tngtech.keycloakmock.api.ServerConfig@34c3a04a, https://localhost:80\n[Java CI/build_java17      ]   \ud83d\udcac  ::debug::Path prior to stripping: UrlConfigurationTest\n[Java CI/build_java17      ]   | UrlConfigurationTest:1 | [6] com.tngtech.keycloakmock.api.ServerConfig@67dab5de, https://localhost\n[Java CI/build_java17      ]   \ud83d\udcac  ::debug::Path prior to stripping: UrlConfigurationTest\n[Java CI/build_java17      ]   | UrlConfigurationTest:1 | [1] null, null, http://localhost:8000/auth/realms/master\n[Java CI/build_java17      ]   \ud83d\udcac  ::debug::Path prior to stripping: UrlConfigurationTest\n[Java CI/build_java17      ]   | UrlConfigurationTest:1 | [2] requestHost, null, http://requestHost/auth/realms/master\n[Java CI/build_java17      ]   \ud83d\udcac  ::debug::Path prior to stripping: UrlConfigurationTest\n[Java CI/build_java17      ]   | UrlConfigurationTest:1 | [3] null, requestRealm, http://localhost:8000/auth/realms/requestRealm\n[Java CI/build_java17      ]   \ud83d\udcac  ::debug::Path prior to stripping: UrlConfigurationTest\n[Java CI/build_java17      ]   | UrlConfigurationTest:1 | [4] requestHost, requestRealm, http://requestHost/auth/realms/requestRealm\n[Java CI/build_java17      ]   \ud83d\udcac  ::debug::Path prior to stripping: UrlConfigurationTest\n[Java CI/build_java17      ]   | UrlConfigurationTest:1 | port_is_correct()\n[Java CI/build_java17      ]   \ud83d\udcac  ::debug::Path prior to stripping: UrlConfigurationTest\n[Java CI/build_java17      ]   | UrlConfigurationTest:1 | [1] requestHostNoContextPath, null, http://requestHostNoContextPath/realms/master\n[Java CI/build_java17      ]   \ud83d\udcac  ::debug::Path prior to stripping: UrlConfigurationTest\n[Java CI/build_java17      ]   | UrlConfigurationTest:1 | [2] requestHostNoContextPath, requestRealm, http://requestHostNoContextPath/realms/requestRealm\n[Java CI/build_java17      ]   \ud83d\udcac  ::debug::Path prior to stripping: UrlConfigurationTest\n[Java CI/build_java17      ]   | UrlConfigurationTest:1 | [1] com.tngtech.keycloakmock.api.ServerConfig@d48c11a, http://localhost:8000/auth/realms/master\n[Java CI/build_java17      ]   \ud83d\udcac  ::debug::Path prior to stripping: UrlConfigurationTest\n[Java CI/build_java17      ]   | UrlConfigurationTest:1 | [2] com.tngtech.keycloakmock.api.ServerConfig@6f6ce71d, http://defaultHost:8000/auth/realms/defaultRealm\n[Java CI/build_java17      ]   \ud83d\udcac  ::debug::Path prior to stripping: UrlConfigurationTest\n[Java CI/build_java17      ]   | UrlConfigurationTest:1 | [3] com.tngtech.keycloakmock.api.ServerConfig@6c444399, http://localhost/auth/realms/master\n[Java CI/build_java17      ]   \ud83d\udcac  ::debug::Path prior to stripping: UrlConfigurationTest\n[Java CI/build_java17      ]   | UrlConfigurationTest:1 | [4] com.tngtech.keycloakmock.api.ServerConfig@6bf666e0, https://localhost/auth/realms/master\n[Java CI/build_java17      ]   \ud83d\udcac  ::debug::Path prior to stripping: UrlConfigurationTest\n[Java CI/build_java17      ]   | UrlConfigurationTest:1 | [5] com.tngtech.keycloakmock.api.ServerConfig@25e0a88c, http://localhost:8000/realms/master\n[Java CI/build_java17      ]   \ud83d\udcac  ::debug::Path prior to stripping: UrlConfigurationTest\n[Java CI/build_java17      ]   | UrlConfigurationTest:1 | [6] com.tngtech.keycloakmock.api.ServerConfig@6ce940d, http://localhost:8000/auth/realms/master\n[Java CI/build_java17      ]   \ud83d\udcac  ::debug::Path prior to stripping: UrlConfigurationTest\n[Java CI/build_java17      ]   | UrlConfigurationTest:1 | [7] com.tngtech.keycloakmock.api.ServerConfig@34da2b4a, http://localhost:8000/auth/realms/master\n[Java CI/build_java17      ]   \ud83d\udcac  ::debug::Path prior to stripping: UrlConfigurationTest\n[Java CI/build_java17      ]   | UrlConfigurationTest:1 | [8] com.tngtech.keycloakmock.api.ServerConfig@6c439a57, http://localhost:8000/context-path/realms/master\n[Java CI/build_java17      ]   \ud83d\udcac  ::debug::Path prior to stripping: UrlConfigurationTest\n[Java CI/build_java17      ]   | UrlConfigurationTest:1 | [9] com.tngtech.keycloakmock.api.ServerConfig@4c47eb9b, http://localhost:8000/complex/context/path/realms/master\n[Java CI/build_java17      ]   \ud83d\udcac  ::debug::Path prior to stripping: UrlConfigurationTest\n[Java CI/build_java17      ]   | UrlConfigurationTest:1 | urls_are_correct()\n[Java CI/build_java17      ]   \ud83d\udcac  ::debug::Path prior to stripping: UrlConfigurationTest\n[Java CI/build_java17      ]   | UrlConfigurationTest:1 | urls_are_correct_with_no_context_path()\n[Java CI/build_java17      ]   \ud83d\udcac  ::debug::Path prior to stripping: UrlConfigurationTest\n[Java CI/build_java17      ]   | UrlConfigurationTest:1 | [1] requestHostCustomContextPath, null, http://requestHostCustomContextPath/custom/context/path/realms/master\n[Java CI/build_java17      ]   \ud83d\udcac  ::debug::Path prior to stripping: UrlConfigurationTest\n[Java CI/build_java17      ]   | UrlConfigurationTest:1 | [2] requestHostCustomContextPath, requestRealm, http://requestHostCustomContextPath/custom/context/path/realms/requestRealm\n[Java CI/build_java17      ]   \ud83d\udcac  ::debug::Path prior to stripping: UrlConfigurationTest\n[Java CI/build_java17      ]   | UrlConfigurationTest:1 | urls_are_correct_with_custom_context_path()\n[Java CI/build_java17      ]   \ud83d\udcac  ::debug::Path prior to stripping: UrlConfigurationTest\n[Java CI/build_java17      ]   | UrlConfigurationTest:1 | [1] true\n[Java CI/build_java17      ]   \ud83d\udcac  ::debug::Path prior to stripping: UrlConfigurationTest\n[Java CI/build_java17      ]   | UrlConfigurationTest:1 | [2] false\n[Java CI/build_java17      ]   \ud83d\udcac  ::debug::Parsing report file: /tmp/569e0364-0b80-11ee-a890-af2cc187fc11/TNG-keycloak-mock/mock/build/test-results/test/TEST-com.tngtech.keycloakmock.impl.handler.AuthenticationRouteTest.xml\n[Java CI/build_java17      ]   \ud83d\udcac  ::debug::Parsing file /tmp/569e0364-0b80-11ee-a890-af2cc187fc11/TNG-keycloak-mock/mock/build/test-results/test/TEST-com.tngtech.keycloakmock.impl.handler.AuthenticationRouteTest.xml\n[Java CI/build_java17      ]   \ud83d\udcac  ::debug::Path prior to stripping: AuthenticationRouteTest\n[Java CI/build_java17      ]   | AuthenticationRouteTest:1 | missing_username_causes_error()\n[Java CI/build_java17      ]   \ud83d\udcac  ::debug::Path prior to stripping: AuthenticationRouteTest\n[Java CI/build_java17      ]   | AuthenticationRouteTest:1 | correct_token_is_created()\n[Java CI/build_java17      ]   \ud83d\udcac  ::debug::Path prior to stripping: AuthenticationRouteTest\n[Java CI/build_java17      ]   | AuthenticationRouteTest:1 | missing_session_causes_error()\n[Java CI/build_java17      ]   \ud83d\udcac  ::debug::Parsing report file: /tmp/569e0364-0b80-11ee-a890-af2cc187fc11/TNG-keycloak-mock/mock/build/test-results/test/TEST-com.tngtech.keycloakmock.impl.handler.JwksRouteTest.xml\n[Java CI/build_java17      ]   \ud83d\udcac  ::debug::Parsing file /tmp/569e0364-0b80-11ee-a890-af2cc187fc11/TNG-keycloak-mock/mock/build/test-results/test/TEST-com.tngtech.keycloakmock.impl.handler.JwksRouteTest.xml\n[Java CI/build_java17      ]   \ud83d\udcac  ::debug::Path prior to stripping: JwksRouteTest\n[Java CI/build_java17      ]   | JwksRouteTest:1 | ecKeyIsCorrectlyExported()\n[Java CI/build_java17      ]   \ud83d\udcac  ::debug::Path prior to stripping: JwksRouteTest\n[Java CI/build_java17      ]   | JwksRouteTest:1 | rsaKeyIsCorrectlyExported()\n[Java CI/build_java17      ]   \ud83d\udcac  ::debug::Parsing report file: /tmp/569e0364-0b80-11ee-a890-af2cc187fc11/TNG-keycloak-mock/mock/build/test-results/test/TEST-com.tngtech.keycloakmock.impl.handler.RequestUrlConfigurationHandlerTest.xml\n[Java CI/build_java17      ]   \ud83d\udcac  ::debug::Parsing file /tmp/569e0364-0b80-11ee-a890-af2cc187fc11/TNG-keycloak-mock/mock/build/test-results/test/TEST-com.tngtech.keycloakmock.impl.handler.RequestUrlConfigurationHandlerTest.xml\n[Java CI/build_java17      ]   \ud83d\udcac  ::debug::Path prior to stripping: RequestUrlConfigurationHandlerTest\n[Java CI/build_java17      ]   | RequestUrlConfigurationHandlerTest:1 | request_configuration_is_added_correctly()\n[Java CI/build_java17      ]   \ud83d\udcac  ::debug::Parsing report file: /tmp/569e0364-0b80-11ee-a890-af2cc187fc11/TNG-keycloak-mock/mock/build/test-results/test/TEST-com.tngtech.keycloakmock.impl.handler.TokenRouteTest.xml\n[Java CI/build_java17      ]   \ud83d\udcac  ::debug::Parsing file /tmp/569e0364-0b80-11ee-a890-af2cc187fc11/TNG-keycloak-mock/mock/build/test-results/test/TEST-com.tngtech.keycloakmock.impl.handler.TokenRouteTest.xml\n[Java CI/build_java17      ]   \ud83d\udcac  ::debug::Path prior to stripping: TokenRouteTest\n[Java CI/build_java17      ]   | TokenRouteTest:1 | missing_token_causes_error_for_type_refresh_token()\n[Java CI/build_java17      ]   \ud83d\udcac  ::debug::Path prior to stripping: TokenRouteTest\n[Java CI/build_java17      ]   | TokenRouteTest:1 | missing_client_id_causes_error_for_type_password()\n[Java CI/build_java17      ]   \ud83d\udcac  ::debug::Path prior to stripping: TokenRouteTest\n[Java CI/build_java17      ]   | TokenRouteTest:1 | missing_authorization_code_causes_error_for_type_authorization_code()\n[Java CI/build_java17      ]   \ud83d\udcac  ::debug::Path prior to stripping: TokenRouteTest\n[Java CI/build_java17      ]   | TokenRouteTest:1 | unknown_authorization_code_causes_error_for_type_authorization_code()\n[Java CI/build_java17      ]   \ud83d\udcac  ::debug::Path prior to stripping: TokenRouteTest\n[Java CI/build_java17      ]   | TokenRouteTest:1 | missing_basic_authorization_token_causes_error_for_type_client_credentials()\n[Java CI/build_java17      ]   \ud83d\udcac  ::debug::Path prior to stripping: TokenRouteTest\n[Java CI/build_java17      ]   | TokenRouteTest:1 | missing_clientId_in_basic_authorization_token_causes_error_for_type_client_credentials()\n[Java CI/build_java17      ]   \ud83d\udcac  ::debug::Path prior to stripping: TokenRouteTest\n[Java CI/build_java17      ]   | TokenRouteTest:1 | missing_username_causes_error_for_type_password()\n[Java CI/build_java17      ]   \ud83d\udcac  ::debug::Path prior to stripping: TokenRouteTest\n[Java CI/build_java17      ]   | TokenRouteTest:1 | missing_grant_type_causes_error()\n[Java CI/build_java17      ]   \ud83d\udcac  ::debug::Parsing report file: /tmp/569e0364-0b80-11ee-a890-af2cc187fc11/TNG-keycloak-mock/mock/build/test-results/test/TEST-com.tngtech.keycloakmock.impl.handler.WellKnownRouteTest.xml\n[Java CI/build_java17      ]   \ud83d\udcac  ::debug::Parsing file /tmp/569e0364-0b80-11ee-a890-af2cc187fc11/TNG-keycloak-mock/mock/build/test-results/test/TEST-com.tngtech.keycloakmock.impl.handler.WellKnownRouteTest.xml\n[Java CI/build_java17      ]   \ud83d\udcac  ::debug::Path prior to stripping: WellKnownRouteTest\n[Java CI/build_java17      ]   | WellKnownRouteTest:1 | well_known_configuration_is_complete()\n[Java CI/build_java17      ]   \ud83d\udcac  ::debug::Parsing report file: /tmp/569e0364-0b80-11ee-a890-af2cc187fc11/TNG-keycloak-mock/mock/build/test-results/test/TEST-com.tngtech.keycloakmock.impl.helper.RedirectHelperTest.xml\n[Java CI/build_java17      ]   \ud83d\udcac  ::debug::Parsing file /tmp/569e0364-0b80-11ee-a890-af2cc187fc11/TNG-keycloak-mock/mock/build/test-results/test/TEST-com.tngtech.keycloakmock.impl.helper.RedirectHelperTest.xml\n[Java CI/build_java17      ]   \ud83d\udcac  ::debug::Path prior to stripping: RedirectHelperTest\n[Java CI/build_java17      ]   | RedirectHelperTest:1 | redirect_location_is_not_generated_on_missing_response_type()\n[Java CI/build_java17      ]   \ud83d\udcac  ::debug::Path prior to stripping: RedirectHelperTest\n[Java CI/build_java17      ]   | RedirectHelperTest:1 | oob_redirect_location_is_generated_correctly()\n[Java CI/build_java17      ]   \ud83d\udcac  ::debug::Path prior to stripping: RedirectHelperTest\n[Java CI/build_java17      ]   | RedirectHelperTest:1 | correct redirect for 'code' and 'null'\n[Java CI/build_java17      ]   \ud83d\udcac  ::debug::Path prior to stripping: RedirectHelperTest\n[Java CI/build_java17      ]   | RedirectHelperTest:1 | correct redirect for 'code' and 'FRAGMENT'\n[Java CI/build_java17      ]   \ud83d\udcac  ::debug::Path prior to stripping: RedirectHelperTest\n[Java CI/build_java17      ]   | RedirectHelperTest:1 | correct redirect for 'code' and 'QUERY'\n[Java CI/build_java17      ]   \ud83d\udcac  ::debug::Path prior to stripping: RedirectHelperTest\n[Java CI/build_java17      ]   | RedirectHelperTest:1 | correct redirect for 'id_token' and 'null'\n[Java CI/build_java17      ]   \ud83d\udcac  ::debug::Path prior to stripping: RedirectHelperTest\n[Java CI/build_java17      ]   | RedirectHelperTest:1 | correct redirect for 'id_token' and 'FRAGMENT'\n[Java CI/build_java17      ]   \ud83d\udcac  ::debug::Path prior to stripping: RedirectHelperTest\n[Java CI/build_java17      ]   | RedirectHelperTest:1 | correct redirect for 'id_token' and 'QUERY'\n[Java CI/build_java17      ]   \ud83d\udcac  ::debug::Path prior to stripping: RedirectHelperTest\n[Java CI/build_java17      ]   | RedirectHelperTest:1 | correct redirect for 'id_token token' and 'null'\n[Java CI/build_java17      ]   \ud83d\udcac  ::debug::Path prior to stripping: RedirectHelperTest\n[Java CI/build_java17      ]   | RedirectHelperTest:1 | correct redirect for 'id_token token' and 'FRAGMENT'\n[Java CI/build_java17      ]   \ud83d\udcac  ::debug::Path prior to stripping: RedirectHelperTest\n[Java CI/build_java17      ]   | RedirectHelperTest:1 | correct redirect for 'id_token token' and 'QUERY'\n[Java CI/build_java17      ]   \ud83d\udcac  ::debug::Path prior to stripping: RedirectHelperTest\n[Java CI/build_java17      ]   | RedirectHelperTest:1 | correct redirect for 'none' and 'null'\n[Java CI/build_java17      ]   \ud83d\udcac  ::debug::Path prior to stripping: RedirectHelperTest\n[Java CI/build_java17      ]   | RedirectHelperTest:1 | correct redirect for 'none' and 'FRAGMENT'\n[Java CI/build_java17      ]   \ud83d\udcac  ::debug::Path prior to stripping: RedirectHelperTest\n[Java CI/build_java17      ]   | RedirectHelperTest:1 | correct redirect for 'none' and 'QUERY'\n[Java CI/build_java17      ]   \ud83d\udcac  ::debug::Path prior to stripping: RedirectHelperTest\n[Java CI/build_java17      ]   | RedirectHelperTest:1 | cookie_is_generated_correctly()\n[Java CI/build_java17      ]   \ud83d\udcac  ::debug::Parsing report file: /tmp/569e0364-0b80-11ee-a890-af2cc187fc11/TNG-keycloak-mock/mock/build/test-results/test/TEST-com.tngtech.keycloakmock.impl.helper.TokenHelperTest.xml\n[Java CI/build_java17      ]   \ud83d\udcac  ::debug::Parsing file /tmp/569e0364-0b80-11ee-a890-af2cc187fc11/TNG-keycloak-mock/mock/build/test-results/test/TEST-com.tngtech.keycloakmock.impl.helper.TokenHelperTest.xml\n[Java CI/build_java17      ]   \ud83d\udcac  ::debug::Path prior to stripping: TokenHelperTest\n[Java CI/build_java17      ]   | TokenHelperTest:1 | resource_roles_are_used_if_configured()\n[Java CI/build_java17      ]   \ud83d\udcac  ::debug::Path prior to stripping: TokenHelperTest\n[Java CI/build_java17      ]   | TokenHelperTest:1 | token_is_correctly_generated()\n[Java CI/build_java17      ]   \ud83d\udcac  ::debug::Parsing report file: /tmp/569e0364-0b80-11ee-a890-af2cc187fc11/TNG-keycloak-mock/mock/build/test-results/test/TEST-com.tngtech.keycloakmock.impl.session.UserDataTest.xml\n[Java CI/build_java17      ]   \ud83d\udcac  ::debug::Parsing file /tmp/569e0364-0b80-11ee-a890-af2cc187fc11/TNG-keycloak-mock/mock/build/test-results/test/TEST-com.tngtech.keycloakmock.impl.session.UserDataTest.xml\n[Java CI/build_java17      ]   \ud83d\udcac  ::debug::Path prior to stripping: UserDataTest\n[Java CI/build_java17      ]   | UserDataTest:1 | [1] jane.doe@example.com, example.org, jane.doe, Jane, Doe, Jane Doe, jane.doe@example.com\n[Java CI/build_java17      ]   \ud83d\udcac  ::debug::Path prior to stripping: UserDataTest\n[Java CI/build_java17      ]   | UserDataTest:1 | [2] jAnE.DoE@example.com, example.org, jAnE.DoE, JAnE, DoE, JAnE DoE, jAnE.DoE@example.com\n[Java CI/build_java17      ]   \ud83d\udcac  ::debug::Path prior to stripping: UserDataTest\n[Java CI/build_java17      ]   | UserDataTest:1 | [3] john.frederic.doe, example.org, john.frederic.doe, John Frederic, Doe, John Frederic Doe, john.frederic.doe@example.org\n[Java CI/build_java17      ]   \ud83d\udcac  ::debug::Path prior to stripping: UserDataTest\n[Java CI/build_java17      ]   | UserDataTest:1 | [4] jane, example.org, jane, null, Jane, Jane, jane@example.org\n[Java CI/build_java17      ]   \ud83d\udcac  ::debug::Path prior to stripping: UserDataTest\n[Java CI/build_java17      ]   | UserDataTest:1 | [5] john_doe@example, example.org, john_doe, John, Doe, John Doe, john_doe@example\n[Java CI/build_java17      ]   \ud83d\udcac  ::debug::Path prior to stripping: UserDataTest\n[Java CI/build_java17      ]   | UserDataTest:1 | [6] Jane_Doe, example.org, Jane_Doe, Jane, Doe, Jane Doe, Jane_Doe@example.org\n[Java CI/build_java17      ]   \ud83d\udcac  ::debug::Path prior to stripping: UserDataTest\n[Java CI/build_java17      ]   | UserDataTest:1 | [7] john doe, example.org, john doe, John, Doe, John Doe, john+doe@example.org\n[Java CI/build_java17      ]   \ud83d\udcac  ::debug::Path prior to stripping: UserDataTest\n[Java CI/build_java17      ]   | UserDataTest:1 | [8] j, example.org, j, null, J, J, j@example.org\n[Java CI/build_java17      ]   \ud83d\udcac  ::debug::Path prior to stripping: UserDataTest\n[Java CI/build_java17      ]   | UserDataTest:1 | [9] J, example.org, J, null, J, J, J@example.org\n[Java CI/build_java17      ]   \ud83d\udcac  ::debug::Path prior to stripping: UserDataTest\n[Java CI/build_java17      ]   | UserDataTest:1 | [10] ., example.org, ., null, ., ., .@example.org\n[Java CI/build_java17      ]   \ud83d\udcac  ::debug::Path prior to stripping: UserDataTest\n[Java CI/build_java17      ]   | UserDataTest:1 | [11] _, example.org, _, null, _, _, _@example.org\n[Java CI/build_java17      ]   \ud83d\udcac  ::debug::Parsing report file: /tmp/569e0364-0b80-11ee-a890-af2cc187fc11/TNG-keycloak-mock/mock-junit/build/test-results/test/TEST-com.tngtech.keycloakmock.junit.KeycloakMockRuleJunit4Test.xml\n[Java CI/build_java17      ]   \ud83d\udcac  ::debug::Parsing file /tmp/569e0364-0b80-11ee-a890-af2cc187fc11/TNG-keycloak-mock/mock-junit/build/test-results/test/TEST-com.tngtech.keycloakmock.junit.KeycloakMockRuleJunit4Test.xml\n[Java CI/build_java17      ]   \ud83d\udcac  ::debug::Path prior to stripping: KeycloakMockRuleJunit4Test\n[Java CI/build_java17      ]   | KeycloakMockRuleJunit4Test:1 | mock_is_running\n[Java CI/build_java17      ]   \ud83d\udcac  ::debug::Parsing report file: /tmp/569e0364-0b80-11ee-a890-af2cc187fc11/TNG-keycloak-mock/mock-junit5/build/test-results/test/TEST-com.tngtech.keycloakmock.junit5.KeycloakMockExtensionJunit5Test.xml\n[Java CI/build_java17      ]   \ud83d\udcac  ::debug::Parsing file /tmp/569e0364-0b80-11ee-a890-af2cc187fc11/TNG-keycloak-mock/mock-junit5/build/test-results/test/TEST-com.tngtech.keycloakmock.junit5.KeycloakMockExtensionJunit5Test.xml\n[Java CI/build_java17      ]   \ud83d\udcac  ::debug::Path prior to stripping: KeycloakMockExtensionJunit5Test\n[Java CI/build_java17      ]   | KeycloakMockExtensionJunit5Test:1 | mock_is_running()\n[Java CI/build_java17      ]   \ud83d\udcac  ::debug::Path prior to stripping: KeycloakMockExtensionJunit5Test\n[Java CI/build_java17      ]   | KeycloakMockExtensionJunit5Test:1 | https_is_working()\n[Java CI/build_java17      ]   | \u2139\ufe0f Posting with conclusion 'success' to refs/tags/v0.15.0 (sha: b5ddf5586ec856babe368a2332981200db803fad)\n[Java CI/build_java17      ]   \u2753  ::endgroup::\n[Java CI/build_java17      ]   \u2753  ::group::\ud83d\ude80 Publish results\n[Java CI/build_java17      ]   | \u2139\ufe0f - JUnit Test Report (Java 17) - 137 tests run, 137 passed, 0 skipped, 0 failed.\n[Java CI/build_java17      ]   \ud83d\udcac  ::debug::{%0A  \"owner\": \"TNG\",%0A  \"repo\": \"keycloak-mock\",%0A  \"name\": \"JUnit Test Report (Java 17)\",%0A  \"head_sha\": \"b5ddf5586ec856babe368a2332981200db803fad\",%0A  \"status\": \"completed\",%0A  \"conclusion\": \"success\",%0A  \"output\": {%0A    \"title\": \"137 tests run, 137 passed, 0 skipped, 0 failed.\",%0A    \"summary\": \"\",%0A    \"annotations\": []%0A  }%0A}\n[Java CI/build_java17      ]   | \u2139\ufe0f - JUnit Test Report (Java 17) - Creating check for\n[Java CI/build_java17      ]   \u2757  ::error::\u274c Failed to create checks using the provided token. (HttpError: You must authenticate via a GitHub App.)\n[Java CI/build_java17      ]   \ud83d\udea7  ::warning::\u26a0\ufe0f This usually indicates insufficient permissions. More details: https://github.com/mikepenz/action-junit-report/issues/23\n[Java CI/build_java17      ]   \u2753  ::endgroup::\n[Java CI/build_java17      ]   \u2705  Success - Main Publish test report\n[Java CI/build_java17      ]   \u2699  ::set-output:: failed=0\n[Java CI/build_java17      ]   \u2699  ::set-output:: total=137\n[Java CI/build_java17      ]   \u2699  ::set-output:: passed=137\n[Java CI/build_java17      ]   \u2699  ::set-output:: skipped=0\n[Java CI/build_java17      ] \u2b50 Run Main Upload cypress output\n[Java CI/build_java17      ]   \ud83d\udc33  docker cp src=/home/andre-silva/.cache/act/actions-upload-artifact@v3/ dst=/var/run/act/actions/actions-upload-artifact@v3/\n[Java CI/build_java17      ]   \ud83d\udc33  docker exec cmd=[chown -R 1012:1000 /var/run/act/actions/actions-upload-artifact@v3/] user=0 workdir=\n[Java CI/build_java17      ]   \ud83d\udc33  docker exec cmd=[node /var/run/act/actions/actions-upload-artifact@v3/dist/index.js] user= workdir=\n[Java CI/build_java17      ]   \ud83d\udcac  ::debug::followSymbolicLinks 'true'\n[Java CI/build_java17      ]   \ud83d\udcac  ::debug::implicitDescendants 'true'\n[Java CI/build_java17      ]   \ud83d\udcac  ::debug::omitBrokenSymbolicLinks 'true'\n[Java CI/build_java17      ]   \ud83d\udcac  ::debug::followSymbolicLinks 'true'\n[Java CI/build_java17      ]   \ud83d\udcac  ::debug::implicitDescendants 'true'\n[Java CI/build_java17      ]   \ud83d\udcac  ::debug::matchDirectories 'true'\n[Java CI/build_java17      ]   \ud83d\udcac  ::debug::omitBrokenSymbolicLinks 'true'\n[Java CI/build_java17      ]   \ud83d\udcac  ::debug::Search path '/tmp/569e0364-0b80-11ee-a890-af2cc187fc11/TNG-keycloak-mock'\n[Java CI/build_java17      ]   | No files were found with the provided path: */cypress/screenshots/\n[Java CI/build_java17      ]   | */cypress/videos/. No artifacts will be uploaded.\n[Java CI/build_java17      ]   \u2705  Success - Main Upload cypress output\n[Java CI/build_java17      ] \u2b50 Run Post Set up JDK 17\n[Java CI/build_java17      ]   \ud83d\udc33  docker exec cmd=[node /var/run/act/actions/actions-setup-java@v3/dist/cleanup/index.js] user= workdir=\n[Java CI/build_java17      ]   \u2705  Success - Post Set up JDK 17\n[Java CI/build_java17      ] \ud83c\udfc1  Job failed\n",
        "stderr": "Error: invalid checksum\n",
        "workflow": "/tmp/569e0364-0b80-11ee-a890-af2cc187fc11/TNG-keycloak-mock/.github/workflows/build-crawler.yml",
        "build_tool": "gradle",
        "elapsed_time": 442.8344075679779
    }
}