{
    "repository": "inveniosoftware/invenio",
    "clone_url": "https://github.com/inveniosoftware/invenio.git",
    "timestamp": "2023-05-29T14:16:46.173428Z",
    "clone_success": true,
    "number of actions": 2,
    "number_of_test_actions": 1,
    "actions_successful": false,
    "actions_stdout": "[CI/Tests] \ud83d\ude80  Start image=crawlergpt:latest\n[CI/Tests]   \ud83d\udc33  docker pull image=crawlergpt:latest platform= username= forcePull=false\n[CI/Tests]   \ud83d\udc33  docker create image=crawlergpt:latest platform= entrypoint=[\"tail\" \"-f\" \"/dev/null\"] cmd=[]\n[CI/Tests]   \ud83d\udc33  docker run image=crawlergpt:latest platform= entrypoint=[\"tail\" \"-f\" \"/dev/null\"] cmd=[]\n[CI/Tests]   \ud83d\udc33  docker exec cmd=[chown -R 1012:1000 /tmp/de65f406-fe28-11ed-a890-af2cc187fc11/inveniosoftware-invenio] user=0 workdir=\n[CI/Tests]   \u2601  git clone 'https://github.com/actions/setup-python' # ref=v2\n[CI/Tests]   \u2601  git clone 'https://github.com/actions/cache' # ref=v2\n[CI/Tests] \ud83e\uddea  Matrix: map[DB_EXTRAS:postgresql cache-service:redis db-service:postgresql10 mq-service:rabbitmq python-version:3.7 requirements-level:min search-service:elasticsearch7]\n[CI/Tests] \u2b50 Run Main Checkout\n[CI/Tests]   \u2705  Success - Main Checkout\n[CI/Tests] \u2b50 Run Main Set up Python 3.7\n[CI/Tests]   \ud83d\udc33  docker cp src=/home/andre-silva/.cache/act/actions-setup-python@v2/ dst=/var/run/act/actions/actions-setup-python@v2/\n[CI/Tests]   \ud83d\udc33  docker exec cmd=[chown -R 1012:1000 /var/run/act/actions/actions-setup-python@v2/] user=0 workdir=\n[CI/Tests]   \ud83d\udc33  docker exec cmd=[node /var/run/act/actions/actions-setup-python@v2/dist/setup/index.js] user= workdir=\n[CI/Tests]   \ud83d\udcac  ::debug::Semantic version spec of 3.7 is 3.7\n[CI/Tests]   \ud83d\udcac  ::debug::isExplicit: \n[CI/Tests]   \ud83d\udcac  ::debug::explicit? false\n[CI/Tests]   \ud83d\udcac  ::debug::isExplicit: 2.7.18\n[CI/Tests]   \ud83d\udcac  ::debug::explicit? true\n[CI/Tests]   \ud83d\udcac  ::debug::isExplicit: 3.5.10\n[CI/Tests]   \ud83d\udcac  ::debug::explicit? true\n[CI/Tests]   \ud83d\udcac  ::debug::isExplicit: 3.6.14\n[CI/Tests]   \ud83d\udcac  ::debug::explicit? true\n[CI/Tests]   \ud83d\udcac  ::debug::isExplicit: 3.7.11\n[CI/Tests]   \ud83d\udcac  ::debug::explicit? true\n[CI/Tests]   \ud83d\udcac  ::debug::isExplicit: 3.8.11\n[CI/Tests]   \ud83d\udcac  ::debug::explicit? true\n[CI/Tests]   \ud83d\udcac  ::debug::isExplicit: 3.9.6\n[CI/Tests]   \ud83d\udcac  ::debug::explicit? true\n[CI/Tests]   \ud83d\udcac  ::debug::evaluating 6 versions\n[CI/Tests]   \ud83d\udcac  ::debug::matched: 3.7.11\n[CI/Tests]   \ud83d\udcac  ::debug::checking cache: /opt/hostedtoolcache/Python/3.7.11/x64\n[CI/Tests]   \ud83d\udcac  ::debug::Found tool in cache Python 3.7.11 x64\n[CI/Tests]   | Successfully setup CPython (3.7.11)\n[CI/Tests]   \u2753 add-matcher /run/act/actions/actions-setup-python@v2/.github/python.json\n[CI/Tests]   \u2705  Success - Main Set up Python 3.7\n[CI/Tests]   \u2699  ::set-env:: pythonLocation=/opt/hostedtoolcache/Python/3.7.11/x64\n[CI/Tests]   \u2699  ::set-env:: LD_LIBRARY_PATH=/opt/hostedtoolcache/Python/3.7.11/x64/lib\n[CI/Tests]   \u2699  ::set-output:: python-version=3.7.11\n[CI/Tests]   \u2699  ::add-path:: /opt/hostedtoolcache/Python/3.7.11/x64\n[CI/Tests]   \u2699  ::add-path:: /opt/hostedtoolcache/Python/3.7.11/x64/bin\n[CI/Tests] \u2b50 Run Main Generate dependencies\n[CI/Tests]   \ud83d\udc33  docker exec cmd=[bash --noprofile --norc -e -o pipefail /var/run/act/workflow/2] user= workdir=\n[CI/Tests]   | Requirement already satisfied: pip in /opt/hostedtoolcache/Python/3.7.11/x64/lib/python3.7/site-packages (21.2.4)\n[CI/Tests]   | Collecting pip\n[CI/Tests]   |   Downloading pip-23.1.2-py3-none-any.whl (2.1 MB)\n[CI/Tests]   | Requirement already satisfied: setuptools in /opt/hostedtoolcache/Python/3.7.11/x64/lib/python3.7/site-packages (47.1.0)\n[CI/Tests]   | Collecting setuptools\n[CI/Tests]   |   Downloading setuptools-67.8.0-py3-none-any.whl (1.1 MB)\n[CI/Tests]   | Collecting py\n[CI/Tests]   |   Downloading py-1.11.0-py2.py3-none-any.whl (98 kB)\n[CI/Tests]   | Collecting wheel\n[CI/Tests]   |   Downloading wheel-0.40.0-py3-none-any.whl (64 kB)\n[CI/Tests]   | Collecting requirements-builder\n[CI/Tests]   |   Downloading requirements_builder-0.4.4-py2.py3-none-any.whl (9.0 kB)\n[CI/Tests]   | Collecting click>=7.0\n[CI/Tests]   |   Downloading click-8.1.3-py3-none-any.whl (96 kB)\n[CI/Tests]   | Collecting mock<4,>=1.3.0\n[CI/Tests]   |   Downloading mock-3.0.5-py2.py3-none-any.whl (25 kB)\n[CI/Tests]   | Collecting importlib-metadata\n[CI/Tests]   |   Downloading importlib_metadata-6.6.0-py3-none-any.whl (22 kB)\n[CI/Tests]   | Collecting six\n[CI/Tests]   |   Downloading six-1.16.0-py2.py3-none-any.whl (11 kB)\n[CI/Tests]   | Collecting zipp>=0.5\n[CI/Tests]   |   Downloading zipp-3.15.0-py3-none-any.whl (6.8 kB)\n[CI/Tests]   | Collecting typing-extensions>=3.6.4\n[CI/Tests]   |   Downloading typing_extensions-4.6.2-py3-none-any.whl (31 kB)\n[CI/Tests]   | Installing collected packages: zipp, typing-extensions, six, importlib-metadata, mock, click, wheel, setuptools, requirements-builder, py, pip\n[CI/Tests]   |   Attempting uninstall: setuptools\n[CI/Tests]   |     Found existing installation: setuptools 47.1.0\n[CI/Tests]   |     Uninstalling setuptools-47.1.0:\n[CI/Tests]   |       Successfully uninstalled setuptools-47.1.0\n[CI/Tests]   |   Attempting uninstall: pip\n[CI/Tests]   |     Found existing installation: pip 21.2.4\n[CI/Tests]   |     Uninstalling pip-21.2.4:\n[CI/Tests]   |       Successfully uninstalled pip-21.2.4\n[CI/Tests]   | Successfully installed click-8.1.3 importlib-metadata-6.6.0 mock-3.0.5 pip-23.1.2 py-1.11.0 requirements-builder-0.4.4 setuptools-67.8.0 six-1.16.0 typing-extensions-4.6.2 wheel-0.40.0 zipp-3.15.0\n[CI/Tests]   \u2705  Success - Main Generate dependencies\n[CI/Tests] \u2b50 Run Main Cache pip\n[CI/Tests]   \ud83d\udc33  docker cp src=/home/andre-silva/.cache/act/actions-cache@v2/ dst=/var/run/act/actions/actions-cache@v2/\n[CI/Tests]   \ud83d\udc33  docker exec cmd=[chown -R 1012:1000 /var/run/act/actions/actions-cache@v2/] user=0 workdir=\n[CI/Tests]   \ud83d\udc33  docker exec cmd=[node /var/run/act/actions/actions-cache@v2/dist/restore/index.js] user= workdir=\n[CI/Tests]   \ud83d\udcac  ::debug::Resolved Keys:\n[CI/Tests]   \ud83d\udcac  ::debug::[\"Linux-pip-\"]\n[CI/Tests]   \ud83d\udcac  ::debug::Checking zstd --version\n[CI/Tests]   \ud83d\udcac  ::debug::*** zstd command line interface 64-bits v1.5.0, by Yann Collet ***\n[CI/Tests]   \ud83d\udcac  ::debug::getCacheEntry - Attempt 1 of 2 failed with error: Cache Service Url not found, unable to restore cache.\n[CI/Tests]   \ud83d\udcac  ::debug::getCacheEntry - Attempt 2 of 2 failed with error: Cache Service Url not found, unable to restore cache.\n[CI/Tests]   | [warning]getCacheEntry failed: Cache Service Url not found, unable to restore cache.\n[CI/Tests]   \u2705  Success - Main Cache pip\n[CI/Tests]   \u2699  ::set-output:: cache-hit=false\n[CI/Tests] \u2b50 Run Main Install dependencies\n[CI/Tests]   \ud83d\udc33  docker exec cmd=[bash --noprofile --norc -e -o pipefail /var/run/act/workflow/4] user= workdir=\n[CI/Tests]   | Collecting invenio-access==1.4.2 (from -r .min-3.7-requirements.txt (line 1))\n[CI/Tests]   |   Downloading invenio_access-1.4.2-py2.py3-none-any.whl (32 kB)\n[CI/Tests]   | Collecting invenio-accounts==1.4.11 (from -r .min-3.7-requirements.txt (line 2))\n[CI/Tests]   |   Downloading invenio_accounts-1.4.11-py2.py3-none-any.whl (90 kB)\n[CI/Tests]   |      \u2501\u2501\u2501\u2501\u2501\u2501\u2501\u2501\u2501\u2501\u2501\u2501\u2501\u2501\u2501\u2501\u2501\u2501\u2501\u2501\u2501\u2501\u2501\u2501\u2501\u2501\u2501\u2501\u2501\u2501\u2501\u2501\u2501\u2501\u2501\u2501\u2501\u2501\u2501\u2501 90.6/90.6 kB 1.5 MB/s eta 0:00:00\n[CI/Tests]   | Collecting invenio-admin==1.3.2 (from -r .min-3.7-requirements.txt (line 3))\n[CI/Tests]   |   Downloading invenio_admin-1.3.2-py2.py3-none-any.whl (19 kB)\n[CI/Tests]   | Collecting invenio-app==1.3.3 (from -r .min-3.7-requirements.txt (line 4))\n[CI/Tests]   |   Downloading invenio_app-1.3.3-py2.py3-none-any.whl (18 kB)\n[CI/Tests]   | Collecting invenio-assets==1.2.7 (from -r .min-3.7-requirements.txt (line 5))\n[CI/Tests]   |   Downloading invenio_assets-1.2.7-py2.py3-none-any.whl (15 kB)\n[CI/Tests]   | Collecting invenio-base==1.2.9 (from -r .min-3.7-requirements.txt (line 6))\n[CI/Tests]   |   Downloading invenio_base-1.2.9-py2.py3-none-any.whl (14 kB)\n[CI/Tests]   | Collecting invenio-cache==1.1.0 (from -r .min-3.7-requirements.txt (line 7))\n[CI/Tests]   |   Downloading invenio_cache-1.1.0-py2.py3-none-any.whl (9.1 kB)\n[CI/Tests]   | Collecting invenio-celery==1.2.4 (from -r .min-3.7-requirements.txt (line 8))\n[CI/Tests]   |   Downloading invenio_celery-1.2.4-py2.py3-none-any.whl (8.5 kB)\n[CI/Tests]   | Collecting invenio-config==1.0.3 (from -r .min-3.7-requirements.txt (line 9))\n[CI/Tests]   |   Downloading invenio_config-1.0.3-py2.py3-none-any.whl (11 kB)\n[CI/Tests]   | Collecting invenio-db[postgresql,versioning]==1.0.9 (from -r .min-3.7-requirements.txt (line 10))\n[CI/Tests]   |   Downloading invenio_db-1.0.9-py2.py3-none-any.whl (15 kB)\n[CI/Tests]   | Collecting invenio-files-rest==1.3.2 (from -r .min-3.7-requirements.txt (line 11))\n[CI/Tests]   |   Downloading invenio_files_rest-1.3.2-py2.py3-none-any.whl (76 kB)\n[CI/Tests]   |      \u2501\u2501\u2501\u2501\u2501\u2501\u2501\u2501\u2501\u2501\u2501\u2501\u2501\u2501\u2501\u2501\u2501\u2501\u2501\u2501\u2501\u2501\u2501\u2501\u2501\u2501\u2501\u2501\u2501\u2501\u2501\u2501\u2501\u2501\u2501\u2501\u2501\u2501\u2501\u2501 77.0/77.0 kB 7.5 MB/s eta 0:00:00\n[CI/Tests]   | Collecting invenio-formatter==1.1.3 (from -r .min-3.7-requirements.txt (line 12))\n[CI/Tests]   |   Downloading invenio_formatter-1.1.3-py2.py3-none-any.whl (23 kB)\n[CI/Tests]   | Collecting invenio-i18n==1.3.1 (from -r .min-3.7-requirements.txt (line 13))\n[CI/Tests]   |   Downloading invenio_i18n-1.3.1-py2.py3-none-any.whl (31 kB)\n[CI/Tests]   | Collecting invenio-iiif==1.2.0 (from -r .min-3.7-requirements.txt (line 14))\n[CI/Tests]   |   Downloading invenio_iiif-1.2.0-py2.py3-none-any.whl (12 kB)\n[CI/Tests]   | Collecting invenio-indexer==1.2.1 (from -r .min-3.7-requirements.txt (line 15))\n[CI/Tests]   |   Downloading invenio_indexer-1.2.1-py2.py3-none-any.whl (19 kB)\n[CI/Tests]   | Collecting invenio-jsonschemas==1.1.4 (from -r .min-3.7-requirements.txt (line 16))\n[CI/Tests]   |   Downloading invenio_jsonschemas-1.1.4-py2.py3-none-any.whl (16 kB)\n[CI/Tests]   | Collecting invenio-logging==1.3.0 (from -r .min-3.7-requirements.txt (line 17))\n[CI/Tests]   |   Downloading invenio_logging-1.3.0-py2.py3-none-any.whl (13 kB)\n[CI/Tests]   | Collecting invenio-mail==1.0.2 (from -r .min-3.7-requirements.txt (line 18))\n[CI/Tests]   |   Downloading invenio_mail-1.0.2-py2.py3-none-any.whl (8.7 kB)\n[CI/Tests]   | Collecting invenio-oaiserver==1.4.0 (from -r .min-3.7-requirements.txt (line 19))\n[CI/Tests]   |   Downloading invenio_oaiserver-1.4.0-py2.py3-none-any.whl (44 kB)\n[CI/Tests]   |      \u2501\u2501\u2501\u2501\u2501\u2501\u2501\u2501\u2501\u2501\u2501\u2501\u2501\u2501\u2501\u2501\u2501\u2501\u2501\u2501\u2501\u2501\u2501\u2501\u2501\u2501\u2501\u2501\u2501\u2501\u2501\u2501\u2501\u2501\u2501\u2501\u2501\u2501\u2501 45.0/45.0 kB 620.3 kB/s eta 0:00:00\n[CI/Tests]   | Collecting invenio-oauth2server==1.3.5 (from -r .min-3.7-requirements.txt (line 20))\n[CI/Tests]   |   Downloading invenio_oauth2server-1.3.5-py2.py3-none-any.whl (89 kB)\n[CI/Tests]   |      \u2501\u2501\u2501\u2501\u2501\u2501\u2501\u2501\u2501\u2501\u2501\u2501\u2501\u2501\u2501\u2501\u2501\u2501\u2501\u2501\u2501\u2501\u2501\u2501\u2501\u2501\u2501\u2501\u2501\u2501\u2501\u2501\u2501\u2501\u2501\u2501\u2501\u2501\u2501\u2501 89.6/89.6 kB 2.8 MB/s eta 0:00:00\n[CI/Tests]   | Collecting invenio-oauthclient==1.5.3 (from -r .min-3.7-requirements.txt (line 21))\n[CI/Tests]   |   Downloading invenio_oauthclient-1.5.3-py2.py3-none-any.whl (90 kB)\n[CI/Tests]   |      \u2501\u2501\u2501\u2501\u2501\u2501\u2501\u2501\u2501\u2501\u2501\u2501\u2501\u2501\u2501\u2501\u2501\u2501\u2501\u2501\u2501\u2501\u2501\u2501\u2501\u2501\u2501\u2501\u2501\u2501\u2501\u2501\u2501\u2501\u2501\u2501\u2501\u2501\u2501\u2501 90.9/90.9 kB 12.5 MB/s eta 0:00:00\n[CI/Tests]   | Collecting invenio-pidstore==1.2.3 (from -r .min-3.7-requirements.txt (line 22))\n[CI/Tests]   |   Downloading invenio_pidstore-1.2.3-py2.py3-none-any.whl (37 kB)\n[CI/Tests]   | Collecting invenio-previewer==1.3.2 (from -r .min-3.7-requirements.txt (line 23))\n[CI/Tests]   |   Downloading invenio_previewer-1.3.2-py2.py3-none-any.whl (3.9 MB)\n[CI/Tests]   |      \u2501\u2501\u2501\u2501\u2501\u2501\u2501\u2501\u2501\u2501\u2501\u2501\u2501\u2501\u2501\u2501\u2501\u2501\u2501\u2501\u2501\u2501\u2501\u2501\u2501\u2501\u2501\u2501\u2501\u2501\u2501\u2501\u2501\u2501\u2501\u2501\u2501\u2501\u2501\u2501 3.9/3.9 MB 4.6 MB/s eta 0:00:00\n[CI/Tests]   | Collecting invenio-records==1.6.1 (from -r .min-3.7-requirements.txt (line 24))\n[CI/Tests]   |   Downloading invenio_records-1.6.1-py2.py3-none-any.whl (117 kB)\n[CI/Tests]   |      \u2501\u2501\u2501\u2501\u2501\u2501\u2501\u2501\u2501\u2501\u2501\u2501\u2501\u2501\u2501\u2501\u2501\u2501\u2501\u2501\u2501\u2501\u2501\u2501\u2501\u2501\u2501\u2501\u2501\u2501\u2501\u2501\u2501\u2501\u2501\u2501\u2501\u2501\u2501 117.5/117.5 kB 9.1 MB/s eta 0:00:00\n[CI/Tests]   | Collecting invenio-records-files==1.2.1 (from -r .min-3.7-requirements.txt (line 25))\n[CI/Tests]   |   Downloading invenio_records_files-1.2.1-py2.py3-none-any.whl (20 kB)\n[CI/Tests]   | Collecting invenio-records-rest==1.9.0 (from -r .min-3.7-requirements.txt (line 26))\n[CI/Tests]   |   Downloading invenio_records_rest-1.9.0-py2.py3-none-any.whl (64 kB)\n[CI/Tests]   |      \u2501\u2501\u2501\u2501\u2501\u2501\u2501\u2501\u2501\u2501\u2501\u2501\u2501\u2501\u2501\u2501\u2501\u2501\u2501\u2501\u2501\u2501\u2501\u2501\u2501\u2501\u2501\u2501\u2501\u2501\u2501\u2501\u2501\u2501\u2501\u2501\u2501\u2501\u2501\u2501 64.8/64.8 kB 1.8 MB/s eta 0:00:00\n[CI/Tests]   | Collecting invenio-records-ui==1.2.0 (from -r .min-3.7-requirements.txt (line 27))\n[CI/Tests]   |   Downloading invenio_records_ui-1.2.0-py2.py3-none-any.whl (23 kB)\n[CI/Tests]   | Collecting invenio-rest==1.2.8 (from -r .min-3.7-requirements.txt (line 28))\n[CI/Tests]   |   Downloading invenio_rest-1.2.8-py2.py3-none-any.whl (21 kB)\n[CI/Tests]   | Collecting invenio-search-ui==2.0.6 (from -r .min-3.7-requirements.txt (line 29))\n[CI/Tests]   |   Downloading invenio_search_ui-2.0.6-py2.py3-none-any.whl (75 kB)\n[CI/Tests]   |      \u2501\u2501\u2501\u2501\u2501\u2501\u2501\u2501\u2501\u2501\u2501\u2501\u2501\u2501\u2501\u2501\u2501\u2501\u2501\u2501\u2501\u2501\u2501\u2501\u2501\u2501\u2501\u2501\u2501\u2501\u2501\u2501\u2501\u2501\u2501\u2501\u2501\u2501\u2501\u2501 75.7/75.7 kB 14.0 MB/s eta 0:00:00\n[CI/Tests]   | Collecting invenio-theme==1.3.17 (from -r .min-3.7-requirements.txt (line 30))\n[CI/Tests]   |   Downloading invenio_theme-1.3.17-py2.py3-none-any.whl (446 kB)\n[CI/Tests]   |      \u2501\u2501\u2501\u2501\u2501\u2501\u2501\u2501\u2501\u2501\u2501\u2501\u2501\u2501\u2501\u2501\u2501\u2501\u2501\u2501\u2501\u2501\u2501\u2501\u2501\u2501\u2501\u2501\u2501\u2501\u2501\u2501\u2501\u2501\u2501\u2501\u2501\u2501 446.1/446.1 kB 12.3 MB/s eta 0:00:00\n[CI/Tests]   | Collecting invenio-userprofiles==1.2.4 (from -r .min-3.7-requirements.txt (line 31))\n[CI/Tests]   |   Downloading invenio_userprofiles-1.2.4-py2.py3-none-any.whl (36 kB)\n[CI/Tests]   | Collecting pytest-invenio==1.4.0 (from -r .min-3.7-requirements.txt (line 32))\n[CI/Tests]   |   Downloading pytest_invenio-1.4.0-py2.py3-none-any.whl (19 kB)\n[CI/Tests]   | Collecting Sphinx==4.2.0 (from -r .min-3.7-requirements.txt (line 33))\n[CI/Tests]   |   Downloading Sphinx-4.2.0-py3-none-any.whl (3.1 MB)\n[CI/Tests]   |      \u2501\u2501\u2501\u2501\u2501\u2501\u2501\u2501\u2501\u2501\u2501\u2501\u2501\u2501\u2501\u2501\u2501\u2501\u2501\u2501\u2501\u2501\u2501\u2501\u2501\u2501\u2501\u2501\u2501\u2501\u2501\u2501\u2501\u2501\u2501\u2501\u2501\u2501\u2501\u2501 3.1/3.1 MB 53.2 MB/s eta 0:00:00\n[CI/Tests]   | Collecting cryptography>=3.0.0 (from invenio-accounts==1.4.11->-r .min-3.7-requirements.txt (line 2))\n[CI/Tests]   |   Downloading cryptography-40.0.2-cp36-abi3-manylinux_2_28_x86_64.whl (3.7 MB)\n[CI/Tests]   |      \u2501\u2501\u2501\u2501\u2501\u2501\u2501\u2501\u2501\u2501\u2501\u2501\u2501\u2501\u2501\u2501\u2501\u2501\u2501\u2501\u2501\u2501\u2501\u2501\u2501\u2501\u2501\u2501\u2501\u2501\u2501\u2501\u2501\u2501\u2501\u2501\u2501\u2501\u2501\u2501 3.7/3.7 MB 56.8 MB/s eta 0:00:00\n[CI/Tests]   | Collecting email-validator>=1.0.5 (from invenio-accounts==1.4.11->-r .min-3.7-requirements.txt (line 2))\n[CI/Tests]   |   Downloading email_validator-2.0.0.post2-py3-none-any.whl (31 kB)\n[CI/Tests]   | Collecting Flask-Breadcrumbs>=0.4.0 (from invenio-accounts==1.4.11->-r .min-3.7-requirements.txt (line 2))\n[CI/Tests]   |   Downloading Flask_Breadcrumbs-0.5.1-py2.py3-none-any.whl (7.1 kB)\n[CI/Tests]   | Collecting Flask-KVSession-Invenio>=0.6.3 (from invenio-accounts==1.4.11->-r .min-3.7-requirements.txt (line 2))\n[CI/Tests]   |   Downloading Flask-KVSession-Invenio-0.6.3.tar.gz (39 kB)\n[CI/Tests]   |   Preparing metadata (setup.py): started\n[CI/Tests]   |   Preparing metadata (setup.py): finished with status 'done'\n[CI/Tests]   | Collecting Flask-Login<0.5.0,>=0.3.0 (from invenio-accounts==1.4.11->-r .min-3.7-requirements.txt (line 2))\n[CI/Tests]   |   Downloading Flask-Login-0.4.1.tar.gz (14 kB)\n[CI/Tests]   |   Preparing metadata (setup.py): started\n[CI/Tests]   |   Preparing metadata (setup.py): finished with status 'done'\n[CI/Tests]   | Collecting Flask-Mail>=0.9.1 (from invenio-accounts==1.4.11->-r .min-3.7-requirements.txt (line 2))\n[CI/Tests]   |   Downloading Flask-Mail-0.9.1.tar.gz (45 kB)\n[CI/Tests]   |      \u2501\u2501\u2501\u2501\u2501\u2501\u2501\u2501\u2501\u2501\u2501\u2501\u2501\u2501\u2501\u2501\u2501\u2501\u2501\u2501\u2501\u2501\u2501\u2501\u2501\u2501\u2501\u2501\u2501\u2501\u2501\u2501\u2501\u2501\u2501\u2501\u2501\u2501\u2501\u2501 45.7/45.7 kB 6.4 MB/s eta 0:00:00\n[CI/Tests]   |   Preparing metadata (setup.py): started\n[CI/Tests]   |   Preparing metadata (setup.py): finished with status 'done'\n[CI/Tests]   | Collecting Flask-Menu>=0.5.0 (from invenio-accounts==1.4.11->-r .min-3.7-requirements.txt (line 2))\n[CI/Tests]   |   Downloading Flask_Menu-0.7.2-py3-none-any.whl (11 kB)\n[CI/Tests]   | Collecting Flask-Security>=3.0.0 (from invenio-accounts==1.4.11->-r .min-3.7-requirements.txt (line 2))\n[CI/Tests]   |   Downloading Flask_Security-3.0.0-py2.py3-none-any.whl (68 kB)\n[CI/Tests]   |      \u2501\u2501\u2501\u2501\u2501\u2501\u2501\u2501\u2501\u2501\u2501\u2501\u2501\u2501\u2501\u2501\u2501\u2501\u2501\u2501\u2501\u2501\u2501\u2501\u2501\u2501\u2501\u2501\u2501\u2501\u2501\u2501\u2501\u2501\u2501\u2501\u2501\u2501\u2501\u2501 68.9/68.9 kB 5.3 MB/s eta 0:00:00\n[CI/Tests]   | Collecting Flask-WTF>=0.14.3 (from invenio-accounts==1.4.11->-r .min-3.7-requirements.txt (line 2))\n[CI/Tests]   |   Downloading Flask_WTF-1.1.1-py3-none-any.whl (12 kB)\n[CI/Tests]   | Collecting maxminddb-geolite2>=2017.404 (from invenio-accounts==1.4.11->-r .min-3.7-requirements.txt (line 2))\n[CI/Tests]   |   Downloading maxminddb-geolite2-2018.703.tar.gz (26.1 MB)\n[CI/Tests]   |      \u2501\u2501\u2501\u2501\u2501\u2501\u2501\u2501\u2501\u2501\u2501\u2501\u2501\u2501\u2501\u2501\u2501\u2501\u2501\u2501\u2501\u2501\u2501\u2501\u2501\u2501\u2501\u2501\u2501\u2501\u2501\u2501\u2501\u2501\u2501\u2501\u2501\u2501\u2501\u2501 26.1/26.1 MB 31.7 MB/s eta 0:00:00\n[CI/Tests]   |   Preparing metadata (setup.py): started\n[CI/Tests]   |   Preparing metadata (setup.py): finished with status 'done'\n[CI/Tests]   | Collecting passlib>=1.7.1 (from invenio-accounts==1.4.11->-r .min-3.7-requirements.txt (line 2))\n[CI/Tests]   |   Downloading passlib-1.7.4-py2.py3-none-any.whl (525 kB)\n[CI/Tests]   |      \u2501\u2501\u2501\u2501\u2501\u2501\u2501\u2501\u2501\u2501\u2501\u2501\u2501\u2501\u2501\u2501\u2501\u2501\u2501\u2501\u2501\u2501\u2501\u2501\u2501\u2501\u2501\u2501\u2501\u2501\u2501\u2501\u2501\u2501\u2501\u2501\u2501\u2501 525.6/525.6 kB 35.5 MB/s eta 0:00:00\n[CI/Tests]   | Collecting pyjwt>=1.5.0 (from invenio-accounts==1.4.11->-r .min-3.7-requirements.txt (line 2))\n[CI/Tests]   |   Downloading PyJWT-2.7.0-py3-none-any.whl (22 kB)\n[CI/Tests]   | Collecting redis>=2.10.5 (from invenio-accounts==1.4.11->-r .min-3.7-requirements.txt (line 2))\n[CI/Tests]   |   Downloading redis-4.5.5-py3-none-any.whl (240 kB)\n[CI/Tests]   |      \u2501\u2501\u2501\u2501\u2501\u2501\u2501\u2501\u2501\u2501\u2501\u2501\u2501\u2501\u2501\u2501\u2501\u2501\u2501\u2501\u2501\u2501\u2501\u2501\u2501\u2501\u2501\u2501\u2501\u2501\u2501\u2501\u2501\u2501\u2501\u2501\u2501\u2501\u2501 240.3/240.3 kB 3.0 MB/s eta 0:00:00\n[CI/Tests]   | Collecting simplekv>=0.11.2 (from invenio-accounts==1.4.11->-r .min-3.7-requirements.txt (line 2))\n[CI/Tests]   |   Downloading simplekv-0.14.1-py3-none-any.whl (31 kB)\n[CI/Tests]   | Collecting ua-parser>=0.7.3 (from invenio-accounts==1.4.11->-r .min-3.7-requirements.txt (line 2))\n[CI/Tests]   |   Downloading ua_parser-0.16.1-py2.py3-none-any.whl (38 kB)\n[CI/Tests]   | Collecting Flask-Admin>=1.5.6 (from invenio-admin==1.3.2->-r .min-3.7-requirements.txt (line 3))\n[CI/Tests]   |   Downloading Flask_Admin-1.6.1-py3-none-any.whl (7.5 MB)\n[CI/Tests]   |      \u2501\u2501\u2501\u2501\u2501\u2501\u2501\u2501\u2501\u2501\u2501\u2501\u2501\u2501\u2501\u2501\u2501\u2501\u2501\u2501\u2501\u2501\u2501\u2501\u2501\u2501\u2501\u2501\u2501\u2501\u2501\u2501\u2501\u2501\u2501\u2501\u2501\u2501\u2501\u2501 7.5/7.5 MB 50.1 MB/s eta 0:00:00\n[CI/Tests]   | Collecting Flask-Principal>=0.4.0 (from invenio-admin==1.3.2->-r .min-3.7-requirements.txt (line 3))\n[CI/Tests]   |   Downloading Flask-Principal-0.4.0.tar.gz (5.5 kB)\n[CI/Tests]   |   Preparing metadata (setup.py): started\n[CI/Tests]   |   Preparing metadata (setup.py): finished with status 'done'\n[CI/Tests]   | Collecting invenio-db>=1.0.9 (from invenio-admin==1.3.2->-r .min-3.7-requirements.txt (line 3))\n[CI/Tests]   |   Downloading invenio_db-1.1.2-py2.py3-none-any.whl (16 kB)\n[CI/Tests]   | Collecting flask-celeryext>=0.3.4 (from invenio-app==1.3.3->-r .min-3.7-requirements.txt (line 4))\n[CI/Tests]   |   Downloading Flask_CeleryExt-0.5.0-py2.py3-none-any.whl (10 kB)\n[CI/Tests]   | Collecting flask-limiter<1.2.0,>=1.0.1 (from invenio-app==1.3.3->-r .min-3.7-requirements.txt (line 4))\n[CI/Tests]   |   Downloading Flask-Limiter-1.1.0.tar.gz (92 kB)\n[CI/Tests]   |      \u2501\u2501\u2501\u2501\u2501\u2501\u2501\u2501\u2501\u2501\u2501\u2501\u2501\u2501\u2501\u2501\u2501\u2501\u2501\u2501\u2501\u2501\u2501\u2501\u2501\u2501\u2501\u2501\u2501\u2501\u2501\u2501\u2501\u2501\u2501\u2501\u2501\u2501\u2501\u2501 92.4/92.4 kB 12.6 MB/s eta 0:00:00\n[CI/Tests]   |   Preparing metadata (setup.py): started\n[CI/Tests]   |   Preparing metadata (setup.py): finished with status 'done'\n[CI/Tests]   | Collecting limits<2.0,>=1.5.1 (from invenio-app==1.3.3->-r .min-3.7-requirements.txt (line 4))\n[CI/Tests]   |   Downloading limits-1.6-py3-none-any.whl (17 kB)\n[CI/Tests]   | Collecting flask-shell-ipython>=0.3.1 (from invenio-app==1.3.3->-r .min-3.7-requirements.txt (line 4))\n[CI/Tests]   |   Downloading flask_shell_ipython-0.5.1-py2.py3-none-any.whl (4.1 kB)\n[CI/Tests]   | Collecting flask-talisman<1.0,>=0.3.2 (from invenio-app==1.3.3->-r .min-3.7-requirements.txt (line 4))\n[CI/Tests]   |   Downloading flask_talisman-0.8.1-py2.py3-none-any.whl (18 kB)\n[CI/Tests]   | Collecting uritools>=1.0.1 (from invenio-app==1.3.3->-r .min-3.7-requirements.txt (line 4))\n[CI/Tests]   |   Downloading uritools-4.0.1-py3-none-any.whl (10 kB)\n[CI/Tests]   | Collecting Flask-Collect-Invenio>=1.4.0 (from invenio-assets==1.2.7->-r .min-3.7-requirements.txt (line 5))\n[CI/Tests]   |   Downloading Flask_Collect_Invenio-1.4.0-py2.py3-none-any.whl (11 kB)\n[CI/Tests]   | Collecting Flask-WebpackExt>=1.0.0 (from invenio-assets==1.2.7->-r .min-3.7-requirements.txt (line 5))\n[CI/Tests]   |   Downloading flask_webpackext-1.0.2-py2.py3-none-any.whl (15 kB)\n[CI/Tests]   | Collecting node-semver<0.2.0,>=0.1.1 (from invenio-assets==1.2.7->-r .min-3.7-requirements.txt (line 5))\n[CI/Tests]   |   Downloading node-semver-0.1.1.tar.gz (18 kB)\n[CI/Tests]   |   Preparing metadata (setup.py): started\n[CI/Tests]   |   Preparing metadata (setup.py): finished with status 'done'\n[CI/Tests]   | Collecting blinker>=1.4 (from invenio-base==1.2.9->-r .min-3.7-requirements.txt (line 6))\n[CI/Tests]   |   Downloading blinker-1.6.2-py3-none-any.whl (13 kB)\n[CI/Tests]   | Collecting Flask<3.0.0,>=1.1.4 (from invenio-base==1.2.9->-r .min-3.7-requirements.txt (line 6))\n[CI/Tests]   |   Downloading Flask-2.2.5-py3-none-any.whl (101 kB)\n[CI/Tests]   |      \u2501\u2501\u2501\u2501\u2501\u2501\u2501\u2501\u2501\u2501\u2501\u2501\u2501\u2501\u2501\u2501\u2501\u2501\u2501\u2501\u2501\u2501\u2501\u2501\u2501\u2501\u2501\u2501\u2501\u2501\u2501\u2501\u2501\u2501\u2501\u2501\u2501\u2501\u2501 101.8/101.8 kB 8.9 MB/s eta 0:00:00\n[CI/Tests]   | Collecting itsdangerous<2.1.0,>=1.1.0 (from invenio-base==1.2.9->-r .min-3.7-requirements.txt (line 6))\n[CI/Tests]   |   Downloading itsdangerous-2.0.1-py3-none-any.whl (18 kB)\n[CI/Tests]   | Collecting MarkupSafe>=2.0 (from invenio-base==1.2.9->-r .min-3.7-requirements.txt (line 6))\n[CI/Tests]   |   Downloading MarkupSafe-2.1.2-cp37-cp37m-manylinux_2_17_x86_64.manylinux2014_x86_64.whl (25 kB)\n[CI/Tests]   | Collecting Werkzeug<3.0,>=1.0.1 (from invenio-base==1.2.9->-r .min-3.7-requirements.txt (line 6))\n[CI/Tests]   |   Downloading Werkzeug-2.2.3-py3-none-any.whl (233 kB)\n[CI/Tests]   |      \u2501\u2501\u2501\u2501\u2501\u2501\u2501\u2501\u2501\u2501\u2501\u2501\u2501\u2501\u2501\u2501\u2501\u2501\u2501\u2501\u2501\u2501\u2501\u2501\u2501\u2501\u2501\u2501\u2501\u2501\u2501\u2501\u2501\u2501\u2501\u2501\u2501\u2501 233.6/233.6 kB 13.4 MB/s eta 0:00:00\n[CI/Tests]   | Requirement already satisfied: importlib-metadata>=4.4 in /opt/hostedtoolcache/Python/3.7.11/x64/lib/python3.7/site-packages (from invenio-base==1.2.9->-r .min-3.7-requirements.txt (line 6)) (6.6.0)\n[CI/Tests]   | Collecting importlib-resources>=5.0 (from invenio-base==1.2.9->-r .min-3.7-requirements.txt (line 6))\n[CI/Tests]   |   Downloading importlib_resources-5.12.0-py3-none-any.whl (36 kB)\n[CI/Tests]   | Collecting Flask-Caching>=1.8.0 (from invenio-cache==1.1.0->-r .min-3.7-requirements.txt (line 7))\n[CI/Tests]   |   Downloading Flask_Caching-2.0.2-py3-none-any.whl (28 kB)\n[CI/Tests]   | Collecting celery<5.3,>=5.1.0 (from invenio-celery==1.2.4->-r .min-3.7-requirements.txt (line 8))\n[CI/Tests]   |   Downloading celery-5.2.7-py3-none-any.whl (405 kB)\n[CI/Tests]   |      \u2501\u2501\u2501\u2501\u2501\u2501\u2501\u2501\u2501\u2501\u2501\u2501\u2501\u2501\u2501\u2501\u2501\u2501\u2501\u2501\u2501\u2501\u2501\u2501\u2501\u2501\u2501\u2501\u2501\u2501\u2501\u2501\u2501\u2501\u2501\u2501\u2501\u2501\u2501 405.6/405.6 kB 6.3 MB/s eta 0:00:00\n[CI/Tests]   | Collecting msgpack>=0.6.2 (from invenio-celery==1.2.4->-r .min-3.7-requirements.txt (line 8))\n[CI/Tests]   |   Downloading msgpack-1.0.5-cp37-cp37m-manylinux_2_17_x86_64.manylinux2014_x86_64.whl (299 kB)\n[CI/Tests]   |      \u2501\u2501\u2501\u2501\u2501\u2501\u2501\u2501\u2501\u2501\u2501\u2501\u2501\u2501\u2501\u2501\u2501\u2501\u2501\u2501\u2501\u2501\u2501\u2501\u2501\u2501\u2501\u2501\u2501\u2501\u2501\u2501\u2501\u2501\u2501\u2501\u2501\u2501 299.7/299.7 kB 18.4 MB/s eta 0:00:00\n[CI/Tests]   | Collecting Flask-Alembic>=2.0.1 (from invenio-db[postgresql,versioning]==1.0.9->-r .min-3.7-requirements.txt (line 10))\n[CI/Tests]   |   Downloading Flask_Alembic-2.0.1-py2.py3-none-any.whl (10 kB)\n[CI/Tests]   | Collecting Flask-SQLAlchemy<2.5.0,>=2.1 (from invenio-db[postgresql,versioning]==1.0.9->-r .min-3.7-requirements.txt (line 10))\n[CI/Tests]   |   Downloading Flask_SQLAlchemy-2.4.4-py2.py3-none-any.whl (17 kB)\n[CI/Tests]   | Collecting SQLAlchemy<1.4.0,>=1.2.18 (from invenio-db[postgresql,versioning]==1.0.9->-r .min-3.7-requirements.txt (line 10))\n[CI/Tests]   |   Downloading SQLAlchemy-1.3.24-cp37-cp37m-manylinux2010_x86_64.whl (1.3 MB)\n[CI/Tests]   |      \u2501\u2501\u2501\u2501\u2501\u2501\u2501\u2501\u2501\u2501\u2501\u2501\u2501\u2501\u2501\u2501\u2501\u2501\u2501\u2501\u2501\u2501\u2501\u2501\u2501\u2501\u2501\u2501\u2501\u2501\u2501\u2501\u2501\u2501\u2501\u2501\u2501\u2501\u2501\u2501 1.3/1.3 MB 30.6 MB/s eta 0:00:00\n[CI/Tests]   | Collecting SQLAlchemy-Utils<0.36,>=0.33.1 (from invenio-db[postgresql,versioning]==1.0.9->-r .min-3.7-requirements.txt (line 10))\n[CI/Tests]   |   Downloading SQLAlchemy-Utils-0.35.0.tar.gz (129 kB)\n[CI/Tests]   |      \u2501\u2501\u2501\u2501\u2501\u2501\u2501\u2501\u2501\u2501\u2501\u2501\u2501\u2501\u2501\u2501\u2501\u2501\u2501\u2501\u2501\u2501\u2501\u2501\u2501\u2501\u2501\u2501\u2501\u2501\u2501\u2501\u2501\u2501\u2501\u2501\u2501\u2501\u2501 129.2/129.2 kB 5.1 MB/s eta 0:00:00\n[CI/Tests]   |   Preparing metadata (setup.py): started\n[CI/Tests]   |   Preparing metadata (setup.py): finished with status 'done'\n[CI/Tests]   | Collecting SQLAlchemy-Continuum>=1.3.11 (from invenio-db[postgresql,versioning]==1.0.9->-r .min-3.7-requirements.txt (line 10))\n[CI/Tests]   |   Downloading SQLAlchemy_Continuum-1.3.14-py3-none-any.whl (45 kB)\n[CI/Tests]   |      \u2501\u2501\u2501\u2501\u2501\u2501\u2501\u2501\u2501\u2501\u2501\u2501\u2501\u2501\u2501\u2501\u2501\u2501\u2501\u2501\u2501\u2501\u2501\u2501\u2501\u2501\u2501\u2501\u2501\u2501\u2501\u2501\u2501\u2501\u2501\u2501\u2501\u2501\u2501 45.7/45.7 kB 942.0 kB/s eta 0:00:00\n[CI/Tests]   | Collecting psycopg2-binary>=2.8.6 (from invenio-db[postgresql,versioning]==1.0.9->-r .min-3.7-requirements.txt (line 10))\n[CI/Tests]   |   Downloading psycopg2_binary-2.9.6-cp37-cp37m-manylinux_2_17_x86_64.manylinux2014_x86_64.whl (3.0 MB)\n[CI/Tests]   |      \u2501\u2501\u2501\u2501\u2501\u2501\u2501\u2501\u2501\u2501\u2501\u2501\u2501\u2501\u2501\u2501\u2501\u2501\u2501\u2501\u2501\u2501\u2501\u2501\u2501\u2501\u2501\u2501\u2501\u2501\u2501\u2501\u2501\u2501\u2501\u2501\u2501\u2501\u2501\u2501 3.0/3.0 MB 41.5 MB/s eta 0:00:00\n[CI/Tests]   | Collecting click-default-group<2.0.0,>=1.2.2 (from invenio-files-rest==1.3.2->-r .min-3.7-requirements.txt (line 11))\n[CI/Tests]   |   Downloading click-default-group-1.2.2.tar.gz (3.3 kB)\n[CI/Tests]   |   Preparing metadata (setup.py): started\n[CI/Tests]   |   Preparing metadata (setup.py): finished with status 'done'\n[CI/Tests]   | Collecting fs<3.0,>=2.0.10 (from invenio-files-rest==1.3.2->-r .min-3.7-requirements.txt (line 11))\n[CI/Tests]   |   Downloading fs-2.4.16-py2.py3-none-any.whl (135 kB)\n[CI/Tests]   |      \u2501\u2501\u2501\u2501\u2501\u2501\u2501\u2501\u2501\u2501\u2501\u2501\u2501\u2501\u2501\u2501\u2501\u2501\u2501\u2501\u2501\u2501\u2501\u2501\u2501\u2501\u2501\u2501\u2501\u2501\u2501\u2501\u2501\u2501\u2501\u2501\u2501 135.3/135.3 kB 831.5 kB/s eta 0:00:00\n[CI/Tests]   | Collecting WTForms>=2.0 (from invenio-files-rest==1.3.2->-r .min-3.7-requirements.txt (line 11))\n[CI/Tests]   |   Downloading WTForms-3.0.1-py3-none-any.whl (136 kB)\n[CI/Tests]   |      \u2501\u2501\u2501\u2501\u2501\u2501\u2501\u2501\u2501\u2501\u2501\u2501\u2501\u2501\u2501\u2501\u2501\u2501\u2501\u2501\u2501\u2501\u2501\u2501\u2501\u2501\u2501\u2501\u2501\u2501\u2501\u2501\u2501\u2501\u2501\u2501\u2501\u2501\u2501 136.5/136.5 kB 3.3 MB/s eta 0:00:00\n[CI/Tests]   | Collecting arrow>=0.7.0 (from invenio-formatter==1.1.3->-r .min-3.7-requirements.txt (line 12))\n[CI/Tests]   |   Downloading arrow-1.2.3-py3-none-any.whl (66 kB)\n[CI/Tests]   |      \u2501\u2501\u2501\u2501\u2501\u2501\u2501\u2501\u2501\u2501\u2501\u2501\u2501\u2501\u2501\u2501\u2501\u2501\u2501\u2501\u2501\u2501\u2501\u2501\u2501\u2501\u2501\u2501\u2501\u2501\u2501\u2501\u2501\u2501\u2501\u2501\u2501\u2501\u2501\u2501 66.4/66.4 kB 4.8 MB/s eta 0:00:00\n[CI/Tests]   | Collecting bleach>=3.1.0 (from invenio-formatter==1.1.3->-r .min-3.7-requirements.txt (line 12))\n[CI/Tests]   |   Downloading bleach-6.0.0-py3-none-any.whl (162 kB)\n[CI/Tests]   |      \u2501\u2501\u2501\u2501\u2501\u2501\u2501\u2501\u2501\u2501\u2501\u2501\u2501\u2501\u2501\u2501\u2501\u2501\u2501\u2501\u2501\u2501\u2501\u2501\u2501\u2501\u2501\u2501\u2501\u2501\u2501\u2501\u2501\u2501\u2501\u2501\u2501\u2501\u2501 162.5/162.5 kB 3.3 MB/s eta 0:00:00\n[CI/Tests]   | Collecting Flask-BabelEx>=0.9.4 (from invenio-formatter==1.1.3->-r .min-3.7-requirements.txt (line 12))\n[CI/Tests]   |   Downloading Flask_BabelEx-0.9.4-py3-none-any.whl (8.7 kB)\n[CI/Tests]   | Collecting Flask-IIIF>=0.6.1 (from invenio-iiif==1.2.0->-r .min-3.7-requirements.txt (line 14))\n[CI/Tests]   |   Downloading flask_iiif-0.6.3-py2.py3-none-any.whl (34 kB)\n[CI/Tests]   | Collecting Wand>=0.4.4 (from invenio-iiif==1.2.0->-r .min-3.7-requirements.txt (line 14))\n[CI/Tests]   |   Downloading Wand-0.6.11-py2.py3-none-any.whl (143 kB)\n[CI/Tests]   |      \u2501\u2501\u2501\u2501\u2501\u2501\u2501\u2501\u2501\u2501\u2501\u2501\u2501\u2501\u2501\u2501\u2501\u2501\u2501\u2501\u2501\u2501\u2501\u2501\u2501\u2501\u2501\u2501\u2501\u2501\u2501\u2501\u2501\u2501\u2501\u2501\u2501\u2501\u2501 143.6/143.6 kB 6.8 MB/s eta 0:00:00\n[CI/Tests]   | Collecting pytz>=2016.4 (from invenio-indexer==1.2.1->-r .min-3.7-requirements.txt (line 15))\n[CI/Tests]   |   Downloading pytz-2023.3-py2.py3-none-any.whl (502 kB)\n[CI/Tests]   |      \u2501\u2501\u2501\u2501\u2501\u2501\u2501\u2501\u2501\u2501\u2501\u2501\u2501\u2501\u2501\u2501\u2501\u2501\u2501\u2501\u2501\u2501\u2501\u2501\u2501\u2501\u2501\u2501\u2501\u2501\u2501\u2501\u2501\u2501\u2501\u2501\u2501\u2501 502.3/502.3 kB 12.5 MB/s eta 0:00:00\n[CI/Tests]   | Collecting jsonref>=0.1 (from invenio-jsonschemas==1.1.4->-r .min-3.7-requirements.txt (line 16))\n[CI/Tests]   |   Downloading jsonref-1.1.0-py3-none-any.whl (9.4 kB)\n[CI/Tests]   | Collecting dojson>=1.3.0 (from invenio-oaiserver==1.4.0->-r .min-3.7-requirements.txt (line 19))\n[CI/Tests]   |   Downloading dojson-1.4.0-py2.py3-none-any.whl (252 kB)\n[CI/Tests]   |      \u2501\u2501\u2501\u2501\u2501\u2501\u2501\u2501\u2501\u2501\u2501\u2501\u2501\u2501\u2501\u2501\u2501\u2501\u2501\u2501\u2501\u2501\u2501\u2501\u2501\u2501\u2501\u2501\u2501\u2501\u2501\u2501\u2501\u2501\u2501\u2501\u2501\u2501\u2501 252.8/252.8 kB 7.1 MB/s eta 0:00:00\n[CI/Tests]   | Collecting lxml>=4.3.0 (from invenio-oaiserver==1.4.0->-r .min-3.7-requirements.txt (line 19))\n[CI/Tests]   |   Downloading lxml-4.9.2-cp37-cp37m-manylinux_2_17_x86_64.manylinux2014_x86_64.manylinux_2_24_x86_64.whl (6.6 MB)\n[CI/Tests]   |      \u2501\u2501\u2501\u2501\u2501\u2501\u2501\u2501\u2501\u2501\u2501\u2501\u2501\u2501\u2501\u2501\u2501\u2501\u2501\u2501\u2501\u2501\u2501\u2501\u2501\u2501\u2501\u2501\u2501\u2501\u2501\u2501\u2501\u2501\u2501\u2501\u2501\u2501\u2501\u2501 6.6/6.6 MB 27.1 MB/s eta 0:00:00\n[CI/Tests]   | Collecting cachelib>=0.1 (from invenio-oauth2server==1.3.5->-r .min-3.7-requirements.txt (line 20))\n[CI/Tests]   |   Downloading cachelib-0.10.2-py3-none-any.whl (18 kB)\n[CI/Tests]   | Collecting Flask-OAuthlib>=0.9.5 (from invenio-oauth2server==1.3.5->-r .min-3.7-requirements.txt (line 20))\n[CI/Tests]   |   Downloading Flask_OAuthlib-0.9.6-py3-none-any.whl (40 kB)\n[CI/Tests]   |      \u2501\u2501\u2501\u2501\u2501\u2501\u2501\u2501\u2501\u2501\u2501\u2501\u2501\u2501\u2501\u2501\u2501\u2501\u2501\u2501\u2501\u2501\u2501\u2501\u2501\u2501\u2501\u2501\u2501\u2501\u2501\u2501\u2501\u2501\u2501\u2501\u2501\u2501\u2501\u2501 40.2/40.2 kB 6.4 MB/s eta 0:00:00\n[CI/Tests]   | Collecting future>=0.16.0 (from invenio-oauth2server==1.3.5->-r .min-3.7-requirements.txt (line 20))\n[CI/Tests]   |   Downloading future-0.18.3.tar.gz (840 kB)\n[CI/Tests]   |      \u2501\u2501\u2501\u2501\u2501\u2501\u2501\u2501\u2501\u2501\u2501\u2501\u2501\u2501\u2501\u2501\u2501\u2501\u2501\u2501\u2501\u2501\u2501\u2501\u2501\u2501\u2501\u2501\u2501\u2501\u2501\u2501\u2501\u2501\u2501\u2501\u2501\u2501 840.9/840.9 kB 26.9 MB/s eta 0:00:00\n[CI/Tests]   |   Preparing metadata (setup.py): started\n[CI/Tests]   |   Preparing metadata (setup.py): finished with status 'done'\n[CI/Tests]   | Collecting requests-oauthlib<1.2.0,>=1.1.0 (from invenio-oauth2server==1.3.5->-r .min-3.7-requirements.txt (line 20))\n[CI/Tests]   |   Downloading requests_oauthlib-1.1.0-py2.py3-none-any.whl (21 kB)\n[CI/Tests]   | Collecting WTForms-Alchemy>=0.15.0 (from invenio-oauth2server==1.3.5->-r .min-3.7-requirements.txt (line 20))\n[CI/Tests]   |   Downloading WTForms_Alchemy-0.18.0-py3-none-any.whl (18 kB)\n[CI/Tests]   | Collecting WTForms>=2.0 (from invenio-files-rest==1.3.2->-r .min-3.7-requirements.txt (line 11))\n[CI/Tests]   |   Downloading WTForms-2.3.3-py2.py3-none-any.whl (169 kB)\n[CI/Tests]   |      \u2501\u2501\u2501\u2501\u2501\u2501\u2501\u2501\u2501\u2501\u2501\u2501\u2501\u2501\u2501\u2501\u2501\u2501\u2501\u2501\u2501\u2501\u2501\u2501\u2501\u2501\u2501\u2501\u2501\u2501\u2501\u2501\u2501\u2501\u2501\u2501\u2501\u2501\u2501 169.1/169.1 kB 5.2 MB/s eta 0:00:00\n[CI/Tests]   | Collecting oauthlib<3.0.0,>=1.1.2 (from invenio-oauthclient==1.5.3->-r .min-3.7-requirements.txt (line 21))\n[CI/Tests]   |   Downloading oauthlib-2.1.0-py2.py3-none-any.whl (121 kB)\n[CI/Tests]   |      \u2501\u2501\u2501\u2501\u2501\u2501\u2501\u2501\u2501\u2501\u2501\u2501\u2501\u2501\u2501\u2501\u2501\u2501\u2501\u2501\u2501\u2501\u2501\u2501\u2501\u2501\u2501\u2501\u2501\u2501\u2501\u2501\u2501\u2501\u2501\u2501\u2501\u2501\u2501 121.8/121.8 kB 9.3 MB/s eta 0:00:00\n[CI/Tests]   | Collecting base32-lib>=1.0.1 (from invenio-pidstore==1.2.3->-r .min-3.7-requirements.txt (line 22))\n[CI/Tests]   |   Downloading base32_lib-1.0.2-py2.py3-none-any.whl (6.7 kB)\n[CI/Tests]   | Collecting cchardet>=1.0.0 (from invenio-previewer==1.3.2->-r .min-3.7-requirements.txt (line 23))\n[CI/Tests]   |   Downloading cchardet-2.1.7-cp37-cp37m-manylinux2010_x86_64.whl (263 kB)\n[CI/Tests]   |      \u2501\u2501\u2501\u2501\u2501\u2501\u2501\u2501\u2501\u2501\u2501\u2501\u2501\u2501\u2501\u2501\u2501\u2501\u2501\u2501\u2501\u2501\u2501\u2501\u2501\u2501\u2501\u2501\u2501\u2501\u2501\u2501\u2501\u2501\u2501\u2501\u2501\u2501 263.7/263.7 kB 25.9 MB/s eta 0:00:00\n[CI/Tests]   | Collecting ipython>=4.1.0 (from invenio-previewer==1.3.2->-r .min-3.7-requirements.txt (line 23))\n[CI/Tests]   |   Downloading ipython-7.34.0-py3-none-any.whl (793 kB)\n[CI/Tests]   |      \u2501\u2501\u2501\u2501\u2501\u2501\u2501\u2501\u2501\u2501\u2501\u2501\u2501\u2501\u2501\u2501\u2501\u2501\u2501\u2501\u2501\u2501\u2501\u2501\u2501\u2501\u2501\u2501\u2501\u2501\u2501\u2501\u2501\u2501\u2501\u2501\u2501\u2501 793.8/793.8 kB 12.9 MB/s eta 0:00:00\n[CI/Tests]   | Collecting mistune>=0.7.2 (from invenio-previewer==1.3.2->-r .min-3.7-requirements.txt (line 23))\n[CI/Tests]   |   Downloading mistune-2.0.5-py2.py3-none-any.whl (24 kB)\n[CI/Tests]   | Collecting nbconvert[execute]<6.0.0,>=4.1.0 (from invenio-previewer==1.3.2->-r .min-3.7-requirements.txt (line 23))\n[CI/Tests]   |   Downloading nbconvert-5.6.1-py2.py3-none-any.whl (455 kB)\n[CI/Tests]   |      \u2501\u2501\u2501\u2501\u2501\u2501\u2501\u2501\u2501\u2501\u2501\u2501\u2501\u2501\u2501\u2501\u2501\u2501\u2501\u2501\u2501\u2501\u2501\u2501\u2501\u2501\u2501\u2501\u2501\u2501\u2501\u2501\u2501\u2501\u2501\u2501\u2501\u2501\u2501 455.1/455.1 kB 9.4 MB/s eta 0:00:00\n[CI/Tests]   | Collecting nbformat>=4.0.1 (from invenio-previewer==1.3.2->-r .min-3.7-requirements.txt (line 23))\n[CI/Tests]   |   Downloading nbformat-5.8.0-py3-none-any.whl (77 kB)\n[CI/Tests]   |      \u2501\u2501\u2501\u2501\u2501\u2501\u2501\u2501\u2501\u2501\u2501\u2501\u2501\u2501\u2501\u2501\u2501\u2501\u2501\u2501\u2501\u2501\u2501\u2501\u2501\u2501\u2501\u2501\u2501\u2501\u2501\u2501\u2501\u2501\u2501\u2501\u2501\u2501\u2501\u2501 77.4/77.4 kB 11.8 MB/s eta 0:00:00\n[CI/Tests]   | Collecting tornado<=5.1.1,>=4.1 (from invenio-previewer==1.3.2->-r .min-3.7-requirements.txt (line 23))\n[CI/Tests]   |   Downloading tornado-5.1.1.tar.gz (516 kB)\n[CI/Tests]   |      \u2501\u2501\u2501\u2501\u2501\u2501\u2501\u2501\u2501\u2501\u2501\u2501\u2501\u2501\u2501\u2501\u2501\u2501\u2501\u2501\u2501\u2501\u2501\u2501\u2501\u2501\u2501\u2501\u2501\u2501\u2501\u2501\u2501\u2501\u2501\u2501\u2501\u2501 516.8/516.8 kB 33.2 MB/s eta 0:00:00\n[CI/Tests]   |   Preparing metadata (setup.py): started\n[CI/Tests]   |   Preparing metadata (setup.py): finished with status 'done'\n[CI/Tests]   | Collecting jsonpatch>=1.26 (from invenio-records==1.6.1->-r .min-3.7-requirements.txt (line 24))\n[CI/Tests]   |   Downloading jsonpatch-1.32-py2.py3-none-any.whl (12 kB)\n[CI/Tests]   | Collecting jsonresolver>=0.3.1 (from invenio-records==1.6.1->-r .min-3.7-requirements.txt (line 24))\n[CI/Tests]   |   Downloading jsonresolver-0.3.2-py2.py3-none-any.whl (9.9 kB)\n[CI/Tests]   | Collecting jsonschema<5.0.0,>=3.0.0 (from invenio-records==1.6.1->-r .min-3.7-requirements.txt (line 24))\n[CI/Tests]   |   Downloading jsonschema-4.17.3-py3-none-any.whl (90 kB)\n[CI/Tests]   |      \u2501\u2501\u2501\u2501\u2501\u2501\u2501\u2501\u2501\u2501\u2501\u2501\u2501\u2501\u2501\u2501\u2501\u2501\u2501\u2501\u2501\u2501\u2501\u2501\u2501\u2501\u2501\u2501\u2501\u2501\u2501\u2501\u2501\u2501\u2501\u2501\u2501\u2501\u2501\u2501 90.4/90.4 kB 16.6 MB/s eta 0:00:00\n[CI/Tests]   | Collecting ftfy>=4.4.3 (from invenio-records-rest==1.9.0->-r .min-3.7-requirements.txt (line 26))\n[CI/Tests]   |   Downloading ftfy-6.1.1-py3-none-any.whl (53 kB)\n[CI/Tests]   |      \u2501\u2501\u2501\u2501\u2501\u2501\u2501\u2501\u2501\u2501\u2501\u2501\u2501\u2501\u2501\u2501\u2501\u2501\u2501\u2501\u2501\u2501\u2501\u2501\u2501\u2501\u2501\u2501\u2501\u2501\u2501\u2501\u2501\u2501\u2501\u2501\u2501\u2501\u2501 53.1/53.1 kB 979.8 kB/s eta 0:00:00\n[CI/Tests]   | Collecting Flask-CORS>=2.1.0 (from invenio-rest==1.2.8->-r .min-3.7-requirements.txt (line 28))\n[CI/Tests]   |   Downloading Flask_Cors-3.0.10-py2.py3-none-any.whl (14 kB)\n[CI/Tests]   | Collecting marshmallow>=2.15.2 (from invenio-rest==1.2.8->-r .min-3.7-requirements.txt (line 28))\n[CI/Tests]   |   Downloading marshmallow-3.19.0-py3-none-any.whl (49 kB)\n[CI/Tests]   |      \u2501\u2501\u2501\u2501\u2501\u2501\u2501\u2501\u2501\u2501\u2501\u2501\u2501\u2501\u2501\u2501\u2501\u2501\u2501\u2501\u2501\u2501\u2501\u2501\u2501\u2501\u2501\u2501\u2501\u2501\u2501\u2501\u2501\u2501\u2501\u2501\u2501\u2501\u2501 49.1/49.1 kB 779.6 kB/s eta 0:00:00\n[CI/Tests]   | Collecting webargs<6.0.0,>=5.5.0 (from invenio-rest==1.2.8->-r .min-3.7-requirements.txt (line 28))\n[CI/Tests]   |   Downloading webargs-5.5.3-py3-none-any.whl (29 kB)\n[CI/Tests]   | Collecting jsmin>=3.0.0 (from invenio-theme==1.3.17->-r .min-3.7-requirements.txt (line 30))\n[CI/Tests]   |   Downloading jsmin-3.0.1.tar.gz (13 kB)\n[CI/Tests]   |   Preparing metadata (setup.py): started\n[CI/Tests]   |   Preparing metadata (setup.py): finished with status 'done'\n[CI/Tests]   | Collecting check-manifest>=0.42 (from pytest-invenio==1.4.0->-r .min-3.7-requirements.txt (line 32))\n[CI/Tests]   |   Downloading check_manifest-0.49-py3-none-any.whl (20 kB)\n[CI/Tests]   | Collecting coverage<6,>=5.3 (from pytest-invenio==1.4.0->-r .min-3.7-requirements.txt (line 32))\n[CI/Tests]   |   Downloading coverage-5.5-cp37-cp37m-manylinux2010_x86_64.whl (242 kB)\n[CI/Tests]   |      \u2501\u2501\u2501\u2501\u2501\u2501\u2501\u2501\u2501\u2501\u2501\u2501\u2501\u2501\u2501\u2501\u2501\u2501\u2501\u2501\u2501\u2501\u2501\u2501\u2501\u2501\u2501\u2501\u2501\u2501\u2501\u2501\u2501\u2501\u2501\u2501\u2501\u2501\u2501 242.2/242.2 kB 4.6 MB/s eta 0:00:00\n[CI/Tests]   | Collecting docker-services-cli>=0.1.0 (from pytest-invenio==1.4.0->-r .min-3.7-requirements.txt (line 32))\n[CI/Tests]   |   Downloading Docker_Services_CLI-0.6.1-py2.py3-none-any.whl (13 kB)\n[CI/Tests]   | Collecting pytest-celery>=0.0.0a1 (from pytest-invenio==1.4.0->-r .min-3.7-requirements.txt (line 32))\n[CI/Tests]   |   Downloading pytest_celery-0.0.0-py2.py3-none-any.whl (2.5 kB)\n[CI/Tests]   | Collecting pytest-cov>=2.10.1 (from pytest-invenio==1.4.0->-r .min-3.7-requirements.txt (line 32))\n[CI/Tests]   |   Downloading pytest_cov-4.1.0-py3-none-any.whl (21 kB)\n[CI/Tests]   | Collecting pytest-flask>=1.0.0 (from pytest-invenio==1.4.0->-r .min-3.7-requirements.txt (line 32))\n[CI/Tests]   |   Downloading pytest_flask-1.2.0-py3-none-any.whl (10 kB)\n[CI/Tests]   | Collecting pytest-isort>=1.2.0 (from pytest-invenio==1.4.0->-r .min-3.7-requirements.txt (line 32))\n[CI/Tests]   |   Downloading pytest_isort-3.1.0-py3-none-any.whl (6.8 kB)\n[CI/Tests]   | Collecting pytest-pycodestyle>=2.2.0 (from pytest-invenio==1.4.0->-r .min-3.7-requirements.txt (line 32))\n[CI/Tests]   |   Downloading pytest-pycodestyle-2.3.1.tar.gz (5.2 kB)\n[CI/Tests]   |   Preparing metadata (setup.py): started\n[CI/Tests]   |   Preparing metadata (setup.py): finished with status 'done'\n[CI/Tests]   | Collecting pytest-pydocstyle>=2.2.0 (from pytest-invenio==1.4.0->-r .min-3.7-requirements.txt (line 32))\n[CI/Tests]   |   Downloading pytest-pydocstyle-2.3.2.tar.gz (5.5 kB)\n[CI/Tests]   |   Preparing metadata (setup.py): started\n[CI/Tests]   |   Preparing metadata (setup.py): finished with status 'done'\n[CI/Tests]   | Collecting pytest<7,>=6 (from pytest-invenio==1.4.0->-r .min-3.7-requirements.txt (line 32))\n[CI/Tests]   |   Downloading pytest-6.2.5-py3-none-any.whl (280 kB)\n[CI/Tests]   |      \u2501\u2501\u2501\u2501\u2501\u2501\u2501\u2501\u2501\u2501\u2501\u2501\u2501\u2501\u2501\u2501\u2501\u2501\u2501\u2501\u2501\u2501\u2501\u2501\u2501\u2501\u2501\u2501\u2501\u2501\u2501\u2501\u2501\u2501\u2501\u2501\u2501\u2501\u2501 280.7/280.7 kB 5.0 MB/s eta 0:00:00\n[CI/Tests]   | Collecting selenium>=3.7.0 (from pytest-invenio==1.4.0->-r .min-3.7-requirements.txt (line 32))\n[CI/Tests]   |   Downloading selenium-4.9.1-py3-none-any.whl (6.6 MB)\n[CI/Tests]   |      \u2501\u2501\u2501\u2501\u2501\u2501\u2501\u2501\u2501\u2501\u2501\u2501\u2501\u2501\u2501\u2501\u2501\u2501\u2501\u2501\u2501\u2501\u2501\u2501\u2501\u2501\u2501\u2501\u2501\u2501\u2501\u2501\u2501\u2501\u2501\u2501\u2501\u2501\u2501\u2501 6.6/6.6 MB 23.2 MB/s eta 0:00:00\n[CI/Tests]   | Collecting sphinxcontrib-applehelp (from Sphinx==4.2.0->-r .min-3.7-requirements.txt (line 33))\n[CI/Tests]   |   Downloading sphinxcontrib_applehelp-1.0.2-py2.py3-none-any.whl (121 kB)\n[CI/Tests]   |      \u2501\u2501\u2501\u2501\u2501\u2501\u2501\u2501\u2501\u2501\u2501\u2501\u2501\u2501\u2501\u2501\u2501\u2501\u2501\u2501\u2501\u2501\u2501\u2501\u2501\u2501\u2501\u2501\u2501\u2501\u2501\u2501\u2501\u2501\u2501\u2501\u2501\u2501\u2501 121.2/121.2 kB 4.7 MB/s eta 0:00:00\n[CI/Tests]   | Collecting sphinxcontrib-devhelp (from Sphinx==4.2.0->-r .min-3.7-requirements.txt (line 33))\n[CI/Tests]   |   Downloading sphinxcontrib_devhelp-1.0.2-py2.py3-none-any.whl (84 kB)\n[CI/Tests]   |      \u2501\u2501\u2501\u2501\u2501\u2501\u2501\u2501\u2501\u2501\u2501\u2501\u2501\u2501\u2501\u2501\u2501\u2501\u2501\u2501\u2501\u2501\u2501\u2501\u2501\u2501\u2501\u2501\u2501\u2501\u2501\u2501\u2501\u2501\u2501\u2501\u2501\u2501\u2501\u2501 84.7/84.7 kB 5.2 MB/s eta 0:00:00\n[CI/Tests]   | Collecting sphinxcontrib-jsmath (from Sphinx==4.2.0->-r .min-3.7-requirements.txt (line 33))\n[CI/Tests]   |   Downloading sphinxcontrib_jsmath-1.0.1-py2.py3-none-any.whl (5.1 kB)\n[CI/Tests]   | Collecting sphinxcontrib-htmlhelp>=2.0.0 (from Sphinx==4.2.0->-r .min-3.7-requirements.txt (line 33))\n[CI/Tests]   |   Downloading sphinxcontrib_htmlhelp-2.0.0-py2.py3-none-any.whl (100 kB)\n[CI/Tests]   |      \u2501\u2501\u2501\u2501\u2501\u2501\u2501\u2501\u2501\u2501\u2501\u2501\u2501\u2501\u2501\u2501\u2501\u2501\u2501\u2501\u2501\u2501\u2501\u2501\u2501\u2501\u2501\u2501\u2501\u2501\u2501\u2501\u2501\u2501\u2501\u2501\u2501\u2501\u2501 100.5/100.5 kB 2.3 MB/s eta 0:00:00\n[CI/Tests]   | Collecting sphinxcontrib-serializinghtml>=1.1.5 (from Sphinx==4.2.0->-r .min-3.7-requirements.txt (line 33))\n[CI/Tests]   |   Downloading sphinxcontrib_serializinghtml-1.1.5-py2.py3-none-any.whl (94 kB)\n[CI/Tests]   |      \u2501\u2501\u2501\u2501\u2501\u2501\u2501\u2501\u2501\u2501\u2501\u2501\u2501\u2501\u2501\u2501\u2501\u2501\u2501\u2501\u2501\u2501\u2501\u2501\u2501\u2501\u2501\u2501\u2501\u2501\u2501\u2501\u2501\u2501\u2501\u2501\u2501\u2501\u2501\u2501 94.0/94.0 kB 13.3 MB/s eta 0:00:00\n[CI/Tests]   | Collecting sphinxcontrib-qthelp (from Sphinx==4.2.0->-r .min-3.7-requirements.txt (line 33))\n[CI/Tests]   |   Downloading sphinxcontrib_qthelp-1.0.3-py2.py3-none-any.whl (90 kB)\n[CI/Tests]   |      \u2501\u2501\u2501\u2501\u2501\u2501\u2501\u2501\u2501\u2501\u2501\u2501\u2501\u2501\u2501\u2501\u2501\u2501\u2501\u2501\u2501\u2501\u2501\u2501\u2501\u2501\u2501\u2501\u2501\u2501\u2501\u2501\u2501\u2501\u2501\u2501\u2501\u2501\u2501\u2501 90.6/90.6 kB 2.6 MB/s eta 0:00:00\n[CI/Tests]   | Collecting Jinja2>=2.3 (from Sphinx==4.2.0->-r .min-3.7-requirements.txt (line 33))\n[CI/Tests]   |   Downloading Jinja2-3.1.2-py3-none-any.whl (133 kB)\n[CI/Tests]   |      \u2501\u2501\u2501\u2501\u2501\u2501\u2501\u2501\u2501\u2501\u2501\u2501\u2501\u2501\u2501\u2501\u2501\u2501\u2501\u2501\u2501\u2501\u2501\u2501\u2501\u2501\u2501\u2501\u2501\u2501\u2501\u2501\u2501\u2501\u2501\u2501\u2501\u2501 133.1/133.1 kB 18.0 MB/s eta 0:00:00\n[CI/Tests]   | Collecting Pygments>=2.0 (from Sphinx==4.2.0->-r .min-3.7-requirements.txt (line 33))\n[CI/Tests]   |   Downloading Pygments-2.15.1-py3-none-any.whl (1.1 MB)\n[CI/Tests]   |      \u2501\u2501\u2501\u2501\u2501\u2501\u2501\u2501\u2501\u2501\u2501\u2501\u2501\u2501\u2501\u2501\u2501\u2501\u2501\u2501\u2501\u2501\u2501\u2501\u2501\u2501\u2501\u2501\u2501\u2501\u2501\u2501\u2501\u2501\u2501\u2501\u2501\u2501\u2501\u2501 1.1/1.1 MB 44.0 MB/s eta 0:00:00\n[CI/Tests]   | Collecting docutils<0.18,>=0.14 (from Sphinx==4.2.0->-r .min-3.7-requirements.txt (line 33))\n[CI/Tests]   |   Downloading docutils-0.17.1-py2.py3-none-any.whl (575 kB)\n[CI/Tests]   |      \u2501\u2501\u2501\u2501\u2501\u2501\u2501\u2501\u2501\u2501\u2501\u2501\u2501\u2501\u2501\u2501\u2501\u2501\u2501\u2501\u2501\u2501\u2501\u2501\u2501\u2501\u2501\u2501\u2501\u2501\u2501\u2501\u2501\u2501\u2501\u2501\u2501\u2501\u2501 575.5/575.5 kB 9.7 MB/s eta 0:00:00\n[CI/Tests]   | Collecting snowballstemmer>=1.1 (from Sphinx==4.2.0->-r .min-3.7-requirements.txt (line 33))\n[CI/Tests]   |   Downloading snowballstemmer-2.2.0-py2.py3-none-any.whl (93 kB)\n[CI/Tests]   |      \u2501\u2501\u2501\u2501\u2501\u2501\u2501\u2501\u2501\u2501\u2501\u2501\u2501\u2501\u2501\u2501\u2501\u2501\u2501\u2501\u2501\u2501\u2501\u2501\u2501\u2501\u2501\u2501\u2501\u2501\u2501\u2501\u2501\u2501\u2501\u2501\u2501\u2501\u2501\u2501 93.0/93.0 kB 2.8 MB/s eta 0:00:00\n[CI/Tests]   | Collecting babel>=1.3 (from Sphinx==4.2.0->-r .min-3.7-requirements.txt (line 33))\n[CI/Tests]   |   Downloading Babel-2.12.1-py3-none-any.whl (10.1 MB)\n[CI/Tests]   |      \u2501\u2501\u2501\u2501\u2501\u2501\u2501\u2501\u2501\u2501\u2501\u2501\u2501\u2501\u2501\u2501\u2501\u2501\u2501\u2501\u2501\u2501\u2501\u2501\u2501\u2501\u2501\u2501\u2501\u2501\u2501\u2501\u2501\u2501\u2501\u2501\u2501\u2501\u2501\u2501 10.1/10.1 MB 41.9 MB/s eta 0:00:00\n[CI/Tests]   | Collecting alabaster<0.8,>=0.7 (from Sphinx==4.2.0->-r .min-3.7-requirements.txt (line 33))\n[CI/Tests]   |   Downloading alabaster-0.7.13-py3-none-any.whl (13 kB)\n[CI/Tests]   | Collecting imagesize (from Sphinx==4.2.0->-r .min-3.7-requirements.txt (line 33))\n[CI/Tests]   |   Downloading imagesize-1.4.1-py2.py3-none-any.whl (8.8 kB)\n[CI/Tests]   | Collecting requests>=2.5.0 (from Sphinx==4.2.0->-r .min-3.7-requirements.txt (line 33))\n[CI/Tests]   |   Downloading requests-2.31.0-py3-none-any.whl (62 kB)\n[CI/Tests]   |      \u2501\u2501\u2501\u2501\u2501\u2501\u2501\u2501\u2501\u2501\u2501\u2501\u2501\u2501\u2501\u2501\u2501\u2501\u2501\u2501\u2501\u2501\u2501\u2501\u2501\u2501\u2501\u2501\u2501\u2501\u2501\u2501\u2501\u2501\u2501\u2501\u2501\u2501\u2501\u2501 62.6/62.6 kB 12.0 MB/s eta 0:00:00\n[CI/Tests]   | Requirement already satisfied: setuptools in /opt/hostedtoolcache/Python/3.7.11/x64/lib/python3.7/site-packages (from Sphinx==4.2.0->-r .min-3.7-requirements.txt (line 33)) (67.8.0)\n[CI/Tests]   | Collecting packaging (from Sphinx==4.2.0->-r .min-3.7-requirements.txt (line 33))\n[CI/Tests]   |   Downloading packaging-23.1-py3-none-any.whl (48 kB)\n[CI/Tests]   |      \u2501\u2501\u2501\u2501\u2501\u2501\u2501\u2501\u2501\u2501\u2501\u2501\u2501\u2501\u2501\u2501\u2501\u2501\u2501\u2501\u2501\u2501\u2501\u2501\u2501\u2501\u2501\u2501\u2501\u2501\u2501\u2501\u2501\u2501\u2501\u2501\u2501\u2501\u2501\u2501 48.9/48.9 kB 2.9 MB/s eta 0:00:00\n[CI/Tests]   | Collecting python-dateutil>=2.7.0 (from arrow>=0.7.0->invenio-formatter==1.1.3->-r .min-3.7-requirements.txt (line 12))\n[CI/Tests]   |   Downloading python_dateutil-2.8.2-py2.py3-none-any.whl (247 kB)\n[CI/Tests]   |      \u2501\u2501\u2501\u2501\u2501\u2501\u2501\u2501\u2501\u2501\u2501\u2501\u2501\u2501\u2501\u2501\u2501\u2501\u2501\u2501\u2501\u2501\u2501\u2501\u2501\u2501\u2501\u2501\u2501\u2501\u2501\u2501\u2501\u2501\u2501\u2501\u2501\u2501\u2501 247.7/247.7 kB 9.9 MB/s eta 0:00:00\n[CI/Tests]   | Requirement already satisfied: typing-extensions in /opt/hostedtoolcache/Python/3.7.11/x64/lib/python3.7/site-packages (from arrow>=0.7.0->invenio-formatter==1.1.3->-r .min-3.7-requirements.txt (line 12)) (4.6.2)\n[CI/Tests]   | Requirement already satisfied: six>=1.10 in /opt/hostedtoolcache/Python/3.7.11/x64/lib/python3.7/site-packages (from base32-lib>=1.0.1->invenio-pidstore==1.2.3->-r .min-3.7-requirements.txt (line 22)) (1.16.0)\n[CI/Tests]   | Collecting webencodings (from bleach>=3.1.0->invenio-formatter==1.1.3->-r .min-3.7-requirements.txt (line 12))\n[CI/Tests]   |   Downloading webencodings-0.5.1-py2.py3-none-any.whl (11 kB)\n[CI/Tests]   | Collecting billiard<4.0,>=3.6.4.0 (from celery<5.3,>=5.1.0->invenio-celery==1.2.4->-r .min-3.7-requirements.txt (line 8))\n[CI/Tests]   |   Downloading billiard-3.6.4.0-py3-none-any.whl (89 kB)\n[CI/Tests]   |      \u2501\u2501\u2501\u2501\u2501\u2501\u2501\u2501\u2501\u2501\u2501\u2501\u2501\u2501\u2501\u2501\u2501\u2501\u2501\u2501\u2501\u2501\u2501\u2501\u2501\u2501\u2501\u2501\u2501\u2501\u2501\u2501\u2501\u2501\u2501\u2501\u2501\u2501\u2501\u2501 89.5/89.5 kB 2.1 MB/s eta 0:00:00\n[CI/Tests]   | Collecting kombu<6.0,>=5.2.3 (from celery<5.3,>=5.1.0->invenio-celery==1.2.4->-r .min-3.7-requirements.txt (line 8))\n[CI/Tests]   |   Downloading kombu-5.2.4-py3-none-any.whl (189 kB)\n[CI/Tests]   |      \u2501\u2501\u2501\u2501\u2501\u2501\u2501\u2501\u2501\u2501\u2501\u2501\u2501\u2501\u2501\u2501\u2501\u2501\u2501\u2501\u2501\u2501\u2501\u2501\u2501\u2501\u2501\u2501\u2501\u2501\u2501\u2501\u2501\u2501\u2501\u2501\u2501\u2501 189.2/189.2 kB 32.1 MB/s eta 0:00:00\n[CI/Tests]   | Collecting vine<6.0,>=5.0.0 (from celery<5.3,>=5.1.0->invenio-celery==1.2.4->-r .min-3.7-requirements.txt (line 8))\n[CI/Tests]   |   Downloading vine-5.0.0-py2.py3-none-any.whl (9.4 kB)\n[CI/Tests]   | Requirement already satisfied: click<9.0,>=8.0.3 in /opt/hostedtoolcache/Python/3.7.11/x64/lib/python3.7/site-packages (from celery<5.3,>=5.1.0->invenio-celery==1.2.4->-r .min-3.7-requirements.txt (line 8)) (8.1.3)\n[CI/Tests]   | Collecting click-didyoumean>=0.0.3 (from celery<5.3,>=5.1.0->invenio-celery==1.2.4->-r .min-3.7-requirements.txt (line 8))\n[CI/Tests]   |   Downloading click_didyoumean-0.3.0-py3-none-any.whl (2.7 kB)\n[CI/Tests]   | Collecting click-repl>=0.2.0 (from celery<5.3,>=5.1.0->invenio-celery==1.2.4->-r .min-3.7-requirements.txt (line 8))\n[CI/Tests]   |   Downloading click_repl-0.2.0-py3-none-any.whl (5.2 kB)\n[CI/Tests]   | Collecting click-plugins>=1.1.1 (from celery<5.3,>=5.1.0->invenio-celery==1.2.4->-r .min-3.7-requirements.txt (line 8))\n[CI/Tests]   |   Downloading click_plugins-1.1.1-py2.py3-none-any.whl (7.5 kB)\n[CI/Tests]   | Collecting build>=0.1 (from check-manifest>=0.42->pytest-invenio==1.4.0->-r .min-3.7-requirements.txt (line 32))\n[CI/Tests]   |   Downloading build-0.10.0-py3-none-any.whl (17 kB)\n[CI/Tests]   | Collecting tomli (from check-manifest>=0.42->pytest-invenio==1.4.0->-r .min-3.7-requirements.txt (line 32))\n[CI/Tests]   |   Downloading tomli-2.0.1-py3-none-any.whl (12 kB)\n[CI/Tests]   | Collecting cffi>=1.12 (from cryptography>=3.0.0->invenio-accounts==1.4.11->-r .min-3.7-requirements.txt (line 2))\n[CI/Tests]   |   Downloading cffi-1.15.1-cp37-cp37m-manylinux_2_17_x86_64.manylinux2014_x86_64.whl (427 kB)\n[CI/Tests]   |      \u2501\u2501\u2501\u2501\u2501\u2501\u2501\u2501\u2501\u2501\u2501\u2501\u2501\u2501\u2501\u2501\u2501\u2501\u2501\u2501\u2501\u2501\u2501\u2501\u2501\u2501\u2501\u2501\u2501\u2501\u2501\u2501\u2501\u2501\u2501\u2501\u2501\u2501 427.9/427.9 kB 36.5 MB/s eta 0:00:00\n[CI/Tests]   | Collecting simplejson>=3.8.1 (from dojson>=1.3.0->invenio-oaiserver==1.4.0->-r .min-3.7-requirements.txt (line 19))\n[CI/Tests]   |   Downloading simplejson-3.19.1-cp37-cp37m-manylinux_2_5_x86_64.manylinux1_x86_64.manylinux_2_17_x86_64.manylinux2014_x86_64.whl (126 kB)\n[CI/Tests]   |      \u2501\u2501\u2501\u2501\u2501\u2501\u2501\u2501\u2501\u2501\u2501\u2501\u2501\u2501\u2501\u2501\u2501\u2501\u2501\u2501\u2501\u2501\u2501\u2501\u2501\u2501\u2501\u2501\u2501\u2501\u2501\u2501\u2501\u2501\u2501\u2501\u2501\u2501 127.0/127.0 kB 12.8 MB/s eta 0:00:00\n[CI/Tests]   | Collecting dnspython>=2.0.0 (from email-validator>=1.0.5->invenio-accounts==1.4.11->-r .min-3.7-requirements.txt (line 2))\n[CI/Tests]   |   Downloading dnspython-2.3.0-py3-none-any.whl (283 kB)\n[CI/Tests]   |      \u2501\u2501\u2501\u2501\u2501\u2501\u2501\u2501\u2501\u2501\u2501\u2501\u2501\u2501\u2501\u2501\u2501\u2501\u2501\u2501\u2501\u2501\u2501\u2501\u2501\u2501\u2501\u2501\u2501\u2501\u2501\u2501\u2501\u2501\u2501\u2501\u2501\u2501 283.7/283.7 kB 13.6 MB/s eta 0:00:00\n[CI/Tests]   | Collecting idna>=2.0.0 (from email-validator>=1.0.5->invenio-accounts==1.4.11->-r .min-3.7-requirements.txt (line 2))\n[CI/Tests]   |   Downloading idna-3.4-py3-none-any.whl (61 kB)\n[CI/Tests]   |      \u2501\u2501\u2501\u2501\u2501\u2501\u2501\u2501\u2501\u2501\u2501\u2501\u2501\u2501\u2501\u2501\u2501\u2501\u2501\u2501\u2501\u2501\u2501\u2501\u2501\u2501\u2501\u2501\u2501\u2501\u2501\u2501\u2501\u2501\u2501\u2501\u2501\u2501\u2501\u2501 61.5/61.5 kB 7.1 MB/s eta 0:00:00\n[CI/Tests]   | Collecting alembic>=0.8 (from Flask-Alembic>=2.0.1->invenio-db[postgresql,versioning]==1.0.9->-r .min-3.7-requirements.txt (line 10))\n[CI/Tests]   |   Downloading alembic-1.11.1-py3-none-any.whl (224 kB)\n[CI/Tests]   |      \u2501\u2501\u2501\u2501\u2501\u2501\u2501\u2501\u2501\u2501\u2501\u2501\u2501\u2501\u2501\u2501\u2501\u2501\u2501\u2501\u2501\u2501\u2501\u2501\u2501\u2501\u2501\u2501\u2501\u2501\u2501\u2501\u2501\u2501\u2501\u2501\u2501\u2501 224.5/224.5 kB 35.2 MB/s eta 0:00:00\n[CI/Tests]   | Collecting speaklater>=1.2 (from Flask-BabelEx>=0.9.4->invenio-formatter==1.1.3->-r .min-3.7-requirements.txt (line 12))\n[CI/Tests]   |   Downloading speaklater-1.3.tar.gz (3.6 kB)\n[CI/Tests]   |   Preparing metadata (setup.py): started\n[CI/Tests]   |   Preparing metadata (setup.py): finished with status 'done'\n[CI/Tests]   | Collecting cachelib>=0.1 (from invenio-oauth2server==1.3.5->-r .min-3.7-requirements.txt (line 20))\n[CI/Tests]   |   Downloading cachelib-0.9.0-py3-none-any.whl (15 kB)\n[CI/Tests]   | Collecting Flask-RESTful>=0.3.7 (from Flask-IIIF>=0.6.1->invenio-iiif==1.2.0->-r .min-3.7-requirements.txt (line 14))\n[CI/Tests]   |   Downloading Flask_RESTful-0.3.10-py2.py3-none-any.whl (26 kB)\n[CI/Tests]   | Collecting pillow>=4.0 (from Flask-IIIF>=0.6.1->invenio-iiif==1.2.0->-r .min-3.7-requirements.txt (line 14))\n[CI/Tests]   |   Downloading Pillow-9.5.0-cp37-cp37m-manylinux_2_28_x86_64.whl (3.4 MB)\n[CI/Tests]   |      \u2501\u2501\u2501\u2501\u2501\u2501\u2501\u2501\u2501\u2501\u2501\u2501\u2501\u2501\u2501\u2501\u2501\u2501\u2501\u2501\u2501\u2501\u2501\u2501\u2501\u2501\u2501\u2501\u2501\u2501\u2501\u2501\u2501\u2501\u2501\u2501\u2501\u2501\u2501\u2501 3.4/3.4 MB 14.1 MB/s eta 0:00:00\n[CI/Tests]   | Collecting pynpm>=0.1.1 (from Flask-WebpackExt>=1.0.0->invenio-assets==1.2.7->-r .min-3.7-requirements.txt (line 5))\n[CI/Tests]   |   Downloading pynpm-0.1.2-py2.py3-none-any.whl (6.4 kB)\n[CI/Tests]   | Collecting pywebpack>=1.0.0 (from Flask-WebpackExt>=1.0.0->invenio-assets==1.2.7->-r .min-3.7-requirements.txt (line 5))\n[CI/Tests]   |   Downloading pywebpack-1.2.0-py2.py3-none-any.whl (15 kB)\n[CI/Tests]   | Collecting appdirs~=1.4.3 (from fs<3.0,>=2.0.10->invenio-files-rest==1.3.2->-r .min-3.7-requirements.txt (line 11))\n[CI/Tests]   |   Downloading appdirs-1.4.4-py2.py3-none-any.whl (9.6 kB)\n[CI/Tests]   | Collecting wcwidth>=0.2.5 (from ftfy>=4.4.3->invenio-records-rest==1.9.0->-r .min-3.7-requirements.txt (line 26))\n[CI/Tests]   |   Downloading wcwidth-0.2.6-py2.py3-none-any.whl (29 kB)\n[CI/Tests]   | Requirement already satisfied: zipp>=0.5 in /opt/hostedtoolcache/Python/3.7.11/x64/lib/python3.7/site-packages (from importlib-metadata>=4.4->invenio-base==1.2.9->-r .min-3.7-requirements.txt (line 6)) (3.15.0)\n[CI/Tests]   | Collecting jedi>=0.16 (from ipython>=4.1.0->invenio-previewer==1.3.2->-r .min-3.7-requirements.txt (line 23))\n[CI/Tests]   |   Downloading jedi-0.18.2-py2.py3-none-any.whl (1.6 MB)\n[CI/Tests]   |      \u2501\u2501\u2501\u2501\u2501\u2501\u2501\u2501\u2501\u2501\u2501\u2501\u2501\u2501\u2501\u2501\u2501\u2501\u2501\u2501\u2501\u2501\u2501\u2501\u2501\u2501\u2501\u2501\u2501\u2501\u2501\u2501\u2501\u2501\u2501\u2501\u2501\u2501\u2501\u2501 1.6/1.6 MB 38.4 MB/s eta 0:00:00\n[CI/Tests]   | Collecting decorator (from ipython>=4.1.0->invenio-previewer==1.3.2->-r .min-3.7-requirements.txt (line 23))\n[CI/Tests]   |   Downloading decorator-5.1.1-py3-none-any.whl (9.1 kB)\n[CI/Tests]   | Collecting pickleshare (from ipython>=4.1.0->invenio-previewer==1.3.2->-r .min-3.7-requirements.txt (line 23))\n[CI/Tests]   |   Downloading pickleshare-0.7.5-py2.py3-none-any.whl (6.9 kB)\n[CI/Tests]   | Collecting traitlets>=4.2 (from ipython>=4.1.0->invenio-previewer==1.3.2->-r .min-3.7-requirements.txt (line 23))\n[CI/Tests]   |   Downloading traitlets-5.9.0-py3-none-any.whl (117 kB)\n[CI/Tests]   |      \u2501\u2501\u2501\u2501\u2501\u2501\u2501\u2501\u2501\u2501\u2501\u2501\u2501\u2501\u2501\u2501\u2501\u2501\u2501\u2501\u2501\u2501\u2501\u2501\u2501\u2501\u2501\u2501\u2501\u2501\u2501\u2501\u2501\u2501\u2501\u2501\u2501\u2501\u2501 117.4/117.4 kB 3.5 MB/s eta 0:00:00\n[CI/Tests]   | Collecting prompt-toolkit!=3.0.0,!=3.0.1,<3.1.0,>=2.0.0 (from ipython>=4.1.0->invenio-previewer==1.3.2->-r .min-3.7-requirements.txt (line 23))\n[CI/Tests]   |   Downloading prompt_toolkit-3.0.38-py3-none-any.whl (385 kB)\n[CI/Tests]   |      \u2501\u2501\u2501\u2501\u2501\u2501\u2501\u2501\u2501\u2501\u2501\u2501\u2501\u2501\u2501\u2501\u2501\u2501\u2501\u2501\u2501\u2501\u2501\u2501\u2501\u2501\u2501\u2501\u2501\u2501\u2501\u2501\u2501\u2501\u2501\u2501\u2501\u2501\u2501 385.8/385.8 kB 5.5 MB/s eta 0:00:00\n[CI/Tests]   | Collecting backcall (from ipython>=4.1.0->invenio-previewer==1.3.2->-r .min-3.7-requirements.txt (line 23))\n[CI/Tests]   |   Downloading backcall-0.2.0-py2.py3-none-any.whl (11 kB)\n[CI/Tests]   | Collecting matplotlib-inline (from ipython>=4.1.0->invenio-previewer==1.3.2->-r .min-3.7-requirements.txt (line 23))\n[CI/Tests]   |   Downloading matplotlib_inline-0.1.6-py3-none-any.whl (9.4 kB)\n[CI/Tests]   | Collecting pexpect>4.3 (from ipython>=4.1.0->invenio-previewer==1.3.2->-r .min-3.7-requirements.txt (line 23))\n[CI/Tests]   |   Downloading pexpect-4.8.0-py2.py3-none-any.whl (59 kB)\n[CI/Tests]   |      \u2501\u2501\u2501\u2501\u2501\u2501\u2501\u2501\u2501\u2501\u2501\u2501\u2501\u2501\u2501\u2501\u2501\u2501\u2501\u2501\u2501\u2501\u2501\u2501\u2501\u2501\u2501\u2501\u2501\u2501\u2501\u2501\u2501\u2501\u2501\u2501\u2501\u2501\u2501\u2501 59.0/59.0 kB 1.2 MB/s eta 0:00:00\n[CI/Tests]   | Collecting jsonpointer>=1.9 (from jsonpatch>=1.26->invenio-records==1.6.1->-r .min-3.7-requirements.txt (line 24))\n[CI/Tests]   |   Downloading jsonpointer-2.3-py2.py3-none-any.whl (7.8 kB)\n[CI/Tests]   | Collecting pluggy<1.0,>=0.10.0 (from jsonresolver>=0.3.1->invenio-records==1.6.1->-r .min-3.7-requirements.txt (line 24))\n[CI/Tests]   |   Downloading pluggy-0.13.1-py2.py3-none-any.whl (18 kB)\n[CI/Tests]   | Collecting attrs>=17.4.0 (from jsonschema<5.0.0,>=3.0.0->invenio-records==1.6.1->-r .min-3.7-requirements.txt (line 24))\n[CI/Tests]   |   Downloading attrs-23.1.0-py3-none-any.whl (61 kB)\n[CI/Tests]   |      \u2501\u2501\u2501\u2501\u2501\u2501\u2501\u2501\u2501\u2501\u2501\u2501\u2501\u2501\u2501\u2501\u2501\u2501\u2501\u2501\u2501\u2501\u2501\u2501\u2501\u2501\u2501\u2501\u2501\u2501\u2501\u2501\u2501\u2501\u2501\u2501\u2501\u2501\u2501\u2501 61.2/61.2 kB 1.1 MB/s eta 0:00:00\n[CI/Tests]   | Collecting pkgutil-resolve-name>=1.3.10 (from jsonschema<5.0.0,>=3.0.0->invenio-records==1.6.1->-r .min-3.7-requirements.txt (line 24))\n[CI/Tests]   |   Downloading pkgutil_resolve_name-1.3.10-py3-none-any.whl (4.7 kB)\n[CI/Tests]   | Collecting pyrsistent!=0.17.0,!=0.17.1,!=0.17.2,>=0.14.0 (from jsonschema<5.0.0,>=3.0.0->invenio-records==1.6.1->-r .min-3.7-requirements.txt (line 24))\n[CI/Tests]   |   Downloading pyrsistent-0.19.3-py3-none-any.whl (57 kB)\n[CI/Tests]   |      \u2501\u2501\u2501\u2501\u2501\u2501\u2501\u2501\u2501\u2501\u2501\u2501\u2501\u2501\u2501\u2501\u2501\u2501\u2501\u2501\u2501\u2501\u2501\u2501\u2501\u2501\u2501\u2501\u2501\u2501\u2501\u2501\u2501\u2501\u2501\u2501\u2501\u2501\u2501\u2501 57.5/57.5 kB 1.5 MB/s eta 0:00:00\n[CI/Tests]   | Collecting maxminddb (from maxminddb-geolite2>=2017.404->invenio-accounts==1.4.11->-r .min-3.7-requirements.txt (line 2))\n[CI/Tests]   |   Downloading maxminddb-2.3.0.tar.gz (322 kB)\n[CI/Tests]   |      \u2501\u2501\u2501\u2501\u2501\u2501\u2501\u2501\u2501\u2501\u2501\u2501\u2501\u2501\u2501\u2501\u2501\u2501\u2501\u2501\u2501\u2501\u2501\u2501\u2501\u2501\u2501\u2501\u2501\u2501\u2501\u2501\u2501\u2501\u2501\u2501\u2501\u2501 322.1/322.1 kB 13.4 MB/s eta 0:00:00\n[CI/Tests]   |   Installing build dependencies: started\n[CI/Tests]   |   Installing build dependencies: finished with status 'done'\n[CI/Tests]   |   Getting requirements to build wheel: started\n[CI/Tests]   |   Getting requirements to build wheel: finished with status 'done'\n[CI/Tests]   |   Preparing metadata (pyproject.toml): started\n[CI/Tests]   |   Preparing metadata (pyproject.toml): finished with status 'done'\n[CI/Tests]   | Collecting mistune>=0.7.2 (from invenio-previewer==1.3.2->-r .min-3.7-requirements.txt (line 23))\n[CI/Tests]   |   Downloading mistune-0.8.4-py2.py3-none-any.whl (16 kB)\n[CI/Tests]   | Collecting jupyter-core (from nbconvert[execute]<6.0.0,>=4.1.0->invenio-previewer==1.3.2->-r .min-3.7-requirements.txt (line 23))\n[CI/Tests]   |   Downloading jupyter_core-4.12.0-py3-none-any.whl (89 kB)\n[CI/Tests]   |      \u2501\u2501\u2501\u2501\u2501\u2501\u2501\u2501\u2501\u2501\u2501\u2501\u2501\u2501\u2501\u2501\u2501\u2501\u2501\u2501\u2501\u2501\u2501\u2501\u2501\u2501\u2501\u2501\u2501\u2501\u2501\u2501\u2501\u2501\u2501\u2501\u2501\u2501\u2501\u2501 89.9/89.9 kB 7.8 MB/s eta 0:00:00\n[CI/Tests]   | Collecting entrypoints>=0.2.2 (from nbconvert[execute]<6.0.0,>=4.1.0->invenio-previewer==1.3.2->-r .min-3.7-requirements.txt (line 23))\n[CI/Tests]   |   Downloading entrypoints-0.4-py3-none-any.whl (5.3 kB)\n[CI/Tests]   | Collecting pandocfilters>=1.4.1 (from nbconvert[execute]<6.0.0,>=4.1.0->invenio-previewer==1.3.2->-r .min-3.7-requirements.txt (line 23))\n[CI/Tests]   |   Downloading pandocfilters-1.5.0-py2.py3-none-any.whl (8.7 kB)\n[CI/Tests]   | Collecting testpath (from nbconvert[execute]<6.0.0,>=4.1.0->invenio-previewer==1.3.2->-r .min-3.7-requirements.txt (line 23))\n[CI/Tests]   |   Downloading testpath-0.6.0-py3-none-any.whl (83 kB)\n[CI/Tests]   |      \u2501\u2501\u2501\u2501\u2501\u2501\u2501\u2501\u2501\u2501\u2501\u2501\u2501\u2501\u2501\u2501\u2501\u2501\u2501\u2501\u2501\u2501\u2501\u2501\u2501\u2501\u2501\u2501\u2501\u2501\u2501\u2501\u2501\u2501\u2501\u2501\u2501\u2501\u2501\u2501 83.9/83.9 kB 3.6 MB/s eta 0:00:00\n[CI/Tests]   | Collecting defusedxml (from nbconvert[execute]<6.0.0,>=4.1.0->invenio-previewer==1.3.2->-r .min-3.7-requirements.txt (line 23))\n[CI/Tests]   |   Downloading defusedxml-0.7.1-py2.py3-none-any.whl (25 kB)\n[CI/Tests]   | Collecting jupyter-client>=5.3.1 (from nbconvert[execute]<6.0.0,>=4.1.0->invenio-previewer==1.3.2->-r .min-3.7-requirements.txt (line 23))\n[CI/Tests]   |   Downloading jupyter_client-7.4.9-py3-none-any.whl (133 kB)\n[CI/Tests]   |      \u2501\u2501\u2501\u2501\u2501\u2501\u2501\u2501\u2501\u2501\u2501\u2501\u2501\u2501\u2501\u2501\u2501\u2501\u2501\u2501\u2501\u2501\u2501\u2501\u2501\u2501\u2501\u2501\u2501\u2501\u2501\u2501\u2501\u2501\u2501\u2501\u2501\u2501\u2501 133.5/133.5 kB 1.4 MB/s eta 0:00:00\n[CI/Tests]   | Collecting fastjsonschema (from nbformat>=4.0.1->invenio-previewer==1.3.2->-r .min-3.7-requirements.txt (line 23))\n[CI/Tests]   |   Downloading fastjsonschema-2.17.1-py3-none-any.whl (23 kB)\n[CI/Tests]   | Collecting iniconfig (from pytest<7,>=6->pytest-invenio==1.4.0->-r .min-3.7-requirements.txt (line 32))\n[CI/Tests]   |   Downloading iniconfig-2.0.0-py3-none-any.whl (5.9 kB)\n[CI/Tests]   | Requirement already satisfied: py>=1.8.2 in /opt/hostedtoolcache/Python/3.7.11/x64/lib/python3.7/site-packages (from pytest<7,>=6->pytest-invenio==1.4.0->-r .min-3.7-requirements.txt (line 32)) (1.11.0)\n[CI/Tests]   | Collecting toml (from pytest<7,>=6->pytest-invenio==1.4.0->-r .min-3.7-requirements.txt (line 32))\n[CI/Tests]   |   Downloading toml-0.10.2-py2.py3-none-any.whl (16 kB)\n[CI/Tests]   | Collecting coverage[toml]>=5.2.1 (from pytest-cov>=2.10.1->pytest-invenio==1.4.0->-r .min-3.7-requirements.txt (line 32))\n[CI/Tests]   |   Downloading coverage-7.2.6-cp37-cp37m-manylinux_2_5_x86_64.manylinux1_x86_64.manylinux_2_17_x86_64.manylinux2014_x86_64.whl (225 kB)\n[CI/Tests]   |      \u2501\u2501\u2501\u2501\u2501\u2501\u2501\u2501\u2501\u2501\u2501\u2501\u2501\u2501\u2501\u2501\u2501\u2501\u2501\u2501\u2501\u2501\u2501\u2501\u2501\u2501\u2501\u2501\u2501\u2501\u2501\u2501\u2501\u2501\u2501\u2501\u2501\u2501\u2501 225.5/225.5 kB 3.6 MB/s eta 0:00:00\n[CI/Tests]   | Collecting isort>=4.0 (from pytest-isort>=1.2.0->pytest-invenio==1.4.0->-r .min-3.7-requirements.txt (line 32))\n[CI/Tests]   |   Downloading isort-5.11.5-py3-none-any.whl (104 kB)\n[CI/Tests]   |      \u2501\u2501\u2501\u2501\u2501\u2501\u2501\u2501\u2501\u2501\u2501\u2501\u2501\u2501\u2501\u2501\u2501\u2501\u2501\u2501\u2501\u2501\u2501\u2501\u2501\u2501\u2501\u2501\u2501\u2501\u2501\u2501\u2501\u2501\u2501\u2501\u2501\u2501\u2501 104.1/104.1 kB 7.5 MB/s eta 0:00:00\n[CI/Tests]   | INFO: pip is looking at multiple versions of pytest-pycodestyle to determine which version is compatible with other requirements. This could take a while.\n[CI/Tests]   | Collecting pytest-pycodestyle>=2.2.0 (from pytest-invenio==1.4.0->-r .min-3.7-requirements.txt (line 32))\n[CI/Tests]   |   Downloading pytest-pycodestyle-2.3.0.tar.gz (4.2 kB)\n[CI/Tests]   |   Preparing metadata (setup.py): started\n[CI/Tests]   |   Preparing metadata (setup.py): finished with status 'done'\n[CI/Tests]   |   Downloading pytest-pycodestyle-2.2.1.tar.gz (4.1 kB)\n[CI/Tests]   |   Preparing metadata (setup.py): started\n[CI/Tests]   |   Preparing metadata (setup.py): finished with status 'done'\n[CI/Tests]   | Collecting pycodestyle (from pytest-pycodestyle>=2.2.0->pytest-invenio==1.4.0->-r .min-3.7-requirements.txt (line 32))\n[CI/Tests]   |   Downloading pycodestyle-2.10.0-py2.py3-none-any.whl (41 kB)\n[CI/Tests]   |      \u2501\u2501\u2501\u2501\u2501\u2501\u2501\u2501\u2501\u2501\u2501\u2501\u2501\u2501\u2501\u2501\u2501\u2501\u2501\u2501\u2501\u2501\u2501\u2501\u2501\u2501\u2501\u2501\u2501\u2501\u2501\u2501\u2501\u2501\u2501\u2501\u2501\u2501\u2501\u2501 41.3/41.3 kB 1.7 MB/s eta 0:00:00\n[CI/Tests]   | INFO: pip is looking at multiple versions of pytest-pydocstyle to determine which version is compatible with other requirements. This could take a while.\n[CI/Tests]   | Collecting pytest-pydocstyle>=2.2.0 (from pytest-invenio==1.4.0->-r .min-3.7-requirements.txt (line 32))\n[CI/Tests]   |   Downloading pytest-pydocstyle-2.3.1.tar.gz (5.5 kB)\n[CI/Tests]   |   Preparing metadata (setup.py): started\n[CI/Tests]   |   Preparing metadata (setup.py): finished with status 'done'\n[CI/Tests]   |   Downloading pytest-pydocstyle-2.3.0.tar.gz (4.5 kB)\n[CI/Tests]   |   Preparing metadata (setup.py): started\n[CI/Tests]   |   Preparing metadata (setup.py): finished with status 'done'\n[CI/Tests]   |   Downloading pytest-pydocstyle-2.2.1.tar.gz (4.4 kB)\n[CI/Tests]   |   Preparing metadata (setup.py): started\n[CI/Tests]   |   Preparing metadata (setup.py): finished with status 'done'\n[CI/Tests]   | Collecting pydocstyle (from pytest-pydocstyle>=2.2.0->pytest-invenio==1.4.0->-r .min-3.7-requirements.txt (line 32))\n[CI/Tests]   |   Downloading pydocstyle-6.3.0-py3-none-any.whl (38 kB)\n[CI/Tests]   | Collecting async-timeout>=4.0.2 (from redis>=2.10.5->invenio-accounts==1.4.11->-r .min-3.7-requirements.txt (line 2))\n[CI/Tests]   |   Downloading async_timeout-4.0.2-py3-none-any.whl (5.8 kB)\n[CI/Tests]   | Collecting charset-normalizer<4,>=2 (from requests>=2.5.0->Sphinx==4.2.0->-r .min-3.7-requirements.txt (line 33))\n[CI/Tests]   |   Downloading charset_normalizer-3.1.0-cp37-cp37m-manylinux_2_17_x86_64.manylinux2014_x86_64.whl (171 kB)\n[CI/Tests]   |      \u2501\u2501\u2501\u2501\u2501\u2501\u2501\u2501\u2501\u2501\u2501\u2501\u2501\u2501\u2501\u2501\u2501\u2501\u2501\u2501\u2501\u2501\u2501\u2501\u2501\u2501\u2501\u2501\u2501\u2501\u2501\u2501\u2501\u2501\u2501\u2501\u2501\u2501\u2501 171.0/171.0 kB 7.1 MB/s eta 0:00:00\n[CI/Tests]   | Collecting urllib3<3,>=1.21.1 (from requests>=2.5.0->Sphinx==4.2.0->-r .min-3.7-requirements.txt (line 33))\n[CI/Tests]   |   Downloading urllib3-2.0.2-py3-none-any.whl (123 kB)\n[CI/Tests]   |      \u2501\u2501\u2501\u2501\u2501\u2501\u2501\u2501\u2501\u2501\u2501\u2501\u2501\u2501\u2501\u2501\u2501\u2501\u2501\u2501\u2501\u2501\u2501\u2501\u2501\u2501\u2501\u2501\u2501\u2501\u2501\u2501\u2501\u2501\u2501\u2501\u2501\u2501\u2501 123.2/123.2 kB 1.9 MB/s eta 0:00:00\n[CI/Tests]   | Collecting certifi>=2017.4.17 (from requests>=2.5.0->Sphinx==4.2.0->-r .min-3.7-requirements.txt (line 33))\n[CI/Tests]   |   Downloading certifi-2023.5.7-py3-none-any.whl (156 kB)\n[CI/Tests]   |      \u2501\u2501\u2501\u2501\u2501\u2501\u2501\u2501\u2501\u2501\u2501\u2501\u2501\u2501\u2501\u2501\u2501\u2501\u2501\u2501\u2501\u2501\u2501\u2501\u2501\u2501\u2501\u2501\u2501\u2501\u2501\u2501\u2501\u2501\u2501\u2501\u2501\u2501 157.0/157.0 kB 23.4 MB/s eta 0:00:00\n[CI/Tests]   | Collecting trio~=0.17 (from selenium>=3.7.0->pytest-invenio==1.4.0->-r .min-3.7-requirements.txt (line 32))\n[CI/Tests]   |   Downloading trio-0.22.0-py3-none-any.whl (384 kB)\n[CI/Tests]   |      \u2501\u2501\u2501\u2501\u2501\u2501\u2501\u2501\u2501\u2501\u2501\u2501\u2501\u2501\u2501\u2501\u2501\u2501\u2501\u2501\u2501\u2501\u2501\u2501\u2501\u2501\u2501\u2501\u2501\u2501\u2501\u2501\u2501\u2501\u2501\u2501\u2501\u2501 384.9/384.9 kB 13.8 MB/s eta 0:00:00\n[CI/Tests]   | Collecting trio-websocket~=0.9 (from selenium>=3.7.0->pytest-invenio==1.4.0->-r .min-3.7-requirements.txt (line 32))\n[CI/Tests]   |   Downloading trio_websocket-0.10.2-py3-none-any.whl (17 kB)\n[CI/Tests]   | Collecting WTForms-Components>=0.9.2 (from WTForms-Alchemy>=0.15.0->invenio-oauth2server==1.3.5->-r .min-3.7-requirements.txt (line 20))\n[CI/Tests]   |   Downloading WTForms_Components-0.10.5-py2.py3-none-any.whl (15 kB)\n[CI/Tests]   | Collecting Mako (from alembic>=0.8->Flask-Alembic>=2.0.1->invenio-db[postgresql,versioning]==1.0.9->-r .min-3.7-requirements.txt (line 10))\n[CI/Tests]   |   Downloading Mako-1.2.4-py3-none-any.whl (78 kB)\n[CI/Tests]   |      \u2501\u2501\u2501\u2501\u2501\u2501\u2501\u2501\u2501\u2501\u2501\u2501\u2501\u2501\u2501\u2501\u2501\u2501\u2501\u2501\u2501\u2501\u2501\u2501\u2501\u2501\u2501\u2501\u2501\u2501\u2501\u2501\u2501\u2501\u2501\u2501\u2501\u2501\u2501\u2501 78.7/78.7 kB 1.9 MB/s eta 0:00:00\n[CI/Tests]   | Collecting pyproject_hooks (from build>=0.1->check-manifest>=0.42->pytest-invenio==1.4.0->-r .min-3.7-requirements.txt (line 32))\n[CI/Tests]   |   Downloading pyproject_hooks-1.0.0-py3-none-any.whl (9.3 kB)\n[CI/Tests]   | Collecting pycparser (from cffi>=1.12->cryptography>=3.0.0->invenio-accounts==1.4.11->-r .min-3.7-requirements.txt (line 2))\n[CI/Tests]   |   Downloading pycparser-2.21-py2.py3-none-any.whl (118 kB)\n[CI/Tests]   |      \u2501\u2501\u2501\u2501\u2501\u2501\u2501\u2501\u2501\u2501\u2501\u2501\u2501\u2501\u2501\u2501\u2501\u2501\u2501\u2501\u2501\u2501\u2501\u2501\u2501\u2501\u2501\u2501\u2501\u2501\u2501\u2501\u2501\u2501\u2501\u2501\u2501\u2501\u2501 118.7/118.7 kB 5.2 MB/s eta 0:00:00\n[CI/Tests]   | INFO: pip is looking at multiple versions of coverage[toml] to determine which version is compatible with other requirements. This could take a while.\n[CI/Tests]   | Collecting coverage[toml]>=5.2.1 (from pytest-cov>=2.10.1->pytest-invenio==1.4.0->-r .min-3.7-requirements.txt (line 32))\n[CI/Tests]   |   Downloading coverage-7.2.5-cp37-cp37m-manylinux_2_5_x86_64.manylinux1_x86_64.manylinux_2_17_x86_64.manylinux2014_x86_64.whl (225 kB)\n[CI/Tests]   |      \u2501\u2501\u2501\u2501\u2501\u2501\u2501\u2501\u2501\u2501\u2501\u2501\u2501\u2501\u2501\u2501\u2501\u2501\u2501\u2501\u2501\u2501\u2501\u2501\u2501\u2501\u2501\u2501\u2501\u2501\u2501\u2501\u2501\u2501\u2501\u2501\u2501\u2501 225.0/225.0 kB 26.0 MB/s eta 0:00:00\n[CI/Tests]   |   Downloading coverage-7.2.4-cp37-cp37m-manylinux_2_5_x86_64.manylinux1_x86_64.manylinux_2_17_x86_64.manylinux2014_x86_64.whl (224 kB)\n[CI/Tests]   |      \u2501\u2501\u2501\u2501\u2501\u2501\u2501\u2501\u2501\u2501\u2501\u2501\u2501\u2501\u2501\u2501\u2501\u2501\u2501\u2501\u2501\u2501\u2501\u2501\u2501\u2501\u2501\u2501\u2501\u2501\u2501\u2501\u2501\u2501\u2501\u2501\u2501\u2501\u2501 225.0/225.0 kB 7.4 MB/s eta 0:00:00\n[CI/Tests]   |   Downloading coverage-7.2.3-cp37-cp37m-manylinux_2_5_x86_64.manylinux1_x86_64.manylinux_2_17_x86_64.manylinux2014_x86_64.whl (224 kB)\n[CI/Tests]   |      \u2501\u2501\u2501\u2501\u2501\u2501\u2501\u2501\u2501\u2501\u2501\u2501\u2501\u2501\u2501\u2501\u2501\u2501\u2501\u2501\u2501\u2501\u2501\u2501\u2501\u2501\u2501\u2501\u2501\u2501\u2501\u2501\u2501\u2501\u2501\u2501\u2501\u2501 224.8/224.8 kB 21.7 MB/s eta 0:00:00\n[CI/Tests]   |   Downloading coverage-7.2.2-cp37-cp37m-manylinux_2_5_x86_64.manylinux1_x86_64.manylinux_2_17_x86_64.manylinux2014_x86_64.whl (224 kB)\n[CI/Tests]   |      \u2501\u2501\u2501\u2501\u2501\u2501\u2501\u2501\u2501\u2501\u2501\u2501\u2501\u2501\u2501\u2501\u2501\u2501\u2501\u2501\u2501\u2501\u2501\u2501\u2501\u2501\u2501\u2501\u2501\u2501\u2501\u2501\u2501\u2501\u2501\u2501\u2501\u2501 224.3/224.3 kB 19.5 MB/s eta 0:00:00\n[CI/Tests]   |   Downloading coverage-7.2.1-cp37-cp37m-manylinux_2_5_x86_64.manylinux1_x86_64.manylinux_2_17_x86_64.manylinux2014_x86_64.whl (224 kB)\n[CI/Tests]   |      \u2501\u2501\u2501\u2501\u2501\u2501\u2501\u2501\u2501\u2501\u2501\u2501\u2501\u2501\u2501\u2501\u2501\u2501\u2501\u2501\u2501\u2501\u2501\u2501\u2501\u2501\u2501\u2501\u2501\u2501\u2501\u2501\u2501\u2501\u2501\u2501\u2501\u2501 224.2/224.2 kB 17.7 MB/s eta 0:00:00\n[CI/Tests]   |   Downloading coverage-7.2.0-cp37-cp37m-manylinux_2_5_x86_64.manylinux1_x86_64.manylinux_2_17_x86_64.manylinux2014_x86_64.whl (224 kB)\n[CI/Tests]   |      \u2501\u2501\u2501\u2501\u2501\u2501\u2501\u2501\u2501\u2501\u2501\u2501\u2501\u2501\u2501\u2501\u2501\u2501\u2501\u2501\u2501\u2501\u2501\u2501\u2501\u2501\u2501\u2501\u2501\u2501\u2501\u2501\u2501\u2501\u2501\u2501\u2501\u2501\u2501 224.2/224.2 kB 9.4 MB/s eta 0:00:00\n[CI/Tests]   |   Downloading coverage-7.1.0-cp37-cp37m-manylinux_2_5_x86_64.manylinux1_x86_64.manylinux_2_17_x86_64.manylinux2014_x86_64.whl (223 kB)\n[CI/Tests]   |      \u2501\u2501\u2501\u2501\u2501\u2501\u2501\u2501\u2501\u2501\u2501\u2501\u2501\u2501\u2501\u2501\u2501\u2501\u2501\u2501\u2501\u2501\u2501\u2501\u2501\u2501\u2501\u2501\u2501\u2501\u2501\u2501\u2501\u2501\u2501\u2501\u2501\u2501 223.5/223.5 kB 27.7 MB/s eta 0:00:00\n[CI/Tests]   | INFO: pip is looking at multiple versions of coverage[toml] to determine which version is compatible with other requirements. This could take a while.\n[CI/Tests]   |   Downloading coverage-7.0.5-cp37-cp37m-manylinux_2_5_x86_64.manylinux1_x86_64.manylinux_2_17_x86_64.manylinux2014_x86_64.whl (222 kB)\n[CI/Tests]   |      \u2501\u2501\u2501\u2501\u2501\u2501\u2501\u2501\u2501\u2501\u2501\u2501\u2501\u2501\u2501\u2501\u2501\u2501\u2501\u2501\u2501\u2501\u2501\u2501\u2501\u2501\u2501\u2501\u2501\u2501\u2501\u2501\u2501\u2501\u2501\u2501\u2501\u2501 222.7/222.7 kB 14.4 MB/s eta 0:00:00\n[CI/Tests]   |   Downloading coverage-7.0.4-cp37-cp37m-manylinux_2_5_x86_64.manylinux1_x86_64.manylinux_2_17_x86_64.manylinux2014_x86_64.whl (222 kB)\n[CI/Tests]   |      \u2501\u2501\u2501\u2501\u2501\u2501\u2501\u2501\u2501\u2501\u2501\u2501\u2501\u2501\u2501\u2501\u2501\u2501\u2501\u2501\u2501\u2501\u2501\u2501\u2501\u2501\u2501\u2501\u2501\u2501\u2501\u2501\u2501\u2501\u2501\u2501\u2501\u2501 222.2/222.2 kB 14.8 MB/s eta 0:00:00\n[CI/Tests]   |   Downloading coverage-7.0.3-cp37-cp37m-manylinux_2_5_x86_64.manylinux1_x86_64.manylinux_2_17_x86_64.manylinux2014_x86_64.whl (221 kB)\n[CI/Tests]   |      \u2501\u2501\u2501\u2501\u2501\u2501\u2501\u2501\u2501\u2501\u2501\u2501\u2501\u2501\u2501\u2501\u2501\u2501\u2501\u2501\u2501\u2501\u2501\u2501\u2501\u2501\u2501\u2501\u2501\u2501\u2501\u2501\u2501\u2501\u2501\u2501\u2501\u2501\u2501 221.6/221.6 kB 8.2 MB/s eta 0:00:00\n[CI/Tests]   |   Downloading coverage-7.0.2-cp37-cp37m-manylinux_2_5_x86_64.manylinux1_x86_64.manylinux_2_17_x86_64.manylinux2014_x86_64.whl (221 kB)\n[CI/Tests]   |      \u2501\u2501\u2501\u2501\u2501\u2501\u2501\u2501\u2501\u2501\u2501\u2501\u2501\u2501\u2501\u2501\u2501\u2501\u2501\u2501\u2501\u2501\u2501\u2501\u2501\u2501\u2501\u2501\u2501\u2501\u2501\u2501\u2501\u2501\u2501\u2501\u2501\u2501 221.2/221.2 kB 33.1 MB/s eta 0:00:00\n[CI/Tests]   |   Downloading coverage-7.0.1-cp37-cp37m-manylinux_2_5_x86_64.manylinux1_x86_64.manylinux_2_17_x86_64.manylinux2014_x86_64.whl (212 kB)\n[CI/Tests]   |      \u2501\u2501\u2501\u2501\u2501\u2501\u2501\u2501\u2501\u2501\u2501\u2501\u2501\u2501\u2501\u2501\u2501\u2501\u2501\u2501\u2501\u2501\u2501\u2501\u2501\u2501\u2501\u2501\u2501\u2501\u2501\u2501\u2501\u2501\u2501\u2501\u2501\u2501\u2501 212.8/212.8 kB 5.5 MB/s eta 0:00:00\n[CI/Tests]   | INFO: This is taking longer than usual. You might need to provide the dependency resolver with stricter constraints to reduce runtime. See https://pip.pypa.io/warnings/backtracking for guidance. If you want to abort this run, press Ctrl + C.\n[CI/Tests]   |   Downloading coverage-7.0.0-cp37-cp37m-manylinux_2_5_x86_64.manylinux1_x86_64.manylinux_2_17_x86_64.manylinux2014_x86_64.whl (212 kB)\n[CI/Tests]   |      \u2501\u2501\u2501\u2501\u2501\u2501\u2501\u2501\u2501\u2501\u2501\u2501\u2501\u2501\u2501\u2501\u2501\u2501\u2501\u2501\u2501\u2501\u2501\u2501\u2501\u2501\u2501\u2501\u2501\u2501\u2501\u2501\u2501\u2501\u2501\u2501\u2501\u2501 212.8/212.8 kB 10.4 MB/s eta 0:00:00\n[CI/Tests]   |   Downloading coverage-6.5.0-cp37-cp37m-manylinux_2_5_x86_64.manylinux1_x86_64.manylinux_2_17_x86_64.manylinux2014_x86_64.whl (210 kB)\n[CI/Tests]   |      \u2501\u2501\u2501\u2501\u2501\u2501\u2501\u2501\u2501\u2501\u2501\u2501\u2501\u2501\u2501\u2501\u2501\u2501\u2501\u2501\u2501\u2501\u2501\u2501\u2501\u2501\u2501\u2501\u2501\u2501\u2501\u2501\u2501\u2501\u2501\u2501\u2501\u2501\u2501 210.1/210.1 kB 9.1 MB/s eta 0:00:00\n[CI/Tests]   |   Downloading coverage-6.4.4-cp37-cp37m-manylinux_2_5_x86_64.manylinux1_x86_64.manylinux_2_17_x86_64.manylinux2014_x86_64.whl (209 kB)\n[CI/Tests]   |      \u2501\u2501\u2501\u2501\u2501\u2501\u2501\u2501\u2501\u2501\u2501\u2501\u2501\u2501\u2501\u2501\u2501\u2501\u2501\u2501\u2501\u2501\u2501\u2501\u2501\u2501\u2501\u2501\u2501\u2501\u2501\u2501\u2501\u2501\u2501\u2501\u2501\u2501 209.3/209.3 kB 15.9 MB/s eta 0:00:00\n[CI/Tests]   |   Downloading coverage-6.4.3-cp37-cp37m-manylinux_2_5_x86_64.manylinux1_x86_64.manylinux_2_17_x86_64.manylinux2014_x86_64.whl (209 kB)\n[CI/Tests]   |      \u2501\u2501\u2501\u2501\u2501\u2501\u2501\u2501\u2501\u2501\u2501\u2501\u2501\u2501\u2501\u2501\u2501\u2501\u2501\u2501\u2501\u2501\u2501\u2501\u2501\u2501\u2501\u2501\u2501\u2501\u2501\u2501\u2501\u2501\u2501\u2501\u2501\u2501\u2501 209.4/209.4 kB 2.7 MB/s eta 0:00:00\n[CI/Tests]   |   Downloading coverage-6.4.2-cp37-cp37m-manylinux_2_5_x86_64.manylinux1_x86_64.manylinux_2_17_x86_64.manylinux2014_x86_64.whl (209 kB)\n[CI/Tests]   |      \u2501\u2501\u2501\u2501\u2501\u2501\u2501\u2501\u2501\u2501\u2501\u2501\u2501\u2501\u2501\u2501\u2501\u2501\u2501\u2501\u2501\u2501\u2501\u2501\u2501\u2501\u2501\u2501\u2501\u2501\u2501\u2501\u2501\u2501\u2501\u2501\u2501\u2501 209.1/209.1 kB 19.2 MB/s eta 0:00:00\n[CI/Tests]   |   Downloading coverage-6.4.1-cp37-cp37m-manylinux_2_5_x86_64.manylinux1_x86_64.manylinux_2_17_x86_64.manylinux2014_x86_64.whl (208 kB)\n[CI/Tests]   |      \u2501\u2501\u2501\u2501\u2501\u2501\u2501\u2501\u2501\u2501\u2501\u2501\u2501\u2501\u2501\u2501\u2501\u2501\u2501\u2501\u2501\u2501\u2501\u2501\u2501\u2501\u2501\u2501\u2501\u2501\u2501\u2501\u2501\u2501\u2501\u2501\u2501\u2501 209.0/209.0 kB 17.9 MB/s eta 0:00:00\n[CI/Tests]   |   Downloading coverage-6.4-cp37-cp37m-manylinux_2_5_x86_64.manylinux1_x86_64.manylinux_2_17_x86_64.manylinux2014_x86_64.whl (208 kB)\n[CI/Tests]   |      \u2501\u2501\u2501\u2501\u2501\u2501\u2501\u2501\u2501\u2501\u2501\u2501\u2501\u2501\u2501\u2501\u2501\u2501\u2501\u2501\u2501\u2501\u2501\u2501\u2501\u2501\u2501\u2501\u2501\u2501\u2501\u2501\u2501\u2501\u2501\u2501\u2501\u2501\u2501 208.7/208.7 kB 6.8 MB/s eta 0:00:00\n[CI/Tests]   |   Downloading coverage-6.3.3-cp37-cp37m-manylinux_2_5_x86_64.manylinux1_x86_64.manylinux_2_17_x86_64.manylinux2014_x86_64.whl (207 kB)\n[CI/Tests]   |      \u2501\u2501\u2501\u2501\u2501\u2501\u2501\u2501\u2501\u2501\u2501\u2501\u2501\u2501\u2501\u2501\u2501\u2501\u2501\u2501\u2501\u2501\u2501\u2501\u2501\u2501\u2501\u2501\u2501\u2501\u2501\u2501\u2501\u2501\u2501\u2501\u2501\u2501 208.0/208.0 kB 10.6 MB/s eta 0:00:00\n[CI/Tests]   |   Downloading coverage-6.3.2-cp37-cp37m-manylinux_2_5_x86_64.manylinux1_x86_64.manylinux_2_17_x86_64.manylinux2014_x86_64.whl (207 kB)\n[CI/Tests]   |      \u2501\u2501\u2501\u2501\u2501\u2501\u2501\u2501\u2501\u2501\u2501\u2501\u2501\u2501\u2501\u2501\u2501\u2501\u2501\u2501\u2501\u2501\u2501\u2501\u2501\u2501\u2501\u2501\u2501\u2501\u2501\u2501\u2501\u2501\u2501\u2501\u2501\u2501 208.0/208.0 kB 16.6 MB/s eta 0:00:00\n[CI/Tests]   |   Downloading coverage-6.3.1-cp37-cp37m-manylinux_2_5_x86_64.manylinux1_x86_64.manylinux_2_17_x86_64.manylinux2014_x86_64.whl (207 kB)\n[CI/Tests]   |      \u2501\u2501\u2501\u2501\u2501\u2501\u2501\u2501\u2501\u2501\u2501\u2501\u2501\u2501\u2501\u2501\u2501\u2501\u2501\u2501\u2501\u2501\u2501\u2501\u2501\u2501\u2501\u2501\u2501\u2501\u2501\u2501\u2501\u2501\u2501\u2501\u2501\u2501\u2501 207.4/207.4 kB 7.2 MB/s eta 0:00:00\n[CI/Tests]   |   Downloading coverage-6.3-cp37-cp37m-manylinux_2_5_x86_64.manylinux1_x86_64.manylinux_2_17_x86_64.manylinux2014_x86_64.whl (207 kB)\n[CI/Tests]   |      \u2501\u2501\u2501\u2501\u2501\u2501\u2501\u2501\u2501\u2501\u2501\u2501\u2501\u2501\u2501\u2501\u2501\u2501\u2501\u2501\u2501\u2501\u2501\u2501\u2501\u2501\u2501\u2501\u2501\u2501\u2501\u2501\u2501\u2501\u2501\u2501\u2501\u2501 207.2/207.2 kB 18.7 MB/s eta 0:00:00\n[CI/Tests]   |   Downloading coverage-6.2-cp37-cp37m-manylinux_2_5_x86_64.manylinux1_x86_64.manylinux_2_12_x86_64.manylinux2010_x86_64.whl (213 kB)\n[CI/Tests]   |      \u2501\u2501\u2501\u2501\u2501\u2501\u2501\u2501\u2501\u2501\u2501\u2501\u2501\u2501\u2501\u2501\u2501\u2501\u2501\u2501\u2501\u2501\u2501\u2501\u2501\u2501\u2501\u2501\u2501\u2501\u2501\u2501\u2501\u2501\u2501\u2501\u2501\u2501\u2501 213.9/213.9 kB 6.4 MB/s eta 0:00:00\n[CI/Tests]   |   Downloading coverage-6.1.2-cp37-cp37m-manylinux_2_5_x86_64.manylinux1_x86_64.manylinux_2_12_x86_64.manylinux2010_x86_64.whl (213 kB)\n[CI/Tests]   |      \u2501\u2501\u2501\u2501\u2501\u2501\u2501\u2501\u2501\u2501\u2501\u2501\u2501\u2501\u2501\u2501\u2501\u2501\u2501\u2501\u2501\u2501\u2501\u2501\u2501\u2501\u2501\u2501\u2501\u2501\u2501\u2501\u2501\u2501\u2501\u2501\u2501\u2501 213.5/213.5 kB 13.1 MB/s eta 0:00:00\n[CI/Tests]   |   Downloading coverage-6.1.1-cp37-cp37m-manylinux_2_5_x86_64.manylinux1_x86_64.manylinux_2_12_x86_64.manylinux2010_x86_64.whl (213 kB)\n[CI/Tests]   |      \u2501\u2501\u2501\u2501\u2501\u2501\u2501\u2501\u2501\u2501\u2501\u2501\u2501\u2501\u2501\u2501\u2501\u2501\u2501\u2501\u2501\u2501\u2501\u2501\u2501\u2501\u2501\u2501\u2501\u2501\u2501\u2501\u2501\u2501\u2501\u2501\u2501\u2501 213.4/213.4 kB 23.3 MB/s eta 0:00:00\n[CI/Tests]   |   Downloading coverage-6.1-cp37-cp37m-manylinux_2_5_x86_64.manylinux1_x86_64.manylinux_2_12_x86_64.manylinux2010_x86_64.whl (213 kB)\n[CI/Tests]   |      \u2501\u2501\u2501\u2501\u2501\u2501\u2501\u2501\u2501\u2501\u2501\u2501\u2501\u2501\u2501\u2501\u2501\u2501\u2501\u2501\u2501\u2501\u2501\u2501\u2501\u2501\u2501\u2501\u2501\u2501\u2501\u2501\u2501\u2501\u2501\u2501\u2501\u2501\u2501 213.3/213.3 kB 4.1 MB/s eta 0:00:00\n[CI/Tests]   |   Downloading coverage-6.0.2-cp37-cp37m-manylinux_2_5_x86_64.manylinux1_x86_64.manylinux_2_12_x86_64.manylinux2010_x86_64.whl (253 kB)\n[CI/Tests]   |      \u2501\u2501\u2501\u2501\u2501\u2501\u2501\u2501\u2501\u2501\u2501\u2501\u2501\u2501\u2501\u2501\u2501\u2501\u2501\u2501\u2501\u2501\u2501\u2501\u2501\u2501\u2501\u2501\u2501\u2501\u2501\u2501\u2501\u2501\u2501\u2501\u2501\u2501 253.3/253.3 kB 10.3 MB/s eta 0:00:00\n[CI/Tests]   |   Downloading coverage-6.0.1-cp37-cp37m-manylinux_2_5_x86_64.manylinux1_x86_64.manylinux_2_12_x86_64.manylinux2010_x86_64.whl (252 kB)\n[CI/Tests]   |      \u2501\u2501\u2501\u2501\u2501\u2501\u2501\u2501\u2501\u2501\u2501\u2501\u2501\u2501\u2501\u2501\u2501\u2501\u2501\u2501\u2501\u2501\u2501\u2501\u2501\u2501\u2501\u2501\u2501\u2501\u2501\u2501\u2501\u2501\u2501\u2501\u2501\u2501 252.9/252.9 kB 29.5 MB/s eta 0:00:00\n[CI/Tests]   |   Downloading coverage-6.0-cp37-cp37m-manylinux_2_5_x86_64.manylinux1_x86_64.manylinux_2_12_x86_64.manylinux2010_x86_64.whl (252 kB)\n[CI/Tests]   |      \u2501\u2501\u2501\u2501\u2501\u2501\u2501\u2501\u2501\u2501\u2501\u2501\u2501\u2501\u2501\u2501\u2501\u2501\u2501\u2501\u2501\u2501\u2501\u2501\u2501\u2501\u2501\u2501\u2501\u2501\u2501\u2501\u2501\u2501\u2501\u2501\u2501\u2501\u2501 252.6/252.6 kB 8.2 MB/s eta 0:00:00\n[CI/Tests]   | Collecting aniso8601>=0.82 (from Flask-RESTful>=0.3.7->Flask-IIIF>=0.6.1->invenio-iiif==1.2.0->-r .min-3.7-requirements.txt (line 14))\n[CI/Tests]   |   Downloading aniso8601-9.0.1-py2.py3-none-any.whl (52 kB)\n[CI/Tests]   |      \u2501\u2501\u2501\u2501\u2501\u2501\u2501\u2501\u2501\u2501\u2501\u2501\u2501\u2501\u2501\u2501\u2501\u2501\u2501\u2501\u2501\u2501\u2501\u2501\u2501\u2501\u2501\u2501\u2501\u2501\u2501\u2501\u2501\u2501\u2501\u2501\u2501\u2501\u2501\u2501 52.8/52.8 kB 4.9 MB/s eta 0:00:00\n[CI/Tests]   | Collecting parso<0.9.0,>=0.8.0 (from jedi>=0.16->ipython>=4.1.0->invenio-previewer==1.3.2->-r .min-3.7-requirements.txt (line 23))\n[CI/Tests]   |   Downloading parso-0.8.3-py2.py3-none-any.whl (100 kB)\n[CI/Tests]   |      \u2501\u2501\u2501\u2501\u2501\u2501\u2501\u2501\u2501\u2501\u2501\u2501\u2501\u2501\u2501\u2501\u2501\u2501\u2501\u2501\u2501\u2501\u2501\u2501\u2501\u2501\u2501\u2501\u2501\u2501\u2501\u2501\u2501\u2501\u2501\u2501\u2501\u2501\u2501 100.8/100.8 kB 6.2 MB/s eta 0:00:00\n[CI/Tests]   | Collecting nest-asyncio>=1.5.4 (from jupyter-client>=5.3.1->nbconvert[execute]<6.0.0,>=4.1.0->invenio-previewer==1.3.2->-r .min-3.7-requirements.txt (line 23))\n[CI/Tests]   |   Downloading nest_asyncio-1.5.6-py3-none-any.whl (5.2 kB)\n[CI/Tests]   | Collecting pyzmq>=23.0 (from jupyter-client>=5.3.1->nbconvert[execute]<6.0.0,>=4.1.0->invenio-previewer==1.3.2->-r .min-3.7-requirements.txt (line 23))\n[CI/Tests]   |   Downloading pyzmq-25.1.0-cp37-cp37m-manylinux_2_5_x86_64.manylinux1_x86_64.whl (1.1 MB)\n[CI/Tests]   |      \u2501\u2501\u2501\u2501\u2501\u2501\u2501\u2501\u2501\u2501\u2501\u2501\u2501\u2501\u2501\u2501\u2501\u2501\u2501\u2501\u2501\u2501\u2501\u2501\u2501\u2501\u2501\u2501\u2501\u2501\u2501\u2501\u2501\u2501\u2501\u2501\u2501\u2501\u2501\u2501 1.1/1.1 MB 15.7 MB/s eta 0:00:00\n[CI/Tests]   | INFO: pip is looking at multiple versions of jupyter-client to determine which version is compatible with other requirements. This could take a while.\n[CI/Tests]   | Collecting jupyter-client>=5.3.1 (from nbconvert[execute]<6.0.0,>=4.1.0->invenio-previewer==1.3.2->-r .min-3.7-requirements.txt (line 23))\n[CI/Tests]   |   Downloading jupyter_client-7.4.8-py3-none-any.whl (133 kB)\n[CI/Tests]   |      \u2501\u2501\u2501\u2501\u2501\u2501\u2501\u2501\u2501\u2501\u2501\u2501\u2501\u2501\u2501\u2501\u2501\u2501\u2501\u2501\u2501\u2501\u2501\u2501\u2501\u2501\u2501\u2501\u2501\u2501\u2501\u2501\u2501\u2501\u2501\u2501\u2501\u2501 133.5/133.5 kB 14.9 MB/s eta 0:00:00\n[CI/Tests]   |   Downloading jupyter_client-7.4.7-py3-none-any.whl (133 kB)\n[CI/Tests]   |      \u2501\u2501\u2501\u2501\u2501\u2501\u2501\u2501\u2501\u2501\u2501\u2501\u2501\u2501\u2501\u2501\u2501\u2501\u2501\u2501\u2501\u2501\u2501\u2501\u2501\u2501\u2501\u2501\u2501\u2501\u2501\u2501\u2501\u2501\u2501\u2501\u2501\u2501 133.5/133.5 kB 15.9 MB/s eta 0:00:00\n[CI/Tests]   |   Downloading jupyter_client-7.4.6-py3-none-any.whl (133 kB)\n[CI/Tests]   |      \u2501\u2501\u2501\u2501\u2501\u2501\u2501\u2501\u2501\u2501\u2501\u2501\u2501\u2501\u2501\u2501\u2501\u2501\u2501\u2501\u2501\u2501\u2501\u2501\u2501\u2501\u2501\u2501\u2501\u2501\u2501\u2501\u2501\u2501\u2501\u2501\u2501\u2501\u2501 133.5/133.5 kB 1.7 MB/s eta 0:00:00\n[CI/Tests]   |   Downloading jupyter_client-7.4.5-py3-none-any.whl (132 kB)\n[CI/Tests]   |      \u2501\u2501\u2501\u2501\u2501\u2501\u2501\u2501\u2501\u2501\u2501\u2501\u2501\u2501\u2501\u2501\u2501\u2501\u2501\u2501\u2501\u2501\u2501\u2501\u2501\u2501\u2501\u2501\u2501\u2501\u2501\u2501\u2501\u2501\u2501\u2501\u2501\u2501\u2501 132.3/132.3 kB 1.8 MB/s eta 0:00:00\n[CI/Tests]   |   Downloading jupyter_client-7.4.4-py3-none-any.whl (132 kB)\n[CI/Tests]   |      \u2501\u2501\u2501\u2501\u2501\u2501\u2501\u2501\u2501\u2501\u2501\u2501\u2501\u2501\u2501\u2501\u2501\u2501\u2501\u2501\u2501\u2501\u2501\u2501\u2501\u2501\u2501\u2501\u2501\u2501\u2501\u2501\u2501\u2501\u2501\u2501\u2501\u2501\u2501 132.3/132.3 kB 8.7 MB/s eta 0:00:00\n[CI/Tests]   |   Downloading jupyter_client-7.4.3-py3-none-any.whl (132 kB)\n[CI/Tests]   |      \u2501\u2501\u2501\u2501\u2501\u2501\u2501\u2501\u2501\u2501\u2501\u2501\u2501\u2501\u2501\u2501\u2501\u2501\u2501\u2501\u2501\u2501\u2501\u2501\u2501\u2501\u2501\u2501\u2501\u2501\u2501\u2501\u2501\u2501\u2501\u2501\u2501\u2501\u2501 132.2/132.2 kB 3.1 MB/s eta 0:00:00\n[CI/Tests]   |   Downloading jupyter_client-7.4.2-py3-none-any.whl (132 kB)\n[CI/Tests]   |      \u2501\u2501\u2501\u2501\u2501\u2501\u2501\u2501\u2501\u2501\u2501\u2501\u2501\u2501\u2501\u2501\u2501\u2501\u2501\u2501\u2501\u2501\u2501\u2501\u2501\u2501\u2501\u2501\u2501\u2501\u2501\u2501\u2501\u2501\u2501\u2501\u2501\u2501\u2501 132.2/132.2 kB 1.9 MB/s eta 0:00:00\n[CI/Tests]   | INFO: pip is looking at multiple versions of jupyter-client to determine which version is compatible with other requirements. This could take a while.\n[CI/Tests]   |   Downloading jupyter_client-7.4.1-py3-none-any.whl (132 kB)\n[CI/Tests]   |      \u2501\u2501\u2501\u2501\u2501\u2501\u2501\u2501\u2501\u2501\u2501\u2501\u2501\u2501\u2501\u2501\u2501\u2501\u2501\u2501\u2501\u2501\u2501\u2501\u2501\u2501\u2501\u2501\u2501\u2501\u2501\u2501\u2501\u2501\u2501\u2501\u2501\u2501 132.1/132.1 kB 21.4 MB/s eta 0:00:00\n[CI/Tests]   |   Downloading jupyter_client-7.4.0-py3-none-any.whl (132 kB)\n[CI/Tests]   |      \u2501\u2501\u2501\u2501\u2501\u2501\u2501\u2501\u2501\u2501\u2501\u2501\u2501\u2501\u2501\u2501\u2501\u2501\u2501\u2501\u2501\u2501\u2501\u2501\u2501\u2501\u2501\u2501\u2501\u2501\u2501\u2501\u2501\u2501\u2501\u2501\u2501\u2501\u2501 132.2/132.2 kB 9.8 MB/s eta 0:00:00\n[CI/Tests]   |   Downloading jupyter_client-7.3.5-py3-none-any.whl (132 kB)\n[CI/Tests]   |      \u2501\u2501\u2501\u2501\u2501\u2501\u2501\u2501\u2501\u2501\u2501\u2501\u2501\u2501\u2501\u2501\u2501\u2501\u2501\u2501\u2501\u2501\u2501\u2501\u2501\u2501\u2501\u2501\u2501\u2501\u2501\u2501\u2501\u2501\u2501\u2501\u2501\u2501 132.1/132.1 kB 12.4 MB/s eta 0:00:00\n[CI/Tests]   |   Downloading jupyter_client-7.3.4-py3-none-any.whl (132 kB)\n[CI/Tests]   |      \u2501\u2501\u2501\u2501\u2501\u2501\u2501\u2501\u2501\u2501\u2501\u2501\u2501\u2501\u2501\u2501\u2501\u2501\u2501\u2501\u2501\u2501\u2501\u2501\u2501\u2501\u2501\u2501\u2501\u2501\u2501\u2501\u2501\u2501\u2501\u2501\u2501\u2501\u2501 132.1/132.1 kB 9.5 MB/s eta 0:00:00\n[CI/Tests]   |   Downloading jupyter_client-7.3.3-py3-none-any.whl (131 kB)\n[CI/Tests]   |      \u2501\u2501\u2501\u2501\u2501\u2501\u2501\u2501\u2501\u2501\u2501\u2501\u2501\u2501\u2501\u2501\u2501\u2501\u2501\u2501\u2501\u2501\u2501\u2501\u2501\u2501\u2501\u2501\u2501\u2501\u2501\u2501\u2501\u2501\u2501\u2501\u2501\u2501\u2501 132.0/132.0 kB 2.7 MB/s eta 0:00:00\n[CI/Tests]   | INFO: This is taking longer than usual. You might need to provide the dependency resolver with stricter constraints to reduce runtime. See https://pip.pypa.io/warnings/backtracking for guidance. If you want to abort this run, press Ctrl + C.\n[CI/Tests]   |   Downloading jupyter_client-7.3.2-py3-none-any.whl (131 kB)\n[CI/Tests]   |      \u2501\u2501\u2501\u2501\u2501\u2501\u2501\u2501\u2501\u2501\u2501\u2501\u2501\u2501\u2501\u2501\u2501\u2501\u2501\u2501\u2501\u2501\u2501\u2501\u2501\u2501\u2501\u2501\u2501\u2501\u2501\u2501\u2501\u2501\u2501\u2501\u2501\u2501\u2501 131.9/131.9 kB 4.0 MB/s eta 0:00:00\n[CI/Tests]   |   Downloading jupyter_client-7.3.1-py3-none-any.whl (130 kB)\n[CI/Tests]   |      \u2501\u2501\u2501\u2501\u2501\u2501\u2501\u2501\u2501\u2501\u2501\u2501\u2501\u2501\u2501\u2501\u2501\u2501\u2501\u2501\u2501\u2501\u2501\u2501\u2501\u2501\u2501\u2501\u2501\u2501\u2501\u2501\u2501\u2501\u2501\u2501\u2501\u2501 131.0/131.0 kB 15.9 MB/s eta 0:00:00\n[CI/Tests]   |   Downloading jupyter_client-7.3.0-py3-none-any.whl (130 kB)\n[CI/Tests]   |      \u2501\u2501\u2501\u2501\u2501\u2501\u2501\u2501\u2501\u2501\u2501\u2501\u2501\u2501\u2501\u2501\u2501\u2501\u2501\u2501\u2501\u2501\u2501\u2501\u2501\u2501\u2501\u2501\u2501\u2501\u2501\u2501\u2501\u2501\u2501\u2501\u2501\u2501 130.9/130.9 kB 18.8 MB/s eta 0:00:00\n[CI/Tests]   |   Downloading jupyter_client-7.2.2-py3-none-any.whl (130 kB)\n[CI/Tests]   |      \u2501\u2501\u2501\u2501\u2501\u2501\u2501\u2501\u2501\u2501\u2501\u2501\u2501\u2501\u2501\u2501\u2501\u2501\u2501\u2501\u2501\u2501\u2501\u2501\u2501\u2501\u2501\u2501\u2501\u2501\u2501\u2501\u2501\u2501\u2501\u2501\u2501\u2501 130.6/130.6 kB 17.1 MB/s eta 0:00:00\n[CI/Tests]   |   Downloading jupyter_client-7.2.1-py3-none-any.whl (130 kB)\n[CI/Tests]   |      \u2501\u2501\u2501\u2501\u2501\u2501\u2501\u2501\u2501\u2501\u2501\u2501\u2501\u2501\u2501\u2501\u2501\u2501\u2501\u2501\u2501\u2501\u2501\u2501\u2501\u2501\u2501\u2501\u2501\u2501\u2501\u2501\u2501\u2501\u2501\u2501\u2501\u2501\u2501 130.4/130.4 kB 3.9 MB/s eta 0:00:00\n[CI/Tests]   |   Downloading jupyter_client-7.2.0-py3-none-any.whl (130 kB)\n[CI/Tests]   |      \u2501\u2501\u2501\u2501\u2501\u2501\u2501\u2501\u2501\u2501\u2501\u2501\u2501\u2501\u2501\u2501\u2501\u2501\u2501\u2501\u2501\u2501\u2501\u2501\u2501\u2501\u2501\u2501\u2501\u2501\u2501\u2501\u2501\u2501\u2501\u2501\u2501\u2501\u2501 130.5/130.5 kB 7.0 MB/s eta 0:00:00\n[CI/Tests]   | Collecting amqp<6.0.0,>=5.0.9 (from kombu<6.0,>=5.2.3->celery<5.3,>=5.1.0->invenio-celery==1.2.4->-r .min-3.7-requirements.txt (line 8))\n[CI/Tests]   |   Downloading amqp-5.1.1-py3-none-any.whl (50 kB)\n[CI/Tests]   |      \u2501\u2501\u2501\u2501\u2501\u2501\u2501\u2501\u2501\u2501\u2501\u2501\u2501\u2501\u2501\u2501\u2501\u2501\u2501\u2501\u2501\u2501\u2501\u2501\u2501\u2501\u2501\u2501\u2501\u2501\u2501\u2501\u2501\u2501\u2501\u2501\u2501\u2501\u2501\u2501 50.8/50.8 kB 1.9 MB/s eta 0:00:00\n[CI/Tests]   | Collecting cached-property (from kombu<6.0,>=5.2.3->celery<5.3,>=5.1.0->invenio-celery==1.2.4->-r .min-3.7-requirements.txt (line 8))\n[CI/Tests]   |   Downloading cached_property-1.5.2-py2.py3-none-any.whl (7.6 kB)\n[CI/Tests]   | Collecting ptyprocess>=0.5 (from pexpect>4.3->ipython>=4.1.0->invenio-previewer==1.3.2->-r .min-3.7-requirements.txt (line 23))\n[CI/Tests]   |   Downloading ptyprocess-0.7.0-py2.py3-none-any.whl (13 kB)\n[CI/Tests]   | Collecting sortedcontainers (from trio~=0.17->selenium>=3.7.0->pytest-invenio==1.4.0->-r .min-3.7-requirements.txt (line 32))\n[CI/Tests]   |   Downloading sortedcontainers-2.4.0-py2.py3-none-any.whl (29 kB)\n[CI/Tests]   | Collecting async-generator>=1.9 (from trio~=0.17->selenium>=3.7.0->pytest-invenio==1.4.0->-r .min-3.7-requirements.txt (line 32))\n[CI/Tests]   |   Downloading async_generator-1.10-py3-none-any.whl (18 kB)\n[CI/Tests]   | Collecting outcome (from trio~=0.17->selenium>=3.7.0->pytest-invenio==1.4.0->-r .min-3.7-requirements.txt (line 32))\n[CI/Tests]   |   Downloading outcome-1.2.0-py2.py3-none-any.whl (9.7 kB)\n[CI/Tests]   | Collecting sniffio (from trio~=0.17->selenium>=3.7.0->pytest-invenio==1.4.0->-r .min-3.7-requirements.txt (line 32))\n[CI/Tests]   |   Downloading sniffio-1.3.0-py3-none-any.whl (10 kB)\n[CI/Tests]   | Collecting exceptiongroup>=1.0.0rc9 (from trio~=0.17->selenium>=3.7.0->pytest-invenio==1.4.0->-r .min-3.7-requirements.txt (line 32))\n[CI/Tests]   |   Downloading exceptiongroup-1.1.1-py3-none-any.whl (14 kB)\n[CI/Tests]   | Collecting wsproto>=0.14 (from trio-websocket~=0.9->selenium>=3.7.0->pytest-invenio==1.4.0->-r .min-3.7-requirements.txt (line 32))\n[CI/Tests]   |   Downloading wsproto-1.2.0-py3-none-any.whl (24 kB)\n[CI/Tests]   | Collecting pysocks!=1.5.7,<2.0,>=1.5.6 (from urllib3<3,>=1.21.1->requests>=2.5.0->Sphinx==4.2.0->-r .min-3.7-requirements.txt (line 33))\n[CI/Tests]   |   Downloading PySocks-1.7.1-py3-none-any.whl (16 kB)\n[CI/Tests]   | Collecting validators>=0.5.0 (from WTForms-Components>=0.9.2->WTForms-Alchemy>=0.15.0->invenio-oauth2server==1.3.5->-r .min-3.7-requirements.txt (line 20))\n[CI/Tests]   |   Downloading validators-0.20.0.tar.gz (30 kB)\n[CI/Tests]   |   Preparing metadata (setup.py): started\n[CI/Tests]   |   Preparing metadata (setup.py): finished with status 'done'\n[CI/Tests]   | Collecting intervals>=0.6.0 (from WTForms-Components>=0.9.2->WTForms-Alchemy>=0.15.0->invenio-oauth2server==1.3.5->-r .min-3.7-requirements.txt (line 20))\n[CI/Tests]   |   Downloading intervals-0.9.2-py3-none-any.whl (8.5 kB)\n[CI/Tests]   | Collecting importlib-metadata>=4.4 (from invenio-base==1.2.9->-r .min-3.7-requirements.txt (line 6))\n[CI/Tests]   |   Downloading importlib_metadata-4.13.0-py3-none-any.whl (23 kB)\n[CI/Tests]   | Collecting infinity>=0.1.3 (from intervals>=0.6.0->WTForms-Components>=0.9.2->WTForms-Alchemy>=0.15.0->invenio-oauth2server==1.3.5->-r .min-3.7-requirements.txt (line 20))\n[CI/Tests]   |   Downloading infinity-1.5.tar.gz (5.4 kB)\n[CI/Tests]   |   Preparing metadata (setup.py): started\n[CI/Tests]   |   Preparing metadata (setup.py): finished with status 'done'\n[CI/Tests]   | Collecting h11<1,>=0.9.0 (from wsproto>=0.14->trio-websocket~=0.9->selenium>=3.7.0->pytest-invenio==1.4.0->-r .min-3.7-requirements.txt (line 32))\n[CI/Tests]   |   Downloading h11-0.14.0-py3-none-any.whl (58 kB)\n[CI/Tests]   |      \u2501\u2501\u2501\u2501\u2501\u2501\u2501\u2501\u2501\u2501\u2501\u2501\u2501\u2501\u2501\u2501\u2501\u2501\u2501\u2501\u2501\u2501\u2501\u2501\u2501\u2501\u2501\u2501\u2501\u2501\u2501\u2501\u2501\u2501\u2501\u2501\u2501\u2501\u2501\u2501 58.3/58.3 kB 1.7 MB/s eta 0:00:00\n[CI/Tests]   | Building wheels for collected packages: click-default-group, Flask-KVSession-Invenio, flask-limiter, Flask-Login, Flask-Mail, Flask-Principal, future, jsmin, maxminddb-geolite2, node-semver, pytest-pycodestyle, pytest-pydocstyle, SQLAlchemy-Utils, tornado, speaklater, maxminddb, validators, infinity\n[CI/Tests]   |   Building wheel for click-default-group (setup.py): started\n[CI/Tests]   |   Building wheel for click-default-group (setup.py): finished with status 'done'\n[CI/Tests]   |   Created wheel for click-default-group: filename=click_default_group-1.2.2-py3-none-any.whl size=3383 sha256=aa82c8c49de2d07076a1706e4332da3e45229414b0624e8706d3193e8680be77\n[CI/Tests]   |   Stored in directory: /home/runneradmin/.cache/pip/wheels/c8/01/63/03a469931aa81497b07ada86ff8aa1b18847bdbe474f43d82c\n[CI/Tests]   |   Building wheel for Flask-KVSession-Invenio (setup.py): started\n[CI/Tests]   |   Building wheel for Flask-KVSession-Invenio (setup.py): finished with status 'done'\n[CI/Tests]   |   Created wheel for Flask-KVSession-Invenio: filename=Flask_KVSession_Invenio-0.6.3-py3-none-any.whl size=6960 sha256=c9c47be3f69ca9785785ddf704e8292cc04617816c9a3782eac4455821ec8388\n[CI/Tests]   |   Stored in directory: /home/runneradmin/.cache/pip/wheels/39/39/ae/2a24dd4b3d7b7d7b26ccba2311fb3c3ed9d86645bfbc364b75\n[CI/Tests]   |   Building wheel for flask-limiter (setup.py): started\n[CI/Tests]   |   Building wheel for flask-limiter (setup.py): finished with status 'done'\n[CI/Tests]   |   Created wheel for flask-limiter: filename=Flask_Limiter-1.1.0-py3-none-any.whl size=13812 sha256=db5fae28efddd0b1647efe6964f9992fede34514005046974b303481da965338\n[CI/Tests]   |   Stored in directory: /home/runneradmin/.cache/pip/wheels/cd/c0/6e/d7624c48b926358b9180c761b60cb20fdf534dc56d15a1cb5a\n[CI/Tests]   |   Building wheel for Flask-Login (setup.py): started\n[CI/Tests]   |   Building wheel for Flask-Login (setup.py): finished with status 'done'\n[CI/Tests]   |   Created wheel for Flask-Login: filename=Flask_Login-0.4.1-py2.py3-none-any.whl size=15949 sha256=131aca7234c4a4c6f4c503754dea44f93dc466b131182db96fa933ca9ac11a7b\n[CI/Tests]   |   Stored in directory: /home/runneradmin/.cache/pip/wheels/6b/b8/33/1da5a5d39e093a68d81848aa44fd70e3cd0193e6f2d5641052\n[CI/Tests]   |   Building wheel for Flask-Mail (setup.py): started\n[CI/Tests]   |   Building wheel for Flask-Mail (setup.py): finished with status 'done'\n[CI/Tests]   |   Created wheel for Flask-Mail: filename=Flask_Mail-0.9.1-py3-none-any.whl size=7579 sha256=f0b10f7cc745da50e8cf63df7295942dedd32ee04acf86b5c6e1813132593e23\n[CI/Tests]   |   Stored in directory: /home/runneradmin/.cache/pip/wheels/c3/46/1d/34849a40eb7e4b84d8c794ef49bce76c7d9e968cf0400f2e5c\n[CI/Tests]   |   Building wheel for Flask-Principal (setup.py): started\n[CI/Tests]   |   Building wheel for Flask-Principal (setup.py): finished with status 'done'\n[CI/Tests]   |   Created wheel for Flask-Principal: filename=Flask_Principal-0.4.0-py3-none-any.whl size=5575 sha256=d325aa51534a6459f8df8bfe6f972ef7f73e124709f3227a157d1050eea1264d\n[CI/Tests]   |   Stored in directory: /home/runneradmin/.cache/pip/wheels/97/4c/ee/b508a02fac172ae275847db50f2e1b002b9b5e851d0cf6749d\n[CI/Tests]   |   Building wheel for future (setup.py): started\n[CI/Tests]   |   Building wheel for future (setup.py): finished with status 'done'\n[CI/Tests]   |   Created wheel for future: filename=future-0.18.3-py3-none-any.whl size=492022 sha256=de4521b832f0ccce0ebfdc64b321c7703148b9e217d2b1efb859fa7dbd39cf10\n[CI/Tests]   |   Stored in directory: /home/runneradmin/.cache/pip/wheels/fa/cd/1f/c6b7b50b564983bf3011e8fc75d06047ddc50c07f6e3660b00\n[CI/Tests]   |   Building wheel for jsmin (setup.py): started\n[CI/Tests]   |   Building wheel for jsmin (setup.py): finished with status 'done'\n[CI/Tests]   |   Created wheel for jsmin: filename=jsmin-3.0.1-py3-none-any.whl size=13765 sha256=d18589b74d6bf46872a3fc737ab6b9014036bc11f7f89cd426a1bd30325c6992\n[CI/Tests]   |   Stored in directory: /home/runneradmin/.cache/pip/wheels/a4/0b/64/fb4f87526ecbdf7921769a39d91dcfe4860e621cf15b8250d6\n[CI/Tests]   |   Building wheel for maxminddb-geolite2 (setup.py): started\n[CI/Tests]   |   Building wheel for maxminddb-geolite2 (setup.py): finished with status 'done'\n[CI/Tests]   |   Created wheel for maxminddb-geolite2: filename=maxminddb_geolite2-2018.703-py3-none-any.whl size=26407029 sha256=3097834d029a25ddf6cdb5411abb453b0031b960889ef372e2c5fd4430e9d3d0\n[CI/Tests]   |   Stored in directory: /home/runneradmin/.cache/pip/wheels/21/f8/f5/c3d091f638042b802aa461ae6087b6f4106df7bf9a46ad4114\n[CI/Tests]   |   Building wheel for node-semver (setup.py): started\n[CI/Tests]   |   Building wheel for node-semver (setup.py): finished with status 'done'\n[CI/Tests]   |   Created wheel for node-semver: filename=node_semver-0.1.1-py3-none-any.whl size=24518 sha256=8f9aa4a97d8e2c2df9a4f34440adb34b46a42630bb4b2cd23cc08a76e7b518c0\n[CI/Tests]   |   Stored in directory: /home/runneradmin/.cache/pip/wheels/19/52/d3/fbb3ce9a5ebadaa398e526e80804a684ebf9ca0bfa6e3e8332\n[CI/Tests]   |   Building wheel for pytest-pycodestyle (setup.py): started\n[CI/Tests]   |   Building wheel for pytest-pycodestyle (setup.py): finished with status 'done'\n[CI/Tests]   |   Created wheel for pytest-pycodestyle: filename=pytest_pycodestyle-2.2.1-py3-none-any.whl size=4325 sha256=1f158c7da656aed371471d750155f49dcf55a03caffee388b385721d478a068d\n[CI/Tests]   |   Stored in directory: /home/runneradmin/.cache/pip/wheels/9c/a6/ae/723e8c62a542c49fdc4fd6ac3e4d336bd265e81cb5b1384e23\n[CI/Tests]   |   Building wheel for pytest-pydocstyle (setup.py): started\n[CI/Tests]   |   Building wheel for pytest-pydocstyle (setup.py): finished with status 'done'\n[CI/Tests]   |   Created wheel for pytest-pydocstyle: filename=pytest_pydocstyle-2.2.1-py3-none-any.whl size=4553 sha256=b132a7e2ef2cdb088657c60b9a1eaf141f83abd45dc7dda3a7812692635ecd73\n[CI/Tests]   |   Stored in directory: /home/runneradmin/.cache/pip/wheels/ad/e6/15/781dbf62c338d60ebc5d7f4e5b52728ee4d165e207e8956ba2\n[CI/Tests]   |   Building wheel for SQLAlchemy-Utils (setup.py): started\n[CI/Tests]   |   Building wheel for SQLAlchemy-Utils (setup.py): finished with status 'done'\n[CI/Tests]   |   Created wheel for SQLAlchemy-Utils: filename=SQLAlchemy_Utils-0.35.0-py2.py3-none-any.whl size=90240 sha256=15ef6c49a6ee48ee473b13bf07a42b301c318645da8751278b84811f60efffa6\n[CI/Tests]   |   Stored in directory: /home/runneradmin/.cache/pip/wheels/fc/bb/3e/e1e90e18121bf2d10d654cb07bd78ad2cb1dace3880076a5db\n[CI/Tests]   |   Building wheel for tornado (setup.py): started\n[CI/Tests]   |   Building wheel for tornado (setup.py): finished with status 'done'\n[CI/Tests]   |   Created wheel for tornado: filename=tornado-5.1.1-cp37-cp37m-linux_x86_64.whl size=463856 sha256=e4dfa0c640d14df69cbf0c218fb33cc7fe1bdd0f79996a72dbd18f8858f51812\n[CI/Tests]   |   Stored in directory: /home/runneradmin/.cache/pip/wheels/83/91/4b/ee8ffb993d3372fc4129c52c9140792c118dda0373b41e7a8f\n[CI/Tests]   |   Building wheel for speaklater (setup.py): started\n[CI/Tests]   |   Building wheel for speaklater (setup.py): finished with status 'done'\n[CI/Tests]   |   Created wheel for speaklater: filename=speaklater-1.3-py3-none-any.whl size=4697 sha256=fe10eef0d7da0d0d8885f00f919bc9438c61e87ad5565b6d2b4e00e47a663355\n[CI/Tests]   |   Stored in directory: /home/runneradmin/.cache/pip/wheels/75/e9/93/a3352ff3d4ef1d8cdeaf6466214d74cf94717239b7835a9a21\n[CI/Tests]   |   Building wheel for maxminddb (pyproject.toml): started\n[CI/Tests]   |   Building wheel for maxminddb (pyproject.toml): finished with status 'done'\n[CI/Tests]   |   Created wheel for maxminddb: filename=maxminddb-2.3.0-cp37-cp37m-linux_x86_64.whl size=47475 sha256=40f52aaeff66108f81015f8013660bf82b4dddd02f25f143fdd6c6379207c1a4\n[CI/Tests]   |   Stored in directory: /home/runneradmin/.cache/pip/wheels/3e/62/1c/fe9944b886bb2249bd8965691b7f2dcb673db1da262823df9b\n[CI/Tests]   |   Building wheel for validators (setup.py): started\n[CI/Tests]   |   Building wheel for validators (setup.py): finished with status 'done'\n[CI/Tests]   |   Created wheel for validators: filename=validators-0.20.0-py3-none-any.whl size=19579 sha256=67a3e85ceda6d744563ab901cd4178189eb22f5d174fca394bebd368cc143969\n[CI/Tests]   |   Stored in directory: /home/runneradmin/.cache/pip/wheels/5f/55/ab/36a76989f7f88d9ca7b1f68da6d94252bb6a8d6ad4f18e04e9\n[CI/Tests]   |   Building wheel for infinity (setup.py): started\n[CI/Tests]   |   Building wheel for infinity (setup.py): finished with status 'done'\n[CI/Tests]   |   Created wheel for infinity: filename=infinity-1.5-py3-none-any.whl size=3092 sha256=e78afbf569e295e7a6d643c53ad29cf389a628eb32836cb211d9b897a5c7fb56\n[CI/Tests]   |   Stored in directory: /home/runneradmin/.cache/pip/wheels/ee/2c/f4/26985d995b1d5930ab73914f76ffccd54b1af31c2e68b507bc\n[CI/Tests]   | Successfully built click-default-group Flask-KVSession-Invenio flask-limiter Flask-Login Flask-Mail Flask-Principal future jsmin maxminddb-geolite2 node-semver pytest-pycodestyle pytest-pydocstyle SQLAlchemy-Utils tornado speaklater maxminddb validators infinity\n[CI/Tests]   | Installing collected packages: webencodings, wcwidth, Wand, ua-parser, speaklater, sortedcontainers, snowballstemmer, simplekv, pytz, pynpm, ptyprocess, pickleshare, passlib, oauthlib, msgpack, mistune, jsmin, infinity, fastjsonschema, cchardet, cached-property, billiard, backcall, appdirs, aniso8601, vine, urllib3, uritools, traitlets, tornado, tomli, toml, testpath, SQLAlchemy, sphinxcontrib-serializinghtml, sphinxcontrib-qthelp, sphinxcontrib-jsmath, sphinxcontrib-htmlhelp, sphinxcontrib-devhelp, sphinxcontrib-applehelp, sniffio, simplejson, pyzmq, python-dateutil, pysocks, pyrsistent, pyjwt, Pygments, pycparser, pycodestyle, psycopg2-binary, prompt-toolkit, pkgutil-resolve-name, pillow, pexpect, parso, pandocfilters, packaging, node-semver, nest-asyncio, maxminddb, MarkupSafe, lxml, limits, jsonref, jsonpointer, itsdangerous, isort, intervals, iniconfig, importlib-resources, importlib-metadata, imagesize, idna, h11, future, ftfy, fs, flask-talisman, exceptiongroup, entrypoints, docutils, dnspython, defusedxml, decorator, coverage, charset-normalizer, certifi, cachelib, blinker, bleach, base32-lib, babel, async-timeout, async-generator, alabaster, WTForms, wsproto, Werkzeug, validators, SQLAlchemy-Utils, requests, redis, pywebpack, pyproject_hooks, pydocstyle, pluggy, maxminddb-geolite2, matplotlib-inline, marshmallow, Mako, jupyter-core, jsonpatch, Jinja2, jedi, email-validator, cffi, attrs, arrow, amqp, WTForms-Components, webargs, SQLAlchemy-Continuum, Sphinx, requests-oauthlib, pytest, outcome, kombu, jupyter-client, jsonschema, jsonresolver, ipython, Flask, dojson, docker-services-cli, cryptography, click-repl, click-plugins, click-didyoumean, click-default-group, build, alembic, WTForms-Alchemy, trio, pytest-pydocstyle, pytest-pycodestyle, pytest-isort, pytest-flask, pytest-cov, nbformat, invenio-config, invenio-base, Flask-WTF, Flask-WebpackExt, Flask-SQLAlchemy, flask-shell-ipython, Flask-RESTful, Flask-Principal, Flask-OAuthlib, Flask-Menu, Flask-Mail, Flask-Login, flask-limiter, Flask-KVSession-Invenio, Flask-CORS, Flask-Collect-Invenio, Flask-Caching, Flask-BabelEx, Flask-Admin, check-manifest, celery, trio-websocket, pytest-celery, nbconvert, invenio-rest, invenio-mail, invenio-logging, invenio-jsonschemas, invenio-i18n, invenio-cache, invenio-assets, Flask-Security, Flask-IIIF, flask-celeryext, Flask-Breadcrumbs, Flask-Alembic, selenium, invenio-theme, invenio-search-ui, invenio-pidstore, invenio-formatter, invenio-db, invenio-celery, invenio-app, pytest-invenio, invenio-records, invenio-accounts, invenio-userprofiles, invenio-records-ui, invenio-oauthclient, invenio-oauth2server, invenio-oaiserver, invenio-indexer, invenio-files-rest, invenio-admin, invenio-records-rest, invenio-previewer, invenio-access, invenio-records-files, invenio-iiif\n[CI/Tests]   |   Attempting uninstall: importlib-metadata\n[CI/Tests]   |     Found existing installation: importlib-metadata 6.6.0\n[CI/Tests]   |     Uninstalling importlib-metadata-6.6.0:\n[CI/Tests]   |       Successfully uninstalled importlib-metadata-6.6.0\n[CI/Tests]   | Successfully installed Flask-2.2.5 Flask-Admin-1.6.1 Flask-Alembic-2.0.1 Flask-BabelEx-0.9.4 Flask-Breadcrumbs-0.5.1 Flask-CORS-3.0.10 Flask-Caching-2.0.2 Flask-Collect-Invenio-1.4.0 Flask-IIIF-0.6.3 Flask-KVSession-Invenio-0.6.3 Flask-Login-0.4.1 Flask-Mail-0.9.1 Flask-Menu-0.7.2 Flask-OAuthlib-0.9.6 Flask-Principal-0.4.0 Flask-RESTful-0.3.10 Flask-SQLAlchemy-2.4.4 Flask-Security-3.0.0 Flask-WTF-1.1.1 Flask-WebpackExt-1.0.2 Jinja2-3.1.2 Mako-1.2.4 MarkupSafe-2.1.2 Pygments-2.15.1 SQLAlchemy-1.3.24 SQLAlchemy-Continuum-1.3.14 SQLAlchemy-Utils-0.35.0 Sphinx-4.2.0 WTForms-2.3.3 WTForms-Alchemy-0.18.0 WTForms-Components-0.10.5 Wand-0.6.11 Werkzeug-2.2.3 alabaster-0.7.13 alembic-1.11.1 amqp-5.1.1 aniso8601-9.0.1 appdirs-1.4.4 arrow-1.2.3 async-generator-1.10 async-timeout-4.0.2 attrs-23.1.0 babel-2.12.1 backcall-0.2.0 base32-lib-1.0.2 billiard-3.6.4.0 bleach-6.0.0 blinker-1.6.2 build-0.10.0 cached-property-1.5.2 cachelib-0.9.0 cchardet-2.1.7 celery-5.2.7 certifi-2023.5.7 cffi-1.15.1 charset-normalizer-3.1.0 check-manifest-0.49 click-default-group-1.2.2 click-didyoumean-0.3.0 click-plugins-1.1.1 click-repl-0.2.0 coverage-5.5 cryptography-40.0.2 decorator-5.1.1 defusedxml-0.7.1 dnspython-2.3.0 docker-services-cli-0.6.1 docutils-0.17.1 dojson-1.4.0 email-validator-2.0.0.post2 entrypoints-0.4 exceptiongroup-1.1.1 fastjsonschema-2.17.1 flask-celeryext-0.5.0 flask-limiter-1.1.0 flask-shell-ipython-0.5.1 flask-talisman-0.8.1 fs-2.4.16 ftfy-6.1.1 future-0.18.3 h11-0.14.0 idna-3.4 imagesize-1.4.1 importlib-metadata-4.13.0 importlib-resources-5.12.0 infinity-1.5 iniconfig-2.0.0 intervals-0.9.2 invenio-access-1.4.2 invenio-accounts-1.4.11 invenio-admin-1.3.2 invenio-app-1.3.3 invenio-assets-1.2.7 invenio-base-1.2.9 invenio-cache-1.1.0 invenio-celery-1.2.4 invenio-config-1.0.3 invenio-db-1.0.9 invenio-files-rest-1.3.2 invenio-formatter-1.1.3 invenio-i18n-1.3.1 invenio-iiif-1.2.0 invenio-indexer-1.2.1 invenio-jsonschemas-1.1.4 invenio-logging-1.3.0 invenio-mail-1.0.2 invenio-oaiserver-1.4.0 invenio-oauth2server-1.3.5 invenio-oauthclient-1.5.3 invenio-pidstore-1.2.3 invenio-previewer-1.3.2 invenio-records-1.6.1 invenio-records-files-1.2.1 invenio-records-rest-1.9.0 invenio-records-ui-1.2.0 invenio-rest-1.2.8 invenio-search-ui-2.0.6 invenio-theme-1.3.17 invenio-userprofiles-1.2.4 ipython-7.34.0 isort-5.11.5 itsdangerous-2.0.1 jedi-0.18.2 jsmin-3.0.1 jsonpatch-1.32 jsonpointer-2.3 jsonref-1.1.0 jsonresolver-0.3.2 jsonschema-4.17.3 jupyter-client-7.2.0 jupyter-core-4.12.0 kombu-5.2.4 limits-1.6 lxml-4.9.2 marshmallow-3.19.0 matplotlib-inline-0.1.6 maxminddb-2.3.0 maxminddb-geolite2-2018.703 mistune-0.8.4 msgpack-1.0.5 nbconvert-5.6.1 nbformat-5.8.0 nest-asyncio-1.5.6 node-semver-0.1.1 oauthlib-2.1.0 outcome-1.2.0 packaging-23.1 pandocfilters-1.5.0 parso-0.8.3 passlib-1.7.4 pexpect-4.8.0 pickleshare-0.7.5 pillow-9.5.0 pkgutil-resolve-name-1.3.10 pluggy-0.13.1 prompt-toolkit-3.0.38 psycopg2-binary-2.9.6 ptyprocess-0.7.0 pycodestyle-2.10.0 pycparser-2.21 pydocstyle-6.3.0 pyjwt-2.7.0 pynpm-0.1.2 pyproject_hooks-1.0.0 pyrsistent-0.19.3 pysocks-1.7.1 pytest-6.2.5 pytest-celery-0.0.0 pytest-cov-4.1.0 pytest-flask-1.2.0 pytest-invenio-1.4.0 pytest-isort-3.1.0 pytest-pycodestyle-2.2.1 pytest-pydocstyle-2.2.1 python-dateutil-2.8.2 pytz-2023.3 pywebpack-1.2.0 pyzmq-25.1.0 redis-4.5.5 requests-2.31.0 requests-oauthlib-1.1.0 selenium-4.9.1 simplejson-3.19.1 simplekv-0.14.1 sniffio-1.3.0 snowballstemmer-2.2.0 sortedcontainers-2.4.0 speaklater-1.3 sphinxcontrib-applehelp-1.0.2 sphinxcontrib-devhelp-1.0.2 sphinxcontrib-htmlhelp-2.0.0 sphinxcontrib-jsmath-1.0.1 sphinxcontrib-qthelp-1.0.3 sphinxcontrib-serializinghtml-1.1.5 testpath-0.6.0 toml-0.10.2 tomli-2.0.1 tornado-5.1.1 traitlets-5.9.0 trio-0.22.0 trio-websocket-0.10.2 ua-parser-0.16.1 uritools-4.0.1 urllib3-2.0.2 validators-0.20.0 vine-5.0.0 wcwidth-0.2.6 webargs-5.5.3 webencodings-0.5.1 wsproto-1.2.0\n[CI/Tests]   | \n[CI/Tests]   | [notice] A new release of pip is available: 20.1.1 -> 23.1.2\n[CI/Tests]   | [notice] To update, run: pip install --upgrade pip\n[CI/Tests]   | ERROR: Exception:\n[CI/Tests]   | Traceback (most recent call last):\n[CI/Tests]   |   File \"/opt/hostedtoolcache/Python/3.7.11/x64/lib/python3.7/site-packages/pip/_vendor/packaging/requirements.py\", line 102, in __init__\n[CI/Tests]   |     req = REQUIREMENT.parseString(requirement_string)\n[CI/Tests]   |   File \"/opt/hostedtoolcache/Python/3.7.11/x64/lib/python3.7/site-packages/pip/_vendor/pyparsing/core.py\", line 1141, in parse_string\n[CI/Tests]   |     raise exc.with_traceback(None)\n[CI/Tests]   | pip._vendor.pyparsing.exceptions.ParseException: Expected string_end, found '['  (at char 11), (line:1, col:12)\n[CI/Tests]   | \n[CI/Tests]   | During handling of the above exception, another exception occurred:\n[CI/Tests]   | \n[CI/Tests]   | Traceback (most recent call last):\n[CI/Tests]   |   File \"/opt/hostedtoolcache/Python/3.7.11/x64/lib/python3.7/site-packages/pip/_internal/cli/base_command.py\", line 169, in exc_logging_wrapper\n[CI/Tests]   |     status = run_func(*args)\n[CI/Tests]   |   File \"/opt/hostedtoolcache/Python/3.7.11/x64/lib/python3.7/site-packages/pip/_internal/cli/req_command.py\", line 248, in wrapper\n[CI/Tests]   |     return func(self, options, args)\n[CI/Tests]   |   File \"/opt/hostedtoolcache/Python/3.7.11/x64/lib/python3.7/site-packages/pip/_internal/commands/install.py\", line 342, in run\n[CI/Tests]   |     reqs = self.get_requirements(args, options, finder, session)\n[CI/Tests]   |   File \"/opt/hostedtoolcache/Python/3.7.11/x64/lib/python3.7/site-packages/pip/_internal/cli/req_command.py\", line 417, in get_requirements\n[CI/Tests]   |     config_settings=getattr(options, \"config_settings\", None),\n[CI/Tests]   |   File \"/opt/hostedtoolcache/Python/3.7.11/x64/lib/python3.7/site-packages/pip/_internal/req/constructors.py\", line 395, in install_req_from_line\n[CI/Tests]   |     parts = parse_req_from_line(name, line_source)\n[CI/Tests]   |   File \"/opt/hostedtoolcache/Python/3.7.11/x64/lib/python3.7/site-packages/pip/_internal/req/constructors.py\", line 332, in parse_req_from_line\n[CI/Tests]   |     extras = convert_extras(extras_as_string)\n[CI/Tests]   |   File \"/opt/hostedtoolcache/Python/3.7.11/x64/lib/python3.7/site-packages/pip/_internal/req/constructors.py\", line 57, in convert_extras\n[CI/Tests]   |     return get_requirement(\"placeholder\" + extras.lower()).extras\n[CI/Tests]   |   File \"/opt/hostedtoolcache/Python/3.7.11/x64/lib/python3.7/site-packages/pip/_internal/utils/packaging.py\", line 45, in get_requirement\n[CI/Tests]   |     return Requirement(req_string)\n[CI/Tests]   |   File \"/opt/hostedtoolcache/Python/3.7.11/x64/lib/python3.7/site-packages/pip/_vendor/packaging/requirements.py\", line 105, in __init__\n[CI/Tests]   |     f'Parse error at \"{ requirement_string[e.loc : e.loc + 8]!r}\": {e.msg}'\n[CI/Tests]   | pip._vendor.packaging.requirements.InvalidRequirement: Parse error at \"'[all,pos'\": Expected string_end\n[CI/Tests]   | \n[CI/Tests]   | [notice] A new release of pip is available: 20.1.1 -> 23.1.2\n[CI/Tests]   | [notice] To update, run: pip install --upgrade pip\n[CI/Tests]   \u274c  Failure - Main Install dependencies\n[CI/Tests] exitcode '2': failure\n[CI/Tests] \ud83c\udfc1  Job failed\n",
    "actions_stderr": "Error: Job 'Tests' failed\n"
}